# Harman in-room target: +3.5dB bass@100Hz, -1dB/oct above 1kHz, norm@500Hz
# Frequency(Hz) Magnitude(dB) Phase(deg)
10.00	3.331	0.00
10.04	3.330	0.00
10.08	3.330	0.00
10.12	3.330	0.00
10.16	3.330	0.00
10.20	3.329	0.00
10.24	3.329	0.00
10.28	3.329	0.00
10.33	3.328	0.00
10.37	3.328	0.00
10.41	3.328	0.00
10.45	3.328	0.00
10.49	3.327	0.00
10.53	3.327	0.00
10.58	3.327	0.00
10.62	3.326	0.00
10.66	3.326	0.00
10.70	3.326	0.00
10.75	3.325	0.00
10.79	3.325	0.00
10.83	3.325	0.00
10.88	3.324	0.00
10.92	3.324	0.00
10.96	3.324	0.00
11.01	3.323	0.00
11.05	3.323	0.00
11.10	3.323	0.00
11.14	3.322	0.00
11.19	3.322	0.00
11.23	3.322	0.00
11.28	3.321	0.00
11.32	3.321	0.00
11.37	3.321	0.00
11.41	3.320	0.00
11.46	3.320	0.00
11.50	3.320	0.00
11.55	3.319	0.00
11.60	3.319	0.00
11.64	3.319	0.00
11.69	3.318	0.00
11.74	3.318	0.00
11.78	3.317	0.00
11.83	3.317	0.00
11.88	3.317	0.00
11.93	3.316	0.00
11.97	3.316	0.00
12.02	3.316	0.00
12.07	3.315	0.00
12.12	3.315	0.00
12.17	3.314	0.00
12.22	3.314	0.00
12.27	3.314	0.00
12.32	3.313	0.00
12.36	3.313	0.00
12.41	3.312	0.00
12.46	3.312	0.00
12.51	3.311	0.00
12.56	3.311	0.00
12.61	3.311	0.00
12.67	3.310	0.00
12.72	3.310	0.00
12.77	3.309	0.00
12.82	3.309	0.00
12.87	3.308	0.00
12.92	3.308	0.00
12.97	3.307	0.00
13.03	3.307	0.00
13.08	3.307	0.00
13.13	3.306	0.00
13.18	3.306	0.00
13.24	3.305	0.00
13.29	3.305	0.00
13.34	3.304	0.00
13.40	3.304	0.00
13.45	3.303	0.00
13.50	3.303	0.00
13.56	3.302	0.00
13.61	3.302	0.00
13.67	3.301	0.00
13.72	3.301	0.00
13.78	3.300	0.00
13.83	3.300	0.00
13.89	3.299	0.00
13.94	3.299	0.00
14.00	3.298	0.00
14.06	3.298	0.00
14.11	3.297	0.00
14.17	3.297	0.00
14.23	3.296	0.00
14.28	3.295	0.00
14.34	3.295	0.00
14.40	3.294	0.00
14.46	3.294	0.00
14.51	3.293	0.00
14.57	3.293	0.00
14.63	3.292	0.00
14.69	3.291	0.00
14.75	3.291	0.00
14.81	3.290	0.00
14.87	3.290	0.00
14.93	3.289	0.00
14.99	3.289	0.00
15.05	3.288	0.00
15.11	3.287	0.00
15.17	3.287	0.00
15.23	3.286	0.00
15.29	3.285	0.00
15.35	3.285	0.00
15.41	3.284	0.00
15.47	3.284	0.00
15.54	3.283	0.00
15.60	3.282	0.00
15.66	3.282	0.00
15.72	3.281	0.00
15.79	3.280	0.00
15.85	3.280	0.00
15.91	3.279	0.00
15.98	3.278	0.00
16.04	3.278	0.00
16.11	3.277	0.00
16.17	3.276	0.00
16.24	3.275	0.00
16.30	3.275	0.00
16.37	3.274	0.00
16.43	3.273	0.00
16.50	3.273	0.00
16.56	3.272	0.00
16.63	3.271	0.00
16.70	3.270	0.00
16.76	3.270	0.00
16.83	3.269	0.00
16.90	3.268	0.00
16.97	3.267	0.00
17.04	3.267	0.00
17.10	3.266	0.00
17.17	3.265	0.00
17.24	3.264	0.00
17.31	3.264	0.00
17.38	3.263	0.00
17.45	3.262	0.00
17.52	3.261	0.00
17.59	3.260	0.00
17.66	3.260	0.00
17.73	3.259	0.00
17.80	3.258	0.00
17.87	3.257	0.00
17.95	3.256	0.00
18.02	3.255	0.00
18.09	3.254	0.00
18.16	3.254	0.00
18.24	3.253	0.00
18.31	3.252	0.00
18.38	3.251	0.00
18.46	3.250	0.00
18.53	3.249	0.00
18.60	3.248	0.00
18.68	3.247	0.00
18.75	3.246	0.00
18.83	3.246	0.00
18.90	3.245	0.00
18.98	3.244	0.00
19.06	3.243	0.00
19.13	3.242	0.00
19.21	3.241	0.00
19.29	3.240	0.00
19.36	3.239	0.00
19.44	3.238	0.00
19.52	3.237	0.00
19.60	3.236	0.00
19.68	3.235	0.00
19.76	3.234	0.00
19.84	3.233	0.00
19.92	3.232	0.00
20.00	3.231	0.00
20.08	3.230	0.00
20.16	3.229	0.00
20.24	3.228	0.00
20.32	3.227	0.00
20.40	3.226	0.00
20.48	3.224	0.00
20.56	3.223	0.00
20.65	3.222	0.00
20.73	3.221	0.00
20.81	3.220	0.00
20.90	3.219	0.00
20.98	3.218	0.00
21.06	3.217	0.00
21.15	3.216	0.00
21.23	3.214	0.00
21.32	3.213	0.00
21.40	3.212	0.00
21.49	3.211	0.00
21.58	3.210	0.00
21.66	3.209	0.00
21.75	3.207	0.00
21.84	3.206	0.00
21.92	3.205	0.00
22.01	3.204	0.00
22.10	3.202	0.00
22.19	3.201	0.00
22.28	3.200	0.00
22.37	3.199	0.00
22.46	3.197	0.00
22.55	3.196	0.00
22.64	3.195	0.00
22.73	3.193	0.00
22.82	3.192	0.00
22.91	3.191	0.00
23.00	3.189	0.00
23.10	3.188	0.00
23.19	3.187	0.00
23.28	3.185	0.00
23.38	3.184	0.00
23.47	3.183	0.00
23.56	3.181	0.00
23.66	3.180	0.00
23.75	3.178	0.00
23.85	3.177	0.00
23.94	3.176	0.00
24.04	3.174	0.00
24.14	3.173	0.00
24.23	3.171	0.00
24.33	3.170	0.00
24.43	3.168	0.00
24.53	3.167	0.00
24.62	3.165	0.00
24.72	3.164	0.00
24.82	3.162	0.00
24.92	3.161	0.00
25.02	3.159	0.00
25.12	3.158	0.00
25.22	3.156	0.00
25.32	3.154	0.00
25.43	3.153	0.00
25.53	3.151	0.00
25.63	3.150	0.00
25.73	3.148	0.00
25.84	3.146	0.00
25.94	3.145	0.00
26.04	3.143	0.00
26.15	3.141	0.00
26.25	3.140	0.00
26.36	3.138	0.00
26.47	3.136	0.00
26.57	3.135	0.00
26.68	3.133	0.00
26.79	3.131	0.00
26.89	3.129	0.00
27.00	3.128	0.00
27.11	3.126	0.00
27.22	3.124	0.00
27.33	3.122	0.00
27.44	3.120	0.00
27.55	3.119	0.00
27.66	3.117	0.00
27.77	3.115	0.00
27.88	3.113	0.00
27.99	3.111	0.00
28.10	3.109	0.00
28.22	3.107	0.00
28.33	3.105	0.00
28.44	3.103	0.00
28.56	3.101	0.00
28.67	3.099	0.00
28.79	3.098	0.00
28.90	3.096	0.00
29.02	3.094	0.00
29.14	3.092	0.00
29.25	3.089	0.00
29.37	3.087	0.00
29.49	3.085	0.00
29.61	3.083	0.00
29.73	3.081	0.00
29.84	3.079	0.00
29.96	3.077	0.00
30.08	3.075	0.00
30.21	3.073	0.00
30.33	3.071	0.00
30.45	3.068	0.00
30.57	3.066	0.00
30.69	3.064	0.00
30.82	3.062	0.00
30.94	3.060	0.00
31.06	3.057	0.00
31.19	3.055	0.00
31.31	3.053	0.00
31.44	3.051	0.00
31.57	3.048	0.00
31.69	3.046	0.00
31.82	3.044	0.00
31.95	3.041	0.00
32.08	3.039	0.00
32.20	3.037	0.00
32.33	3.034	0.00
32.46	3.032	0.00
32.59	3.029	0.00
32.72	3.027	0.00
32.86	3.024	0.00
32.99	3.022	0.00
33.12	3.019	0.00
33.25	3.017	0.00
33.39	3.014	0.00
33.52	3.012	0.00
33.65	3.009	0.00
33.79	3.007	0.00
33.93	3.004	0.00
34.06	3.002	0.00
34.20	2.999	0.00
34.34	2.996	0.00
34.47	2.994	0.00
34.61	2.991	0.00
34.75	2.988	0.00
34.89	2.986	0.00
35.03	2.983	0.00
35.17	2.980	0.00
35.31	2.977	0.00
35.45	2.975	0.00
35.60	2.972	0.00
35.74	2.969	0.00
35.88	2.966	0.00
36.03	2.963	0.00
36.17	2.960	0.00
36.32	2.958	0.00
36.46	2.955	0.00
36.61	2.952	0.00
36.75	2.949	0.00
36.90	2.946	0.00
37.05	2.943	0.00
37.20	2.940	0.00
37.35	2.937	0.00
37.50	2.934	0.00
37.65	2.931	0.00
37.80	2.928	0.00
37.95	2.925	0.00
38.10	2.922	0.00
38.26	2.919	0.00
38.41	2.915	0.00
38.56	2.912	0.00
38.72	2.909	0.00
38.87	2.906	0.00
39.03	2.903	0.00
39.19	2.899	0.00
39.34	2.896	0.00
39.50	2.893	0.00
39.66	2.890	0.00
39.82	2.886	0.00
39.98	2.883	0.00
40.14	2.880	0.00
40.30	2.876	0.00
40.46	2.873	0.00
40.63	2.870	0.00
40.79	2.866	0.00
40.95	2.863	0.00
41.12	2.859	0.00
41.28	2.856	0.00
41.45	2.852	0.00
41.61	2.849	0.00
41.78	2.845	0.00
41.95	2.842	0.00
42.12	2.838	0.00
42.29	2.834	0.00
42.46	2.831	0.00
42.63	2.827	0.00
42.80	2.824	0.00
42.97	2.820	0.00
43.14	2.816	0.00
43.31	2.812	0.00
43.49	2.809	0.00
43.66	2.805	0.00
43.84	2.801	0.00
44.01	2.797	0.00
44.19	2.794	0.00
44.37	2.790	0.00
44.55	2.786	0.00
44.72	2.782	0.00
44.90	2.778	0.00
45.08	2.774	0.00
45.27	2.770	0.00
45.45	2.766	0.00
45.63	2.762	0.00
45.81	2.758	0.00
46.00	2.754	0.00
46.18	2.750	0.00
46.37	2.746	0.00
46.55	2.742	0.00
46.74	2.738	0.00
46.93	2.734	0.00
47.12	2.730	0.00
47.30	2.725	0.00
47.49	2.721	0.00
47.68	2.717	0.00
47.88	2.713	0.00
48.07	2.708	0.00
48.26	2.704	0.00
48.45	2.700	0.00
48.65	2.696	0.00
48.84	2.691	0.00
49.04	2.687	0.00
49.24	2.682	0.00
49.43	2.678	0.00
49.63	2.674	0.00
49.83	2.669	0.00
50.03	2.665	0.00
50.23	2.660	0.00
50.43	2.656	0.00
50.64	2.651	0.00
50.84	2.647	0.00
51.04	2.642	0.00
51.25	2.637	0.00
51.45	2.633	0.00
51.66	2.628	0.00
51.87	2.623	0.00
52.08	2.619	0.00
52.29	2.614	0.00
52.50	2.609	0.00
52.71	2.604	0.00
52.92	2.600	0.00
53.13	2.595	0.00
53.34	2.590	0.00
53.56	2.585	0.00
53.77	2.580	0.00
53.99	2.575	0.00
54.21	2.571	0.00
54.42	2.566	0.00
54.64	2.561	0.00
54.86	2.556	0.00
55.08	2.551	0.00
55.30	2.546	0.00
55.52	2.541	0.00
55.75	2.536	0.00
55.97	2.530	0.00
56.19	2.525	0.00
56.42	2.520	0.00
56.65	2.515	0.00
56.87	2.510	0.00
57.10	2.505	0.00
57.33	2.500	0.00
57.56	2.494	0.00
57.79	2.489	0.00
58.02	2.484	0.00
58.26	2.479	0.00
58.49	2.473	0.00
58.73	2.468	0.00
58.96	2.463	0.00
59.20	2.457	0.00
59.44	2.452	0.00
59.67	2.446	0.00
59.91	2.441	0.00
60.15	2.435	0.00
60.40	2.430	0.00
60.64	2.424	0.00
60.88	2.419	0.00
61.13	2.413	0.00
61.37	2.408	0.00
61.62	2.402	0.00
61.86	2.397	0.00
62.11	2.391	0.00
62.36	2.385	0.00
62.61	2.380	0.00
62.86	2.374	0.00
63.12	2.368	0.00
63.37	2.363	0.00
63.62	2.357	0.00
63.88	2.351	0.00
64.14	2.345	0.00
64.39	2.340	0.00
64.65	2.334	0.00
64.91	2.328	0.00
65.17	2.322	0.00
65.43	2.316	0.00
65.69	2.310	0.00
65.96	2.304	0.00
66.22	2.298	0.00
66.49	2.292	0.00
66.76	2.286	0.00
67.02	2.280	0.00
67.29	2.274	0.00
67.56	2.268	0.00
67.83	2.262	0.00
68.11	2.256	0.00
68.38	2.250	0.00
68.65	2.244	0.00
68.93	2.238	0.00
69.21	2.232	0.00
69.48	2.226	0.00
69.76	2.220	0.00
70.04	2.213	0.00
70.32	2.207	0.00
70.61	2.201	0.00
70.89	2.195	0.00
71.17	2.189	0.00
71.46	2.182	0.00
71.75	2.176	0.00
72.03	2.170	0.00
72.32	2.163	0.00
72.61	2.157	0.00
72.91	2.151	0.00
73.20	2.144	0.00
73.49	2.138	0.00
73.79	2.132	0.00
74.08	2.125	0.00
74.38	2.119	0.00
74.68	2.112	0.00
74.98	2.106	0.00
75.28	2.099	0.00
75.58	2.093	0.00
75.88	2.086	0.00
76.19	2.080	0.00
76.49	2.073	0.00
76.80	2.067	0.00
77.11	2.060	0.00
77.42	2.054	0.00
77.73	2.047	0.00
78.04	2.041	0.00
78.36	2.034	0.00
78.67	2.027	0.00
78.99	2.021	0.00
79.30	2.014	0.00
79.62	2.007	0.00
79.94	2.001	0.00
80.26	1.994	0.00
80.58	1.987	0.00
80.91	1.981	0.00
81.23	1.974	0.00
81.56	1.967	0.00
81.88	1.961	0.00
82.21	1.954	0.00
82.54	1.947	0.00
82.87	1.940	0.00
83.21	1.934	0.00
83.54	1.927	0.00
83.88	1.920	0.00
84.21	1.913	0.00
84.55	1.906	0.00
84.89	1.900	0.00
85.23	1.893	0.00
85.57	1.886	0.00
85.92	1.879	0.00
86.26	1.872	0.00
86.61	1.865	0.00
86.95	1.858	0.00
87.30	1.852	0.00
87.65	1.845	0.00
88.01	1.838	0.00
88.36	1.831	0.00
88.71	1.824	0.00
89.07	1.817	0.00
89.43	1.810	0.00
89.79	1.803	0.00
90.15	1.796	0.00
90.51	1.789	0.00
90.87	1.782	0.00
91.24	1.775	0.00
91.60	1.768	0.00
91.97	1.762	0.00
92.34	1.755	0.00
92.71	1.748	0.00
93.08	1.741	0.00
93.45	1.734	0.00
93.83	1.727	0.00
94.21	1.720	0.00
94.58	1.713	0.00
94.96	1.706	0.00
95.35	1.699	0.00
95.73	1.692	0.00
96.11	1.685	0.00
96.50	1.678	0.00
96.89	1.671	0.00
97.27	1.664	0.00
97.66	1.657	0.00
98.06	1.650	0.00
98.45	1.643	0.00
98.84	1.636	0.00
99.24	1.629	0.00
99.64	1.622	0.00
100.04	1.615	0.00
100.44	1.608	0.00
100.84	1.601	0.00
101.25	1.594	0.00
101.66	1.587	0.00
102.06	1.580	0.00
102.47	1.573	0.00
102.88	1.566	0.00
103.30	1.559	0.00
103.71	1.552	0.00
104.13	1.545	0.00
104.55	1.538	0.00
104.97	1.531	0.00
105.39	1.524	0.00
105.81	1.517	0.00
106.23	1.510	0.00
106.66	1.503	0.00
107.09	1.496	0.00
107.52	1.489	0.00
107.95	1.482	0.00
108.38	1.475	0.00
108.82	1.468	0.00
109.25	1.461	0.00
109.69	1.454	0.00
110.13	1.447	0.00
110.58	1.440	0.00
111.02	1.433	0.00
111.46	1.426	0.00
111.91	1.419	0.00
112.36	1.412	0.00
112.81	1.405	0.00
113.26	1.399	0.00
113.72	1.392	0.00
114.18	1.385	0.00
114.63	1.378	0.00
115.09	1.371	0.00
115.56	1.364	0.00
116.02	1.357	0.00
116.49	1.350	0.00
116.95	1.344	0.00
117.42	1.337	0.00
117.89	1.330	0.00
118.37	1.323	0.00
118.84	1.316	0.00
119.32	1.309	0.00
119.80	1.303	0.00
120.28	1.296	0.00
120.76	1.289	0.00
121.25	1.282	0.00
121.73	1.276	0.00
122.22	1.269	0.00
122.71	1.262	0.00
123.20	1.255	0.00
123.70	1.249	0.00
124.19	1.242	0.00
124.69	1.235	0.00
125.19	1.229	0.00
125.70	1.222	0.00
126.20	1.215	0.00
126.71	1.209	0.00
127.21	1.202	0.00
127.73	1.195	0.00
128.24	1.189	0.00
128.75	1.182	0.00
129.27	1.176	0.00
129.79	1.169	0.00
130.31	1.163	0.00
130.83	1.156	0.00
131.36	1.150	0.00
131.88	1.143	0.00
132.41	1.137	0.00
132.94	1.130	0.00
133.48	1.124	0.00
134.01	1.117	0.00
134.55	1.111	0.00
135.09	1.104	0.00
135.63	1.098	0.00
136.18	1.092	0.00
136.73	1.085	0.00
137.27	1.079	0.00
137.82	1.072	0.00
138.38	1.066	0.00
138.93	1.060	0.00
139.49	1.054	0.00
140.05	1.047	0.00
140.61	1.041	0.00
141.18	1.035	0.00
141.74	1.029	0.00
142.31	1.022	0.00
142.88	1.016	0.00
143.46	1.010	0.00
144.03	1.004	0.00
144.61	0.998	0.00
145.19	0.991	0.00
145.77	0.985	0.00
146.36	0.979	0.00
146.95	0.973	0.00
147.54	0.967	0.00
148.13	0.961	0.00
148.72	0.955	0.00
149.32	0.949	0.00
149.92	0.943	0.00
150.52	0.937	0.00
151.12	0.931	0.00
151.73	0.925	0.00
152.34	0.919	0.00
152.95	0.913	0.00
153.56	0.908	0.00
154.18	0.902	0.00
154.80	0.896	0.00
155.42	0.890	0.00
156.04	0.884	0.00
156.67	0.879	0.00
157.30	0.873	0.00
157.93	0.867	0.00
158.56	0.861	0.00
159.20	0.856	0.00
159.84	0.850	0.00
160.48	0.844	0.00
161.13	0.839	0.00
161.77	0.833	0.00
162.42	0.827	0.00
163.07	0.822	0.00
163.73	0.816	0.00
164.38	0.811	0.00
165.04	0.805	0.00
165.71	0.800	0.00
166.37	0.794	0.00
167.04	0.789	0.00
167.71	0.783	0.00
168.38	0.778	0.00
169.06	0.773	0.00
169.74	0.767	0.00
170.42	0.762	0.00
171.10	0.757	0.00
171.79	0.751	0.00
172.48	0.746	0.00
173.17	0.741	0.00
173.87	0.735	0.00
174.56	0.730	0.00
175.26	0.725	0.00
175.97	0.720	0.00
176.67	0.715	0.00
177.38	0.709	0.00
178.09	0.704	0.00
178.81	0.699	0.00
179.53	0.694	0.00
180.25	0.689	0.00
180.97	0.684	0.00
181.70	0.679	0.00
182.43	0.674	0.00
183.16	0.669	0.00
183.89	0.664	0.00
184.63	0.659	0.00
185.37	0.654	0.00
186.12	0.649	0.00
186.86	0.645	0.00
187.61	0.640	0.00
188.37	0.635	0.00
189.12	0.630	0.00
189.88	0.625	0.00
190.64	0.621	0.00
191.41	0.616	0.00
192.18	0.611	0.00
192.95	0.606	0.00
193.72	0.602	0.00
194.50	0.597	0.00
195.28	0.593	0.00
196.06	0.588	0.00
196.85	0.583	0.00
197.64	0.579	0.00
198.43	0.574	0.00
199.23	0.570	0.00
200.03	0.565	0.00
200.83	0.561	0.00
201.64	0.556	0.00
202.45	0.552	0.00
203.26	0.547	0.00
204.08	0.543	0.00
204.89	0.539	0.00
205.72	0.534	0.00
206.54	0.530	0.00
207.37	0.526	0.00
208.20	0.521	0.00
209.04	0.517	0.00
209.88	0.513	0.00
210.72	0.509	0.00
211.57	0.505	0.00
212.42	0.500	0.00
213.27	0.496	0.00
214.12	0.492	0.00
214.98	0.488	0.00
215.85	0.484	0.00
216.71	0.480	0.00
217.58	0.476	0.00
218.45	0.472	0.00
219.33	0.468	0.00
220.21	0.464	0.00
221.10	0.460	0.00
221.98	0.456	0.00
222.87	0.452	0.00
223.77	0.448	0.00
224.67	0.444	0.00
225.57	0.440	0.00
226.47	0.436	0.00
227.38	0.433	0.00
228.29	0.429	0.00
229.21	0.425	0.00
230.13	0.421	0.00
231.05	0.418	0.00
231.98	0.414	0.00
232.91	0.410	0.00
233.85	0.406	0.00
234.79	0.403	0.00
235.73	0.399	0.00
236.67	0.396	0.00
237.62	0.392	0.00
238.58	0.388	0.00
239.53	0.385	0.00
240.50	0.381	0.00
241.46	0.378	0.00
242.43	0.374	0.00
243.40	0.371	0.00
244.38	0.367	0.00
245.36	0.364	0.00
246.35	0.361	0.00
247.33	0.357	0.00
248.33	0.354	0.00
249.32	0.350	0.00
250.32	0.347	0.00
251.33	0.344	0.00
252.34	0.340	0.00
253.35	0.337	0.00
254.37	0.334	0.00
255.39	0.331	0.00
256.41	0.327	0.00
257.44	0.324	0.00
258.47	0.321	0.00
259.51	0.318	0.00
260.55	0.315	0.00
261.60	0.312	0.00
262.65	0.309	0.00
263.70	0.305	0.00
264.76	0.302	0.00
265.82	0.299	0.00
266.89	0.296	0.00
267.96	0.293	0.00
269.04	0.290	0.00
270.12	0.287	0.00
271.20	0.284	0.00
272.29	0.281	0.00
273.38	0.278	0.00
274.48	0.276	0.00
275.58	0.273	0.00
276.69	0.270	0.00
277.80	0.267	0.00
278.91	0.264	0.00
280.03	0.261	0.00
281.15	0.258	0.00
282.28	0.256	0.00
283.42	0.253	0.00
284.55	0.250	0.00
285.70	0.247	0.00
286.84	0.245	0.00
287.99	0.242	0.00
289.15	0.239	0.00
290.31	0.237	0.00
291.47	0.234	0.00
292.64	0.231	0.00
293.82	0.229	0.00
295.00	0.226	0.00
296.18	0.224	0.00
297.37	0.221	0.00
298.56	0.218	0.00
299.76	0.216	0.00
300.96	0.213	0.00
302.17	0.211	0.00
303.39	0.208	0.00
304.60	0.206	0.00
305.83	0.203	0.00
307.05	0.201	0.00
308.28	0.199	0.00
309.52	0.196	0.00
310.76	0.194	0.00
312.01	0.191	0.00
313.26	0.189	0.00
314.52	0.187	0.00
315.78	0.184	0.00
317.05	0.182	0.00
318.32	0.180	0.00
319.60	0.177	0.00
320.88	0.175	0.00
322.17	0.173	0.00
323.46	0.171	0.00
324.76	0.168	0.00
326.07	0.166	0.00
327.37	0.164	0.00
328.69	0.162	0.00
330.01	0.160	0.00
331.33	0.158	0.00
332.66	0.155	0.00
334.00	0.153	0.00
335.34	0.151	0.00
336.68	0.149	0.00
338.03	0.147	0.00
339.39	0.145	0.00
340.75	0.143	0.00
342.12	0.141	0.00
343.49	0.139	0.00
344.87	0.137	0.00
346.25	0.135	0.00
347.64	0.133	0.00
349.04	0.131	0.00
350.44	0.129	0.00
351.85	0.127	0.00
353.26	0.125	0.00
354.68	0.123	0.00
356.10	0.121	0.00
357.53	0.119	0.00
358.96	0.117	0.00
360.40	0.116	0.00
361.85	0.114	0.00
363.30	0.112	0.00
364.76	0.110	0.00
366.22	0.108	0.00
367.69	0.106	0.00
369.17	0.105	0.00
370.65	0.103	0.00
372.14	0.101	0.00
373.63	0.099	0.00
375.13	0.098	0.00
376.64	0.096	0.00
378.15	0.094	0.00
379.67	0.092	0.00
381.19	0.091	0.00
382.72	0.089	0.00
384.26	0.087	0.00
385.80	0.086	0.00
387.35	0.084	0.00
388.90	0.082	0.00
390.46	0.081	0.00
392.03	0.079	0.00
393.60	0.078	0.00
395.18	0.076	0.00
396.77	0.074	0.00
398.36	0.073	0.00
399.96	0.071	0.00
401.56	0.070	0.00
403.18	0.068	0.00
404.79	0.067	0.00
406.42	0.065	0.00
408.05	0.064	0.00
409.69	0.062	0.00
411.33	0.061	0.00
412.98	0.059	0.00
414.64	0.058	0.00
416.30	0.056	0.00
417.97	0.055	0.00
419.65	0.053	0.00
421.34	0.052	0.00
423.03	0.051	0.00
424.72	0.049	0.00
426.43	0.048	0.00
428.14	0.046	0.00
429.86	0.045	0.00
431.58	0.044	0.00
433.32	0.042	0.00
435.05	0.041	0.00
436.80	0.040	0.00
438.55	0.038	0.00
440.31	0.037	0.00
442.08	0.036	0.00
443.85	0.034	0.00
445.64	0.033	0.00
447.42	0.032	0.00
449.22	0.031	0.00
451.02	0.029	0.00
452.83	0.028	0.00
454.65	0.027	0.00
456.47	0.026	0.00
458.31	0.024	0.00
460.15	0.023	0.00
461.99	0.022	0.00
463.85	0.021	0.00
465.71	0.020	0.00
467.58	0.018	0.00
469.45	0.017	0.00
471.34	0.016	0.00
473.23	0.015	0.00
475.13	0.014	0.00
477.04	0.013	0.00
478.95	0.012	0.00
480.87	0.010	0.00
482.80	0.009	0.00
484.74	0.008	0.00
486.68	0.007	0.00
488.64	0.006	0.00
490.60	0.005	0.00
492.57	0.004	0.00
494.54	0.003	0.00
496.53	0.002	0.00
498.52	0.001	0.00
500.52	-0.000	0.00
502.53	-0.001	0.00
504.55	-0.002	0.00
506.57	-0.003	0.00
508.61	-0.004	0.00
510.65	-0.005	0.00
512.70	-0.006	0.00
514.75	-0.007	0.00
516.82	-0.008	0.00
518.89	-0.009	0.00
520.98	-0.010	0.00
523.07	-0.011	0.00
525.17	-0.012	0.00
527.27	-0.013	0.00
529.39	-0.014	0.00
531.51	-0.015	0.00
533.65	-0.016	0.00
535.79	-0.017	0.00
537.94	-0.018	0.00
540.10	-0.019	0.00
542.27	-0.020	0.00
544.44	-0.020	0.00
546.63	-0.021	0.00
548.82	-0.022	0.00
551.02	-0.023	0.00
553.23	-0.024	0.00
555.45	-0.025	0.00
557.68	-0.026	0.00
559.92	-0.026	0.00
562.17	-0.027	0.00
564.43	-0.028	0.00
566.69	-0.029	0.00
568.96	-0.030	0.00
571.25	-0.031	0.00
573.54	-0.031	0.00
575.84	-0.032	0.00
578.15	-0.033	0.00
580.47	-0.034	0.00
582.80	-0.035	0.00
585.14	-0.035	0.00
587.49	-0.036	0.00
589.85	-0.037	0.00
592.22	-0.038	0.00
594.59	-0.038	0.00
596.98	-0.039	0.00
599.37	-0.040	0.00
601.78	-0.041	0.00
604.19	-0.041	0.00
606.62	-0.042	0.00
609.05	-0.043	0.00
611.50	-0.043	0.00
613.95	-0.044	0.00
616.42	-0.045	0.00
618.89	-0.046	0.00
621.37	-0.046	0.00
623.87	-0.047	0.00
626.37	-0.048	0.00
628.88	-0.048	0.00
631.41	-0.049	0.00
633.94	-0.050	0.00
636.49	-0.050	0.00
639.04	-0.051	0.00
641.61	-0.052	0.00
644.18	-0.052	0.00
646.77	-0.053	0.00
649.36	-0.054	0.00
651.97	-0.054	0.00
654.58	-0.055	0.00
657.21	-0.055	0.00
659.85	-0.056	0.00
662.50	-0.057	0.00
665.16	-0.057	0.00
667.82	-0.058	0.00
670.50	-0.058	0.00
673.20	-0.059	0.00
675.90	-0.060	0.00
678.61	-0.060	0.00
681.33	-0.061	0.00
684.07	-0.061	0.00
686.81	-0.062	0.00
689.57	-0.063	0.00
692.34	-0.063	0.00
695.12	-0.064	0.00
697.90	-0.064	0.00
700.71	-0.065	0.00
703.52	-0.065	0.00
706.34	-0.066	0.00
709.18	-0.066	0.00
712.02	-0.067	0.00
714.88	-0.067	0.00
717.75	-0.068	0.00
720.63	-0.068	0.00
723.52	-0.069	0.00
726.42	-0.070	0.00
729.34	-0.070	0.00
732.27	-0.071	0.00
735.21	-0.071	0.00
738.16	-0.072	0.00
741.12	-0.072	0.00
744.09	-0.073	0.00
747.08	-0.073	0.00
750.08	-0.073	0.00
753.09	-0.074	0.00
756.11	-0.074	0.00
759.14	-0.075	0.00
762.19	-0.075	0.00
765.25	-0.076	0.00
768.32	-0.076	0.00
771.40	-0.077	0.00
774.50	-0.077	0.00
777.61	-0.078	0.00
780.73	-0.078	0.00
783.86	-0.079	0.00
787.01	-0.079	0.00
790.17	-0.079	0.00
793.34	-0.080	0.00
796.52	-0.080	0.00
799.72	-0.081	0.00
802.93	-0.081	0.00
806.15	-0.082	0.00
809.38	-0.082	0.00
812.63	-0.082	0.00
815.89	-0.083	0.00
819.17	-0.083	0.00
822.46	-0.084	0.00
825.76	-0.084	0.00
829.07	-0.084	0.00
832.40	-0.085	0.00
835.74	-0.085	0.00
839.09	-0.086	0.00
842.46	-0.086	0.00
845.84	-0.086	0.00
849.24	-0.087	0.00
852.64	-0.087	0.00
856.07	-0.088	0.00
859.50	-0.088	0.00
862.95	-0.088	0.00
866.41	-0.089	0.00
869.89	-0.089	0.00
873.38	-0.089	0.00
876.89	-0.090	0.00
880.41	-0.090	0.00
883.94	-0.090	0.00
887.49	-0.091	0.00
891.05	-0.091	0.00
894.62	-0.091	0.00
898.21	-0.092	0.00
901.82	-0.092	0.00
905.44	-0.092	0.00
909.07	-0.093	0.00
912.72	-0.093	0.00
916.38	-0.093	0.00
920.06	-0.094	0.00
923.75	-0.094	0.00
927.46	-0.094	0.00
931.18	-0.095	0.00
934.92	-0.095	0.00
938.67	-0.095	0.00
942.44	-0.096	0.00
946.22	-0.096	0.00
950.02	-0.096	0.00
953.83	-0.097	0.00
957.66	-0.097	0.00
961.50	-0.097	0.00
965.36	-0.097	0.00
969.24	-0.098	0.00
973.13	-0.098	0.00
977.03	-0.098	0.00
980.95	-0.099	0.00
984.89	-0.099	0.00
988.84	-0.099	0.00
992.81	-0.099	0.00
996.79	-0.100	0.00
1000.79	-0.101	0.00
1004.81	-0.107	0.00
1008.84	-0.113	0.00
1012.89	-0.119	0.00
1016.96	-0.125	0.00
1021.04	-0.131	0.00
1025.14	-0.137	0.00
1029.25	-0.143	0.00
1033.38	-0.150	0.00
1037.53	-0.156	0.00
1041.69	-0.162	0.00
1045.87	-0.168	0.00
1050.07	-0.174	0.00
1054.28	-0.180	0.00
1058.51	-0.186	0.00
1062.76	-0.192	0.00
1067.03	-0.198	0.00
1071.31	-0.204	0.00
1075.61	-0.210	0.00
1079.93	-0.216	0.00
1084.26	-0.222	0.00
1088.61	-0.228	0.00
1092.98	-0.234	0.00
1097.37	-0.240	0.00
1101.77	-0.246	0.00
1106.19	-0.252	0.00
1110.63	-0.258	0.00
1115.09	-0.264	0.00
1119.56	-0.270	0.00
1124.06	-0.276	0.00
1128.57	-0.282	0.00
1133.10	-0.288	0.00
1137.64	-0.294	0.00
1142.21	-0.300	0.00
1146.79	-0.306	0.00
1151.40	-0.312	0.00
1156.02	-0.318	0.00
1160.66	-0.324	0.00
1165.31	-0.330	0.00
1169.99	-0.336	0.00
1174.69	-0.342	0.00
1179.40	-0.348	0.00
1184.13	-0.354	0.00
1188.89	-0.360	0.00
1193.66	-0.366	0.00
1198.45	-0.372	0.00
1203.26	-0.378	0.00
1208.09	-0.384	0.00
1212.94	-0.389	0.00
1217.80	-0.395	0.00
1222.69	-0.401	0.00
1227.60	-0.407	0.00
1232.52	-0.413	0.00
1237.47	-0.419	0.00
1242.44	-0.425	0.00
1247.42	-0.431	0.00
1252.43	-0.437	0.00
1257.45	-0.443	0.00
1262.50	-0.449	0.00
1267.57	-0.455	0.00
1272.66	-0.461	0.00
1277.76	-0.467	0.00
1282.89	-0.473	0.00
1288.04	-0.479	0.00
1293.21	-0.485	0.00
1298.40	-0.491	0.00
1303.61	-0.497	0.00
1308.84	-0.503	0.00
1314.09	-0.509	0.00
1319.37	-0.514	0.00
1324.66	-0.520	0.00
1329.98	-0.526	0.00
1335.32	-0.532	0.00
1340.67	-0.538	0.00
1346.05	-0.544	0.00
1351.46	-0.550	0.00
1356.88	-0.556	0.00
1362.33	-0.562	0.00
1367.79	-0.568	0.00
1373.28	-0.574	0.00
1378.79	-0.580	0.00
1384.33	-0.586	0.00
1389.88	-0.592	0.00
1395.46	-0.597	0.00
1401.06	-0.603	0.00
1406.68	-0.609	0.00
1412.33	-0.615	0.00
1418.00	-0.621	0.00
1423.69	-0.627	0.00
1429.40	-0.633	0.00
1435.14	-0.639	0.00
1440.90	-0.645	0.00
1446.68	-0.651	0.00
1452.49	-0.657	0.00
1458.32	-0.663	0.00
1464.17	-0.668	0.00
1470.04	-0.674	0.00
1475.94	-0.680	0.00
1481.87	-0.686	0.00
1487.81	-0.692	0.00
1493.78	-0.698	0.00
1499.78	-0.704	0.00
1505.80	-0.710	0.00
1511.84	-0.716	0.00
1517.91	-0.722	0.00
1524.00	-0.727	0.00
1530.12	-0.733	0.00
1536.26	-0.739	0.00
1542.42	-0.745	0.00
1548.61	-0.751	0.00
1554.83	-0.757	0.00
1561.07	-0.763	0.00
1567.33	-0.769	0.00
1573.62	-0.775	0.00
1579.94	-0.781	0.00
1586.28	-0.786	0.00
1592.64	-0.792	0.00
1599.04	-0.798	0.00
1605.45	-0.804	0.00
1611.90	-0.810	0.00
1618.37	-0.816	0.00
1624.86	-0.822	0.00
1631.38	-0.828	0.00
1637.93	-0.833	0.00
1644.50	-0.839	0.00
1651.10	-0.845	0.00
1657.73	-0.851	0.00
1664.38	-0.857	0.00
1671.06	-0.863	0.00
1677.77	-0.869	0.00
1684.50	-0.875	0.00
1691.26	-0.881	0.00
1698.05	-0.886	0.00
1704.86	-0.892	0.00
1711.70	-0.898	0.00
1718.57	-0.904	0.00
1725.47	-0.910	0.00
1732.39	-0.916	0.00
1739.35	-0.922	0.00
1746.33	-0.928	0.00
1753.34	-0.933	0.00
1760.37	-0.939	0.00
1767.44	-0.945	0.00
1774.53	-0.951	0.00
1781.65	-0.957	0.00
1788.80	-0.963	0.00
1795.98	-0.969	0.00
1803.19	-0.974	0.00
1810.43	-0.980	0.00
1817.69	-0.986	0.00
1824.99	-0.992	0.00
1832.31	-0.998	0.00
1839.66	-1.004	0.00
1847.05	-1.010	0.00
1854.46	-1.015	0.00
1861.90	-1.021	0.00
1869.37	-1.027	0.00
1876.88	-1.033	0.00
1884.41	-1.039	0.00
1891.97	-1.045	0.00
1899.56	-1.051	0.00
1907.19	-1.056	0.00
1914.84	-1.062	0.00
1922.53	-1.068	0.00
1930.24	-1.074	0.00
1937.99	-1.080	0.00
1945.76	-1.086	0.00
1953.57	-1.092	0.00
1961.41	-1.097	0.00
1969.29	-1.103	0.00
1977.19	-1.109	0.00
1985.12	-1.115	0.00
1993.09	-1.121	0.00
2001.09	-1.127	0.00
2009.12	-1.133	0.00
2017.18	-1.138	0.00
2025.28	-1.144	0.00
2033.41	-1.150	0.00
2041.57	-1.156	0.00
2049.76	-1.162	0.00
2057.99	-1.168	0.00
2066.24	-1.173	0.00
2074.54	-1.179	0.00
2082.86	-1.185	0.00
2091.22	-1.191	0.00
2099.61	-1.197	0.00
2108.04	-1.203	0.00
2116.50	-1.209	0.00
2124.99	-1.214	0.00
2133.52	-1.220	0.00
2142.08	-1.226	0.00
2150.68	-1.232	0.00
2159.31	-1.238	0.00
2167.98	-1.244	0.00
2176.68	-1.249	0.00
2185.41	-1.255	0.00
2194.18	-1.261	0.00
2202.99	-1.267	0.00
2211.83	-1.273	0.00
2220.71	-1.279	0.00
2229.62	-1.284	0.00
2238.57	-1.290	0.00
2247.55	-1.296	0.00
2256.57	-1.302	0.00
2265.63	-1.308	0.00
2274.72	-1.314	0.00
2283.85	-1.319	0.00
2293.02	-1.325	0.00
2302.22	-1.331	0.00
2311.46	-1.337	0.00
2320.73	-1.343	0.00
2330.05	-1.349	0.00
2339.40	-1.354	0.00
2348.79	-1.360	0.00
2358.21	-1.366	0.00
2367.68	-1.372	0.00
2377.18	-1.378	0.00
2386.72	-1.384	0.00
2396.30	-1.389	0.00
2405.91	-1.395	0.00
2415.57	-1.401	0.00
2425.26	-1.407	0.00
2435.00	-1.413	0.00
2444.77	-1.418	0.00
2454.58	-1.424	0.00
2464.43	-1.430	0.00
2474.32	-1.436	0.00
2484.25	-1.442	0.00
2494.22	-1.448	0.00
2504.23	-1.453	0.00
2514.28	-1.459	0.00
2524.37	-1.465	0.00
2534.50	-1.471	0.00
2544.67	-1.477	0.00
2554.89	-1.483	0.00
2565.14	-1.488	0.00
2575.43	-1.494	0.00
2585.77	-1.500	0.00
2596.15	-1.506	0.00
2606.57	-1.512	0.00
2617.03	-1.517	0.00
2627.53	-1.523	0.00
2638.07	-1.529	0.00
2648.66	-1.535	0.00
2659.29	-1.541	0.00
2669.96	-1.547	0.00
2680.68	-1.552	0.00
2691.44	-1.558	0.00
2702.24	-1.564	0.00
2713.08	-1.570	0.00
2723.97	-1.576	0.00
2734.90	-1.581	0.00
2745.88	-1.587	0.00
2756.90	-1.593	0.00
2767.96	-1.599	0.00
2779.07	-1.605	0.00
2790.22	-1.611	0.00
2801.42	-1.616	0.00
2812.66	-1.622	0.00
2823.95	-1.628	0.00
2835.29	-1.634	0.00
2846.66	-1.640	0.00
2858.09	-1.645	0.00
2869.56	-1.651	0.00
2881.07	-1.657	0.00
2892.64	-1.663	0.00
2904.25	-1.669	0.00
2915.90	-1.674	0.00
2927.60	-1.680	0.00
2939.35	-1.686	0.00
2951.15	-1.692	0.00
2962.99	-1.698	0.00
2974.88	-1.703	0.00
2986.82	-1.709	0.00
2998.81	-1.715	0.00
3010.84	-1.721	0.00
3022.93	-1.727	0.00
3035.06	-1.733	0.00
3047.24	-1.738	0.00
3059.47	-1.744	0.00
3071.75	-1.750	0.00
3084.07	-1.756	0.00
3096.45	-1.762	0.00
3108.88	-1.767	0.00
3121.35	-1.773	0.00
3133.88	-1.779	0.00
3146.46	-1.785	0.00
3159.09	-1.791	0.00
3171.76	-1.796	0.00
3184.49	-1.802	0.00
3197.27	-1.808	0.00
3210.10	-1.814	0.00
3222.99	-1.820	0.00
3235.92	-1.825	0.00
3248.91	-1.831	0.00
3261.95	-1.837	0.00
3275.04	-1.843	0.00
3288.18	-1.849	0.00
3301.38	-1.854	0.00
3314.63	-1.860	0.00
3327.93	-1.866	0.00
3341.28	-1.872	0.00
3354.69	-1.878	0.00
3368.16	-1.883	0.00
3381.67	-1.889	0.00
3395.25	-1.895	0.00
3408.87	-1.901	0.00
3422.55	-1.907	0.00
3436.29	-1.913	0.00
3450.08	-1.918	0.00
3463.92	-1.924	0.00
3477.83	-1.930	0.00
3491.78	-1.936	0.00
3505.80	-1.942	0.00
3519.87	-1.947	0.00
3533.99	-1.953	0.00
3548.17	-1.959	0.00
3562.41	-1.965	0.00
3576.71	-1.971	0.00
3591.06	-1.976	0.00
3605.48	-1.982	0.00
3619.95	-1.988	0.00
3634.47	-1.994	0.00
3649.06	-2.000	0.00
3663.70	-2.005	0.00
3678.41	-2.011	0.00
3693.17	-2.017	0.00
3707.99	-2.023	0.00
3722.87	-2.029	0.00
3737.81	-2.034	0.00
3752.81	-2.040	0.00
3767.87	-2.046	0.00
3783.00	-2.052	0.00
3798.18	-2.057	0.00
3813.42	-2.063	0.00
3828.72	-2.069	0.00
3844.09	-2.075	0.00
3859.52	-2.081	0.00
3875.01	-2.086	0.00
3890.56	-2.092	0.00
3906.17	-2.098	0.00
3921.85	-2.104	0.00
3937.59	-2.110	0.00
3953.39	-2.115	0.00
3969.25	-2.121	0.00
3985.18	-2.127	0.00
4001.18	-2.133	0.00
4017.23	-2.139	0.00
4033.36	-2.144	0.00
4049.54	-2.150	0.00
4065.80	-2.156	0.00
4082.11	-2.162	0.00
4098.49	-2.168	0.00
4114.94	-2.173	0.00
4131.46	-2.179	0.00
4148.04	-2.185	0.00
4164.68	-2.191	0.00
4181.40	-2.197	0.00
4198.18	-2.202	0.00
4215.03	-2.208	0.00
4231.94	-2.214	0.00
4248.93	-2.220	0.00
4265.98	-2.226	0.00
4283.10	-2.231	0.00
4300.29	-2.237	0.00
4317.55	-2.243	0.00
4334.87	-2.249	0.00
4352.27	-2.255	0.00
4369.74	-2.260	0.00
4387.27	-2.266	0.00
4404.88	-2.272	0.00
4422.56	-2.278	0.00
4440.31	-2.284	0.00
4458.13	-2.289	0.00
4476.02	-2.295	0.00
4493.98	-2.301	0.00
4512.02	-2.307	0.00
4530.12	-2.312	0.00
4548.30	-2.318	0.00
4566.56	-2.324	0.00
4584.88	-2.330	0.00
4603.28	-2.336	0.00
4621.76	-2.341	0.00
4640.31	-2.347	0.00
4658.93	-2.353	0.00
4677.63	-2.359	0.00
4696.40	-2.365	0.00
4715.25	-2.370	0.00
4734.17	-2.376	0.00
4753.17	-2.382	0.00
4772.24	-2.388	0.00
4791.40	-2.394	0.00
4810.63	-2.399	0.00
4829.93	-2.405	0.00
4849.32	-2.411	0.00
4868.78	-2.417	0.00
4888.32	-2.422	0.00
4907.93	-2.428	0.00
4927.63	-2.434	0.00
4947.41	-2.440	0.00
4967.26	-2.446	0.00
4987.20	-2.451	0.00
5007.21	-2.457	0.00
5027.31	-2.463	0.00
5047.48	-2.469	0.00
5067.74	-2.475	0.00
5088.08	-2.480	0.00
5108.50	-2.486	0.00
5129.00	-2.492	0.00
5149.58	-2.498	0.00
5170.25	-2.504	0.00
5191.00	-2.509	0.00
5211.83	-2.515	0.00
5232.75	-2.521	0.00
5253.75	-2.527	0.00
5274.83	-2.532	0.00
5296.00	-2.538	0.00
5317.25	-2.544	0.00
5338.59	-2.550	0.00
5360.02	-2.556	0.00
5381.53	-2.561	0.00
5403.13	-2.567	0.00
5424.81	-2.573	0.00
5446.58	-2.579	0.00
5468.44	-2.585	0.00
5490.38	-2.590	0.00
5512.42	-2.596	0.00
5534.54	-2.602	0.00
5556.75	-2.608	0.00
5579.05	-2.614	0.00
5601.44	-2.619	0.00
5623.92	-2.625	0.00
5646.49	-2.631	0.00
5669.15	-2.637	0.00
5691.91	-2.642	0.00
5714.75	-2.648	0.00
5737.68	-2.654	0.00
5760.71	-2.660	0.00
5783.83	-2.666	0.00
5807.04	-2.671	0.00
5830.34	-2.677	0.00
5853.74	-2.683	0.00
5877.24	-2.689	0.00
5900.82	-2.695	0.00
5924.50	-2.700	0.00
5948.28	-2.706	0.00
5972.15	-2.712	0.00
5996.12	-2.718	0.00
6020.18	-2.723	0.00
6044.34	-2.729	0.00
6068.60	-2.735	0.00
6092.96	-2.741	0.00
6117.41	-2.747	0.00
6141.96	-2.752	0.00
6166.61	-2.758	0.00
6191.35	-2.764	0.00
6216.20	-2.770	0.00
6241.15	-2.776	0.00
6266.20	-2.781	0.00
6291.34	-2.787	0.00
6316.59	-2.793	0.00
6341.94	-2.799	0.00
6367.39	-2.804	0.00
6392.95	-2.810	0.00
6418.60	-2.816	0.00
6444.36	-2.822	0.00
6470.23	-2.828	0.00
6496.19	-2.833	0.00
6522.26	-2.839	0.00
6548.44	-2.845	0.00
6574.72	-2.851	0.00
6601.10	-2.857	0.00
6627.60	-2.862	0.00
6654.19	-2.868	0.00
6680.90	-2.874	0.00
6707.71	-2.880	0.00
6734.63	-2.885	0.00
6761.66	-2.891	0.00
6788.79	-2.897	0.00
6816.04	-2.903	0.00
6843.39	-2.909	0.00
6870.86	-2.914	0.00
6898.43	-2.920	0.00
6926.12	-2.926	0.00
6953.91	-2.932	0.00
6981.82	-2.938	0.00
7009.84	-2.943	0.00
7037.97	-2.949	0.00
7066.22	-2.955	0.00
7094.57	-2.961	0.00
7123.05	-2.966	0.00
7151.63	-2.972	0.00
7180.33	-2.978	0.00
7209.15	-2.984	0.00
7238.08	-2.990	0.00
7267.13	-2.995	0.00
7296.29	-3.001	0.00
7325.58	-3.007	0.00
7354.98	-3.013	0.00
7384.49	-3.018	0.00
7414.13	-3.024	0.00
7443.88	-3.030	0.00
7473.76	-3.036	0.00
7503.75	-3.042	0.00
7533.86	-3.047	0.00
7564.10	-3.053	0.00
7594.46	-3.059	0.00
7624.93	-3.065	0.00
7655.53	-3.071	0.00
7686.26	-3.076	0.00
7717.10	-3.082	0.00
7748.07	-3.088	0.00
7779.17	-3.094	0.00
7810.39	-3.099	0.00
7841.73	-3.105	0.00
7873.20	-3.111	0.00
7904.80	-3.117	0.00
7936.52	-3.123	0.00
7968.38	-3.128	0.00
8000.35	-3.134	0.00
8032.46	-3.140	0.00
8064.70	-3.146	0.00
8097.06	-3.151	0.00
8129.56	-3.157	0.00
8162.18	-3.163	0.00
8194.94	-3.169	0.00
8227.83	-3.175	0.00
8260.85	-3.180	0.00
8294.00	-3.186	0.00
8327.29	-3.192	0.00
8360.71	-3.198	0.00
8394.26	-3.204	0.00
8427.95	-3.209	0.00
8461.77	-3.215	0.00
8495.73	-3.221	0.00
8529.83	-3.227	0.00
8564.06	-3.232	0.00
8598.43	-3.238	0.00
8632.93	-3.244	0.00
8667.58	-3.250	0.00
8702.36	-3.256	0.00
8737.29	-3.261	0.00
8772.35	-3.267	0.00
8807.56	-3.273	0.00
8842.91	-3.279	0.00
8878.39	-3.284	0.00
8914.03	-3.290	0.00
8949.80	-3.296	0.00
8985.72	-3.302	0.00
9021.78	-3.308	0.00
9057.98	-3.313	0.00
9094.34	-3.319	0.00
9130.83	-3.325	0.00
9167.48	-3.331	0.00
9204.27	-3.337	0.00
9241.21	-3.342	0.00
9278.29	-3.348	0.00
9315.53	-3.354	0.00
9352.92	-3.360	0.00
9390.45	-3.365	0.00
9428.14	-3.371	0.00
9465.97	-3.377	0.00
9503.96	-3.383	0.00
9542.10	-3.389	0.00
9580.40	-3.394	0.00
9618.85	-3.400	0.00
9657.45	-3.406	0.00
9696.21	-3.412	0.00
9735.12	-3.417	0.00
9774.19	-3.423	0.00
9813.42	-3.429	0.00
9852.80	-3.435	0.00
9892.34	-3.441	0.00
9932.04	-3.446	0.00
9971.90	-3.452	0.00
10011.92	-3.458	0.00
10052.10	-3.464	0.00
10092.44	-3.469	0.00
10132.94	-3.475	0.00
10173.61	-3.481	0.00
10214.44	-3.487	0.00
10255.43	-3.493	0.00
10296.59	-3.498	0.00
10337.91	-3.504	0.00
10379.40	-3.510	0.00
10421.05	-3.516	0.00
10462.88	-3.522	0.00
10504.87	-3.527	0.00
10547.02	-3.533	0.00
10589.35	-3.539	0.00
10631.85	-3.545	0.00
10674.52	-3.550	0.00
10717.36	-3.556	0.00
10760.37	-3.562	0.00
10803.55	-3.568	0.00
10846.91	-3.574	0.00
10890.44	-3.579	0.00
10934.14	-3.585	0.00
10978.03	-3.591	0.00
11022.08	-3.597	0.00
11066.32	-3.602	0.00
11110.73	-3.608	0.00
11155.32	-3.614	0.00
11200.09	-3.620	0.00
11245.04	-3.626	0.00
11290.16	-3.631	0.00
11335.47	-3.637	0.00
11380.97	-3.643	0.00
11426.64	-3.649	0.00
11472.50	-3.654	0.00
11518.54	-3.660	0.00
11564.77	-3.666	0.00
11611.18	-3.672	0.00
11657.78	-3.678	0.00
11704.56	-3.683	0.00
11751.53	-3.689	0.00
11798.70	-3.695	0.00
11846.05	-3.701	0.00
11893.59	-3.706	0.00
11941.32	-3.712	0.00
11989.24	-3.718	0.00
12037.36	-3.724	0.00
12085.67	-3.730	0.00
12134.17	-3.735	0.00
12182.86	-3.741	0.00
12231.76	-3.747	0.00
12280.85	-3.753	0.00
12330.13	-3.759	0.00
12379.62	-3.764	0.00
12429.30	-3.770	0.00
12479.18	-3.776	0.00
12529.26	-3.782	0.00
12579.54	-3.787	0.00
12630.03	-3.793	0.00
12680.71	-3.799	0.00
12731.61	-3.805	0.00
12782.70	-3.811	0.00
12834.00	-3.816	0.00
12885.51	-3.822	0.00
12937.22	-3.828	0.00
12989.14	-3.834	0.00
13041.27	-3.839	0.00
13093.60	-3.845	0.00
13146.15	-3.851	0.00
13198.91	-3.857	0.00
13251.88	-3.863	0.00
13305.06	-3.868	0.00
13358.46	-3.874	0.00
13412.07	-3.880	0.00
13465.89	-3.886	0.00
13519.94	-3.891	0.00
13574.19	-3.897	0.00
13628.67	-3.903	0.00
13683.36	-3.909	0.00
13738.28	-3.915	0.00
13793.41	-3.920	0.00
13848.77	-3.926	0.00
13904.35	-3.932	0.00
13960.15	-3.938	0.00
14016.17	-3.943	0.00
14072.42	-3.949	0.00
14128.90	-3.955	0.00
14185.60	-3.961	0.00
14242.53	-3.967	0.00
14299.69	-3.972	0.00
14357.08	-3.978	0.00
14414.70	-3.984	0.00
14472.55	-3.990	0.00
14530.63	-3.995	0.00
14588.94	-4.001	0.00
14647.49	-4.007	0.00
14706.27	-4.013	0.00
14765.29	-4.019	0.00
14824.55	-4.024	0.00
14884.04	-4.030	0.00
14943.78	-4.036	0.00
15003.75	-4.042	0.00
15063.96	-4.047	0.00
15124.42	-4.053	0.00
15185.12	-4.059	0.00
15246.06	-4.065	0.00
15307.24	-4.071	0.00
15368.67	-4.076	0.00
15430.35	-4.082	0.00
15492.28	-4.088	0.00
15554.45	-4.094	0.00
15616.87	-4.100	0.00
15679.55	-4.105	0.00
15742.47	-4.111	0.00
15805.65	-4.117	0.00
15869.08	-4.123	0.00
15932.77	-4.128	0.00
15996.71	-4.134	0.00
16060.91	-4.140	0.00
16125.36	-4.146	0.00
16190.08	-4.152	0.00
16255.05	-4.157	0.00
16320.29	-4.163	0.00
16385.79	-4.169	0.00
16451.55	-4.175	0.00
16517.57	-4.180	0.00
16583.86	-4.186	0.00
16650.41	-4.192	0.00
16717.23	-4.198	0.00
16784.32	-4.204	0.00
16851.68	-4.209	0.00
16919.31	-4.215	0.00
16987.21	-4.221	0.00
17055.39	-4.227	0.00
17123.83	-4.232	0.00
17192.56	-4.238	0.00
17261.55	-4.244	0.00
17330.83	-4.250	0.00
17400.38	-4.256	0.00
17470.21	-4.261	0.00
17540.32	-4.267	0.00
17610.72	-4.273	0.00
17681.39	-4.279	0.00
17752.35	-4.284	0.00
17823.60	-4.290	0.00
17895.13	-4.296	0.00
17966.94	-4.302	0.00
18039.05	-4.308	0.00
18111.44	-4.313	0.00
18184.13	-4.319	0.00
18257.10	-4.325	0.00
18330.37	-4.331	0.00
18403.94	-4.336	0.00
18477.80	-4.342	0.00
18551.95	-4.348	0.00
18626.41	-4.354	0.00
18701.16	-4.360	0.00
18776.21	-4.365	0.00
18851.56	-4.371	0.00
18927.22	-4.377	0.00
19003.18	-4.383	0.00
19079.44	-4.388	0.00
19156.01	-4.394	0.00
19232.89	-4.400	0.00
19310.07	-4.406	0.00
19387.57	-4.412	0.00
19465.38	-4.417	0.00
19543.49	-4.423	0.00
19621.93	-4.429	0.00
19700.67	-4.435	0.00
19779.74	-4.440	0.00
19859.12	-4.446	0.00
19938.82	-4.452	0.00
20018.83	-4.458	0.00
20099.17	-4.464	0.00
20179.84	-4.469	0.00
20260.82	-4.475	0.00
20342.13	-4.481	0.00
20423.77	-4.487	0.00
20505.74	-4.492	0.00
20588.03	-4.498	0.00
20670.65	-4.504	0.00
20753.61	-4.510	0.00
20836.90	-4.516	0.00
20920.52	-4.521	0.00
21004.48	-4.527	0.00
21088.78	-4.533	0.00
21173.41	-4.539	0.00
21258.38	-4.544	0.00
21343.70	-4.550	0.00
21429.36	-4.556	0.00
21515.36	-4.562	0.00
21601.70	-4.568	0.00
21688.39	-4.573	0.00
21775.43	-4.579	0.00
21862.82	-4.585	0.00
21950.56	-4.591	0.00
22038.66	-4.597	0.00
22127.10	-4.602	0.00
22215.90	-4.608	0.00
22305.06	-4.614	0.00
22394.58	-4.620	0.00
22484.45	-4.625	0.00
22574.69	-4.631	0.00
22665.28	-4.637	0.00
22756.24	-4.643	0.00
22847.57	-4.649	0.00
22939.26	-4.654	0.00
23031.32	-4.660	0.00
23123.75	-4.666	0.00
23216.55	-4.672	0.00
23309.72	-4.677	0.00
23403.27	-4.683	0.00
23497.19	-4.689	0.00
23591.49	-4.695	0.00
23686.17	-4.701	0.00
23781.23	-4.706	0.00
23876.67	-4.712	0.00
23972.49	-4.718	0.00
24068.70	-4.724	0.00
24165.29	-4.729	0.00
24262.27	-4.735	0.00
24359.64	-4.741	0.00
24457.40	-4.747	0.00
24555.55	-4.753	0.00
24654.10	-4.758	0.00
24753.04	-4.764	0.00
24852.38	-4.770	0.00
24952.12	-4.776	0.00
25052.26	-4.781	0.00
25152.80	-4.787	0.00
25253.74	-4.793	0.00
25355.09	-4.799	0.00
25456.85	-4.805	0.00
25559.01	-4.810	0.00
25661.58	-4.816	0.00
25764.57	-4.822	0.00
25867.97	-4.828	0.00
25971.78	-4.833	0.00
26076.01	-4.839	0.00
26180.66	-4.845	0.00
26285.73	-4.851	0.00
26391.22	-4.857	0.00
26497.13	-4.862	0.00
26603.47	-4.868	0.00
26710.24	-4.874	0.00
26817.43	-4.880	0.00
26925.06	-4.885	0.00
27033.11	-4.891	0.00
27141.60	-4.897	0.00
27250.53	-4.903	0.00
27359.89	-4.909	0.00
27469.69	-4.914	0.00
27579.93	-4.920	0.00
27690.62	-4.926	0.00
27801.75	-4.932	0.00
27913.32	-4.937	0.00
28025.34	-4.943	0.00
28137.81	-4.949	0.00
28250.74	-4.955	0.00
28364.11	-4.961	0.00
28477.95	-4.966	0.00
28592.23	-4.972	0.00
28706.98	-4.978	0.00
28822.19	-4.984	0.00
28937.86	-4.989	0.00
29053.99	-4.995	0.00
29170.59	-5.001	0.00
29287.66	-5.007	0.00
29405.20	-5.013	0.00
29523.21	-5.018	0.00
29641.69	-5.024	0.00
29760.65	-5.030	0.00
29880.08	-5.036	0.00
30000.00	-5.041	0.00
