# 18W/4424G00 datasheet, baffle step front W/2=160mm, no crossover, no gain
# Frequency(Hz) Magnitude(dB) Phase(deg)
10.00	86.491	0.00
10.04	86.491	0.00
10.08	86.491	0.00
10.12	86.491	0.00
10.16	86.491	0.00
10.20	86.491	0.00
10.24	86.491	0.00
10.28	86.491	0.00
10.33	86.491	0.00
10.37	86.491	0.00
10.41	86.491	0.00
10.45	86.492	0.00
10.49	86.492	0.00
10.53	86.492	0.00
10.58	86.492	0.00
10.62	86.492	0.00
10.66	86.492	0.00
10.70	86.492	0.00
10.75	86.492	0.00
10.79	86.492	0.00
10.83	86.493	0.00
10.88	86.493	0.00
10.92	86.493	0.00
10.96	86.493	0.00
11.01	86.493	0.00
11.05	86.493	0.00
11.10	86.493	0.00
11.14	86.493	0.00
11.19	86.493	0.00
11.23	86.493	0.00
11.28	86.494	0.00
11.32	86.494	0.00
11.37	86.494	0.00
11.41	86.494	0.00
11.46	86.494	0.00
11.50	86.494	0.00
11.55	86.494	0.00
11.60	86.494	0.00
11.64	86.495	0.00
11.69	86.495	0.00
11.74	86.495	0.00
11.78	86.495	0.00
11.83	86.495	0.00
11.88	86.495	0.00
11.93	86.495	0.00
11.97	86.495	0.00
12.02	86.496	0.00
12.07	86.496	0.00
12.12	86.496	0.00
12.17	86.496	0.00
12.22	86.496	0.00
12.27	86.496	0.00
12.32	86.496	0.00
12.36	86.496	0.00
12.41	86.497	0.00
12.46	86.497	0.00
12.51	86.497	0.00
12.56	86.497	0.00
12.61	86.497	0.00
12.67	86.497	0.00
12.72	86.497	0.00
12.77	86.498	0.00
12.82	86.498	0.00
12.87	86.498	0.00
12.92	86.498	0.00
12.97	86.498	0.00
13.03	86.498	0.00
13.08	86.498	0.00
13.13	86.499	0.00
13.18	86.499	0.00
13.24	86.499	0.00
13.29	86.499	0.00
13.34	86.499	0.00
13.40	86.499	0.00
13.45	86.500	0.00
13.50	86.500	0.00
13.56	86.500	0.00
13.61	86.500	0.00
13.67	86.500	0.00
13.72	86.500	0.00
13.78	86.501	0.00
13.83	86.501	0.00
13.89	86.501	0.00
13.94	86.501	0.00
14.00	86.501	0.00
14.06	86.501	0.00
14.11	86.502	0.00
14.17	86.502	0.00
14.23	86.502	0.00
14.28	86.502	0.00
14.34	86.502	0.00
14.40	86.502	0.00
14.46	86.503	0.00
14.51	86.503	0.00
14.57	86.503	0.00
14.63	86.503	0.00
14.69	86.503	0.00
14.75	86.504	0.00
14.81	86.504	0.00
14.87	86.504	0.00
14.93	86.504	0.00
14.99	86.504	0.00
15.05	86.505	0.00
15.11	86.505	0.00
15.17	86.505	0.00
15.23	86.505	0.00
15.29	86.505	0.00
15.35	86.506	0.00
15.41	86.506	0.00
15.47	86.506	0.00
15.54	86.506	0.00
15.60	86.506	0.00
15.66	86.507	0.00
15.72	86.507	0.00
15.79	86.507	0.00
15.85	86.507	0.00
15.91	86.508	0.00
15.98	86.508	0.00
16.04	86.508	0.00
16.11	86.508	0.00
16.17	86.509	0.00
16.24	86.509	0.00
16.30	86.509	0.00
16.37	86.509	0.00
16.43	86.509	0.00
16.50	86.510	0.00
16.56	86.510	0.00
16.63	86.510	0.00
16.70	86.510	0.00
16.76	86.511	0.00
16.83	86.511	0.00
16.90	86.511	0.00
16.97	86.511	0.00
17.04	86.512	0.00
17.10	86.512	0.00
17.17	86.512	0.00
17.24	86.512	0.00
17.31	86.513	0.00
17.38	86.513	0.00
17.45	86.513	0.00
17.52	86.514	0.00
17.59	86.514	0.00
17.66	86.514	0.00
17.73	86.514	0.00
17.80	86.515	0.00
17.87	86.515	0.00
17.95	86.515	0.00
18.02	86.515	0.00
18.09	86.516	0.00
18.16	86.516	0.00
18.24	86.516	0.00
18.31	86.517	0.00
18.38	86.517	0.00
18.46	86.517	0.00
18.53	86.518	0.00
18.60	86.518	0.00
18.68	86.518	0.00
18.75	86.518	0.00
18.83	86.519	0.00
18.90	86.519	0.00
18.98	86.519	0.00
19.06	86.520	0.00
19.13	86.520	0.00
19.21	86.520	0.00
19.29	86.521	0.00
19.36	86.521	0.00
19.44	86.521	0.00
19.52	86.522	0.00
19.60	86.522	0.00
19.68	86.522	0.00
19.76	86.523	0.00
19.84	86.523	0.00
19.92	86.523	0.00
20.00	86.524	0.00
20.08	69.524	0.00
20.16	69.524	0.00
20.24	69.525	0.00
20.32	69.525	0.00
20.40	69.526	0.00
20.48	69.526	0.00
20.56	69.526	0.00
20.65	69.527	0.00
20.73	69.527	0.00
20.81	69.527	0.00
20.90	69.528	0.00
20.98	69.528	0.00
21.06	69.529	0.00
21.15	69.529	0.00
21.23	69.581	0.00
21.32	69.682	0.00
21.40	69.785	0.00
21.49	69.887	0.00
21.58	69.990	0.00
21.66	70.094	0.00
21.75	70.198	0.00
21.84	70.302	0.00
21.92	70.407	0.00
22.01	70.512	0.00
22.10	70.618	0.00
22.19	70.724	0.00
22.28	70.830	0.00
22.37	70.937	0.00
22.46	71.043	0.00
22.55	71.139	0.00
22.64	71.234	0.00
22.73	71.330	0.00
22.82	71.427	0.00
22.91	71.524	0.00
23.00	71.621	0.00
23.10	71.719	0.00
23.19	71.817	0.00
23.28	71.915	0.00
23.38	72.014	0.00
23.47	72.113	0.00
23.56	72.213	0.00
23.66	72.313	0.00
23.75	72.413	0.00
23.85	72.481	0.00
23.94	72.535	0.00
24.04	72.590	0.00
24.14	72.645	0.00
24.23	72.700	0.00
24.33	72.755	0.00
24.43	72.811	0.00
24.53	72.866	0.00
24.62	72.922	0.00
24.72	72.979	0.00
24.82	73.035	0.00
24.92	73.092	0.00
25.02	73.149	0.00
25.12	73.206	0.00
25.22	73.242	0.00
25.32	73.209	0.00
25.43	73.175	0.00
25.53	73.142	0.00
25.63	73.108	0.00
25.73	73.075	0.00
25.84	73.041	0.00
25.94	73.007	0.00
26.04	72.973	0.00
26.15	72.938	0.00
26.25	72.904	0.00
26.36	72.869	0.00
26.47	72.835	0.00
26.57	72.800	0.00
26.68	72.765	0.00
26.79	72.715	0.00
26.89	72.661	0.00
27.00	72.607	0.00
27.11	72.553	0.00
27.22	72.499	0.00
27.33	72.444	0.00
27.44	72.389	0.00
27.55	72.334	0.00
27.66	72.279	0.00
27.77	72.223	0.00
27.88	72.167	0.00
27.99	72.111	0.00
28.10	72.055	0.00
28.22	71.999	0.00
28.33	72.003	0.00
28.44	72.085	0.00
28.56	72.167	0.00
28.67	72.249	0.00
28.79	72.331	0.00
28.90	72.414	0.00
29.02	72.497	0.00
29.14	72.580	0.00
29.25	72.664	0.00
29.37	72.748	0.00
29.49	72.833	0.00
29.61	72.918	0.00
29.73	73.003	0.00
29.84	73.088	0.00
29.96	73.174	0.00
30.08	73.282	0.00
30.21	73.391	0.00
30.33	73.501	0.00
30.45	73.611	0.00
30.57	73.722	0.00
30.69	73.833	0.00
30.82	73.944	0.00
30.94	74.056	0.00
31.06	74.169	0.00
31.19	74.282	0.00
31.31	74.395	0.00
31.44	74.509	0.00
31.57	74.623	0.00
31.69	74.738	0.00
31.82	74.846	0.00
31.95	74.948	0.00
32.08	75.050	0.00
32.20	75.153	0.00
32.33	75.257	0.00
32.46	75.361	0.00
32.59	75.465	0.00
32.72	75.570	0.00
32.86	75.675	0.00
32.99	75.781	0.00
33.12	75.887	0.00
33.25	75.993	0.00
33.39	76.100	0.00
33.52	76.207	0.00
33.65	76.306	0.00
33.79	76.334	0.00
33.93	76.362	0.00
34.06	76.390	0.00
34.20	76.419	0.00
34.34	76.447	0.00
34.47	76.476	0.00
34.61	76.504	0.00
34.75	76.533	0.00
34.89	76.562	0.00
35.03	76.591	0.00
35.17	76.620	0.00
35.31	76.650	0.00
35.45	76.679	0.00
35.60	76.709	0.00
35.74	76.756	0.00
35.88	76.811	0.00
36.03	76.867	0.00
36.17	76.923	0.00
36.32	76.979	0.00
36.46	77.036	0.00
36.61	77.092	0.00
36.75	77.149	0.00
36.90	77.206	0.00
37.05	77.263	0.00
37.20	77.321	0.00
37.35	77.379	0.00
37.50	77.437	0.00
37.65	77.495	0.00
37.80	77.552	0.00
37.95	77.607	0.00
38.10	77.663	0.00
38.26	77.718	0.00
38.41	77.774	0.00
38.56	77.830	0.00
38.72	77.887	0.00
38.87	77.943	0.00
39.03	78.000	0.00
39.19	78.057	0.00
39.34	78.114	0.00
39.50	78.172	0.00
39.66	78.229	0.00
39.82	78.287	0.00
39.98	78.345	0.00
40.14	78.377	0.00
40.30	78.406	0.00
40.46	78.434	0.00
40.63	78.463	0.00
40.79	78.492	0.00
40.95	78.521	0.00
41.12	78.550	0.00
41.28	78.579	0.00
41.45	78.608	0.00
41.61	78.638	0.00
41.78	78.667	0.00
41.95	78.697	0.00
42.12	78.726	0.00
42.29	78.756	0.00
42.46	78.771	0.00
42.63	78.765	0.00
42.80	78.760	0.00
42.97	78.755	0.00
43.14	78.750	0.00
43.31	78.744	0.00
43.49	78.739	0.00
43.66	78.734	0.00
43.84	78.728	0.00
44.01	78.723	0.00
44.19	78.717	0.00
44.37	78.712	0.00
44.55	78.707	0.00
44.72	78.701	0.00
44.90	78.694	0.00
45.08	78.615	0.00
45.27	78.535	0.00
45.45	78.455	0.00
45.63	78.375	0.00
45.81	78.294	0.00
46.00	78.213	0.00
46.18	78.132	0.00
46.37	78.050	0.00
46.55	77.969	0.00
46.74	77.886	0.00
46.93	77.804	0.00
47.12	77.721	0.00
47.30	77.638	0.00
47.49	77.554	0.00
47.68	77.554	0.00
47.88	77.610	0.00
48.07	77.667	0.00
48.26	77.723	0.00
48.45	77.780	0.00
48.65	77.837	0.00
48.84	77.894	0.00
49.04	77.951	0.00
49.24	78.009	0.00
49.43	78.067	0.00
49.63	78.125	0.00
49.83	78.183	0.00
50.03	78.241	0.00
50.23	78.300	0.00
50.43	78.370	0.00
50.64	78.494	0.00
50.84	78.619	0.00
51.04	78.744	0.00
51.25	78.869	0.00
51.45	78.995	0.00
51.66	79.121	0.00
51.87	79.248	0.00
52.08	79.376	0.00
52.29	79.504	0.00
52.50	79.632	0.00
52.71	79.761	0.00
52.92	79.891	0.00
53.13	80.021	0.00
53.34	80.152	0.00
53.56	80.287	0.00
53.77	80.425	0.00
53.99	80.563	0.00
54.21	80.701	0.00
54.42	80.841	0.00
54.64	80.980	0.00
54.86	81.121	0.00
55.08	81.261	0.00
55.30	81.403	0.00
55.52	81.545	0.00
55.75	81.688	0.00
55.97	81.831	0.00
56.19	81.974	0.00
56.42	82.119	0.00
56.65	82.241	0.00
56.87	82.318	0.00
57.10	82.395	0.00
57.33	82.472	0.00
57.56	82.550	0.00
57.79	82.629	0.00
58.02	82.707	0.00
58.26	82.786	0.00
58.49	82.865	0.00
58.73	82.945	0.00
58.96	83.025	0.00
59.20	83.105	0.00
59.44	83.185	0.00
59.67	83.266	0.00
59.91	83.347	0.00
60.15	83.362	0.00
60.40	83.371	0.00
60.64	83.381	0.00
60.88	83.391	0.00
61.13	83.400	0.00
61.37	83.410	0.00
61.62	83.420	0.00
61.86	83.430	0.00
62.11	83.440	0.00
62.36	83.450	0.00
62.61	83.460	0.00
62.86	83.470	0.00
63.12	83.480	0.00
63.37	83.490	0.00
63.62	83.483	0.00
63.88	83.459	0.00
64.14	83.435	0.00
64.39	83.411	0.00
64.65	83.387	0.00
64.91	83.363	0.00
65.17	83.338	0.00
65.43	83.314	0.00
65.69	83.289	0.00
65.96	83.264	0.00
66.22	83.239	0.00
66.49	83.215	0.00
66.76	83.190	0.00
67.02	83.164	0.00
67.29	83.141	0.00
67.56	83.138	0.00
67.83	83.134	0.00
68.11	83.131	0.00
68.38	83.128	0.00
68.65	83.124	0.00
68.93	83.121	0.00
69.21	83.118	0.00
69.48	83.114	0.00
69.76	83.111	0.00
70.04	83.107	0.00
70.32	83.104	0.00
70.61	83.101	0.00
70.89	83.097	0.00
71.17	83.094	0.00
71.46	83.135	0.00
71.75	83.200	0.00
72.03	83.265	0.00
72.32	83.330	0.00
72.61	83.395	0.00
72.91	83.461	0.00
73.20	83.527	0.00
73.49	83.593	0.00
73.79	83.660	0.00
74.08	83.727	0.00
74.38	83.794	0.00
74.68	83.861	0.00
74.98	83.929	0.00
75.28	83.997	0.00
75.58	84.061	0.00
75.88	84.112	0.00
76.19	84.164	0.00
76.49	84.216	0.00
76.80	84.268	0.00
77.11	84.320	0.00
77.42	84.372	0.00
77.73	84.425	0.00
78.04	84.478	0.00
78.36	84.531	0.00
78.67	84.584	0.00
78.99	84.638	0.00
79.30	84.692	0.00
79.62	84.746	0.00
79.94	84.800	0.00
80.26	84.836	0.00
80.58	84.867	0.00
80.91	84.899	0.00
81.23	84.931	0.00
81.56	84.963	0.00
81.88	84.995	0.00
82.21	85.027	0.00
82.54	85.060	0.00
82.87	85.092	0.00
83.21	85.125	0.00
83.54	85.158	0.00
83.88	85.191	0.00
84.21	85.224	0.00
84.55	85.257	0.00
84.89	85.282	0.00
85.23	85.294	0.00
85.57	85.305	0.00
85.92	85.317	0.00
86.26	85.329	0.00
86.61	85.341	0.00
86.95	85.353	0.00
87.30	85.365	0.00
87.65	85.377	0.00
88.01	85.389	0.00
88.36	85.401	0.00
88.71	85.413	0.00
89.07	85.426	0.00
89.43	85.438	0.00
89.79	85.450	0.00
90.15	85.462	0.00
90.51	85.474	0.00
90.87	85.487	0.00
91.24	85.499	0.00
91.60	85.511	0.00
91.97	85.523	0.00
92.34	85.536	0.00
92.71	85.548	0.00
93.08	85.561	0.00
93.45	85.573	0.00
93.83	85.586	0.00
94.21	85.599	0.00
94.58	85.612	0.00
94.96	85.624	0.00
95.35	85.604	0.00
95.73	85.556	0.00
96.11	85.507	0.00
96.50	85.459	0.00
96.89	85.410	0.00
97.27	85.360	0.00
97.66	85.311	0.00
98.06	85.262	0.00
98.45	85.212	0.00
98.84	85.162	0.00
99.24	85.112	0.00
99.64	85.062	0.00
100.04	85.011	0.00
100.44	84.960	0.00
100.84	84.930	0.00
101.25	85.031	0.00
101.66	85.132	0.00
102.06	85.233	0.00
102.47	85.335	0.00
102.88	85.437	0.00
103.30	85.540	0.00
103.71	85.643	0.00
104.13	85.747	0.00
104.55	85.851	0.00
104.97	85.955	0.00
105.39	86.060	0.00
105.81	86.165	0.00
106.23	86.271	0.00
106.66	86.377	0.00
107.09	86.442	0.00
107.52	86.490	0.00
107.95	86.537	0.00
108.38	86.585	0.00
108.82	86.633	0.00
109.25	86.681	0.00
109.69	86.729	0.00
110.13	86.778	0.00
110.58	86.827	0.00
111.02	86.876	0.00
111.46	86.925	0.00
111.91	86.974	0.00
112.36	87.024	0.00
112.81	87.073	0.00
113.26	87.117	0.00
113.72	87.145	0.00
114.18	87.172	0.00
114.63	87.200	0.00
115.09	87.228	0.00
115.56	87.256	0.00
116.02	87.284	0.00
116.49	87.312	0.00
116.95	87.340	0.00
117.42	87.369	0.00
117.89	87.397	0.00
118.37	87.426	0.00
118.84	87.455	0.00
119.32	87.484	0.00
119.80	87.513	0.00
120.28	87.541	0.00
120.76	87.569	0.00
121.25	87.597	0.00
121.73	87.625	0.00
122.22	87.654	0.00
122.71	87.682	0.00
123.20	87.711	0.00
123.70	87.739	0.00
124.19	87.768	0.00
124.69	87.797	0.00
125.19	87.826	0.00
125.70	87.856	0.00
126.20	87.885	0.00
126.71	87.914	0.00
127.21	87.940	0.00
127.73	87.962	0.00
128.24	87.984	0.00
128.75	88.006	0.00
129.27	88.028	0.00
129.79	88.050	0.00
130.31	88.072	0.00
130.83	88.094	0.00
131.36	88.117	0.00
131.88	88.139	0.00
132.41	88.162	0.00
132.94	88.184	0.00
133.48	88.207	0.00
134.01	88.230	0.00
134.55	88.252	0.00
135.09	88.261	0.00
135.63	88.270	0.00
136.18	88.278	0.00
136.73	88.287	0.00
137.27	88.296	0.00
137.82	88.305	0.00
138.38	88.314	0.00
138.93	88.323	0.00
139.49	88.332	0.00
140.05	88.341	0.00
140.61	88.350	0.00
141.18	88.359	0.00
141.74	88.368	0.00
142.31	88.377	0.00
142.88	88.386	0.00
143.46	88.395	0.00
144.03	88.404	0.00
144.61	88.414	0.00
145.19	88.423	0.00
145.77	88.432	0.00
146.36	88.441	0.00
146.95	88.451	0.00
147.54	88.460	0.00
148.13	88.470	0.00
148.72	88.479	0.00
149.32	88.489	0.00
149.92	88.498	0.00
150.52	88.508	0.00
151.12	88.516	0.00
151.73	88.519	0.00
152.34	88.522	0.00
152.95	88.525	0.00
153.56	88.527	0.00
154.18	88.530	0.00
154.80	88.533	0.00
155.42	88.536	0.00
156.04	88.539	0.00
156.67	88.542	0.00
157.30	88.545	0.00
157.93	88.548	0.00
158.56	88.550	0.00
159.20	88.553	0.00
159.84	88.556	0.00
160.48	88.559	0.00
161.13	88.563	0.00
161.77	88.566	0.00
162.42	88.569	0.00
163.07	88.572	0.00
163.73	88.576	0.00
164.38	88.579	0.00
165.04	88.582	0.00
165.71	88.586	0.00
166.37	88.589	0.00
167.04	88.592	0.00
167.71	88.595	0.00
168.38	88.599	0.00
169.06	88.602	0.00
169.74	88.607	0.00
170.42	88.618	0.00
171.10	88.628	0.00
171.79	88.639	0.00
172.48	88.649	0.00
173.17	88.660	0.00
173.87	88.670	0.00
174.56	88.681	0.00
175.26	88.692	0.00
175.97	88.702	0.00
176.67	88.713	0.00
177.38	88.723	0.00
178.09	88.734	0.00
178.81	88.745	0.00
179.53	88.756	0.00
180.25	88.779	0.00
180.97	88.803	0.00
181.70	88.827	0.00
182.43	88.852	0.00
183.16	88.876	0.00
183.89	88.901	0.00
184.63	88.926	0.00
185.37	88.950	0.00
186.12	88.975	0.00
186.86	89.000	0.00
187.61	89.025	0.00
188.37	89.050	0.00
189.12	89.075	0.00
189.88	89.101	0.00
190.64	89.119	0.00
191.41	89.130	0.00
192.18	89.141	0.00
192.95	89.152	0.00
193.72	89.163	0.00
194.50	89.174	0.00
195.28	89.186	0.00
196.06	89.197	0.00
196.85	89.208	0.00
197.64	89.219	0.00
198.43	89.230	0.00
199.23	89.241	0.00
200.03	89.253	0.00
200.83	89.264	0.00
201.64	89.274	0.00
202.45	89.265	0.00
203.26	89.256	0.00
204.08	89.247	0.00
204.89	89.238	0.00
205.72	89.228	0.00
206.54	89.219	0.00
207.37	89.210	0.00
208.20	89.200	0.00
209.04	89.191	0.00
209.88	89.181	0.00
210.72	89.171	0.00
211.57	89.162	0.00
212.42	89.152	0.00
213.27	89.142	0.00
214.12	89.137	0.00
214.98	89.135	0.00
215.85	89.133	0.00
216.71	89.131	0.00
217.58	89.128	0.00
218.45	89.126	0.00
219.33	89.124	0.00
220.21	89.121	0.00
221.10	89.119	0.00
221.98	89.117	0.00
222.87	89.114	0.00
223.77	89.112	0.00
224.67	89.109	0.00
225.57	89.106	0.00
226.47	89.108	0.00
227.38	89.127	0.00
228.29	89.145	0.00
229.21	89.163	0.00
230.13	89.182	0.00
231.05	89.200	0.00
231.98	89.219	0.00
232.91	89.237	0.00
233.85	89.256	0.00
234.79	89.274	0.00
235.73	89.293	0.00
236.67	89.311	0.00
237.62	89.330	0.00
238.58	89.349	0.00
239.53	89.368	0.00
240.50	89.370	0.00
241.46	89.368	0.00
242.43	89.366	0.00
243.40	89.364	0.00
244.38	89.362	0.00
245.36	89.360	0.00
246.35	89.357	0.00
247.33	89.355	0.00
248.33	89.353	0.00
249.32	89.350	0.00
250.32	89.348	0.00
251.33	89.345	0.00
252.34	89.343	0.00
253.35	89.340	0.00
254.37	89.343	0.00
255.39	89.354	0.00
256.41	89.366	0.00
257.44	89.377	0.00
258.47	89.389	0.00
259.51	89.401	0.00
260.55	89.412	0.00
261.60	89.424	0.00
262.65	89.435	0.00
263.70	89.447	0.00
264.76	89.458	0.00
265.82	89.470	0.00
266.89	89.481	0.00
267.96	89.493	0.00
269.04	89.504	0.00
270.12	89.528	0.00
271.20	89.553	0.00
272.29	89.579	0.00
273.38	89.604	0.00
274.48	89.629	0.00
275.58	89.654	0.00
276.69	89.679	0.00
277.80	89.704	0.00
278.91	89.730	0.00
280.03	89.755	0.00
281.15	89.781	0.00
282.28	89.806	0.00
283.42	89.832	0.00
284.55	89.857	0.00
285.70	89.882	0.00
286.84	89.907	0.00
287.99	89.932	0.00
289.15	89.957	0.00
290.31	89.982	0.00
291.47	90.007	0.00
292.64	90.032	0.00
293.82	90.057	0.00
295.00	90.082	0.00
296.18	90.107	0.00
297.37	90.132	0.00
298.56	90.158	0.00
299.76	90.183	0.00
300.96	90.208	0.00
302.17	90.233	0.00
303.39	90.250	0.00
304.60	90.268	0.00
305.83	90.286	0.00
307.05	90.304	0.00
308.28	90.322	0.00
309.52	90.340	0.00
310.76	90.358	0.00
312.01	90.376	0.00
313.26	90.393	0.00
314.52	90.411	0.00
315.78	90.429	0.00
317.05	90.447	0.00
318.32	90.465	0.00
319.60	90.483	0.00
320.88	90.505	0.00
322.17	90.530	0.00
323.46	90.554	0.00
324.76	90.578	0.00
326.07	90.603	0.00
327.37	90.627	0.00
328.69	90.652	0.00
330.01	90.676	0.00
331.33	90.701	0.00
332.66	90.725	0.00
334.00	90.750	0.00
335.34	90.775	0.00
336.68	90.799	0.00
338.03	90.824	0.00
339.39	90.843	0.00
340.75	90.847	0.00
342.12	90.851	0.00
343.49	90.854	0.00
344.87	90.858	0.00
346.25	90.861	0.00
347.64	90.865	0.00
349.04	90.868	0.00
350.44	90.871	0.00
351.85	90.875	0.00
353.26	90.878	0.00
354.68	90.881	0.00
356.10	90.884	0.00
357.53	90.887	0.00
358.96	90.890	0.00
360.40	90.893	0.00
361.85	90.897	0.00
363.30	90.900	0.00
364.76	90.903	0.00
366.22	90.906	0.00
367.69	90.909	0.00
369.17	90.912	0.00
370.65	90.915	0.00
372.14	90.918	0.00
373.63	90.921	0.00
375.13	90.924	0.00
376.64	90.927	0.00
378.15	90.929	0.00
379.67	90.932	0.00
381.19	90.932	0.00
382.72	90.928	0.00
384.26	90.924	0.00
385.80	90.920	0.00
387.35	90.916	0.00
388.90	90.912	0.00
390.46	90.907	0.00
392.03	90.903	0.00
393.60	90.898	0.00
395.18	90.894	0.00
396.77	90.889	0.00
398.36	90.884	0.00
399.96	90.880	0.00
401.56	90.875	0.00
403.18	90.870	0.00
404.79	90.865	0.00
406.42	90.861	0.00
408.05	90.857	0.00
409.69	90.852	0.00
411.33	90.847	0.00
412.98	90.843	0.00
414.64	90.838	0.00
416.30	90.833	0.00
417.97	90.828	0.00
419.65	90.823	0.00
421.34	90.818	0.00
423.03	90.813	0.00
424.72	90.807	0.00
426.43	90.802	0.00
428.14	90.793	0.00
429.86	90.781	0.00
431.58	90.770	0.00
433.32	90.758	0.00
435.05	90.746	0.00
436.80	90.734	0.00
438.55	90.722	0.00
440.31	90.710	0.00
442.08	90.697	0.00
443.85	90.685	0.00
445.64	90.672	0.00
447.42	90.659	0.00
449.22	90.646	0.00
451.02	90.634	0.00
452.83	90.622	0.00
454.65	90.616	0.00
456.47	90.611	0.00
458.31	90.606	0.00
460.15	90.600	0.00
461.99	90.595	0.00
463.85	90.589	0.00
465.71	90.583	0.00
467.58	90.577	0.00
469.45	90.571	0.00
471.34	90.565	0.00
473.23	90.559	0.00
475.13	90.553	0.00
477.04	90.546	0.00
478.95	90.540	0.00
480.87	90.559	0.00
482.80	90.587	0.00
484.74	90.615	0.00
486.68	90.643	0.00
488.64	90.671	0.00
490.60	90.700	0.00
492.57	90.728	0.00
494.54	90.756	0.00
496.53	90.785	0.00
498.52	90.813	0.00
500.52	90.842	0.00
502.53	90.870	0.00
504.55	90.899	0.00
506.57	90.927	0.00
508.61	90.954	0.00
510.65	90.974	0.00
512.70	90.995	0.00
514.75	91.016	0.00
516.82	91.037	0.00
518.89	91.058	0.00
520.98	91.078	0.00
523.07	91.099	0.00
525.17	91.120	0.00
527.27	91.141	0.00
529.39	91.162	0.00
531.51	91.183	0.00
533.65	91.204	0.00
535.79	91.225	0.00
537.94	91.246	0.00
540.10	91.261	0.00
542.27	91.274	0.00
544.44	91.288	0.00
546.63	91.301	0.00
548.82	91.315	0.00
551.02	91.328	0.00
553.23	91.342	0.00
555.45	91.355	0.00
557.68	91.369	0.00
559.92	91.382	0.00
562.17	91.396	0.00
564.43	91.409	0.00
566.69	91.423	0.00
568.96	91.436	0.00
571.25	91.446	0.00
573.54	91.452	0.00
575.84	91.459	0.00
578.15	91.465	0.00
580.47	91.471	0.00
582.80	91.477	0.00
585.14	91.483	0.00
587.49	91.489	0.00
589.85	91.495	0.00
592.22	91.501	0.00
594.59	91.507	0.00
596.98	91.513	0.00
599.37	91.519	0.00
601.78	91.525	0.00
604.19	91.530	0.00
606.62	91.523	0.00
609.05	91.515	0.00
611.50	91.507	0.00
613.95	91.499	0.00
616.42	91.491	0.00
618.89	91.483	0.00
621.37	91.475	0.00
623.87	91.467	0.00
626.37	91.458	0.00
628.88	91.450	0.00
631.41	91.441	0.00
633.94	91.433	0.00
636.49	91.424	0.00
639.04	91.415	0.00
641.61	91.415	0.00
644.18	91.420	0.00
646.77	91.426	0.00
649.36	91.431	0.00
651.97	91.436	0.00
654.58	91.442	0.00
657.21	91.447	0.00
659.85	91.452	0.00
662.50	91.457	0.00
665.16	91.462	0.00
667.82	91.467	0.00
670.50	91.472	0.00
673.20	91.477	0.00
675.90	91.482	0.00
678.61	91.489	0.00
681.33	91.500	0.00
684.07	91.512	0.00
686.81	91.524	0.00
689.57	91.535	0.00
692.34	91.547	0.00
695.12	91.559	0.00
697.90	91.571	0.00
700.71	91.582	0.00
703.52	91.594	0.00
706.34	91.606	0.00
709.18	91.617	0.00
712.02	91.629	0.00
714.88	91.641	0.00
717.75	91.652	0.00
720.63	91.658	0.00
723.52	91.663	0.00
726.42	91.667	0.00
729.34	91.672	0.00
732.27	91.676	0.00
735.21	91.681	0.00
738.16	91.685	0.00
741.12	91.689	0.00
744.09	91.694	0.00
747.08	91.698	0.00
750.08	91.702	0.00
753.09	91.707	0.00
756.11	91.711	0.00
759.14	91.715	0.00
762.19	91.714	0.00
765.25	91.705	0.00
768.32	91.695	0.00
771.40	91.686	0.00
774.50	91.676	0.00
777.61	91.667	0.00
780.73	91.657	0.00
783.86	91.647	0.00
787.01	91.637	0.00
790.17	91.627	0.00
793.34	91.617	0.00
796.52	91.607	0.00
799.72	91.596	0.00
802.93	91.586	0.00
806.15	91.576	0.00
809.38	91.591	0.00
812.63	91.608	0.00
815.89	91.626	0.00
819.17	91.643	0.00
822.46	91.660	0.00
825.76	91.678	0.00
829.07	91.695	0.00
832.40	91.713	0.00
835.74	91.730	0.00
839.09	91.748	0.00
842.46	91.766	0.00
845.84	91.783	0.00
849.24	91.801	0.00
852.64	91.819	0.00
856.07	91.829	0.00
859.50	91.832	0.00
862.95	91.836	0.00
866.41	91.839	0.00
869.89	91.842	0.00
873.38	91.846	0.00
876.89	91.849	0.00
880.41	91.852	0.00
883.94	91.856	0.00
887.49	91.859	0.00
891.05	91.862	0.00
894.62	91.865	0.00
898.21	91.869	0.00
901.82	91.872	0.00
905.44	91.874	0.00
909.07	91.863	0.00
912.72	91.853	0.00
916.38	91.842	0.00
920.06	91.832	0.00
923.75	91.821	0.00
927.46	91.810	0.00
931.18	91.799	0.00
934.92	91.788	0.00
938.67	91.777	0.00
942.44	91.766	0.00
946.22	91.755	0.00
950.02	91.744	0.00
953.83	91.733	0.00
957.66	91.721	0.00
961.50	91.692	0.00
965.36	91.655	0.00
969.24	91.617	0.00
973.13	91.578	0.00
977.03	91.540	0.00
980.95	91.502	0.00
984.89	91.463	0.00
988.84	91.424	0.00
992.81	91.385	0.00
996.79	91.346	0.00
1000.79	91.306	0.00
1004.81	91.267	0.00
1008.84	91.227	0.00
1012.89	91.187	0.00
1016.96	91.176	0.00
1021.04	91.253	0.00
1025.14	91.330	0.00
1029.25	91.407	0.00
1033.38	91.485	0.00
1037.53	91.563	0.00
1041.69	91.641	0.00
1045.87	91.720	0.00
1050.07	91.799	0.00
1054.28	91.878	0.00
1058.51	91.957	0.00
1062.76	92.037	0.00
1067.03	92.117	0.00
1071.31	92.197	0.00
1075.61	92.278	0.00
1079.93	92.316	0.00
1084.26	92.346	0.00
1088.61	92.375	0.00
1092.98	92.405	0.00
1097.37	92.434	0.00
1101.77	92.464	0.00
1106.19	92.494	0.00
1110.63	92.524	0.00
1115.09	92.554	0.00
1119.56	92.584	0.00
1124.06	92.614	0.00
1128.57	92.645	0.00
1133.10	92.675	0.00
1137.64	92.706	0.00
1142.21	92.727	0.00
1146.79	92.736	0.00
1151.40	92.745	0.00
1156.02	92.754	0.00
1160.66	92.763	0.00
1165.31	92.772	0.00
1169.99	92.781	0.00
1174.69	92.790	0.00
1179.40	92.798	0.00
1184.13	92.807	0.00
1188.89	92.816	0.00
1193.66	92.825	0.00
1198.45	92.834	0.00
1203.26	92.843	0.00
1208.09	92.852	0.00
1212.94	92.881	0.00
1217.80	92.910	0.00
1222.69	92.939	0.00
1227.60	92.968	0.00
1232.52	92.997	0.00
1237.47	93.027	0.00
1242.44	93.056	0.00
1247.42	93.086	0.00
1252.43	93.115	0.00
1257.45	93.145	0.00
1262.50	93.175	0.00
1267.57	93.205	0.00
1272.66	93.235	0.00
1277.76	93.265	0.00
1282.89	93.295	0.00
1288.04	93.323	0.00
1293.21	93.352	0.00
1298.40	93.381	0.00
1303.61	93.410	0.00
1308.84	93.439	0.00
1314.09	93.468	0.00
1319.37	93.498	0.00
1324.66	93.527	0.00
1329.98	93.557	0.00
1335.32	93.586	0.00
1340.67	93.616	0.00
1346.05	93.646	0.00
1351.46	93.676	0.00
1356.88	93.703	0.00
1362.33	93.711	0.00
1367.79	93.719	0.00
1373.28	93.728	0.00
1378.79	93.736	0.00
1384.33	93.744	0.00
1389.88	93.753	0.00
1395.46	93.761	0.00
1401.06	93.769	0.00
1406.68	93.778	0.00
1412.33	93.786	0.00
1418.00	93.795	0.00
1423.69	93.803	0.00
1429.40	93.812	0.00
1435.14	93.820	0.00
1440.90	93.828	0.00
1446.68	93.837	0.00
1452.49	93.845	0.00
1458.32	93.853	0.00
1464.17	93.861	0.00
1470.04	93.869	0.00
1475.94	93.877	0.00
1481.87	93.886	0.00
1487.81	93.894	0.00
1493.78	93.902	0.00
1499.78	93.910	0.00
1505.80	93.919	0.00
1511.84	93.927	0.00
1517.91	93.935	0.00
1524.00	93.940	0.00
1530.12	93.934	0.00
1536.26	93.929	0.00
1542.42	93.923	0.00
1548.61	93.917	0.00
1554.83	93.912	0.00
1561.07	93.906	0.00
1567.33	93.900	0.00
1573.62	93.894	0.00
1579.94	93.889	0.00
1586.28	93.883	0.00
1592.64	93.877	0.00
1599.04	93.871	0.00
1605.45	93.865	0.00
1611.90	93.859	0.00
1618.37	93.859	0.00
1624.86	93.860	0.00
1631.38	93.861	0.00
1637.93	93.862	0.00
1644.50	93.863	0.00
1651.10	93.865	0.00
1657.73	93.866	0.00
1664.38	93.867	0.00
1671.06	93.868	0.00
1677.77	93.869	0.00
1684.50	93.870	0.00
1691.26	93.871	0.00
1698.05	93.872	0.00
1704.86	93.873	0.00
1711.70	93.883	0.00
1718.57	93.904	0.00
1725.47	93.925	0.00
1732.39	93.947	0.00
1739.35	93.968	0.00
1746.33	93.990	0.00
1753.34	94.012	0.00
1760.37	94.033	0.00
1767.44	94.055	0.00
1774.53	94.077	0.00
1781.65	94.099	0.00
1788.80	94.121	0.00
1795.98	94.143	0.00
1803.19	94.165	0.00
1810.43	94.187	0.00
1817.69	94.195	0.00
1824.99	94.202	0.00
1832.31	94.210	0.00
1839.66	94.218	0.00
1847.05	94.225	0.00
1854.46	94.233	0.00
1861.90	94.241	0.00
1869.37	94.249	0.00
1876.88	94.256	0.00
1884.41	94.264	0.00
1891.97	94.272	0.00
1899.56	94.280	0.00
1907.19	94.288	0.00
1914.84	94.296	0.00
1922.53	94.304	0.00
1930.24	94.311	0.00
1937.99	94.319	0.00
1945.76	94.326	0.00
1953.57	94.334	0.00
1961.41	94.341	0.00
1969.29	94.349	0.00
1977.19	94.357	0.00
1985.12	94.365	0.00
1993.09	94.372	0.00
2001.09	94.380	0.00
2009.12	94.388	0.00
2017.18	94.396	0.00
2025.28	94.403	0.00
2033.41	94.410	0.00
2041.57	94.411	0.00
2049.76	94.411	0.00
2057.99	94.412	0.00
2066.24	94.413	0.00
2074.54	94.413	0.00
2082.86	94.414	0.00
2091.22	94.415	0.00
2099.61	94.415	0.00
2108.04	94.416	0.00
2116.50	94.417	0.00
2124.99	94.417	0.00
2133.52	94.418	0.00
2142.08	94.419	0.00
2150.68	94.419	0.00
2159.31	94.404	0.00
2167.98	94.385	0.00
2176.68	94.365	0.00
2185.41	94.345	0.00
2194.18	94.325	0.00
2202.99	94.305	0.00
2211.83	94.285	0.00
2220.71	94.265	0.00
2229.62	94.245	0.00
2238.57	94.224	0.00
2247.55	94.204	0.00
2256.57	94.183	0.00
2265.63	94.162	0.00
2274.72	94.142	0.00
2283.85	94.121	0.00
2293.02	94.102	0.00
2302.22	94.082	0.00
2311.46	94.062	0.00
2320.73	94.042	0.00
2330.05	94.022	0.00
2339.40	94.002	0.00
2348.79	93.982	0.00
2358.21	93.961	0.00
2367.68	93.941	0.00
2377.18	93.920	0.00
2386.72	93.900	0.00
2396.30	93.879	0.00
2405.91	93.858	0.00
2415.57	93.837	0.00
2425.26	93.799	0.00
2435.00	93.759	0.00
2444.77	93.719	0.00
2454.58	93.678	0.00
2464.43	93.637	0.00
2474.32	93.597	0.00
2484.25	93.556	0.00
2494.22	93.514	0.00
2504.23	93.473	0.00
2514.28	93.432	0.00
2524.37	93.390	0.00
2534.50	93.348	0.00
2544.67	93.306	0.00
2554.89	93.264	0.00
2565.14	93.229	0.00
2575.43	93.203	0.00
2585.77	93.176	0.00
2596.15	93.149	0.00
2606.57	93.122	0.00
2617.03	93.095	0.00
2627.53	93.068	0.00
2638.07	93.041	0.00
2648.66	93.014	0.00
2659.29	92.986	0.00
2669.96	92.958	0.00
2680.68	92.931	0.00
2691.44	92.903	0.00
2702.24	92.875	0.00
2713.08	92.847	0.00
2723.97	92.828	0.00
2734.90	92.808	0.00
2745.88	92.788	0.00
2756.90	92.767	0.00
2767.96	92.747	0.00
2779.07	92.727	0.00
2790.22	92.707	0.00
2801.42	92.686	0.00
2812.66	92.666	0.00
2823.95	92.645	0.00
2835.29	92.624	0.00
2846.66	92.604	0.00
2858.09	92.583	0.00
2869.56	92.562	0.00
2881.07	92.555	0.00
2892.64	92.555	0.00
2904.25	92.555	0.00
2915.90	92.556	0.00
2927.60	92.556	0.00
2939.35	92.556	0.00
2951.15	92.557	0.00
2962.99	92.557	0.00
2974.88	92.558	0.00
2986.82	92.558	0.00
2998.81	92.558	0.00
3010.84	92.559	0.00
3022.93	92.559	0.00
3035.06	92.559	0.00
3047.24	92.564	0.00
3059.47	92.585	0.00
3071.75	92.605	0.00
3084.07	92.626	0.00
3096.45	92.647	0.00
3108.88	92.668	0.00
3121.35	92.689	0.00
3133.88	92.710	0.00
3146.46	92.731	0.00
3159.09	92.752	0.00
3171.76	92.774	0.00
3184.49	92.795	0.00
3197.27	92.817	0.00
3210.10	92.838	0.00
3222.99	92.860	0.00
3235.92	92.908	0.00
3248.91	92.962	0.00
3261.95	93.017	0.00
3275.04	93.072	0.00
3288.18	93.127	0.00
3301.38	93.182	0.00
3314.63	93.238	0.00
3327.93	93.294	0.00
3341.28	93.350	0.00
3354.69	93.406	0.00
3368.16	93.462	0.00
3381.67	93.519	0.00
3395.25	93.576	0.00
3408.87	93.633	0.00
3422.55	93.686	0.00
3436.29	93.734	0.00
3450.08	93.782	0.00
3463.92	93.830	0.00
3477.83	93.878	0.00
3491.78	93.926	0.00
3505.80	93.975	0.00
3519.87	94.023	0.00
3533.99	94.072	0.00
3548.17	94.121	0.00
3562.41	94.171	0.00
3576.71	94.220	0.00
3591.06	94.270	0.00
3605.48	94.320	0.00
3619.95	94.370	0.00
3634.47	94.371	0.00
3649.06	94.372	0.00
3663.70	94.372	0.00
3678.41	94.372	0.00
3693.17	94.372	0.00
3707.99	94.373	0.00
3722.87	94.373	0.00
3737.81	94.373	0.00
3752.81	94.373	0.00
3767.87	94.373	0.00
3783.00	94.374	0.00
3798.18	94.374	0.00
3813.42	94.374	0.00
3828.72	94.374	0.00
3844.09	94.367	0.00
3859.52	94.354	0.00
3875.01	94.340	0.00
3890.56	94.327	0.00
3906.17	94.313	0.00
3921.85	94.300	0.00
3937.59	94.286	0.00
3953.39	94.273	0.00
3969.25	94.259	0.00
3985.18	94.245	0.00
4001.18	94.231	0.00
4017.23	94.217	0.00
4033.36	94.203	0.00
4049.54	94.189	0.00
4065.80	94.175	0.00
4082.11	94.162	0.00
4098.49	94.149	0.00
4114.94	94.135	0.00
4131.46	94.122	0.00
4148.04	94.108	0.00
4164.68	94.095	0.00
4181.40	94.081	0.00
4198.18	94.067	0.00
4215.03	94.054	0.00
4231.94	94.040	0.00
4248.93	94.026	0.00
4265.98	94.012	0.00
4283.10	93.998	0.00
4300.29	93.984	0.00
4317.55	93.965	0.00
4334.87	93.945	0.00
4352.27	93.925	0.00
4369.74	93.905	0.00
4387.27	93.884	0.00
4404.88	93.864	0.00
4422.56	93.843	0.00
4440.31	93.823	0.00
4458.13	93.802	0.00
4476.02	93.781	0.00
4493.98	93.760	0.00
4512.02	93.739	0.00
4530.12	93.718	0.00
4548.30	93.697	0.00
4566.56	93.676	0.00
4584.88	93.656	0.00
4603.28	93.636	0.00
4621.76	93.616	0.00
4640.31	93.595	0.00
4658.93	93.575	0.00
4677.63	93.554	0.00
4696.40	93.534	0.00
4715.25	93.513	0.00
4734.17	93.492	0.00
4753.17	93.471	0.00
4772.24	93.450	0.00
4791.40	93.429	0.00
4810.63	93.408	0.00
4829.93	93.387	0.00
4849.32	93.355	0.00
4868.78	93.321	0.00
4888.32	93.287	0.00
4907.93	93.253	0.00
4927.63	93.219	0.00
4947.41	93.185	0.00
4967.26	93.150	0.00
4987.20	93.116	0.00
5007.21	93.081	0.00
5027.31	93.046	0.00
5047.48	93.011	0.00
5067.74	92.976	0.00
5088.08	92.941	0.00
5108.50	92.906	0.00
5129.00	92.871	0.00
5149.58	92.837	0.00
5170.25	92.803	0.00
5191.00	92.769	0.00
5211.83	92.735	0.00
5232.75	92.701	0.00
5253.75	92.667	0.00
5274.83	92.632	0.00
5296.00	92.597	0.00
5317.25	92.563	0.00
5338.59	92.528	0.00
5360.02	92.493	0.00
5381.53	92.457	0.00
5403.13	92.422	0.00
5424.81	92.387	0.00
5446.58	92.353	0.00
5468.44	92.319	0.00
5490.38	92.285	0.00
5512.42	92.251	0.00
5534.54	92.217	0.00
5556.75	92.183	0.00
5579.05	92.148	0.00
5601.44	92.114	0.00
5623.92	92.079	0.00
5646.49	92.044	0.00
5669.15	92.009	0.00
5691.91	91.974	0.00
5714.75	91.938	0.00
5737.68	91.903	0.00
5760.71	91.881	0.00
5783.83	91.867	0.00
5807.04	91.854	0.00
5830.34	91.840	0.00
5853.74	91.826	0.00
5877.24	91.813	0.00
5900.82	91.799	0.00
5924.50	91.785	0.00
5948.28	91.772	0.00
5972.15	91.758	0.00
5996.12	91.744	0.00
6020.18	91.730	0.00
6044.34	91.716	0.00
6068.60	91.702	0.00
6092.96	91.690	0.00
6117.41	91.690	0.00
6141.96	91.690	0.00
6166.61	91.690	0.00
6191.35	91.690	0.00
6216.20	91.690	0.00
6241.15	91.690	0.00
6266.20	91.690	0.00
6291.34	91.690	0.00
6316.59	91.691	0.00
6341.94	91.691	0.00
6367.39	91.691	0.00
6392.95	91.691	0.00
6418.60	91.691	0.00
6444.36	91.691	0.00
6470.23	91.676	0.00
6496.19	91.656	0.00
6522.26	91.635	0.00
6548.44	91.615	0.00
6574.72	91.594	0.00
6601.10	91.574	0.00
6627.60	91.553	0.00
6654.19	91.532	0.00
6680.90	91.512	0.00
6707.71	91.491	0.00
6734.63	91.470	0.00
6761.66	91.449	0.00
6788.79	91.427	0.00
6816.04	91.406	0.00
6843.39	91.387	0.00
6870.86	91.374	0.00
6898.43	91.361	0.00
6926.12	91.347	0.00
6953.91	91.333	0.00
6981.82	91.320	0.00
7009.84	91.306	0.00
7037.97	91.292	0.00
7066.22	91.278	0.00
7094.57	91.264	0.00
7123.05	91.250	0.00
7151.63	91.236	0.00
7180.33	91.222	0.00
7209.15	91.208	0.00
7238.08	91.194	0.00
7267.13	91.181	0.00
7296.29	91.167	0.00
7325.58	91.154	0.00
7354.98	91.140	0.00
7384.49	91.126	0.00
7414.13	91.113	0.00
7443.88	91.099	0.00
7473.76	91.085	0.00
7503.75	91.071	0.00
7533.86	91.057	0.00
7564.10	91.043	0.00
7594.46	91.029	0.00
7624.93	91.015	0.00
7655.53	91.001	0.00
7686.26	90.994	0.00
7717.10	90.994	0.00
7748.07	90.994	0.00
7779.17	90.994	0.00
7810.39	90.994	0.00
7841.73	90.994	0.00
7873.20	90.994	0.00
7904.80	90.994	0.00
7936.52	90.994	0.00
7968.38	90.994	0.00
8000.35	90.994	0.00
8032.46	90.994	0.00
8064.70	90.994	0.00
8097.06	90.994	0.00
8129.56	90.994	0.00
8162.18	90.987	0.00
8194.94	90.980	0.00
8227.83	90.974	0.00
8260.85	90.967	0.00
8294.00	90.960	0.00
8327.29	90.953	0.00
8360.71	90.946	0.00
8394.26	90.939	0.00
8427.95	90.932	0.00
8461.77	90.926	0.00
8495.73	90.919	0.00
8529.83	90.912	0.00
8564.06	90.905	0.00
8598.43	90.897	0.00
8632.93	90.865	0.00
8667.58	90.817	0.00
8702.36	90.770	0.00
8737.29	90.722	0.00
8772.35	90.674	0.00
8807.56	90.626	0.00
8842.91	90.578	0.00
8878.39	90.529	0.00
8914.03	90.481	0.00
8949.80	90.432	0.00
8985.72	90.383	0.00
9021.78	90.333	0.00
9057.98	90.284	0.00
9094.34	90.234	0.00
9130.83	90.170	0.00
9167.48	90.055	0.00
9204.27	89.940	0.00
9241.21	89.824	0.00
9278.29	89.708	0.00
9315.53	89.592	0.00
9352.92	89.475	0.00
9390.45	89.357	0.00
9428.14	89.239	0.00
9465.97	89.120	0.00
9503.96	89.001	0.00
9542.10	88.882	0.00
9580.40	88.762	0.00
9618.85	88.641	0.00
9657.45	88.520	0.00
9696.21	88.437	0.00
9735.12	88.362	0.00
9774.19	88.288	0.00
9813.42	88.213	0.00
9852.80	88.137	0.00
9892.34	88.062	0.00
9932.04	87.986	0.00
9971.90	87.909	0.00
10011.92	87.833	0.00
10052.10	87.756	0.00
10092.44	87.679	0.00
10132.94	87.601	0.00
10173.61	87.523	0.00
10214.44	87.445	0.00
10255.43	87.379	0.00
10296.59	87.331	0.00
10337.91	87.284	0.00
10379.40	87.236	0.00
10421.05	87.188	0.00
10462.88	87.140	0.00
10504.87	87.092	0.00
10547.02	87.044	0.00
10589.35	86.995	0.00
10631.85	86.946	0.00
10674.52	86.897	0.00
10717.36	86.848	0.00
10760.37	86.799	0.00
10803.55	86.749	0.00
10846.91	86.699	0.00
10890.44	86.510	0.00
10934.14	86.314	0.00
10978.03	86.116	0.00
11022.08	85.918	0.00
11066.32	85.720	0.00
11110.73	85.520	0.00
11155.32	85.319	0.00
11200.09	85.118	0.00
11245.04	84.916	0.00
11290.16	84.713	0.00
11335.47	84.510	0.00
11380.97	84.305	0.00
11426.64	84.100	0.00
11472.50	83.894	0.00
11518.54	83.646	0.00
11564.77	83.362	0.00
11611.18	83.077	0.00
11657.78	82.791	0.00
11704.56	82.503	0.00
11751.53	82.215	0.00
11798.70	81.925	0.00
11846.05	81.634	0.00
11893.59	81.342	0.00
11941.32	81.049	0.00
11989.24	80.754	0.00
12037.36	80.458	0.00
12085.67	80.162	0.00
12134.17	79.864	0.00
12182.86	79.572	0.00
12231.76	79.343	0.00
12280.85	79.112	0.00
12330.13	78.881	0.00
12379.62	78.648	0.00
12429.30	78.415	0.00
12479.18	78.181	0.00
12529.26	77.946	0.00
12579.54	77.710	0.00
12630.03	77.473	0.00
12680.71	77.235	0.00
12731.61	76.996	0.00
12782.70	76.756	0.00
12834.00	76.515	0.00
12885.51	76.273	0.00
12937.22	76.105	0.00
12989.14	75.970	0.00
13041.27	75.834	0.00
13093.60	75.697	0.00
13146.15	75.560	0.00
13198.91	75.423	0.00
13251.88	75.285	0.00
13305.06	75.146	0.00
13358.46	75.007	0.00
13412.07	74.867	0.00
13465.89	74.727	0.00
13519.94	74.586	0.00
13574.19	74.444	0.00
13628.67	74.302	0.00
13683.36	74.167	0.00
13738.28	74.053	0.00
13793.41	73.937	0.00
13848.77	73.822	0.00
13904.35	73.705	0.00
13960.15	73.589	0.00
14016.17	73.471	0.00
14072.42	73.354	0.00
14128.90	73.236	0.00
14185.60	73.117	0.00
14242.53	72.998	0.00
14299.69	72.879	0.00
14357.08	72.759	0.00
14414.70	72.638	0.00
14472.55	72.517	0.00
14530.63	72.458	0.00
14588.94	72.411	0.00
14647.49	72.363	0.00
14706.27	72.316	0.00
14765.29	72.268	0.00
14824.55	72.219	0.00
14884.04	72.171	0.00
14943.78	72.123	0.00
15003.75	72.074	0.00
15063.96	72.025	0.00
15124.42	71.976	0.00
15185.12	71.926	0.00
15246.06	71.877	0.00
15307.24	71.827	0.00
15368.67	71.707	0.00
15430.35	71.491	0.00
15492.28	71.274	0.00
15554.45	71.056	0.00
15616.87	70.837	0.00
15679.55	70.617	0.00
15742.47	70.396	0.00
15805.65	70.175	0.00
15869.08	69.952	0.00
15932.77	69.729	0.00
15996.71	69.504	0.00
16060.91	69.279	0.00
16125.36	69.053	0.00
16190.08	68.826	0.00
16255.05	68.598	0.00
16320.29	68.389	0.00
16385.79	68.179	0.00
16451.55	67.968	0.00
16517.57	67.756	0.00
16583.86	67.544	0.00
16650.41	67.330	0.00
16717.23	67.116	0.00
16784.32	66.901	0.00
16851.68	66.685	0.00
16919.31	66.468	0.00
16987.21	66.250	0.00
17055.39	66.032	0.00
17123.83	65.812	0.00
17192.56	65.592	0.00
17261.55	65.628	0.00
17330.83	65.851	0.00
17400.38	66.075	0.00
17470.21	66.300	0.00
17540.32	66.526	0.00
17610.72	66.753	0.00
17681.39	66.981	0.00
17752.35	67.209	0.00
17823.60	67.439	0.00
17895.13	67.669	0.00
17966.94	67.901	0.00
18039.05	68.133	0.00
18111.44	68.366	0.00
18184.13	68.601	0.00
18257.10	68.813	0.00
18330.37	68.900	0.00
18403.94	68.989	0.00
18477.80	69.077	0.00
18551.95	69.166	0.00
18626.41	69.255	0.00
18701.16	69.345	0.00
18776.21	69.435	0.00
18851.56	69.525	0.00
18927.22	69.616	0.00
19003.18	69.707	0.00
19079.44	69.798	0.00
19156.01	69.890	0.00
19232.89	69.982	0.00
19310.07	70.074	0.00
19387.57	79.999	0.00
19465.38	79.999	0.00
19543.49	79.999	0.00
19621.93	79.999	0.00
19700.67	79.999	0.00
19779.74	79.999	0.00
19859.12	79.999	0.00
19938.82	79.999	0.00
20018.83	79.999	0.00
20099.17	79.999	0.00
20179.84	79.999	0.00
20260.82	79.999	0.00
20342.13	79.999	0.00
20423.77	79.999	0.00
20505.74	79.999	0.00
20588.03	79.999	0.00
20670.65	79.999	0.00
20753.61	79.999	0.00
20836.90	79.999	0.00
20920.52	79.999	0.00
21004.48	79.999	0.00
21088.78	79.999	0.00
21173.41	79.999	0.00
21258.38	79.999	0.00
21343.70	79.999	0.00
21429.36	79.999	0.00
21515.36	79.999	0.00
21601.70	79.999	0.00
21688.39	79.999	0.00
21775.43	79.999	0.00
21862.82	79.999	0.00
21950.56	79.999	0.00
22038.66	79.999	0.00
22127.10	79.999	0.00
22215.90	79.999	0.00
22305.06	79.999	0.00
22394.58	79.999	0.00
22484.45	79.999	0.00
22574.69	79.999	0.00
22665.28	79.999	0.00
22756.24	79.999	0.00
22847.57	79.999	0.00
22939.26	79.999	0.00
23031.32	79.999	0.00
23123.75	79.999	0.00
23216.55	79.999	0.00
23309.72	79.999	0.00
23403.27	79.999	0.00
23497.19	79.999	0.00
23591.49	79.999	0.00
23686.17	79.999	0.00
23781.23	79.999	0.00
23876.67	79.999	0.00
23972.49	79.999	0.00
24068.70	79.999	0.00
24165.29	79.999	0.00
24262.27	79.999	0.00
24359.64	79.999	0.00
24457.40	79.999	0.00
24555.55	79.999	0.00
24654.10	79.999	0.00
24753.04	79.999	0.00
24852.38	79.999	0.00
24952.12	79.999	0.00
25052.26	79.999	0.00
25152.80	79.999	0.00
25253.74	79.999	0.00
25355.09	79.999	0.00
25456.85	79.999	0.00
25559.01	79.999	0.00
25661.58	79.999	0.00
25764.57	79.999	0.00
25867.97	79.999	0.00
25971.78	79.999	0.00
26076.01	79.999	0.00
26180.66	79.999	0.00
26285.73	79.999	0.00
26391.22	79.999	0.00
26497.13	79.999	0.00
26603.47	79.999	0.00
26710.24	79.999	0.00
26817.43	79.999	0.00
26925.06	79.999	0.00
27033.11	79.999	0.00
27141.60	79.999	0.00
27250.53	79.999	0.00
27359.89	79.999	0.00
27469.69	79.999	0.00
27579.93	80.000	0.00
27690.62	80.000	0.00
27801.75	80.000	0.00
27913.32	80.000	0.00
28025.34	80.000	0.00
28137.81	80.000	0.00
28250.74	80.000	0.00
28364.11	80.000	0.00
28477.95	80.000	0.00
28592.23	80.000	0.00
28706.98	80.000	0.00
28822.19	80.000	0.00
28937.86	80.000	0.00
29053.99	80.000	0.00
29170.59	80.000	0.00
29287.66	80.000	0.00
29405.20	80.000	0.00
29523.21	80.000	0.00
29641.69	80.000	0.00
29760.65	80.000	0.00
29880.08	80.000	0.00
30000.00	80.000	0.00
