# Mid v9: 18W + BS front + BW4 HP 200.0Hz + LR4 LP 1100.0Hz + gain -4.0dB
# Frequency(Hz) Magnitude(dB) Phase(deg)
10.00	-21.592	-7.29
10.04	-21.453	-7.32
10.08	-21.313	-7.34
10.12	-21.174	-7.37
10.16	-21.035	-7.40
10.20	-20.896	-7.43
10.24	-20.756	-7.46
10.28	-20.617	-7.49
10.33	-20.478	-7.52
10.37	-20.339	-7.55
10.41	-20.199	-7.58
10.45	-20.060	-7.61
10.49	-19.921	-7.65
10.53	-19.782	-7.68
10.58	-19.642	-7.71
10.62	-19.503	-7.74
10.66	-19.364	-7.77
10.70	-19.225	-7.80
10.75	-19.085	-7.83
10.79	-18.946	-7.86
10.83	-18.807	-7.89
10.88	-18.668	-7.93
10.92	-18.528	-7.96
10.96	-18.389	-7.99
11.01	-18.250	-8.02
11.05	-18.110	-8.05
11.10	-17.971	-8.09
11.14	-17.832	-8.12
11.19	-17.693	-8.15
11.23	-17.553	-8.19
11.28	-17.414	-8.22
11.32	-17.275	-8.25
11.37	-17.136	-8.28
11.41	-16.996	-8.32
11.46	-16.857	-8.35
11.50	-16.718	-8.38
11.55	-16.579	-8.42
11.60	-16.439	-8.45
11.64	-16.300	-8.49
11.69	-16.161	-8.52
11.74	-16.021	-8.55
11.78	-15.882	-8.59
11.83	-15.743	-8.62
11.88	-15.604	-8.66
11.93	-15.464	-8.69
11.97	-15.325	-8.73
12.02	-15.186	-8.76
12.07	-15.046	-8.80
12.12	-14.907	-8.83
12.17	-14.768	-8.87
12.22	-14.629	-8.90
12.27	-14.489	-8.94
12.32	-14.350	-8.98
12.36	-14.211	-9.01
12.41	-14.071	-9.05
12.46	-13.932	-9.09
12.51	-13.793	-9.12
12.56	-13.654	-9.16
12.61	-13.514	-9.20
12.67	-13.375	-9.23
12.72	-13.236	-9.27
12.77	-13.096	-9.31
12.82	-12.957	-9.34
12.87	-12.818	-9.38
12.92	-12.678	-9.42
12.97	-12.539	-9.46
13.03	-12.400	-9.50
13.08	-12.261	-9.53
13.13	-12.121	-9.57
13.18	-11.982	-9.61
13.24	-11.843	-9.65
13.29	-11.703	-9.69
13.34	-11.564	-9.73
13.40	-11.425	-9.77
13.45	-11.285	-9.81
13.50	-11.146	-9.85
13.56	-11.007	-9.89
13.61	-10.867	-9.92
13.67	-10.728	-9.96
13.72	-10.589	-10.00
13.78	-10.449	-10.05
13.83	-10.310	-10.09
13.89	-10.171	-10.13
13.94	-10.032	-10.17
14.00	-9.892	-10.21
14.06	-9.753	-10.25
14.11	-9.614	-10.29
14.17	-9.474	-10.33
14.23	-9.335	-10.37
14.28	-9.196	-10.42
14.34	-9.056	-10.46
14.40	-8.917	-10.50
14.46	-8.778	-10.54
14.51	-8.638	-10.58
14.57	-8.499	-10.63
14.63	-8.359	-10.67
14.69	-8.220	-10.71
14.75	-8.081	-10.76
14.81	-7.941	-10.80
14.87	-7.802	-10.84
14.93	-7.663	-10.89
14.99	-7.523	-10.93
15.05	-7.384	-10.97
15.11	-7.245	-11.02
15.17	-7.105	-11.06
15.23	-6.966	-11.11
15.29	-6.827	-11.15
15.35	-6.687	-11.20
15.41	-6.548	-11.24
15.47	-6.409	-11.29
15.54	-6.269	-11.33
15.60	-6.130	-11.38
15.66	-5.990	-11.42
15.72	-5.851	-11.47
15.79	-5.712	-11.52
15.85	-5.572	-11.56
15.91	-5.433	-11.61
15.98	-5.294	-11.66
16.04	-5.154	-11.70
16.11	-5.015	-11.75
16.17	-4.875	-11.80
16.24	-4.736	-11.85
16.30	-4.597	-11.89
16.37	-4.457	-11.94
16.43	-4.318	-11.99
16.50	-4.178	-12.04
16.56	-4.039	-12.09
16.63	-3.900	-12.13
16.70	-3.760	-12.18
16.76	-3.621	-12.23
16.83	-3.481	-12.28
16.90	-3.342	-12.33
16.97	-3.203	-12.38
17.04	-3.063	-12.43
17.10	-2.924	-12.48
17.17	-2.784	-12.53
17.24	-2.645	-12.58
17.31	-2.506	-12.63
17.38	-2.366	-12.68
17.45	-2.227	-12.73
17.52	-2.087	-12.79
17.59	-1.948	-12.84
17.66	-1.808	-12.89
17.73	-1.669	-12.94
17.80	-1.530	-12.99
17.87	-1.390	-13.05
17.95	-1.251	-13.10
18.02	-1.111	-13.15
18.09	-0.972	-13.20
18.16	-0.832	-13.26
18.24	-0.693	-13.31
18.31	-0.553	-13.37
18.38	-0.414	-13.42
18.46	-0.275	-13.47
18.53	-0.135	-13.53
18.60	0.004	-13.58
18.68	0.144	-13.64
18.75	0.283	-13.69
18.83	0.423	-13.75
18.90	0.562	-13.80
18.98	0.702	-13.86
19.06	0.841	-13.91
19.13	0.981	-13.97
19.21	1.120	-14.03
19.29	1.260	-14.08
19.36	1.399	-14.14
19.44	1.539	-14.20
19.52	1.678	-14.25
19.60	1.818	-14.31
19.68	1.957	-14.37
19.76	2.097	-14.43
19.84	2.236	-14.49
19.92	2.376	-14.55
20.00	2.515	-14.60
20.08	-14.345	-14.66
20.16	-14.206	-14.72
20.24	-14.066	-14.78
20.32	-13.927	-14.84
20.40	-13.787	-14.90
20.48	-13.648	-14.96
20.56	-13.508	-15.02
20.65	-13.369	-15.08
20.73	-13.229	-15.14
20.81	-13.090	-15.20
20.90	-12.950	-15.27
20.98	-12.811	-15.33
21.06	-12.671	-15.39
21.15	-12.532	-15.45
21.23	-12.341	-15.51
21.32	-12.100	-15.58
21.40	-11.858	-15.64
21.49	-11.616	-15.70
21.58	-11.374	-15.77
21.66	-11.132	-15.83
21.75	-10.889	-15.89
21.84	-10.645	-15.96
21.92	-10.401	-16.02
22.01	-10.157	-16.09
22.10	-9.912	-16.15
22.19	-9.667	-16.22
22.28	-9.421	-16.28
22.37	-9.175	-16.35
22.46	-8.930	-16.42
22.55	-8.695	-16.48
22.64	-8.461	-16.55
22.73	-8.225	-16.62
22.82	-7.990	-16.68
22.91	-7.754	-16.75
23.00	-7.517	-16.82
23.10	-7.280	-16.89
23.19	-7.043	-16.96
23.28	-6.806	-17.02
23.38	-6.568	-17.09
23.47	-6.329	-17.16
23.56	-6.091	-17.23
23.66	-5.851	-17.30
23.75	-5.612	-17.37
23.85	-5.405	-17.44
23.94	-5.212	-17.51
24.04	-5.018	-17.58
24.14	-4.824	-17.66
24.23	-4.630	-17.73
24.33	-4.435	-17.80
24.43	-4.240	-17.87
24.53	-4.045	-17.94
24.62	-3.850	-18.02
24.72	-3.655	-18.09
24.82	-3.459	-18.16
24.92	-3.264	-18.24
25.02	-3.068	-18.31
25.12	-2.871	-18.38
25.22	-2.696	-18.46
25.32	-2.590	-18.53
25.43	-2.484	-18.61
25.53	-2.378	-18.68
25.63	-2.273	-18.76
25.73	-2.167	-18.84
25.84	-2.062	-18.91
25.94	-1.957	-18.99
26.04	-1.852	-19.07
26.15	-1.747	-19.14
26.25	-1.642	-19.22
26.36	-1.538	-19.30
26.47	-1.433	-19.38
26.57	-1.329	-19.46
26.68	-1.225	-19.53
26.79	-1.135	-19.61
26.89	-1.050	-19.69
27.00	-0.965	-19.77
27.11	-0.880	-19.85
27.22	-0.795	-19.93
27.33	-0.711	-20.02
27.44	-0.626	-20.10
27.55	-0.542	-20.18
27.66	-0.458	-20.26
27.77	-0.375	-20.34
27.88	-0.291	-20.43
27.99	-0.208	-20.51
28.10	-0.125	-20.59
28.22	-0.043	-20.68
28.33	0.101	-20.76
28.44	0.322	-20.84
28.56	0.543	-20.93
28.67	0.764	-21.01
28.79	0.986	-21.10
28.90	1.207	-21.19
29.02	1.430	-21.27
29.14	1.652	-21.36
29.25	1.875	-21.44
29.37	2.098	-21.53
29.49	2.322	-21.62
29.61	2.546	-21.71
29.73	2.770	-21.80
29.84	2.995	-21.88
29.96	3.220	-21.97
30.08	3.467	-22.06
30.21	3.715	-22.15
30.33	3.964	-22.24
30.45	4.214	-22.33
30.57	4.463	-22.43
30.69	4.714	-22.52
30.82	4.964	-22.61
30.94	5.215	-22.70
31.06	5.467	-22.79
31.19	5.719	-22.89
31.31	5.972	-22.98
31.44	6.224	-23.07
31.57	6.478	-23.17
31.69	6.732	-23.26
31.82	6.979	-23.36
31.95	7.220	-23.45
32.08	7.462	-23.55
32.20	7.704	-23.64
32.33	7.947	-23.74
32.46	8.190	-23.84
32.59	8.433	-23.93
32.72	8.677	-24.03
32.86	8.922	-24.13
32.99	9.166	-24.23
33.12	9.411	-24.33
33.25	9.657	-24.43
33.39	9.903	-24.53
33.52	10.149	-24.63
33.65	10.388	-24.73
33.79	10.555	-24.83
33.93	10.722	-24.93
34.06	10.889	-25.03
34.20	11.057	-25.13
34.34	11.224	-25.24
34.47	11.392	-25.34
34.61	11.560	-25.44
34.75	11.728	-25.55
34.89	11.896	-25.65
35.03	12.064	-25.76
35.17	12.233	-25.86
35.31	12.401	-25.97
35.45	12.570	-26.07
35.60	12.738	-26.18
35.74	12.925	-26.29
35.88	13.119	-26.40
36.03	13.314	-26.50
36.17	13.509	-26.61
36.32	13.705	-26.72
36.46	13.900	-26.83
36.61	14.096	-26.94
36.75	14.292	-27.05
36.90	14.488	-27.16
37.05	14.685	-27.27
37.20	14.881	-27.39
37.35	15.078	-27.50
37.50	15.275	-27.61
37.65	15.473	-27.73
37.80	15.669	-27.84
37.95	15.863	-27.95
38.10	16.058	-28.07
38.26	16.253	-28.18
38.41	16.448	-28.30
38.56	16.643	-28.42
38.72	16.838	-28.53
38.87	17.034	-28.65
39.03	17.230	-28.77
39.19	17.426	-28.89
39.34	17.622	-29.00
39.50	17.819	-29.12
39.66	18.016	-29.24
39.82	18.213	-29.36
39.98	18.410	-29.48
40.14	18.582	-29.61
40.30	18.749	-29.73
40.46	18.917	-29.85
40.63	19.085	-29.97
40.79	19.253	-30.10
40.95	19.421	-30.22
41.12	19.589	-30.35
41.28	19.757	-30.47
41.45	19.926	-30.60
41.61	20.094	-30.72
41.78	20.263	-30.85
41.95	20.432	-30.98
42.12	20.600	-31.10
42.29	20.770	-31.23
42.46	20.923	-31.36
42.63	21.057	-31.49
42.80	21.191	-31.62
42.97	21.325	-31.75
43.14	21.458	-31.88
43.31	21.592	-32.01
43.49	21.726	-32.15
43.66	21.860	-32.28
43.84	21.994	-32.41
44.01	22.127	-32.55
44.19	22.261	-32.68
44.37	22.395	-32.82
44.55	22.529	-32.95
44.72	22.662	-33.09
44.90	22.794	-33.23
45.08	22.854	-33.36
45.27	22.914	-33.50
45.45	22.973	-33.64
45.63	23.032	-33.78
45.81	23.090	-33.92
46.00	23.149	-34.06
46.18	23.207	-34.20
46.37	23.264	-34.34
46.55	23.321	-34.49
46.74	23.378	-34.63
46.93	23.435	-34.77
47.12	23.491	-34.92
47.30	23.547	-35.06
47.49	23.603	-35.21
47.68	23.742	-35.36
47.88	23.937	-35.50
48.07	24.133	-35.65
48.26	24.328	-35.80
48.45	24.524	-35.95
48.65	24.720	-36.10
48.84	24.916	-36.25
49.04	25.113	-36.40
49.24	25.310	-36.55
49.43	25.507	-36.70
49.63	25.704	-36.86
49.83	25.901	-37.01
50.03	26.099	-37.16
50.23	26.297	-37.32
50.43	26.506	-37.47
50.64	26.769	-37.63
50.84	27.033	-37.79
51.04	27.297	-37.95
51.25	27.562	-38.11
51.45	27.827	-38.26
51.66	28.092	-38.42
51.87	28.358	-38.59
52.08	28.625	-38.75
52.29	28.892	-38.91
52.50	29.160	-39.07
52.71	29.428	-39.24
52.92	29.697	-39.40
53.13	29.966	-39.56
53.34	30.236	-39.73
53.56	30.511	-39.90
53.77	30.787	-40.06
53.99	31.064	-40.23
54.21	31.342	-40.40
54.42	31.620	-40.57
54.64	31.899	-40.74
54.86	32.179	-40.91
55.08	32.459	-41.08
55.30	32.739	-41.26
55.52	33.020	-41.43
55.75	33.302	-41.61
55.97	33.584	-41.78
56.19	33.867	-41.96
56.42	34.151	-42.13
56.65	34.412	-42.31
56.87	34.628	-42.49
57.10	34.844	-42.67
57.33	35.061	-42.85
57.56	35.278	-43.03
57.79	35.496	-43.21
58.02	35.713	-43.39
58.26	35.931	-43.58
58.49	36.150	-43.76
58.73	36.368	-43.95
58.96	36.587	-44.13
59.20	36.807	-44.32
59.44	37.026	-44.51
59.67	37.246	-44.70
59.91	37.467	-44.88
60.15	37.620	-45.07
60.40	37.769	-45.27
60.64	37.918	-45.46
60.88	38.066	-45.65
61.13	38.215	-45.84
61.37	38.364	-46.04
61.62	38.513	-46.24
61.86	38.662	-46.43
62.11	38.811	-46.63
62.36	38.960	-46.83
62.61	39.109	-47.03
62.86	39.259	-47.23
63.12	39.408	-47.43
63.37	39.557	-47.63
63.62	39.690	-47.83
63.88	39.805	-48.04
64.14	39.920	-48.24
64.39	40.035	-48.45
64.65	40.150	-48.66
64.91	40.265	-48.86
65.17	40.379	-49.07
65.43	40.494	-49.28
65.69	40.608	-49.49
65.96	40.723	-49.71
66.22	40.837	-49.92
66.49	40.951	-50.13
66.76	41.066	-50.35
67.02	41.180	-50.56
67.29	41.295	-50.78
67.56	41.431	-51.00
67.83	41.567	-51.22
68.11	41.703	-51.44
68.38	41.839	-51.66
68.65	41.974	-51.88
68.93	42.110	-52.11
69.21	42.246	-52.33
69.48	42.381	-52.56
69.76	42.517	-52.78
70.04	42.653	-53.01
70.32	42.789	-53.24
70.61	42.924	-53.47
70.89	43.060	-53.70
71.17	43.196	-53.93
71.46	43.376	-54.17
71.75	43.580	-54.40
72.03	43.784	-54.64
72.32	43.988	-54.87
72.61	44.193	-55.11
72.91	44.398	-55.35
73.20	44.603	-55.59
73.49	44.808	-55.83
73.79	45.014	-56.08
74.08	45.220	-56.32
74.38	45.426	-56.57
74.68	45.632	-56.81
74.98	45.839	-57.06
75.28	46.046	-57.31
75.58	46.249	-57.56
75.88	46.440	-57.81
76.19	46.631	-58.06
76.49	46.821	-58.32
76.80	47.013	-58.57
77.11	47.204	-58.83
77.42	47.395	-59.09
77.73	47.587	-59.35
78.04	47.779	-59.61
78.36	47.971	-59.87
78.67	48.164	-60.13
78.99	48.357	-60.40
79.30	48.549	-60.66
79.62	48.742	-60.93
79.94	48.936	-61.20
80.26	49.111	-61.47
80.58	49.281	-61.74
80.91	49.452	-62.01
81.23	49.623	-62.28
81.56	49.794	-62.56
81.88	49.965	-62.84
82.21	50.136	-63.11
82.54	50.308	-63.39
82.87	50.479	-63.67
83.21	50.651	-63.96
83.54	50.823	-64.24
83.88	50.995	-64.53
84.21	51.167	-64.81
84.55	51.339	-65.10
84.89	51.503	-65.39
85.23	51.654	-65.68
85.57	51.805	-65.98
85.92	51.955	-66.27
86.26	52.106	-66.57
86.61	52.257	-66.87
86.95	52.408	-67.16
87.30	52.559	-67.47
87.65	52.710	-67.77
88.01	52.861	-68.07
88.36	53.012	-68.38
88.71	53.163	-68.69
89.07	53.314	-68.99
89.43	53.466	-69.30
89.79	53.617	-69.62
90.15	53.768	-69.93
90.51	53.919	-70.25
90.87	54.070	-70.56
91.24	54.221	-70.88
91.60	54.372	-71.20
91.97	54.524	-71.53
92.34	54.675	-71.85
92.71	54.826	-72.18
93.08	54.978	-72.51
93.45	55.129	-72.83
93.83	55.280	-73.17
94.21	55.432	-73.50
94.58	55.584	-73.83
94.96	55.735	-74.17
95.35	55.854	-74.51
95.73	55.944	-74.85
96.11	56.034	-75.19
96.50	56.124	-75.54
96.89	56.214	-75.89
97.27	56.304	-76.23
97.66	56.393	-76.58
98.06	56.482	-76.94
98.45	56.571	-77.29
98.84	56.660	-77.65
99.24	56.749	-78.01
99.64	56.837	-78.37
100.04	56.925	-78.73
100.44	57.013	-79.09
100.84	57.121	-79.46
101.25	57.360	-79.83
101.66	57.600	-80.20
102.06	57.840	-80.57
102.47	58.080	-80.95
102.88	58.321	-81.32
103.30	58.562	-81.70
103.71	58.804	-82.09
104.13	59.046	-82.47
104.55	59.288	-82.86
104.97	59.531	-83.24
105.39	59.774	-83.63
105.81	60.018	-84.03
106.23	60.262	-84.42
106.66	60.506	-84.82
107.09	60.709	-85.22
107.52	60.895	-85.62
107.95	61.081	-86.03
108.38	61.267	-86.44
108.82	61.453	-86.84
109.25	61.639	-87.26
109.69	61.825	-87.67
110.13	62.012	-88.09
110.58	62.198	-88.51
111.02	62.385	-88.93
111.46	62.572	-89.36
111.91	62.759	-89.78
112.36	62.947	-90.21
112.81	63.134	-90.64
113.26	63.316	-91.08
113.72	63.481	-91.52
114.18	63.646	-91.96
114.63	63.811	-92.40
115.09	63.977	-92.85
115.56	64.142	-93.30
116.02	64.308	-93.75
116.49	64.473	-94.20
116.95	64.639	-94.66
117.42	64.804	-95.12
117.89	64.970	-95.58
118.37	65.136	-96.05
118.84	65.302	-96.52
119.32	65.468	-96.99
119.80	65.634	-97.46
120.28	65.798	-97.94
120.76	65.963	-98.42
121.25	66.128	-98.91
121.73	66.293	-99.39
122.22	66.458	-99.88
122.71	66.623	-100.38
123.20	66.788	-100.87
123.70	66.953	-101.37
124.19	67.118	-101.88
124.69	67.283	-102.38
125.19	67.448	-102.89
125.70	67.613	-103.41
126.20	67.778	-103.92
126.71	67.943	-104.44
127.21	68.105	-104.96
127.73	68.262	-105.49
128.24	68.419	-106.02
128.75	68.576	-106.55
129.27	68.733	-107.09
129.79	68.890	-107.63
130.31	69.047	-108.18
130.83	69.204	-108.72
131.36	69.361	-109.27
131.88	69.518	-109.83
132.41	69.675	-110.39
132.94	69.831	-110.95
133.48	69.988	-111.52
134.01	70.145	-112.09
134.55	70.301	-112.66
135.09	70.443	-113.24
135.63	70.585	-113.82
136.18	70.727	-114.41
136.73	70.868	-115.00
137.27	71.010	-115.59
137.82	71.151	-116.19
138.38	71.292	-116.79
138.93	71.433	-117.39
139.49	71.574	-118.00
140.05	71.715	-118.62
140.61	71.855	-119.24
141.18	71.995	-119.86
141.74	72.135	-120.48
142.31	72.275	-121.11
142.88	72.415	-121.75
143.46	72.554	-122.39
144.03	72.693	-123.03
144.61	72.832	-123.68
145.19	72.970	-124.33
145.77	73.109	-124.99
146.36	73.247	-125.65
146.95	73.384	-126.32
147.54	73.522	-126.99
148.13	73.659	-127.66
148.72	73.796	-128.34
149.32	73.932	-129.02
149.92	74.069	-129.71
150.52	74.204	-130.41
151.12	74.339	-131.10
151.73	74.467	-131.81
152.34	74.595	-132.51
152.95	74.723	-133.22
153.56	74.850	-133.94
154.18	74.977	-134.66
154.80	75.103	-135.39
155.42	75.229	-136.12
156.04	75.354	-136.85
156.67	75.479	-137.59
157.30	75.604	-138.34
157.93	75.728	-139.09
158.56	75.851	-139.84
159.20	75.974	-140.60
159.84	76.096	-141.36
160.48	76.219	-142.13
161.13	76.340	-142.90
161.77	76.461	-143.68
162.42	76.582	-144.46
163.07	76.702	-145.25
163.73	76.821	-146.04
164.38	76.940	-146.84
165.04	77.058	-147.64
165.71	77.175	-148.45
166.37	77.292	-149.26
167.04	77.408	-150.07
167.71	77.523	-150.89
168.38	77.638	-151.72
169.06	77.752	-152.55
169.74	77.868	-153.38
170.42	77.987	-154.22
171.10	78.106	-155.06
171.79	78.224	-155.91
172.48	78.342	-156.76
173.17	78.458	-157.62
173.87	78.574	-158.48
174.56	78.689	-159.34
175.26	78.803	-160.21
175.97	78.916	-161.08
176.67	79.029	-161.96
177.38	79.141	-162.84
178.09	79.251	-163.72
178.81	79.361	-164.61
179.53	79.470	-165.50
180.25	79.591	-166.40
180.97	79.711	-167.30
181.70	79.831	-168.20
182.43	79.950	-169.11
183.16	80.068	-170.01
183.89	80.185	-170.93
184.63	80.301	-171.84
185.37	80.417	-172.76
186.12	80.531	-173.68
186.86	80.644	-174.61
187.61	80.757	-175.54
188.37	80.868	-176.47
189.12	80.979	-177.40
189.88	81.088	-178.33
190.64	81.189	-179.27
191.41	81.283	-180.21
192.18	81.375	-181.15
192.95	81.466	-182.10
193.72	81.556	-183.04
194.50	81.644	-183.99
195.28	81.732	-184.94
196.06	81.819	-185.89
196.85	81.904	-186.84
197.64	81.989	-187.79
198.43	82.072	-188.75
199.23	82.155	-189.70
200.03	82.236	169.34
200.83	82.316	168.38
201.64	82.394	167.43
202.45	82.451	166.47
203.26	82.508	165.51
204.08	82.563	164.55
204.89	82.617	163.59
205.72	82.670	162.63
206.54	82.722	161.67
207.37	82.772	160.71
208.20	82.821	159.76
209.04	82.870	158.80
209.88	82.917	157.84
210.72	82.963	156.88
211.57	83.007	155.93
212.42	83.051	154.97
213.27	83.094	154.02
214.12	83.140	153.06
214.98	83.188	152.11
215.85	83.236	151.16
216.71	83.282	150.21
217.58	83.327	149.26
218.45	83.371	148.32
219.33	83.414	147.37
220.21	83.456	146.43
221.10	83.497	145.49
221.98	83.536	144.55
222.87	83.575	143.61
223.77	83.613	142.68
224.67	83.650	141.75
225.57	83.686	140.82
226.47	83.726	139.89
227.38	83.781	138.96
228.29	83.836	138.04
229.21	83.889	137.12
230.13	83.942	136.20
231.05	83.994	135.29
231.98	84.045	134.37
232.91	84.095	133.46
233.85	84.145	132.56
234.79	84.194	131.65
235.73	84.242	130.75
236.67	84.289	129.85
237.62	84.336	128.96
238.58	84.382	128.07
239.53	84.427	127.18
240.50	84.456	126.29
241.46	84.479	125.41
242.43	84.501	124.53
243.40	84.523	123.65
244.38	84.544	122.77
245.36	84.565	121.90
246.35	84.585	121.04
247.33	84.604	120.17
248.33	84.622	119.31
249.32	84.640	118.45
250.32	84.658	117.60
251.33	84.674	116.75
252.34	84.690	115.90
253.35	84.706	115.05
254.37	84.726	114.21
255.39	84.755	113.37
256.41	84.783	112.53
257.44	84.811	111.70
258.47	84.838	110.87
259.51	84.865	110.05
260.55	84.891	109.22
261.60	84.917	108.40
262.65	84.942	107.59
263.70	84.967	106.77
264.76	84.992	105.96
265.82	85.016	105.15
266.89	85.040	104.35
267.96	85.063	103.55
269.04	85.086	102.75
270.12	85.122	101.95
271.20	85.157	101.16
272.29	85.193	100.37
273.38	85.228	99.59
274.48	85.263	98.80
275.58	85.298	98.02
276.69	85.332	97.24
277.80	85.367	96.47
278.91	85.401	95.70
280.03	85.434	94.93
281.15	85.468	94.16
282.28	85.501	93.40
283.42	85.534	92.63
284.55	85.567	91.88
285.70	85.599	91.12
286.84	85.631	90.37
287.99	85.663	89.62
289.15	85.694	88.87
290.31	85.725	88.12
291.47	85.756	87.38
292.64	85.787	86.64
293.82	85.817	85.90
295.00	85.848	85.16
296.18	85.878	84.43
297.37	85.908	83.70
298.56	85.938	82.97
299.76	85.968	82.24
300.96	85.998	81.52
302.17	86.026	80.80
303.39	86.048	80.08
304.60	86.070	79.36
305.83	86.092	78.64
307.05	86.113	77.93
308.28	86.134	77.22
309.52	86.156	76.51
310.76	86.177	75.80
312.01	86.198	75.09
313.26	86.218	74.39
314.52	86.239	73.69
315.78	86.260	72.99
317.05	86.280	72.29
318.32	86.300	71.59
319.60	86.321	70.90
320.88	86.345	70.21
322.17	86.371	69.51
323.46	86.398	68.83
324.76	86.424	68.14
326.07	86.450	67.45
327.37	86.476	66.77
328.69	86.502	66.08
330.01	86.528	65.40
331.33	86.554	64.72
332.66	86.580	64.05
334.00	86.605	63.37
335.34	86.631	62.69
336.68	86.657	62.02
338.03	86.682	61.35
339.39	86.702	60.68
340.75	86.707	60.01
342.12	86.711	59.34
343.49	86.715	58.67
344.87	86.719	58.00
346.25	86.723	57.34
347.64	86.727	56.68
349.04	86.730	56.01
350.44	86.734	55.35
351.85	86.737	54.69
353.26	86.740	54.03
354.68	86.744	53.38
356.10	86.747	52.72
357.53	86.749	52.06
358.96	86.752	51.41
360.40	86.755	50.76
361.85	86.758	50.10
363.30	86.761	49.45
364.76	86.764	48.80
366.22	86.766	48.15
367.69	86.769	47.50
369.17	86.771	46.85
370.65	86.773	46.21
372.14	86.775	45.56
373.63	86.777	44.92
375.13	86.779	44.27
376.64	86.781	43.63
378.15	86.782	42.98
379.67	86.784	42.34
381.19	86.783	41.70
382.72	86.777	41.06
384.26	86.772	40.42
385.80	86.767	39.78
387.35	86.761	39.14
388.90	86.756	38.50
390.46	86.750	37.86
392.03	86.744	37.22
393.60	86.738	36.58
395.18	86.732	35.95
396.77	86.725	35.31
398.36	86.719	34.68
399.96	86.712	34.04
401.56	86.705	33.41
403.18	86.699	32.77
404.79	86.692	32.14
406.42	86.686	31.50
408.05	86.679	30.87
409.69	86.673	30.24
411.33	86.666	29.60
412.98	86.659	28.97
414.64	86.652	28.34
416.30	86.644	27.71
417.97	86.637	27.08
419.65	86.629	26.44
421.34	86.622	25.81
423.03	86.614	25.18
424.72	86.606	24.55
426.43	86.598	23.92
428.14	86.586	23.29
429.86	86.572	22.66
431.58	86.557	22.03
433.32	86.542	21.40
435.05	86.527	20.77
436.80	86.512	20.14
438.55	86.497	19.51
440.31	86.482	18.88
442.08	86.466	18.25
443.85	86.450	17.62
445.64	86.434	16.99
447.42	86.418	16.36
449.22	86.402	15.73
451.02	86.385	15.10
452.83	86.370	14.47
454.65	86.361	13.84
456.47	86.351	13.21
458.31	86.342	12.58
460.15	86.333	11.95
461.99	86.323	11.32
463.85	86.313	10.68
465.71	86.303	10.05
467.58	86.293	9.42
469.45	86.283	8.79
471.34	86.273	8.16
473.23	86.262	7.53
475.13	86.251	6.89
477.04	86.240	6.26
478.95	86.229	5.63
480.87	86.243	4.99
482.80	86.267	4.36
484.74	86.290	3.73
486.68	86.313	3.09
488.64	86.336	2.46
490.60	86.359	1.82
492.57	86.382	1.19
494.54	86.405	0.55
496.53	86.428	-0.09
498.52	86.451	-0.72
500.52	86.474	-1.36
502.53	86.497	-2.00
504.55	86.520	-2.63
506.57	86.543	-3.27
508.61	86.563	-3.91
510.65	86.578	-4.55
512.70	86.592	-5.19
514.75	86.607	-5.83
516.82	86.621	-6.47
518.89	86.636	-7.12
520.98	86.650	-7.76
523.07	86.664	-8.40
525.17	86.679	-9.04
527.27	86.693	-9.69
529.39	86.707	-10.33
531.51	86.720	-10.98
533.65	86.734	-11.62
535.79	86.748	-12.27
537.94	86.762	-12.92
540.10	86.768	-13.57
542.27	86.774	-14.22
544.44	86.780	-14.86
546.63	86.786	-15.51
548.82	86.791	-16.17
551.02	86.797	-16.82
553.23	86.802	-17.47
555.45	86.807	-18.12
557.68	86.812	-18.78
559.92	86.817	-19.43
562.17	86.821	-20.09
564.43	86.826	-20.74
566.69	86.830	-21.40
568.96	86.835	-22.06
571.25	86.835	-22.72
573.54	86.832	-23.38
575.84	86.829	-24.04
578.15	86.825	-24.70
580.47	86.821	-25.36
582.80	86.818	-26.03
585.14	86.813	-26.69
587.49	86.809	-27.35
589.85	86.805	-28.02
592.22	86.800	-28.69
594.59	86.795	-29.36
596.98	86.790	-30.02
599.37	86.785	-30.69
601.78	86.779	-31.36
604.19	86.773	-32.04
606.62	86.754	-32.71
609.05	86.734	-33.38
611.50	86.714	-34.06
613.95	86.694	-34.73
616.42	86.674	-35.41
618.89	86.653	-36.09
621.37	86.632	-36.77
623.87	86.611	-37.45
626.37	86.589	-38.13
628.88	86.568	-38.81
631.41	86.546	-39.49
633.94	86.523	-40.18
636.49	86.501	-40.86
639.04	86.478	-41.55
641.61	86.463	-42.24
644.18	86.454	-42.93
646.77	86.445	-43.62
649.36	86.435	-44.31
651.97	86.425	-45.00
654.58	86.415	-45.69
657.21	86.405	-46.39
659.85	86.394	-47.08
662.50	86.383	-47.78
665.16	86.372	-48.48
667.82	86.361	-49.18
670.50	86.349	-49.88
673.20	86.337	-50.58
675.90	86.325	-51.28
678.61	86.314	-51.99
681.33	86.308	-52.69
684.07	86.301	-53.40
686.81	86.295	-54.10
689.57	86.288	-54.81
692.34	86.281	-55.52
695.12	86.274	-56.23
697.90	86.266	-56.95
700.71	86.258	-57.66
703.52	86.250	-58.38
706.34	86.242	-59.09
709.18	86.233	-59.81
712.02	86.224	-60.53
714.88	86.215	-61.25
717.75	86.205	-61.97
720.63	86.190	-62.69
723.52	86.173	-63.41
726.42	86.155	-64.14
729.34	86.137	-64.86
732.27	86.119	-65.59
735.21	86.100	-66.32
738.16	86.081	-67.05
741.12	86.062	-67.78
744.09	86.042	-68.51
747.08	86.022	-69.24
750.08	86.002	-69.98
753.09	85.981	-70.71
756.11	85.960	-71.45
759.14	85.939	-72.19
762.19	85.912	-72.93
765.25	85.877	-73.67
768.32	85.841	-74.41
771.40	85.804	-75.15
774.50	85.767	-75.90
777.61	85.730	-76.64
780.73	85.692	-77.39
783.86	85.654	-78.14
787.01	85.615	-78.88
790.17	85.576	-79.63
793.34	85.537	-80.39
796.52	85.497	-81.14
799.72	85.456	-81.89
802.93	85.415	-82.65
806.15	85.374	-83.40
809.38	85.358	-84.16
812.63	85.344	-84.92
815.89	85.329	-85.67
819.17	85.314	-86.43
822.46	85.298	-87.20
825.76	85.282	-87.96
829.07	85.266	-88.72
832.40	85.249	-89.49
835.74	85.232	-90.25
839.09	85.215	-91.02
842.46	85.197	-91.78
845.84	85.179	-92.55
849.24	85.160	-93.32
852.64	85.141	-94.09
856.07	85.115	-94.86
859.50	85.080	-95.64
862.95	85.046	-96.41
866.41	85.011	-97.18
869.89	84.975	-97.96
873.38	84.939	-98.73
876.89	84.903	-99.51
880.41	84.866	-100.29
883.94	84.828	-101.07
887.49	84.790	-101.85
891.05	84.752	-102.63
894.62	84.713	-103.41
898.21	84.674	-104.19
901.82	84.634	-104.97
905.44	84.592	-105.75
909.07	84.538	-106.54
912.72	84.483	-107.32
916.38	84.427	-108.11
920.06	84.371	-108.89
923.75	84.315	-109.68
927.46	84.257	-110.47
931.18	84.199	-111.26
934.92	84.141	-112.04
938.67	84.082	-112.83
942.44	84.023	-113.62
946.22	83.963	-114.41
950.02	83.902	-115.20
953.83	83.841	-115.99
957.66	83.779	-116.78
961.50	83.699	-117.58
965.36	83.609	-118.37
969.24	83.519	-119.16
973.13	83.428	-119.95
977.03	83.337	-120.75
980.95	83.245	-121.54
984.89	83.152	-122.33
988.84	83.058	-123.13
992.81	82.964	-123.92
996.79	82.869	-124.72
1000.79	82.773	-125.51
1004.81	82.677	-126.30
1008.84	82.580	-127.10
1012.89	82.482	-127.89
1016.96	82.412	-128.69
1021.04	82.430	-129.48
1025.14	82.448	-130.28
1029.25	82.465	-131.07
1033.38	82.482	-131.87
1037.53	82.499	-132.66
1041.69	82.515	-133.46
1045.87	82.532	-134.25
1050.07	82.548	-135.05
1054.28	82.563	-135.84
1058.51	82.579	-136.63
1062.76	82.594	-137.43
1067.03	82.609	-138.22
1071.31	82.624	-139.01
1075.61	82.638	-139.81
1079.93	82.610	-140.60
1084.26	82.572	-141.39
1088.61	82.533	-142.18
1092.98	82.495	-142.97
1097.37	82.455	-143.76
1101.77	82.415	215.45
1106.19	82.375	214.66
1110.63	82.335	213.87
1115.09	82.293	213.08
1119.56	82.252	212.29
1124.06	82.210	211.51
1128.57	82.167	210.72
1133.10	82.124	209.94
1137.64	82.081	209.15
1142.21	82.028	208.37
1146.79	81.962	207.58
1151.40	81.895	206.80
1156.02	81.828	206.02
1160.66	81.760	205.24
1165.31	81.691	204.46
1169.99	81.622	203.68
1174.69	81.553	202.90
1179.40	81.483	202.13
1184.13	81.412	201.35
1188.89	81.341	200.58
1193.66	81.270	199.80
1198.45	81.198	199.03
1203.26	81.125	198.26
1208.09	81.052	197.49
1212.94	80.998	196.72
1217.80	80.943	195.96
1222.69	80.889	195.19
1227.60	80.833	194.42
1232.52	80.778	193.66
1237.47	80.722	192.90
1242.44	80.665	192.14
1247.42	80.608	191.38
1252.43	80.551	190.62
1257.45	80.493	189.86
1262.50	80.435	189.11
1267.57	80.377	188.35
1272.66	80.318	187.60
1277.76	80.258	186.85
1282.89	80.197	186.10
1288.04	80.136	185.35
1293.21	80.073	184.61
1298.40	80.011	183.86
1303.61	79.948	183.12
1308.84	79.884	182.38
1314.09	79.820	181.64
1319.37	79.756	180.90
1324.66	79.691	180.17
1329.98	79.626	179.43
1335.32	79.561	178.70
1340.67	79.495	177.97
1346.05	79.429	177.24
1351.46	79.363	176.52
1356.88	79.293	175.79
1362.33	79.203	175.07
1367.79	79.114	174.35
1373.28	79.024	173.63
1378.79	78.933	172.91
1384.33	78.842	172.19
1389.88	78.751	171.48
1395.46	78.659	170.77
1401.06	78.567	170.06
1406.68	78.474	169.35
1412.33	78.381	168.65
1418.00	78.288	167.94
1423.69	78.194	167.24
1429.40	78.099	166.54
1435.14	78.005	165.85
1440.90	77.909	165.15
1446.68	77.813	164.46
1452.49	77.717	163.77
1458.32	77.620	163.08
1464.17	77.523	162.39
1470.04	77.426	161.71
1475.94	77.328	161.03
1481.87	77.229	160.35
1487.81	77.131	159.67
1493.78	77.032	158.99
1499.78	76.932	158.32
1505.80	76.832	157.65
1511.84	76.732	156.98
1517.91	76.632	156.31
1524.00	76.527	155.65
1530.12	76.411	154.99
1536.26	76.296	154.33
1542.42	76.180	153.67
1548.61	76.063	153.01
1554.83	75.947	152.36
1561.07	75.830	151.71
1567.33	75.712	151.06
1573.62	75.594	150.41
1579.94	75.476	149.77
1586.28	75.357	149.13
1592.64	75.238	148.49
1599.04	75.118	147.85
1605.45	74.999	147.22
1611.90	74.878	146.59
1618.37	74.764	145.96
1624.86	74.650	145.33
1631.38	74.536	144.71
1637.93	74.422	144.08
1644.50	74.307	143.46
1651.10	74.192	142.84
1657.73	74.077	142.23
1664.38	73.961	141.62
1671.06	73.845	141.00
1677.77	73.729	140.40
1684.50	73.612	139.79
1691.26	73.495	139.19
1698.05	73.378	138.59
1704.86	73.261	137.99
1711.70	73.152	137.39
1718.57	73.054	136.80
1725.47	72.957	136.20
1732.39	72.858	135.62
1739.35	72.760	135.03
1746.33	72.661	134.44
1753.34	72.563	133.86
1760.37	72.464	133.28
1767.44	72.365	132.70
1774.53	72.266	132.13
1781.65	72.166	131.56
1788.80	72.067	130.99
1795.98	71.967	130.42
1803.19	71.867	129.85
1810.43	71.766	129.29
1817.69	71.651	128.73
1824.99	71.536	128.17
1832.31	71.421	127.61
1839.66	71.305	127.06
1847.05	71.189	126.51
1854.46	71.073	125.96
1861.90	70.957	125.41
1869.37	70.841	124.87
1876.88	70.724	124.32
1884.41	70.608	123.78
1891.97	70.491	123.25
1899.56	70.374	122.71
1907.19	70.256	122.18
1914.84	70.139	121.65
1922.53	70.021	121.12
1930.24	69.903	120.59
1937.99	69.784	120.07
1945.76	69.666	119.55
1953.57	69.547	119.03
1961.41	69.428	118.51
1969.29	69.309	118.00
1977.19	69.190	117.49
1985.12	69.070	116.98
1993.09	68.951	116.47
2001.09	68.831	115.96
2009.12	68.711	115.46
2017.18	68.591	114.96
2025.28	68.471	114.46
2033.41	68.350	113.96
2041.57	68.222	113.47
2049.76	68.094	112.98
2057.99	67.967	112.49
2066.24	67.838	112.00
2074.54	67.710	111.51
2082.86	67.582	111.03
2091.22	67.453	110.55
2099.61	67.325	110.07
2108.04	67.196	109.59
2116.50	67.067	109.12
2124.99	66.938	108.64
2133.52	66.809	108.17
2142.08	66.679	107.70
2150.68	66.550	107.24
2159.31	66.404	106.77
2167.98	66.254	106.31
2176.68	66.104	105.85
2185.41	65.953	105.39
2194.18	65.803	104.94
2202.99	65.652	104.48
2211.83	65.501	104.03
2220.71	65.349	103.58
2229.62	65.198	103.13
2238.57	65.046	102.69
2247.55	64.894	102.24
2256.57	64.742	101.80
2265.63	64.589	101.36
2274.72	64.436	100.92
2283.85	64.284	100.49
2293.02	64.132	100.05
2302.22	63.980	99.62
2311.46	63.828	99.19
2320.73	63.676	98.77
2330.05	63.523	98.34
2339.40	63.370	97.92
2348.79	63.217	97.49
2358.21	63.064	97.07
2367.68	62.911	96.66
2377.18	62.757	96.24
2386.72	62.604	95.83
2396.30	62.450	95.41
2405.91	62.296	95.00
2415.57	62.142	94.59
2425.26	61.970	94.19
2435.00	61.796	93.78
2444.77	61.622	93.38
2454.58	61.448	92.98
2464.43	61.273	92.58
2474.32	61.099	92.18
2484.25	60.924	91.79
2494.22	60.749	91.39
2504.23	60.573	91.00
2514.28	60.397	90.61
2524.37	60.221	90.22
2534.50	60.045	89.84
2544.67	59.869	89.45
2554.89	59.692	89.07
2565.14	59.523	88.69
2575.43	59.362	88.31
2585.77	59.201	87.93
2596.15	59.039	87.55
2606.57	58.877	87.18
2617.03	58.715	86.81
2627.53	58.553	86.44
2638.07	58.391	86.07
2648.66	58.228	85.70
2659.29	58.066	85.33
2669.96	57.903	84.97
2680.68	57.740	84.61
2691.44	57.576	84.25
2702.24	57.413	83.89
2713.08	57.250	83.53
2723.97	57.095	83.17
2734.90	56.939	82.82
2745.88	56.784	82.47
2756.90	56.628	82.12
2767.96	56.472	81.77
2779.07	56.316	81.42
2790.22	56.160	81.07
2801.42	56.003	80.73
2812.66	55.847	80.38
2823.95	55.690	80.04
2835.29	55.533	79.70
2846.66	55.377	79.36
2858.09	55.220	79.03
2869.56	55.062	78.69
2881.07	54.919	78.36
2892.64	54.783	78.03
2904.25	54.647	77.70
2915.90	54.511	77.37
2927.60	54.375	77.04
2939.35	54.239	76.71
2951.15	54.103	76.39
2962.99	53.967	76.06
2974.88	53.830	75.74
2986.82	53.694	75.42
2998.81	53.558	75.10
3010.84	53.421	74.79
3022.93	53.285	74.47
3035.06	53.149	74.16
3047.24	53.017	73.84
3059.47	52.901	73.53
3071.75	52.784	73.22
3084.07	52.668	72.91
3096.45	52.552	72.60
3108.88	52.436	72.30
3121.35	52.320	71.99
3133.88	52.204	71.69
3146.46	52.088	71.39
3159.09	51.972	71.09
3171.76	51.856	70.79
3184.49	51.740	70.49
3197.27	51.625	70.19
3210.10	51.509	69.90
3222.99	51.393	69.60
3235.92	51.304	69.31
3248.91	51.221	69.02
3261.95	51.139	68.73
3275.04	51.056	68.44
3288.18	50.974	68.16
3301.38	50.892	67.87
3314.63	50.810	67.58
3327.93	50.728	67.30
3341.28	50.647	67.02
3354.69	50.565	66.74
3368.16	50.484	66.46
3381.67	50.403	66.18
3395.25	50.322	65.90
3408.87	50.242	65.63
3422.55	50.158	65.35
3436.29	50.067	65.08
3450.08	49.977	64.81
3463.92	49.888	64.54
3477.83	49.798	64.27
3491.78	49.709	64.00
3505.80	49.619	63.73
3519.87	49.530	63.46
3533.99	49.441	63.20
3548.17	49.352	62.93
3562.41	49.264	62.67
3576.71	49.175	62.41
3591.06	49.087	62.15
3605.48	48.999	61.89
3619.95	48.911	61.63
3634.47	48.775	61.38
3649.06	48.637	61.12
3663.70	48.499	60.87
3678.41	48.362	60.61
3693.17	48.224	60.36
3707.99	48.086	60.11
3722.87	47.948	59.86
3737.81	47.810	59.61
3752.81	47.672	59.36
3767.87	47.534	59.11
3783.00	47.396	58.87
3798.18	47.258	58.62
3813.42	47.120	58.38
3828.72	46.982	58.14
3844.09	46.837	57.90
3859.52	46.685	57.66
3875.01	46.534	57.42
3890.56	46.382	57.18
3906.17	46.230	56.94
3921.85	46.078	56.71
3937.59	45.927	56.47
3953.39	45.775	56.24
3969.25	45.623	56.00
3985.18	45.470	55.77
4001.18	45.318	55.54
4017.23	45.166	55.31
4033.36	45.014	55.08
4049.54	44.861	54.85
4065.80	44.709	54.63
4082.11	44.557	54.40
4098.49	44.405	54.18
4114.94	44.253	53.95
4131.46	44.101	53.73
4148.04	43.949	53.51
4164.68	43.797	53.29
4181.40	43.645	53.07
4198.18	43.493	52.85
4215.03	43.341	52.63
4231.94	43.188	52.41
4248.93	43.036	52.19
4265.98	42.883	51.98
4283.10	42.731	51.76
4300.29	42.578	51.55
4317.55	42.421	51.34
4334.87	42.263	51.13
4352.27	42.104	50.92
4369.74	41.945	50.71
4387.27	41.786	50.50
4404.88	41.627	50.29
4422.56	41.468	50.08
4440.31	41.308	49.88
4458.13	41.149	49.67
4476.02	40.990	49.47
4493.98	40.830	49.26
4512.02	40.670	49.06
4530.12	40.511	48.86
4548.30	40.351	48.66
4566.56	40.191	48.46
4584.88	40.032	48.26
4603.28	39.874	48.06
4621.76	39.715	47.86
4640.31	39.555	47.66
4658.93	39.396	47.47
4677.63	39.237	47.27
4696.40	39.078	47.08
4715.25	38.918	46.89
4734.17	38.759	46.69
4753.17	38.599	46.50
4772.24	38.439	46.31
4791.40	38.279	46.12
4810.63	38.120	45.93
4829.93	37.960	45.74
4849.32	37.789	45.56
4868.78	37.616	45.37
4888.32	37.444	45.18
4907.93	37.271	45.00
4927.63	37.098	44.81
4947.41	36.925	44.63
4967.26	36.752	44.45
4987.20	36.578	44.27
5007.21	36.405	44.08
5027.31	36.231	43.90
5047.48	36.057	43.72
5067.74	35.883	43.55
5088.08	35.709	43.37
5108.50	35.535	43.19
5129.00	35.361	43.01
5149.58	35.189	42.84
5170.25	35.016	42.66
5191.00	34.843	42.49
5211.83	34.670	42.31
5232.75	34.497	42.14
5253.75	34.324	41.97
5274.83	34.150	41.80
5296.00	33.977	41.63
5317.25	33.803	41.46
5338.59	33.629	41.29
5360.02	33.455	41.12
5381.53	33.281	40.95
5403.13	33.107	40.78
5424.81	32.933	40.62
5446.58	32.760	40.45
5468.44	32.587	40.29
5490.38	32.414	40.12
5512.42	32.241	39.96
5534.54	32.068	39.80
5556.75	31.895	39.63
5579.05	31.722	39.47
5601.44	31.548	39.31
5623.92	31.374	39.15
5646.49	31.201	38.99
5669.15	31.027	38.83
5691.91	30.852	38.67
5714.75	30.678	38.52
5737.68	30.504	38.36
5760.71	30.342	38.20
5783.83	30.190	38.05
5807.04	30.038	37.89
5830.34	29.885	37.74
5853.74	29.732	37.59
5877.24	29.580	37.43
5900.82	29.427	37.28
5924.50	29.274	37.13
5948.28	29.121	36.98
5972.15	28.969	36.83
5996.12	28.816	36.68
6020.18	28.663	36.53
6044.34	28.510	36.38
6068.60	28.356	36.23
6092.96	28.206	36.09
6117.41	28.067	35.94
6141.96	27.928	35.79
6166.61	27.789	35.65
6191.35	27.650	35.50
6216.20	27.511	35.36
6241.15	27.372	35.21
6266.20	27.233	35.07
6291.34	27.094	34.93
6316.59	26.955	34.79
6341.94	26.816	34.65
6367.39	26.677	34.51
6392.95	26.538	34.37
6418.60	26.399	34.23
6444.36	26.261	34.09
6470.23	26.106	33.95
6496.19	25.947	33.81
6522.26	25.788	33.67
6548.44	25.628	33.54
6574.72	25.469	33.40
6601.10	25.309	33.27
6627.60	25.149	33.13
6654.19	24.990	33.00
6680.90	24.830	32.86
6707.71	24.670	32.73
6734.63	24.510	32.60
6761.66	24.350	32.46
6788.79	24.189	32.33
6816.04	24.029	32.20
6843.39	23.871	32.07
6870.86	23.719	31.94
6898.43	23.566	31.81
6926.12	23.414	31.68
6953.91	23.261	31.56
6981.82	23.108	31.43
7009.84	22.955	31.30
7037.97	22.803	31.17
7066.22	22.650	31.05
7094.57	22.497	30.92
7123.05	22.344	30.80
7151.63	22.191	30.67
7180.33	22.037	30.55
7209.15	21.884	30.42
7238.08	21.731	30.30
7267.13	21.578	30.18
7296.29	21.426	30.06
7325.58	21.273	29.94
7354.98	21.121	29.81
7384.49	20.968	29.69
7414.13	20.815	29.57
7443.88	20.662	29.45
7473.76	20.509	29.33
7503.75	20.356	29.22
7533.86	20.203	29.10
7564.10	20.050	28.98
7594.46	19.897	28.86
7624.93	19.744	28.75
7655.53	19.591	28.63
7686.26	19.444	28.52
7717.10	19.305	28.40
7748.07	19.166	28.29
7779.17	19.027	28.17
7810.39	18.888	28.06
7841.73	18.749	27.94
7873.20	18.610	27.83
7904.80	18.471	27.72
7936.52	18.332	27.61
7968.38	18.193	27.50
8000.35	18.054	27.38
8032.46	17.915	27.27
8064.70	17.776	27.16
8097.06	17.636	27.05
8129.56	17.497	26.94
8162.18	17.351	26.84
8194.94	17.205	26.73
8227.83	17.059	26.62
8260.85	16.914	26.51
8294.00	16.768	26.41
8327.29	16.622	26.30
8360.71	16.476	26.19
8394.26	16.330	26.09
8427.95	16.184	25.98
8461.77	16.038	25.88
8495.73	15.891	25.77
8529.83	15.745	25.67
8564.06	15.599	25.57
8598.43	15.453	25.46
8632.93	15.281	25.36
8667.58	15.095	25.26
8702.36	14.908	25.16
8737.29	14.721	25.05
8772.35	14.534	24.95
8807.56	14.347	24.85
8842.91	14.160	24.75
8878.39	13.972	24.65
8914.03	13.784	24.55
8949.80	13.596	24.45
8985.72	13.408	24.36
9021.78	13.220	24.26
9057.98	13.031	24.16
9094.34	12.842	24.06
9130.83	12.639	23.97
9167.48	12.385	23.87
9204.27	12.131	23.77
9241.21	11.876	23.68
9278.29	11.621	23.58
9315.53	11.365	23.49
9352.92	11.109	23.39
9390.45	10.852	23.30
9428.14	10.595	23.20
9465.97	10.337	23.11
9503.96	10.079	23.02
9542.10	9.820	22.93
9580.40	9.561	22.83
9618.85	9.301	22.74
9657.45	9.041	22.65
9696.21	8.819	22.56
9735.12	8.605	22.47
9774.19	8.391	22.38
9813.42	8.177	22.29
9852.80	7.962	22.20
9892.34	7.748	22.11
9932.04	7.533	22.02
9971.90	7.317	21.93
10011.92	7.102	21.84
10052.10	6.886	21.75
10092.44	6.669	21.67
10132.94	6.453	21.58
10173.61	6.236	21.49
10214.44	6.018	21.41
10255.43	5.813	21.32
10296.59	5.626	21.24
10337.91	5.440	21.15
10379.40	5.253	21.06
10421.05	5.066	20.98
10462.88	4.879	20.90
10504.87	4.691	20.81
10547.02	4.504	20.73
10589.35	4.316	20.64
10631.85	4.128	20.56
10674.52	3.940	20.48
10717.36	3.751	20.40
10760.37	3.563	20.31
10803.55	3.374	20.23
10846.91	3.185	20.15
10890.44	2.857	20.07
10934.14	2.521	19.99
10978.03	2.185	19.91
11022.08	1.848	19.83
11066.32	1.510	19.75
11110.73	1.171	19.67
11155.32	0.832	19.59
11200.09	0.491	19.51
11245.04	0.150	19.43
11290.16	-0.192	19.36
11335.47	-0.535	19.28
11380.97	-0.878	19.20
11426.64	-1.223	19.12
11472.50	-1.568	19.05
11518.54	-1.955	18.97
11564.77	-2.378	18.89
11611.18	-2.802	18.82
11657.78	-3.228	18.74
11704.56	-3.654	18.67
11751.53	-4.082	18.59
11798.70	-4.511	18.52
11846.05	-4.941	18.44
11893.59	-5.372	18.37
11941.32	-5.805	18.30
11989.24	-6.238	18.22
12037.36	-6.673	18.15
12085.67	-7.109	18.08
12134.17	-7.546	18.00
12182.86	-7.977	17.93
12231.76	-8.346	17.86
12280.85	-8.715	17.79
12330.13	-9.086	17.72
12379.62	-9.457	17.65
12429.30	-9.830	17.57
12479.18	-10.203	17.50
12529.26	-10.577	17.43
12579.54	-10.953	17.36
12630.03	-11.329	17.29
12680.71	-11.706	17.22
12731.61	-12.084	17.16
12782.70	-12.463	17.09
12834.00	-12.843	17.02
12885.51	-13.224	16.95
12937.22	-13.531	16.88
12989.14	-13.806	16.81
13041.27	-14.081	16.75
13093.60	-14.357	16.68
13146.15	-14.633	16.61
13198.91	-14.909	16.55
13251.88	-15.187	16.48
13305.06	-15.464	16.41
13358.46	-15.743	16.35
13412.07	-16.022	16.28
13465.89	-16.301	16.22
13519.94	-16.581	16.15
13574.19	-16.862	16.09
13628.67	-17.143	16.02
13683.36	-17.417	15.96
13738.28	-17.671	15.89
13793.41	-17.925	15.83
13848.77	-18.180	15.77
13904.35	-18.436	15.70
13960.15	-18.692	15.64
14016.17	-18.948	15.58
14072.42	-19.205	15.52
14128.90	-19.462	15.45
14185.60	-19.720	15.39
14242.53	-19.978	15.33
14299.69	-20.237	15.27
14357.08	-20.496	15.21
14414.70	-20.755	15.15
14472.55	-21.015	15.09
14530.63	-21.213	15.02
14588.94	-21.400	14.96
14647.49	-21.587	14.90
14706.27	-21.774	14.84
14765.29	-21.961	14.79
14824.55	-22.148	14.73
14884.04	-22.335	14.67
14943.78	-22.523	14.61
15003.75	-22.711	14.55
15063.96	-22.899	14.49
15124.42	-23.087	14.43
15185.12	-23.276	14.38
15246.06	-23.465	14.32
15307.24	-23.653	14.26
15368.67	-23.913	14.20
15430.35	-24.268	14.15
15492.28	-24.624	14.09
15554.45	-24.982	14.03
15616.87	-25.340	13.98
15679.55	-25.699	13.92
15742.47	-26.059	13.86
15805.65	-26.419	13.81
15869.08	-26.781	13.75
15932.77	-27.143	13.70
15996.71	-27.507	13.64
16060.91	-27.871	13.59
16125.36	-28.236	13.53
16190.08	-28.602	13.48
16255.05	-28.969	13.43
16320.29	-29.318	13.37
16385.79	-29.667	13.32
16451.55	-30.017	13.27
16517.57	-30.368	13.21
16583.86	-30.720	13.16
16650.41	-31.072	13.11
16717.23	-31.426	13.05
16784.32	-31.780	13.00
16851.68	-32.135	12.95
16919.31	-32.491	12.90
16987.21	-32.848	12.85
17055.39	-33.206	12.80
17123.83	-33.565	12.74
17192.56	-33.924	12.69
17261.55	-34.028	12.64
17330.83	-33.943	12.59
17400.38	-33.858	12.54
17470.21	-33.773	12.49
17540.32	-33.686	12.44
17610.72	-33.598	12.39
17681.39	-33.509	12.34
17752.35	-33.420	12.29
17823.60	-33.329	12.24
17895.13	-33.238	12.19
17966.94	-33.146	12.14
18039.05	-33.053	12.10
18111.44	-32.958	12.05
18184.13	-32.863	12.00
18257.10	-32.791	11.95
18330.37	-32.842	11.90
18403.94	-32.893	11.86
18477.80	-32.944	11.81
18551.95	-32.994	11.76
18626.41	-33.044	11.71
18701.16	-33.093	11.67
18776.21	-33.143	11.62
18851.56	-33.191	11.57
18927.22	-33.240	11.53
19003.18	-33.288	11.48
19079.44	-33.336	11.44
19156.01	-33.383	11.39
19232.89	-33.430	11.34
19310.07	-33.477	11.30
19387.57	-23.692	11.25
19465.38	-23.831	11.21
19543.49	-23.970	11.16
19621.93	-24.109	11.12
19700.67	-24.248	11.07
19779.74	-24.387	11.03
19859.12	-24.526	10.99
19938.82	-24.666	10.94
20018.83	-24.805	10.90
20099.17	-24.944	10.85
20179.84	-25.083	10.81
20260.82	-25.222	10.77
20342.13	-25.361	10.72
20423.77	-25.500	10.68
20505.74	-25.640	10.64
20588.03	-25.779	10.60
20670.65	-25.918	10.55
20753.61	-26.057	10.51
20836.90	-26.196	10.47
20920.52	-26.335	10.43
21004.48	-26.474	10.39
21088.78	-26.614	10.34
21173.41	-26.753	10.30
21258.38	-26.892	10.26
21343.70	-27.031	10.22
21429.36	-27.170	10.18
21515.36	-27.309	10.14
21601.70	-27.448	10.10
21688.39	-27.588	10.06
21775.43	-27.727	10.02
21862.82	-27.866	9.98
21950.56	-28.005	9.94
22038.66	-28.144	9.90
22127.10	-28.283	9.86
22215.90	-28.423	9.82
22305.06	-28.562	9.78
22394.58	-28.701	9.74
22484.45	-28.840	9.70
22574.69	-28.979	9.66
22665.28	-29.118	9.62
22756.24	-29.257	9.58
22847.57	-29.397	9.55
22939.26	-29.536	9.51
23031.32	-29.675	9.47
23123.75	-29.814	9.43
23216.55	-29.953	9.39
23309.72	-30.092	9.36
23403.27	-30.231	9.32
23497.19	-30.371	9.28
23591.49	-30.510	9.25
23686.17	-30.649	9.21
23781.23	-30.788	9.17
23876.67	-30.927	9.13
23972.49	-31.066	9.10
24068.70	-31.205	9.06
24165.29	-31.345	9.03
24262.27	-31.484	8.99
24359.64	-31.623	8.95
24457.40	-31.762	8.92
24555.55	-31.901	8.88
24654.10	-32.040	8.85
24753.04	-32.180	8.81
24852.38	-32.319	8.78
24952.12	-32.458	8.74
25052.26	-32.597	8.71
25152.80	-32.736	8.67
25253.74	-32.875	8.64
25355.09	-33.014	8.60
25456.85	-33.154	8.57
25559.01	-33.293	8.53
25661.58	-33.432	8.50
25764.57	-33.571	8.46
25867.97	-33.710	8.43
25971.78	-33.849	8.40
26076.01	-33.988	8.36
26180.66	-34.128	8.33
26285.73	-34.267	8.30
26391.22	-34.406	8.26
26497.13	-34.545	8.23
26603.47	-34.684	8.20
26710.24	-34.823	8.16
26817.43	-34.963	8.13
26925.06	-35.102	8.10
27033.11	-35.241	8.07
27141.60	-35.380	8.03
27250.53	-35.519	8.00
27359.89	-35.658	7.97
27469.69	-35.797	7.94
27579.93	-35.937	7.91
27690.62	-36.076	7.88
27801.75	-36.215	7.84
27913.32	-36.354	7.81
28025.34	-36.493	7.78
28137.81	-36.632	7.75
28250.74	-36.771	7.72
28364.11	-36.911	7.69
28477.95	-37.050	7.66
28592.23	-37.189	7.63
28706.98	-37.328	7.60
28822.19	-37.467	7.57
28937.86	-37.606	7.54
29053.99	-37.746	7.51
29170.59	-37.885	7.48
29287.66	-38.024	7.45
29405.20	-38.163	7.42
29523.21	-38.302	7.39
29641.69	-38.441	7.36
29760.65	-38.580	7.33
29880.08	-38.720	7.30
30000.00	-38.859	7.27
