# System sum v9 in-room: anechoic + room gain (4.5x4x2.4m, RT60=0.4s)
# Frequency(Hz) Magnitude(dB) Phase(deg)
10.00	61.932	-84.22
10.04	62.064	-84.59
10.08	62.196	-84.95
10.12	62.328	-85.32
10.16	62.459	-85.70
10.20	62.591	-86.07
10.24	62.723	-86.45
10.28	62.854	-86.82
10.33	62.985	-87.20
10.37	63.116	-87.58
10.41	63.247	-87.96
10.45	63.378	-88.35
10.49	63.509	-88.73
10.53	63.640	-89.12
10.58	63.770	-89.51
10.62	63.901	-89.90
10.66	64.031	-90.29
10.70	64.161	-90.69
10.75	64.291	-91.08
10.79	64.421	-91.48
10.83	64.551	-91.88
10.88	64.680	-92.28
10.92	64.810	-92.68
10.96	64.939	-93.09
11.01	65.068	-93.50
11.05	65.198	-93.90
11.10	65.326	-94.31
11.14	65.455	-94.73
11.19	65.584	-95.14
11.23	65.712	-95.55
11.28	65.841	-95.97
11.32	65.969	-96.39
11.37	66.097	-96.81
11.41	66.225	-97.24
11.46	66.352	-97.66
11.50	66.480	-98.09
11.55	66.607	-98.51
11.60	66.734	-98.94
11.64	66.861	-99.38
11.69	66.988	-99.81
11.74	67.115	-100.25
11.78	67.241	-100.68
11.83	67.367	-101.12
11.88	67.494	-101.56
11.93	67.620	-102.01
11.97	67.745	-102.45
12.02	67.871	-102.90
12.07	67.996	-103.35
12.12	68.121	-103.80
12.17	68.246	-104.25
12.22	68.371	-104.70
12.27	68.496	-105.16
12.32	68.620	-105.62
12.36	68.744	-106.08
12.41	68.868	-106.54
12.46	68.992	-107.00
12.51	69.116	-107.47
12.56	69.239	-107.94
12.61	69.362	-108.40
12.67	69.485	-108.88
12.72	69.608	-109.35
12.77	69.731	-109.82
12.82	69.853	-110.30
12.87	69.975	-110.78
12.92	70.097	-111.26
12.97	70.218	-111.74
13.03	70.340	-112.23
13.08	70.461	-112.71
13.13	70.582	-113.20
13.18	70.702	-113.69
13.24	70.823	-114.18
13.29	70.943	-114.67
13.34	71.063	-115.17
13.40	71.183	-115.67
13.45	71.302	-116.17
13.50	71.421	-116.67
13.56	71.540	-117.17
13.61	71.659	-117.67
13.67	71.777	-118.18
13.72	71.895	-118.69
13.78	72.013	-119.20
13.83	72.131	-119.71
13.89	72.248	-120.23
13.94	72.365	-120.74
14.00	72.482	-121.26
14.06	72.599	-121.78
14.11	72.715	-122.30
14.17	72.831	-122.82
14.23	72.946	-123.35
14.28	73.062	-123.87
14.34	73.177	-124.40
14.40	73.292	-124.93
14.46	73.406	-125.47
14.51	73.520	-126.00
14.57	73.634	-126.53
14.63	73.748	-127.07
14.69	73.861	-127.61
14.75	73.974	-128.15
14.81	74.087	-128.70
14.87	74.199	-129.24
14.93	74.311	-129.79
14.99	74.423	-130.33
15.05	74.534	-130.88
15.11	74.645	-131.43
15.17	74.756	-131.99
15.23	74.866	-132.54
15.29	74.976	-133.10
15.35	75.086	-133.66
15.41	75.196	-134.22
15.47	75.305	-134.78
15.54	75.413	-135.34
15.60	75.522	-135.91
15.66	75.630	-136.47
15.72	75.738	-137.04
15.79	75.845	-137.61
15.85	75.952	-138.18
15.91	76.059	-138.75
15.98	76.165	-139.33
16.04	76.271	-139.91
16.11	76.376	-140.48
16.17	76.482	-141.06
16.24	76.587	-141.64
16.30	76.691	-142.22
16.37	76.795	-142.81
16.43	76.899	-143.39
16.50	77.002	-143.98
16.56	77.105	-144.57
16.63	77.208	-145.16
16.70	77.310	-145.75
16.76	77.412	-146.34
16.83	77.514	-146.94
16.90	77.615	-147.53
16.97	77.715	-148.13
17.04	77.816	-148.73
17.10	77.916	-149.33
17.17	78.015	-149.93
17.24	78.114	-150.53
17.31	78.213	-151.13
17.38	78.311	-151.74
17.45	78.409	-152.34
17.52	78.507	-152.95
17.59	78.604	-153.56
17.66	78.701	-154.17
17.73	78.797	-154.78
17.80	78.893	-155.40
17.87	78.989	-156.01
17.95	79.084	-156.62
18.02	79.178	-157.24
18.09	79.273	-157.86
18.16	79.367	-158.48
18.24	79.460	-159.10
18.31	79.553	-159.72
18.38	79.646	-160.34
18.46	79.738	-160.96
18.53	79.830	-161.59
18.60	79.921	-162.21
18.68	80.012	-162.84
18.75	80.102	-163.47
18.83	80.192	-164.09
18.90	80.282	-164.72
18.98	80.371	-165.35
19.06	80.460	-165.98
19.13	80.548	-166.62
19.21	80.636	-167.25
19.29	80.724	-167.88
19.36	80.811	-168.52
19.44	80.897	-169.15
19.52	80.983	-169.79
19.60	81.069	-170.43
19.68	81.154	-171.07
19.76	81.239	-171.71
19.84	81.323	-172.35
19.92	81.407	-172.99
20.00	81.491	-173.63
20.08	81.576	-174.27
20.16	81.659	-174.92
20.24	81.741	-175.56
20.32	81.823	-176.21
20.40	81.904	-176.85
20.48	81.985	-177.50
20.56	82.065	-178.14
20.65	82.145	-178.79
20.73	82.225	-179.44
20.81	82.304	179.92
20.90	82.382	179.27
20.98	82.460	178.62
21.06	82.538	177.97
21.15	82.615	177.32
21.23	82.692	176.67
21.32	82.768	176.02
21.40	82.844	175.37
21.49	82.919	174.72
21.58	82.994	174.06
21.66	83.069	173.41
21.75	83.143	172.76
21.84	83.216	172.10
21.92	83.290	171.45
22.01	83.362	170.80
22.10	83.434	170.14
22.19	83.506	169.49
22.28	83.577	168.83
22.37	83.648	168.18
22.46	83.719	167.52
22.55	83.789	166.87
22.64	83.858	166.21
22.73	83.927	165.56
22.82	83.996	164.90
22.91	84.064	164.24
23.00	84.131	163.59
23.10	84.198	162.93
23.19	84.265	162.27
23.28	84.331	161.62
23.38	84.397	160.96
23.47	84.463	160.30
23.56	84.528	159.65
23.66	84.592	158.99
23.75	84.656	158.33
23.85	84.720	157.68
23.94	84.783	157.02
24.04	84.845	156.37
24.14	84.907	155.71
24.23	84.969	155.05
24.33	85.031	154.40
24.43	85.091	153.74
24.53	85.152	153.08
24.62	85.212	152.43
24.72	85.271	151.77
24.82	85.330	151.12
24.92	85.389	150.46
25.02	85.447	149.81
25.12	85.505	149.15
25.22	85.562	148.50
25.32	85.619	147.85
25.43	85.675	147.19
25.53	85.731	146.54
25.63	85.787	145.89
25.73	85.842	145.24
25.84	85.896	144.58
25.94	85.951	143.93
26.04	86.004	143.28
26.15	86.058	142.63
26.25	86.110	141.98
26.36	86.163	141.33
26.47	86.215	140.68
26.57	86.267	140.03
26.68	86.318	139.38
26.79	86.368	138.74
26.89	86.419	138.09
27.00	86.469	137.44
27.11	86.518	136.80
27.22	86.567	136.15
27.33	86.616	135.51
27.44	86.664	134.86
27.55	86.712	134.22
27.66	86.759	133.58
27.77	86.806	132.94
27.88	86.853	132.29
27.99	86.899	131.65
28.10	86.944	131.01
28.22	86.990	130.38
28.33	87.035	129.74
28.44	87.079	129.10
28.56	87.123	128.46
28.67	87.167	127.83
28.79	87.210	127.19
28.90	87.253	126.56
29.02	87.295	125.92
29.14	87.338	125.29
29.25	87.379	124.66
29.37	87.421	124.03
29.49	87.461	123.40
29.61	87.502	122.77
29.73	87.542	122.14
29.84	87.582	121.51
29.96	87.621	120.89
30.08	87.660	120.26
30.21	87.699	119.64
30.33	87.737	119.02
30.45	87.775	118.39
30.57	87.812	117.77
30.69	87.850	117.15
30.82	87.886	116.53
30.94	87.923	115.91
31.06	87.959	115.30
31.19	87.994	114.68
31.31	88.030	114.07
31.44	88.065	113.45
31.57	88.099	112.84
31.69	88.134	112.23
31.82	88.167	111.62
31.95	88.201	111.01
32.08	88.234	110.40
32.20	88.267	109.79
32.33	88.300	109.19
32.46	88.332	108.58
32.59	88.364	107.98
32.72	88.395	107.38
32.86	88.426	106.78
32.99	88.457	106.18
33.12	88.488	105.58
33.25	88.518	104.98
33.39	88.548	104.38
33.52	88.578	103.79
33.65	88.607	103.19
33.79	88.636	102.60
33.93	88.665	102.01
34.06	88.693	101.42
34.20	88.721	100.83
34.34	88.749	100.24
34.47	88.776	99.66
34.61	88.803	99.07
34.75	88.830	98.49
34.89	88.857	97.90
35.03	88.883	97.32
35.17	88.909	96.74
35.31	88.935	96.17
35.45	88.960	95.59
35.60	88.985	95.01
35.74	89.010	94.44
35.88	89.035	93.86
36.03	89.059	93.29
36.17	89.083	92.72
36.32	89.107	92.15
36.46	89.131	91.58
36.61	89.154	91.02
36.75	89.177	90.45
36.90	89.200	89.89
37.05	89.222	89.32
37.20	89.244	88.76
37.35	89.266	88.20
37.50	89.288	87.64
37.65	89.310	87.09
37.80	89.331	86.53
37.95	89.352	85.98
38.10	89.373	85.42
38.26	89.394	84.87
38.41	89.414	84.32
38.56	89.434	83.77
38.72	89.454	83.22
38.87	89.474	82.68
39.03	89.493	82.13
39.19	89.512	81.59
39.34	89.531	81.04
39.50	89.550	80.50
39.66	89.569	79.96
39.82	89.587	79.42
39.98	89.605	78.89
40.14	89.623	78.35
40.30	89.641	77.81
40.46	89.659	77.28
40.63	89.676	76.75
40.79	89.693	76.22
40.95	89.710	75.69
41.12	89.727	75.16
41.28	89.744	74.63
41.45	89.760	74.11
41.61	89.777	73.58
41.78	89.793	73.06
41.95	89.809	72.54
42.12	89.824	72.02
42.29	89.840	71.50
42.46	89.855	70.98
42.63	89.871	70.47
42.80	89.886	69.95
42.97	89.901	69.44
43.14	89.915	68.92
43.31	89.930	68.41
43.49	89.944	67.90
43.66	89.959	67.39
43.84	89.973	66.89
44.01	89.987	66.38
44.19	90.001	65.88
44.37	90.014	65.37
44.55	90.028	64.87
44.72	90.041	64.37
44.90	90.055	63.87
45.08	90.068	63.37
45.27	90.081	62.87
45.45	90.094	62.38
45.63	90.106	61.88
45.81	90.119	61.39
46.00	90.132	60.90
46.18	90.144	60.40
46.37	90.156	59.91
46.55	90.168	59.42
46.74	90.180	58.94
46.93	90.192	58.45
47.12	90.204	57.96
47.30	90.216	57.48
47.49	90.227	57.00
47.68	90.239	56.51
47.88	90.250	56.03
48.07	90.261	55.55
48.26	90.272	55.07
48.45	90.283	54.59
48.65	90.294	54.11
48.84	90.305	53.64
49.04	90.316	53.16
49.24	90.326	52.68
49.43	90.337	52.21
49.63	90.347	51.74
49.83	90.357	51.27
50.03	90.368	50.79
50.23	90.378	50.32
50.43	90.388	49.85
50.64	90.398	49.39
50.84	90.408	48.92
51.04	90.418	48.45
51.25	90.427	47.98
51.45	90.437	47.52
51.66	90.447	47.05
51.87	90.456	46.59
52.08	90.466	46.13
52.29	90.475	45.66
52.50	90.485	45.20
52.71	90.494	44.74
52.92	90.503	44.28
53.13	90.512	43.82
53.34	90.521	43.36
53.56	90.530	42.90
53.77	90.539	42.45
53.99	90.548	41.99
54.21	90.557	41.53
54.42	90.566	41.08
54.64	90.575	40.62
54.86	90.583	40.17
55.08	90.592	39.72
55.30	90.601	39.26
55.52	90.609	38.81
55.75	90.618	38.36
55.97	90.626	37.91
56.19	90.635	37.46
56.42	90.643	37.01
56.65	90.652	36.56
56.87	90.660	36.11
57.10	90.668	35.66
57.33	90.677	35.22
57.56	90.685	34.77
57.79	90.693	34.33
58.02	90.701	33.88
58.26	90.709	33.44
58.49	90.717	32.99
58.73	90.726	32.55
58.96	90.734	32.11
59.20	90.742	31.67
59.44	90.750	31.22
59.67	90.758	30.78
59.91	90.766	30.34
60.15	90.774	29.90
60.40	90.781	29.46
60.64	90.789	29.03
60.88	90.797	28.59
61.13	90.805	28.15
61.37	90.813	27.72
61.62	90.820	27.28
61.86	90.828	26.85
62.11	90.836	26.41
62.36	90.843	25.98
62.61	90.851	25.54
62.86	90.859	25.11
63.12	90.866	24.68
63.37	90.874	24.25
63.62	90.882	23.81
63.88	90.889	23.38
64.14	90.897	22.95
64.39	90.904	22.52
64.65	90.912	22.09
64.91	90.919	21.66
65.17	90.927	21.23
65.43	90.934	20.81
65.69	90.942	20.38
65.96	90.949	19.95
66.22	90.956	19.52
66.49	90.964	19.09
66.76	90.971	18.67
67.02	90.979	18.24
67.29	90.986	17.81
67.56	90.994	17.38
67.83	91.001	16.95
68.11	91.001	16.53
68.38	90.973	16.10
68.65	90.946	15.67
68.93	90.919	15.24
69.21	90.892	14.81
69.48	90.865	14.39
69.76	90.838	13.96
70.04	90.811	13.53
70.32	90.784	13.10
70.61	90.757	12.68
70.89	90.729	12.25
71.17	90.702	11.82
71.46	90.676	11.39
71.75	90.649	10.96
72.03	90.622	10.53
72.32	90.596	10.09
72.61	90.569	9.66
72.91	90.542	9.23
73.20	90.516	8.79
73.49	90.489	8.36
73.79	90.463	7.92
74.08	90.437	7.49
74.38	90.410	7.05
74.68	90.384	6.62
74.98	90.358	6.18
75.28	90.332	5.74
75.58	90.306	5.31
75.88	90.279	4.87
76.19	90.253	4.43
76.49	90.227	4.00
76.80	90.201	3.56
77.11	90.175	3.12
77.42	90.149	2.68
77.73	90.123	2.24
78.04	90.097	1.80
78.36	90.072	1.36
78.67	90.046	0.92
78.99	90.020	0.48
79.30	89.995	0.04
79.62	89.969	-0.41
79.94	89.944	-0.85
80.26	89.918	-1.29
80.58	89.892	-1.73
80.91	89.867	-2.18
81.23	89.842	-2.62
81.56	89.816	-3.07
81.88	89.791	-3.51
82.21	89.766	-3.96
82.54	89.740	-4.40
82.87	89.715	-4.85
83.21	89.690	-5.30
83.54	89.665	-5.75
83.88	89.640	-6.20
84.21	89.615	-6.65
84.55	89.591	-7.10
84.89	89.566	-7.55
85.23	89.541	-8.00
85.57	89.516	-8.45
85.92	89.491	-8.90
86.26	89.466	-9.36
86.61	89.442	-9.81
86.95	89.417	-10.26
87.30	89.393	-10.72
87.65	89.368	-11.18
88.01	89.344	-11.63
88.36	89.319	-12.09
88.71	89.295	-12.55
89.07	89.271	-13.01
89.43	89.247	-13.47
89.79	89.223	-13.94
90.15	89.199	-14.40
90.51	89.175	-14.86
90.87	89.151	-15.33
91.24	89.127	-15.80
91.60	89.103	-16.26
91.97	89.080	-16.73
92.34	89.056	-17.20
92.71	89.033	-17.68
93.08	89.010	-18.15
93.45	88.986	-18.62
93.83	88.963	-19.10
94.21	88.940	-19.58
94.58	88.917	-20.06
94.96	88.894	-20.54
95.35	88.870	-21.01
95.73	88.846	-21.48
96.11	88.822	-21.95
96.50	88.797	-22.42
96.89	88.773	-22.89
97.27	88.749	-23.36
97.66	88.725	-23.83
98.06	88.700	-24.31
98.45	88.676	-24.78
98.84	88.652	-25.26
99.24	88.628	-25.74
99.64	88.604	-26.22
100.04	88.580	-26.70
100.44	88.556	-27.18
100.84	88.532	-27.67
101.25	88.513	-28.19
101.66	88.495	-28.72
102.06	88.476	-29.25
102.47	88.458	-29.79
102.88	88.440	-30.32
103.30	88.422	-30.86
103.71	88.405	-31.41
104.13	88.387	-31.95
104.55	88.371	-32.50
104.97	88.354	-33.06
105.39	88.338	-33.61
105.81	88.322	-34.17
106.23	88.306	-34.73
106.66	88.291	-35.30
107.09	88.274	-35.86
107.52	88.257	-36.41
107.95	88.240	-36.96
108.38	88.223	-37.52
108.82	88.206	-38.07
109.25	88.189	-38.64
109.69	88.173	-39.20
110.13	88.156	-39.77
110.58	88.141	-40.34
111.02	88.125	-40.91
111.46	88.109	-41.49
111.91	88.094	-42.07
112.36	88.079	-42.65
112.81	88.064	-43.24
113.26	88.050	-43.83
113.72	88.034	-44.41
114.18	88.018	-44.99
114.63	88.003	-45.58
115.09	87.988	-46.17
115.56	87.973	-46.77
116.02	87.958	-47.37
116.49	87.944	-47.97
116.95	87.929	-48.57
117.42	87.915	-49.18
117.89	87.902	-49.79
118.37	87.888	-50.40
118.84	87.875	-51.02
119.32	87.861	-51.64
119.80	87.848	-52.26
120.28	87.836	-52.89
120.76	87.823	-53.52
121.25	87.811	-54.16
121.73	87.799	-54.80
122.22	87.787	-55.44
122.71	87.775	-56.08
123.20	87.764	-56.73
123.70	87.753	-57.38
124.19	87.742	-58.04
124.69	87.731	-58.70
125.19	87.721	-59.37
125.70	87.711	-60.04
126.20	87.701	-60.71
126.71	87.691	-61.39
127.21	87.681	-62.07
127.73	87.671	-62.75
128.24	87.662	-63.43
128.75	87.652	-64.12
129.27	87.643	-64.81
129.79	87.634	-65.51
130.31	87.625	-66.21
130.83	87.616	-66.91
131.36	87.608	-67.62
131.88	87.600	-68.33
132.41	87.592	-69.05
132.94	87.584	-69.77
133.48	87.577	-70.50
134.01	87.570	-71.23
134.55	87.563	-71.97
135.09	87.554	-72.70
135.63	87.545	-73.43
136.18	87.537	-74.17
136.73	87.528	-74.91
137.27	87.520	-75.66
137.82	87.512	-76.41
138.38	87.504	-77.16
138.93	87.497	-77.92
139.49	87.489	-78.69
140.05	87.482	-79.46
140.61	87.475	-80.23
141.18	87.468	-81.01
141.74	87.461	-81.79
142.31	87.454	-82.58
142.88	87.447	-83.38
143.46	87.441	-84.17
144.03	87.434	-84.98
144.61	87.428	-85.79
145.19	87.422	-86.60
145.77	87.416	-87.42
146.36	87.410	-88.24
146.95	87.404	-89.07
147.54	87.399	-89.90
148.13	87.393	-90.74
148.72	87.388	-91.58
149.32	87.382	-92.43
149.92	87.377	-93.29
150.52	87.372	-94.14
151.12	87.366	-95.01
151.73	87.360	-95.87
152.34	87.353	-96.74
152.95	87.347	-97.61
153.56	87.340	-98.49
154.18	87.333	-99.37
154.80	87.327	-100.26
155.42	87.320	-101.15
156.04	87.314	-102.05
156.67	87.307	-102.95
157.30	87.300	-103.86
157.93	87.293	-104.77
158.56	87.287	-105.69
159.20	87.280	-106.62
159.84	87.273	-107.55
160.48	87.266	-108.48
161.13	87.259	-109.42
161.77	87.251	-110.37
162.42	87.244	-111.32
163.07	87.237	-112.28
163.73	87.229	-113.24
164.38	87.221	-114.20
165.04	87.214	-115.17
165.71	87.206	-116.15
166.37	87.197	-117.13
167.04	87.189	-118.12
167.71	87.180	-119.11
168.38	87.172	-120.11
169.06	87.163	-121.11
169.74	87.154	-122.12
170.42	87.147	-123.14
171.10	87.140	-124.17
171.79	87.132	-125.20
172.48	87.125	-126.23
173.17	87.117	-127.27
173.87	87.109	-128.32
174.56	87.100	-129.37
175.26	87.092	-130.42
175.97	87.083	-131.48
176.67	87.074	-132.54
177.38	87.065	-133.61
178.09	87.055	-134.68
178.81	87.045	-135.76
179.53	87.035	-136.84
180.25	87.029	-137.94
180.97	87.024	-139.05
181.70	87.018	-140.16
182.43	87.012	-141.28
183.16	87.006	-142.40
183.89	87.000	-143.52
184.63	86.994	-144.64
185.37	86.987	-145.77
186.12	86.980	-146.91
186.86	86.973	-148.04
187.61	86.966	-149.18
188.37	86.959	-150.33
189.12	86.951	-151.47
189.88	86.943	-152.62
190.64	86.931	-153.76
191.41	86.916	-154.89
192.18	86.900	-156.03
192.95	86.906	-157.16
193.72	86.924	-158.30
194.50	86.941	-159.44
195.28	86.958	-160.58
196.06	86.975	-161.72
196.85	86.991	-162.87
197.64	87.007	-164.01
198.43	87.022	-165.16
199.23	87.037	-166.30
200.03	87.051	-167.45
200.83	87.065	-168.60
201.64	87.077	-169.74
202.45	87.079	-170.86
203.26	87.080	-171.98
204.08	87.081	-173.10
204.89	87.081	-174.22
205.72	87.080	-175.34
206.54	87.078	-176.45
207.37	87.076	-177.57
208.20	87.073	-178.69
209.04	87.069	-179.80
209.88	87.065	179.09
210.72	87.060	177.97
211.57	87.054	176.86
212.42	87.048	175.75
213.27	87.041	174.64
214.12	87.036	173.53
214.98	87.033	172.41
215.85	87.029	171.30
216.71	87.024	170.18
217.58	87.019	169.07
218.45	87.013	167.96
219.33	87.007	166.86
220.21	87.001	165.75
221.10	86.993	164.65
221.98	86.986	163.55
222.87	86.977	162.45
223.77	86.969	161.36
224.67	86.960	160.27
225.57	86.950	159.18
226.47	86.943	158.09
227.38	86.946	156.98
228.29	86.950	155.87
229.21	86.953	154.76
230.13	86.955	153.66
231.05	86.958	152.56
231.98	86.961	151.47
232.91	86.963	150.38
233.85	86.965	149.29
234.79	86.967	148.21
235.73	86.969	147.13
236.67	86.971	146.05
237.62	86.973	144.98
238.58	86.974	143.91
239.53	86.976	142.85
240.50	86.965	141.81
241.46	86.952	140.78
242.43	86.938	139.76
243.40	86.924	138.74
244.38	86.909	137.72
245.36	86.894	136.71
246.35	86.879	135.70
247.33	86.864	134.69
248.33	86.849	133.69
249.32	86.833	132.70
250.32	86.817	131.70
251.33	86.801	130.72
252.34	86.785	129.73
253.35	86.769	128.75
254.37	86.756	127.77
255.39	86.750	126.78
256.41	86.745	125.80
257.44	86.739	124.81
258.47	86.733	123.84
259.51	86.728	122.87
260.55	86.722	121.90
261.60	86.716	120.93
262.65	86.711	119.98
263.70	86.705	119.02
264.76	86.699	118.07
265.82	86.694	117.12
266.89	86.688	116.18
267.96	86.683	115.24
269.04	86.677	114.31
270.12	86.683	113.36
271.20	86.688	112.42
272.29	86.695	111.49
273.38	86.701	110.55
274.48	86.707	109.63
275.58	86.714	108.70
276.69	86.721	107.78
277.80	86.728	106.87
278.91	86.735	105.96
280.03	86.742	105.05
281.15	86.750	104.15
282.28	86.758	103.25
283.42	86.766	102.36
284.55	86.774	101.47
285.70	86.783	100.58
286.84	86.791	99.70
287.99	86.799	98.82
289.15	86.807	97.94
290.31	86.816	97.07
291.47	86.825	96.21
292.64	86.834	95.35
293.82	86.843	94.49
295.00	86.853	93.63
296.18	86.862	92.78
297.37	86.872	91.93
298.56	86.882	91.09
299.76	86.893	90.24
300.96	86.903	89.41
302.17	86.913	88.57
303.39	86.917	87.75
304.60	86.922	86.93
305.83	86.926	86.11
307.05	86.931	85.30
308.28	86.936	84.48
309.52	86.941	83.68
310.76	86.946	82.87
312.01	86.951	82.07
313.26	86.956	81.27
314.52	86.962	80.47
315.78	86.968	79.68
317.05	86.973	78.89
318.32	86.979	78.10
319.60	86.985	77.32
320.88	86.996	76.53
322.17	87.008	75.75
323.46	87.020	74.97
324.76	87.033	74.19
326.07	87.046	73.41
327.37	87.059	72.64
328.69	87.072	71.87
330.01	87.085	71.10
331.33	87.099	70.34
332.66	87.113	69.58
334.00	87.126	68.82
335.34	87.141	68.06
336.68	87.155	67.31
338.03	87.169	66.55
339.39	87.178	65.81
340.75	87.173	65.07
342.12	87.168	64.34
343.49	87.163	63.60
344.87	87.158	62.87
346.25	87.153	62.14
347.64	87.148	61.42
349.04	87.142	60.69
350.44	87.137	59.97
351.85	87.132	59.25
353.26	87.127	58.53
354.68	87.123	57.81
356.10	87.118	57.10
357.53	87.113	56.38
358.96	87.108	55.67
360.40	87.103	54.96
361.85	87.099	54.25
363.30	87.094	53.54
364.76	87.090	52.84
366.22	87.085	52.13
367.69	87.081	51.43
369.17	87.076	50.73
370.65	87.072	50.03
372.14	87.068	49.33
373.63	87.063	48.63
375.13	87.059	47.93
376.64	87.054	47.24
378.15	87.050	46.55
379.67	87.046	45.85
381.19	87.039	45.16
382.72	87.028	44.48
384.26	87.017	43.79
385.80	87.007	43.10
387.35	86.996	42.42
388.90	86.985	41.74
390.46	86.974	41.05
392.03	86.964	40.37
393.60	86.953	39.69
395.18	86.942	39.01
396.77	86.931	38.33
398.36	86.920	37.65
399.96	86.909	36.97
401.56	86.898	36.30
403.18	86.886	35.62
404.79	86.876	34.95
406.42	86.865	34.27
408.05	86.855	33.60
409.69	86.844	32.92
411.33	86.833	32.25
412.98	86.823	31.58
414.64	86.812	30.91
416.30	86.801	30.24
417.97	86.790	29.57
419.65	86.779	28.90
421.34	86.768	28.23
423.03	86.757	27.57
424.72	86.745	26.90
426.43	86.734	26.23
428.14	86.719	25.57
429.86	86.702	24.90
431.58	86.685	24.24
433.32	86.667	23.58
435.05	86.649	22.91
436.80	86.632	22.25
438.55	86.614	21.58
440.31	86.596	20.92
442.08	86.578	20.26
443.85	86.560	19.59
445.64	86.541	18.93
447.42	86.523	18.27
449.22	86.505	17.61
451.02	86.486	16.94
452.83	86.468	16.28
454.65	86.457	15.62
456.47	86.446	14.95
458.31	86.435	14.29
460.15	86.424	13.62
461.99	86.413	12.96
463.85	86.401	12.29
465.71	86.390	11.63
467.58	86.378	10.96
469.45	86.367	10.30
471.34	86.355	9.63
473.23	86.343	8.97
475.13	86.331	8.30
477.04	86.319	7.64
478.95	86.307	6.97
480.87	86.320	6.30
482.80	86.342	5.63
484.74	86.364	4.96
486.68	86.386	4.29
488.64	86.408	3.62
490.60	86.431	2.94
492.57	86.453	2.27
494.54	86.475	1.60
496.53	86.498	0.92
498.52	86.520	0.25
500.52	86.543	-0.43
502.53	86.566	-1.10
504.55	86.588	-1.78
506.57	86.611	-2.45
508.61	86.631	-3.13
510.65	86.646	-3.80
512.70	86.661	-4.48
514.75	86.676	-5.15
516.82	86.691	-5.83
518.89	86.706	-6.50
520.98	86.720	-7.18
523.07	86.735	-7.85
525.17	86.750	-8.53
527.27	86.764	-9.20
529.39	86.779	-9.88
531.51	86.793	-10.56
533.65	86.808	-11.23
535.79	86.822	-11.91
537.94	86.837	-12.59
540.10	86.845	-13.27
542.27	86.852	-13.95
544.44	86.859	-14.63
546.63	86.866	-15.31
548.82	86.873	-15.99
551.02	86.879	-16.68
553.23	86.886	-17.36
555.45	86.893	-18.04
557.68	86.900	-18.73
559.92	86.906	-19.42
562.17	86.913	-20.10
564.43	86.919	-20.79
566.69	86.926	-21.48
568.96	86.932	-22.17
571.25	86.936	-22.86
573.54	86.935	-23.55
575.84	86.934	-24.25
578.15	86.933	-24.94
580.47	86.932	-25.64
582.80	86.931	-26.34
585.14	86.930	-27.03
587.49	86.929	-27.73
589.85	86.928	-28.43
592.22	86.927	-29.14
594.59	86.925	-29.84
596.98	86.924	-30.54
599.37	86.923	-31.25
601.78	86.921	-31.96
604.19	86.919	-32.66
606.62	86.904	-33.37
609.05	86.889	-34.09
611.50	86.874	-34.80
613.95	86.858	-35.52
616.42	86.842	-36.23
618.89	86.826	-36.94
621.37	86.810	-37.66
623.87	86.794	-38.37
626.37	86.777	-39.09
628.88	86.761	-39.81
631.41	86.744	-40.53
633.94	86.727	-41.25
636.49	86.710	-41.98
639.04	86.693	-42.70
641.61	86.684	-43.43
644.18	86.680	-44.15
646.77	86.677	-44.88
649.36	86.673	-45.61
651.97	86.669	-46.34
654.58	86.666	-47.07
657.21	86.662	-47.81
659.85	86.658	-48.54
662.50	86.654	-49.28
665.16	86.650	-50.02
667.82	86.645	-50.76
670.50	86.641	-51.50
673.20	86.637	-52.25
675.90	86.632	-52.99
678.61	86.629	-53.74
681.33	86.631	-54.49
684.07	86.633	-55.24
686.81	86.634	-55.99
689.57	86.636	-56.74
692.34	86.639	-57.51
695.12	86.643	-58.28
697.90	86.647	-59.05
700.71	86.651	-59.82
703.52	86.655	-60.60
706.34	86.659	-61.37
709.18	86.663	-62.15
712.02	86.667	-62.94
714.88	86.672	-63.72
717.75	86.676	-64.51
720.63	86.675	-65.30
723.52	86.673	-66.09
726.42	86.671	-66.89
729.34	86.670	-67.69
732.27	86.667	-68.49
735.21	86.663	-69.28
738.16	86.659	-70.07
741.12	86.655	-70.87
744.09	86.651	-71.66
747.08	86.648	-72.46
750.08	86.644	-73.27
753.09	86.640	-74.07
756.11	86.636	-74.88
759.14	86.633	-75.68
762.19	86.625	-76.50
765.25	86.609	-77.32
768.32	86.593	-78.14
771.40	86.578	-78.96
774.50	86.562	-79.79
777.61	86.545	-80.60
780.73	86.527	-81.42
783.86	86.509	-82.25
787.01	86.492	-83.07
790.17	86.474	-83.90
793.34	86.457	-84.72
796.52	86.439	-85.55
799.72	86.422	-86.39
802.93	86.404	-87.22
806.15	86.387	-88.06
809.38	86.393	-88.88
812.63	86.400	-89.71
815.89	86.408	-90.54
819.17	86.415	-91.37
822.46	86.422	-92.20
825.76	86.426	-93.02
829.07	86.431	-93.84
832.40	86.436	-94.67
835.74	86.440	-95.50
839.09	86.445	-96.32
842.46	86.449	-97.15
845.84	86.454	-97.98
849.24	86.458	-98.81
852.64	86.463	-99.65
856.07	86.461	-100.49
859.50	86.453	-101.33
862.95	86.445	-102.18
866.41	86.437	-103.02
869.89	86.429	-103.87
873.38	86.419	-104.71
876.89	86.409	-105.56
880.41	86.399	-106.40
883.94	86.389	-107.25
887.49	86.379	-108.09
891.05	86.369	-108.94
894.62	86.359	-109.79
898.21	86.348	-110.64
901.82	86.338	-111.49
905.44	86.326	-112.35
909.07	86.305	-113.21
912.72	86.283	-114.07
916.38	86.262	-114.94
920.06	86.241	-115.80
923.75	86.217	-116.66
927.46	86.190	-117.51
931.18	86.163	-118.37
934.92	86.135	-119.22
938.67	86.108	-120.07
942.44	86.080	-120.92
946.22	86.052	-121.78
950.02	86.024	-122.63
953.83	85.996	-123.49
957.66	85.967	-124.34
961.50	85.925	-125.21
965.36	85.876	-126.08
969.24	85.827	-126.96
973.13	85.778	-127.83
977.03	85.730	-128.71
980.95	85.682	-129.59
984.89	85.634	-130.47
988.84	85.586	-131.35
992.81	85.538	-132.24
996.79	85.491	-133.12
1000.79	85.443	-134.00
1004.81	85.396	-134.88
1008.84	85.348	-135.77
1012.89	85.300	-136.65
1016.96	85.274	-137.52
1021.04	85.309	-138.32
1025.14	85.344	-139.11
1029.25	85.379	-139.91
1033.38	85.414	-140.71
1037.53	85.449	-141.51
1041.69	85.485	-142.31
1045.87	85.521	-143.12
1050.07	85.557	-143.92
1054.28	85.593	-144.72
1058.51	85.628	-145.52
1062.76	85.663	-146.32
1067.03	85.698	-147.12
1071.31	85.732	-147.92
1075.61	85.766	-148.72
1079.93	85.771	-149.55
1084.26	85.769	-150.38
1088.61	85.767	-151.21
1092.98	85.765	-152.05
1097.37	85.763	-152.88
1101.77	85.759	-153.71
1106.19	85.755	-154.53
1110.63	85.750	-155.36
1115.09	85.745	-156.18
1119.56	85.740	-157.01
1124.06	85.734	-157.83
1128.57	85.729	-158.65
1133.10	85.723	-159.47
1137.64	85.718	-160.29
1142.21	85.706	-161.12
1146.79	85.686	-161.95
1151.40	85.666	-162.78
1156.02	85.645	-163.61
1160.66	85.625	-164.45
1165.31	85.607	-165.28
1169.99	85.592	-166.12
1174.69	85.577	-166.95
1179.40	85.562	-167.79
1184.13	85.547	-168.63
1188.89	85.533	-169.46
1193.66	85.518	-170.29
1198.45	85.504	-171.12
1203.26	85.490	-171.95
1208.09	85.476	-172.78
1212.94	85.474	-173.60
1217.80	85.472	-174.41
1222.69	85.470	-175.22
1227.60	85.468	-176.03
1232.52	85.467	-176.84
1237.47	85.460	-177.63
1242.44	85.452	-178.43
1247.42	85.445	-179.22
1252.43	85.438	179.99
1257.45	85.431	179.20
1262.50	85.423	178.41
1267.57	85.416	177.62
1272.66	85.409	176.84
1277.76	85.402	176.05
1282.89	85.395	175.27
1288.04	85.387	174.49
1293.21	85.380	173.71
1298.40	85.372	172.93
1303.61	85.365	172.16
1308.84	85.362	171.38
1314.09	85.365	170.59
1319.37	85.368	169.81
1324.66	85.372	169.02
1329.98	85.376	168.24
1335.32	85.381	167.47
1340.67	85.385	166.69
1346.05	85.391	165.92
1351.46	85.396	165.15
1356.88	85.401	164.38
1362.33	85.397	163.59
1367.79	85.393	162.82
1373.28	85.390	162.04
1378.79	85.388	161.27
1384.33	85.386	160.50
1389.88	85.367	159.75
1395.46	85.348	159.00
1401.06	85.328	158.26
1406.68	85.309	157.52
1412.33	85.290	156.78
1418.00	85.271	156.05
1423.69	85.252	155.31
1429.40	85.233	154.58
1435.14	85.215	153.86
1440.90	85.196	153.13
1446.68	85.178	152.41
1452.49	85.160	151.69
1458.32	85.141	150.97
1464.17	85.123	150.26
1470.04	85.113	149.54
1475.94	85.112	148.82
1481.87	85.111	148.10
1487.81	85.111	147.38
1493.78	85.111	146.66
1499.78	85.111	145.95
1505.80	85.112	145.24
1511.84	85.113	144.54
1517.91	85.114	143.84
1524.00	85.113	143.14
1530.12	85.110	142.43
1536.26	85.107	141.73
1542.42	85.104	141.04
1548.61	85.101	140.34
1554.83	85.098	139.66
1561.07	85.100	138.97
1567.33	85.103	138.28
1573.62	85.105	137.60
1579.94	85.108	136.92
1586.28	85.111	136.25
1592.64	85.114	135.58
1599.04	85.117	134.91
1605.45	85.121	134.24
1611.90	85.125	133.58
1618.37	85.130	132.93
1624.86	85.136	132.28
1631.38	85.142	131.64
1637.93	85.148	130.99
1644.50	85.154	130.35
1651.10	85.147	129.73
1657.73	85.124	129.11
1664.38	85.100	128.50
1671.06	85.076	127.89
1677.77	85.051	127.28
1684.50	85.026	126.68
1691.26	85.001	126.08
1698.05	84.975	125.48
1704.86	84.949	124.89
1711.70	84.925	124.30
1718.57	84.903	123.72
1725.47	84.880	123.15
1732.39	84.857	122.57
1739.35	84.833	122.00
1746.33	84.809	121.43
1753.34	84.805	120.86
1760.37	84.802	120.29
1767.44	84.798	119.72
1774.53	84.794	119.15
1781.65	84.790	118.59
1788.80	84.786	118.03
1795.98	84.781	117.47
1803.19	84.776	116.92
1810.43	84.771	116.37
1817.69	84.762	115.81
1824.99	84.753	115.26
1832.31	84.744	114.72
1839.66	84.735	114.17
1847.05	84.726	113.63
1854.46	84.712	113.10
1861.90	84.692	112.56
1869.37	84.671	112.04
1876.88	84.651	111.51
1884.41	84.630	110.99
1891.97	84.609	110.47
1899.56	84.588	109.95
1907.19	84.566	109.44
1914.84	84.544	108.92
1922.53	84.522	108.42
1930.24	84.500	107.91
1937.99	84.477	107.40
1945.76	84.455	106.90
1953.57	84.432	106.41
1961.41	84.409	105.91
1969.29	84.408	105.41
1977.19	84.409	104.91
1985.12	84.410	104.42
1993.09	84.410	103.92
2001.09	84.411	103.43
2009.12	84.411	102.95
2017.18	84.412	102.46
2025.28	84.413	101.98
2033.41	84.413	101.50
2041.57	84.413	101.03
2049.76	84.413	100.55
2057.99	84.413	100.08
2066.24	84.413	99.61
2074.54	84.413	99.14
2082.86	84.410	98.68
2091.22	84.403	98.22
2099.61	84.396	97.76
2108.04	84.389	97.31
2116.50	84.382	96.85
2124.99	84.375	96.40
2133.52	84.368	95.96
2142.08	84.361	95.51
2150.68	84.354	95.07
2159.31	84.345	94.63
2167.98	84.336	94.18
2176.68	84.327	93.75
2185.41	84.318	93.31
2194.18	84.309	92.88
2202.99	84.300	92.44
2211.83	84.327	92.01
2220.71	84.354	91.58
2229.62	84.382	91.15
2238.57	84.410	90.72
2247.55	84.439	90.29
2256.57	84.468	89.87
2265.63	84.498	89.45
2274.72	84.528	89.03
2283.85	84.558	88.62
2293.02	84.589	88.21
2302.22	84.620	87.80
2311.46	84.652	87.39
2320.73	84.684	86.99
2330.05	84.716	86.58
2339.40	84.742	86.18
2348.79	84.761	85.79
2358.21	84.780	85.40
2367.68	84.800	85.00
2377.18	84.820	84.61
2386.72	84.840	84.23
2396.30	84.861	83.84
2405.91	84.881	83.46
2415.57	84.902	83.08
2425.26	84.922	82.70
2435.00	84.943	82.32
2444.77	84.963	81.95
2454.58	84.984	81.57
2464.43	85.005	81.20
2474.32	85.026	80.83
2484.25	85.015	80.47
2494.22	85.004	80.11
2504.23	84.993	79.75
2514.28	84.982	79.39
2524.37	84.970	79.03
2534.50	84.959	78.68
2544.67	84.948	78.32
2554.89	84.937	77.97
2565.14	84.927	77.62
2575.43	84.917	77.28
2585.77	84.907	76.93
2596.15	84.897	76.59
2606.57	84.887	76.25
2617.03	84.877	75.91
2627.53	84.871	75.58
2638.07	84.868	75.24
2648.66	84.865	74.91
2659.29	84.862	74.57
2669.96	84.859	74.24
2680.68	84.856	73.92
2691.44	84.853	73.59
2702.24	84.850	73.26
2713.08	84.848	72.94
2723.97	84.846	72.62
2734.90	84.843	72.30
2745.88	84.841	71.98
2756.90	84.839	71.66
2767.96	84.837	71.35
2779.07	84.835	71.04
2790.22	84.846	70.72
2801.42	84.857	70.41
2812.66	84.868	70.10
2823.95	84.879	69.80
2835.29	84.891	69.49
2846.66	84.902	69.19
2858.09	84.914	68.88
2869.56	84.925	68.58
2881.07	84.938	68.28
2892.64	84.950	67.99
2904.25	84.963	67.69
2915.90	84.976	67.40
2927.60	84.988	67.10
2939.35	85.001	66.81
2951.15	85.000	66.52
2962.99	84.986	66.23
2974.88	84.972	65.95
2986.82	84.958	65.66
2998.81	84.944	65.38
3010.84	84.930	65.10
3022.93	84.916	64.82
3035.06	84.902	64.54
3047.24	84.888	64.26
3059.47	84.874	63.98
3071.75	84.860	63.71
3084.07	84.846	63.43
3096.45	84.832	63.16
3108.88	84.818	62.89
3121.35	84.804	62.62
3133.88	84.804	62.35
3146.46	84.803	62.08
3159.09	84.803	61.82
3171.76	84.803	61.55
3184.49	84.802	61.29
3197.27	84.802	61.03
3210.10	84.802	60.77
3222.99	84.801	60.51
3235.92	84.802	60.25
3248.91	84.802	59.99
3261.95	84.802	59.74
3275.04	84.803	59.48
3288.18	84.803	59.23
3301.38	84.803	58.98
3314.63	84.804	58.72
3327.93	84.804	58.48
3341.28	84.804	58.23
3354.69	84.805	57.98
3368.16	84.805	57.73
3381.67	84.805	57.49
3395.25	84.806	57.24
3408.87	84.806	57.00
3422.55	84.806	56.76
3436.29	84.806	56.52
3450.08	84.806	56.28
3463.92	84.806	56.04
3477.83	84.806	55.80
3491.78	84.806	55.57
3505.80	84.806	55.33
3519.87	84.812	55.10
3533.99	84.817	54.86
3548.17	84.822	54.63
3562.41	84.828	54.40
3576.71	84.833	54.17
3591.06	84.839	53.94
3605.48	84.844	53.72
3619.95	84.850	53.49
3634.47	84.854	53.26
3649.06	84.859	53.04
3663.70	84.864	52.81
3678.41	84.869	52.59
3693.17	84.873	52.37
3707.99	84.878	52.15
3722.87	84.877	51.93
3737.81	84.871	51.71
3752.81	84.865	51.49
3767.87	84.859	51.27
3783.00	84.853	51.06
3798.18	84.847	50.84
3813.42	84.841	50.63
3828.72	84.835	50.41
3844.09	84.829	50.20
3859.52	84.823	49.99
3875.01	84.816	49.78
3890.56	84.810	49.57
3906.17	84.804	49.36
3921.85	84.798	49.16
3937.59	84.793	48.95
3953.39	84.826	48.74
3969.25	84.860	48.54
3985.18	84.893	48.33
4001.18	84.927	48.13
4017.23	84.961	47.93
4033.36	84.995	47.73
4049.54	85.029	47.53
4065.80	85.063	47.33
4082.11	85.098	47.13
4098.49	85.133	46.93
4114.94	85.167	46.74
4131.46	85.202	46.54
4148.04	85.238	46.35
4164.68	85.273	46.15
4181.40	85.314	45.96
4198.18	85.359	45.77
4215.03	85.404	45.58
4231.94	85.449	45.39
4248.93	85.495	45.20
4265.98	85.541	45.01
4283.10	85.587	44.82
4300.29	85.633	44.63
4317.55	85.679	44.45
4334.87	85.726	44.26
4352.27	85.773	44.08
4369.74	85.820	43.89
4387.27	85.867	43.71
4404.88	85.914	43.53
4422.56	85.958	43.35
4440.31	85.938	43.17
4458.13	85.919	42.99
4476.02	85.899	42.81
4493.98	85.879	42.63
4512.02	85.859	42.46
4530.12	85.839	42.28
4548.30	85.819	42.11
4566.56	85.799	41.93
4584.88	85.779	41.76
4603.28	85.758	41.59
4621.76	85.738	41.41
4640.31	85.718	41.24
4658.93	85.697	41.07
4677.63	85.676	40.90
4696.40	85.664	40.73
4715.25	85.657	40.56
4734.17	85.650	40.40
4753.17	85.643	40.23
4772.24	85.636	40.06
4791.40	85.629	39.90
4810.63	85.622	39.73
4829.93	85.615	39.57
4849.32	85.608	39.41
4868.78	85.601	39.24
4888.32	85.593	39.08
4907.93	85.586	38.92
4927.63	85.579	38.76
4947.41	85.572	38.60
4967.26	85.563	38.44
4987.20	85.531	38.28
5007.21	85.496	38.12
5027.31	85.456	37.97
5047.48	85.415	37.81
5067.74	85.374	37.66
5088.08	85.333	37.50
5108.50	85.292	37.35
5129.00	85.251	37.19
5149.58	85.210	37.04
5170.25	85.169	36.89
5191.00	85.127	36.74
5211.83	85.085	36.59
5232.75	85.043	36.43
5253.75	85.001	36.29
5274.83	84.978	36.14
5296.00	84.967	35.99
5317.25	84.956	35.84
5338.59	84.945	35.69
5360.02	84.934	35.55
5381.53	84.924	35.40
5403.13	84.913	35.26
5424.81	84.902	35.11
5446.58	84.891	34.97
5468.44	84.880	34.82
5490.38	84.869	34.68
5512.42	84.859	34.54
5534.54	84.848	34.40
5556.75	84.837	34.26
5579.05	84.825	34.12
5601.44	84.799	33.98
5623.92	84.772	33.84
5646.49	84.746	33.70
5669.15	84.720	33.56
5691.91	84.693	33.42
5714.75	84.667	33.29
5737.68	84.640	33.15
5760.71	84.614	33.02
5783.83	84.587	32.88
5807.04	84.560	32.75
5830.34	84.533	32.61
5853.74	84.506	32.48
5877.24	84.479	32.35
5900.82	84.452	32.21
5924.50	84.449	32.08
5948.28	84.461	31.95
5972.15	84.473	31.82
5996.12	84.485	31.69
6020.18	84.498	31.56
6044.34	84.510	31.43
6068.60	84.523	31.30
6092.96	84.536	31.18
6117.41	84.548	31.05
6141.96	84.561	30.92
6166.61	84.574	30.80
6191.35	84.587	30.67
6216.20	84.600	30.55
6241.15	84.614	30.42
6266.20	84.627	30.30
6291.34	84.642	30.17
6316.59	84.657	30.05
6341.94	84.672	29.93
6367.39	84.687	29.81
6392.95	84.702	29.69
6418.60	84.718	29.57
6444.36	84.733	29.45
6470.23	84.749	29.33
6496.19	84.764	29.21
6522.26	84.780	29.09
6548.44	84.796	28.97
6574.72	84.811	28.85
6601.10	84.827	28.73
6627.60	84.844	28.62
6654.19	84.839	28.50
6680.90	84.822	28.38
6707.71	84.805	28.27
6734.63	84.787	28.15
6761.66	84.770	28.04
6788.79	84.752	27.93
6816.04	84.735	27.81
6843.39	84.717	27.70
6870.86	84.699	27.59
6898.43	84.682	27.48
6926.12	84.664	27.36
6953.91	84.646	27.25
6981.82	84.628	27.14
7009.84	84.611	27.03
7037.97	84.591	26.92
7066.22	84.558	26.81
7094.57	84.524	26.70
7123.05	84.490	26.60
7151.63	84.456	26.49
7180.33	84.423	26.38
7209.15	84.389	26.27
7238.08	84.355	26.17
7267.13	84.320	26.06
7296.29	84.286	25.96
7325.58	84.252	25.85
7354.98	84.217	25.75
7384.49	84.183	25.64
7414.13	84.148	25.54
7443.88	84.113	25.43
7473.76	84.099	25.33
7503.75	84.097	25.23
7533.86	84.095	25.13
7564.10	84.093	25.02
7594.46	84.091	24.92
7624.93	84.089	24.82
7655.53	84.088	24.72
7686.26	84.086	24.62
7717.10	84.084	24.52
7748.07	84.082	24.42
7779.17	84.081	24.32
7810.39	84.079	24.22
7841.73	84.078	24.13
7873.20	84.076	24.03
7904.80	84.072	23.93
7936.52	84.050	23.84
7968.38	84.028	23.74
8000.35	84.005	23.64
8032.46	83.983	23.55
8064.70	83.961	23.45
8097.06	83.939	23.36
8129.56	83.916	23.26
8162.18	83.894	23.17
8194.94	83.871	23.07
8227.83	83.849	22.98
8260.85	83.826	22.89
8294.00	83.803	22.80
8327.29	83.781	22.70
8360.71	83.758	22.61
8394.26	83.748	22.52
8427.95	83.746	22.43
8461.77	83.745	22.34
8495.73	83.743	22.25
8529.83	83.741	22.16
8564.06	83.739	22.07
8598.43	83.737	21.98
8632.93	83.736	21.89
8667.58	83.734	21.80
8702.36	83.732	21.72
8737.29	83.730	21.63
8772.35	83.729	21.54
8807.56	83.727	21.45
8842.91	83.726	21.37
8878.39	83.722	21.28
8914.03	83.707	21.20
8949.80	83.693	21.11
8985.72	83.678	21.02
9021.78	83.663	20.94
9057.98	83.648	20.86
9094.34	83.634	20.77
9130.83	83.619	20.69
9167.48	83.604	20.60
9204.27	83.589	20.52
9241.21	83.574	20.44
9278.29	83.559	20.36
9315.53	83.544	20.27
9352.92	83.529	20.19
9390.45	83.514	20.11
9428.14	83.511	20.03
9465.97	83.516	19.95
9503.96	83.520	19.87
9542.10	83.524	19.79
9580.40	83.528	19.71
9618.85	83.533	19.63
9657.45	83.537	19.55
9696.21	83.542	19.47
9735.12	83.546	19.39
9774.19	83.551	19.31
9813.42	83.555	19.24
9852.80	83.560	19.16
9892.34	83.565	19.08
9932.04	83.569	19.00
9971.90	83.573	18.93
10011.92	83.571	18.85
10052.10	83.569	18.78
10092.44	83.567	18.70
10132.94	83.566	18.63
10173.61	83.564	18.55
10214.44	83.562	18.48
10255.43	83.560	18.40
10296.59	83.559	18.33
10337.91	83.557	18.25
10379.40	83.555	18.18
10421.05	83.553	18.11
10462.88	83.552	18.03
10504.87	83.550	17.96
10547.02	83.549	17.89
10589.35	83.572	17.82
10631.85	83.608	17.75
10674.52	83.644	17.67
10717.36	83.680	17.60
10760.37	83.716	17.53
10803.55	83.753	17.46
10846.91	83.789	17.39
10890.44	83.826	17.32
10934.14	83.863	17.25
10978.03	83.900	17.18
11022.08	83.938	17.11
11066.32	83.975	17.04
11110.73	84.013	16.98
11155.32	84.051	16.91
11200.09	84.085	16.84
11245.04	84.099	16.77
11290.16	84.112	16.70
11335.47	84.126	16.64
11380.97	84.140	16.57
11426.64	84.154	16.50
11472.50	84.168	16.44
11518.54	84.182	16.37
11564.77	84.196	16.31
11611.18	84.210	16.24
11657.78	84.224	16.17
11704.56	84.239	16.11
11751.53	84.253	16.04
11798.70	84.268	15.98
11846.05	84.283	15.92
11893.59	84.291	15.85
11941.32	84.296	15.79
11989.24	84.300	15.72
12037.36	84.305	15.66
12085.67	84.310	15.60
12134.17	84.315	15.54
12182.86	84.320	15.47
12231.76	84.326	15.41
12280.85	84.331	15.35
12330.13	84.336	15.29
12379.62	84.341	15.23
12429.30	84.347	15.17
12479.18	84.352	15.10
12529.26	84.358	15.04
12579.54	84.365	14.98
12630.03	84.379	14.92
12680.71	84.393	14.86
12731.61	84.408	14.80
12782.70	84.422	14.74
12834.00	84.437	14.69
12885.51	84.451	14.63
12937.22	84.466	14.57
12989.14	84.481	14.51
13041.27	84.496	14.45
13093.60	84.511	14.39
13146.15	84.526	14.33
13198.91	84.541	14.28
13251.88	84.557	14.22
13305.06	84.572	14.16
13358.46	84.564	14.11
13412.07	84.546	14.05
13465.89	84.528	13.99
13519.94	84.510	13.94
13574.19	84.492	13.88
13628.67	84.474	13.83
13683.36	84.455	13.77
13738.28	84.437	13.71
13793.41	84.419	13.66
13848.77	84.400	13.60
13904.35	84.382	13.55
13960.15	84.364	13.50
14016.17	84.345	13.44
14072.42	84.326	13.39
14128.90	84.303	13.33
14185.60	84.261	13.28
14242.53	84.219	13.23
14299.69	84.176	13.17
14357.08	84.134	13.12
14414.70	84.091	13.07
14472.55	84.048	13.02
14530.63	84.005	12.96
14588.94	83.962	12.91
14647.49	83.918	12.86
14706.27	83.875	12.81
14765.29	83.831	12.76
14824.55	83.787	12.71
14884.04	83.743	12.65
14943.78	83.699	12.60
15003.75	83.680	12.55
15063.96	83.671	12.50
15124.42	83.663	12.45
15185.12	83.654	12.40
15246.06	83.646	12.35
15307.24	83.637	12.30
15368.67	83.628	12.25
15430.35	83.620	12.21
15492.28	83.611	12.16
15554.45	83.602	12.11
15616.87	83.594	12.06
15679.55	83.585	12.01
15742.47	83.576	11.96
15805.65	83.568	11.91
15869.08	83.566	11.87
15932.77	83.591	11.82
15996.71	83.616	11.77
16060.91	83.641	11.72
16125.36	83.667	11.68
16190.08	83.692	11.63
16255.05	83.718	11.58
16320.29	83.743	11.54
16385.79	83.769	11.49
16451.55	83.795	11.45
16517.57	83.822	11.40
16583.86	83.848	11.35
16650.41	83.874	11.31
16717.23	83.901	11.26
16784.32	83.928	11.22
16851.68	83.906	11.17
16919.31	83.864	11.13
16987.21	83.822	11.08
17055.39	83.780	11.04
17123.83	83.738	11.00
17192.56	83.696	10.95
17261.55	83.654	10.91
17330.83	83.611	10.86
17400.38	83.569	10.82
17470.21	83.526	10.78
17540.32	83.483	10.73
17610.72	83.440	10.69
17681.39	83.397	10.65
17752.35	83.354	10.60
17823.60	83.315	10.56
17895.13	83.292	10.52
17966.94	83.269	10.48
18039.05	83.246	10.44
18111.44	83.223	10.39
18184.13	83.200	10.35
18257.10	83.177	10.31
18330.37	83.154	10.27
18403.94	83.131	10.23
18477.80	83.108	10.19
18551.95	83.085	10.15
18626.41	83.061	10.11
18701.16	83.038	10.07
18776.21	83.014	10.03
18851.56	82.991	9.99
18927.22	82.973	9.95
19003.18	82.958	9.91
19079.44	82.942	9.87
19156.01	82.927	9.83
19232.89	82.912	9.79
19310.07	82.896	9.75
19387.57	82.881	9.71
19465.38	82.865	9.67
19543.49	82.849	9.63
19621.93	82.834	9.59
19700.67	82.818	9.55
19779.74	82.802	9.52
19859.12	82.787	9.48
19938.82	82.771	9.44
20018.83	62.759	9.40
20099.17	62.759	9.36
20179.84	62.759	9.33
20260.82	62.759	9.29
20342.13	62.759	9.25
20423.77	62.759	9.22
20505.74	62.759	9.18
20588.03	62.759	9.14
20670.65	62.759	9.10
20753.61	62.759	9.07
20836.90	62.759	9.03
20920.52	62.759	9.00
21004.48	62.759	8.96
21088.78	62.759	8.92
21173.41	62.759	8.89
21258.38	62.759	8.85
21343.70	62.759	8.82
21429.36	62.759	8.78
21515.36	62.759	8.75
21601.70	62.759	8.71
21688.39	62.759	8.68
21775.43	62.759	8.64
21862.82	62.759	8.61
21950.56	62.759	8.57
22038.66	62.759	8.54
22127.10	62.759	8.50
22215.90	62.759	8.47
22305.06	62.759	8.44
22394.58	62.759	8.40
22484.45	62.759	8.37
22574.69	62.759	8.34
22665.28	62.759	8.30
22756.24	62.759	8.27
22847.57	62.759	8.24
22939.26	62.759	8.20
23031.32	62.759	8.17
23123.75	62.759	8.14
23216.55	62.759	8.10
23309.72	62.759	8.07
23403.27	62.759	8.04
23497.19	62.759	8.01
23591.49	62.759	7.98
23686.17	62.759	7.94
23781.23	62.759	7.91
23876.67	62.759	7.88
23972.49	62.759	7.85
24068.70	62.759	7.82
24165.29	62.759	7.79
24262.27	62.759	7.76
24359.64	62.759	7.72
24457.40	62.759	7.69
24555.55	62.759	7.66
24654.10	62.759	7.63
24753.04	62.759	7.60
24852.38	62.759	7.57
24952.12	62.759	7.54
25052.26	62.759	7.51
25152.80	62.759	7.48
25253.74	62.759	7.45
25355.09	62.759	7.42
25456.85	62.759	7.39
25559.01	62.759	7.36
25661.58	62.759	7.33
25764.57	62.759	7.30
25867.97	62.759	7.27
25971.78	62.760	7.24
26076.01	62.760	7.22
26180.66	62.760	7.19
26285.73	62.760	7.16
26391.22	62.760	7.13
26497.13	62.760	7.10
26603.47	62.760	7.07
26710.24	62.760	7.04
26817.43	62.760	7.02
26925.06	62.760	6.99
27033.11	62.760	6.96
27141.60	62.760	6.93
27250.53	62.760	6.90
27359.89	62.760	6.88
27469.69	62.760	6.85
27579.93	62.760	6.82
27690.62	62.760	6.79
27801.75	62.760	6.77
27913.32	62.760	6.74
28025.34	62.760	6.71
28137.81	62.760	6.69
28250.74	62.760	6.66
28364.11	62.760	6.63
28477.95	62.760	6.61
28592.23	62.760	6.58
28706.98	62.760	6.55
28822.19	62.760	6.53
28937.86	62.760	6.50
29053.99	62.760	6.47
29170.59	62.760	6.45
29287.66	62.760	6.42
29405.20	62.760	6.40
29523.21	62.760	6.37
29641.69	62.760	6.35
29760.65	62.760	6.32
29880.08	62.760	6.30
30000.00	62.760	6.27
