# Tweeter v9: SB26STAC + WG +2.5 + BS front + LR4 HP 1100.0Hz + gain -9.0dB
# Frequency(Hz) Magnitude(dB) Phase(deg)
10.00	-141.700	0.20
10.04	-141.560	0.20
10.08	-141.421	0.20
10.12	-141.282	0.21
10.16	-141.143	0.21
10.20	-141.003	0.21
10.24	-140.864	0.21
10.28	-140.725	0.21
10.33	-140.586	0.21
10.37	-140.447	0.21
10.41	-140.307	0.21
10.45	-140.168	0.21
10.49	-140.029	0.21
10.53	-139.890	0.21
10.58	-139.750	0.21
10.62	-139.611	0.21
10.66	-139.472	0.22
10.70	-139.333	0.22
10.75	-139.193	0.22
10.79	-139.054	0.22
10.83	-138.915	0.22
10.88	-138.776	0.22
10.92	-138.636	0.22
10.96	-138.497	0.22
11.01	-138.358	0.22
11.05	-138.219	0.22
11.10	-138.079	0.22
11.14	-137.940	0.22
11.19	-137.801	0.23
11.23	-137.662	0.23
11.28	-137.522	0.23
11.32	-137.383	0.23
11.37	-137.244	0.23
11.41	-137.105	0.23
11.46	-136.965	0.23
11.50	-136.826	0.23
11.55	-136.687	0.23
11.60	-136.548	0.23
11.64	-136.408	0.23
11.69	-136.269	0.24
11.74	-136.130	0.24
11.78	-135.991	0.24
11.83	-135.851	0.24
11.88	-135.712	0.24
11.93	-135.573	0.24
11.97	-135.433	0.24
12.02	-135.294	0.24
12.07	-135.155	0.24
12.12	-135.016	0.24
12.17	-134.876	0.24
12.22	-134.737	0.25
12.27	-134.598	0.25
12.32	-134.459	0.25
12.36	-134.319	0.25
12.41	-134.180	0.25
12.46	-134.041	0.25
12.51	-133.901	0.25
12.56	-133.762	0.25
12.61	-133.623	0.25
12.67	-133.484	0.25
12.72	-133.344	0.26
12.77	-133.205	0.26
12.82	-133.066	0.26
12.87	-132.926	0.26
12.92	-132.787	0.26
12.97	-132.648	0.26
13.03	-132.508	0.26
13.08	-132.369	0.26
13.13	-132.230	0.26
13.18	-132.091	0.26
13.24	-131.951	0.26
13.29	-131.812	0.27
13.34	-131.673	0.27
13.40	-131.533	0.27
13.45	-131.394	0.27
13.50	-131.255	0.27
13.56	-131.115	0.27
13.61	-130.976	0.27
13.67	-130.837	0.27
13.72	-130.697	0.27
13.78	-130.558	0.28
13.83	-130.419	0.28
13.89	-130.280	0.28
13.94	-130.140	0.28
14.00	-130.001	0.28
14.06	-129.862	0.28
14.11	-129.722	0.28
14.17	-129.583	0.28
14.23	-129.444	0.28
14.28	-129.304	0.28
14.34	-129.165	0.29
14.40	-129.026	0.29
14.46	-128.886	0.29
14.51	-128.747	0.29
14.57	-128.608	0.29
14.63	-128.468	0.29
14.69	-128.329	0.29
14.75	-128.190	0.29
14.81	-128.050	0.29
14.87	-127.911	0.30
14.93	-127.772	0.30
14.99	-127.632	0.30
15.05	-127.493	0.30
15.11	-127.353	0.30
15.17	-127.214	0.30
15.23	-127.075	0.30
15.29	-126.935	0.30
15.35	-126.796	0.30
15.41	-126.657	0.31
15.47	-126.517	0.31
15.54	-126.378	0.31
15.60	-126.239	0.31
15.66	-126.099	0.31
15.72	-125.960	0.31
15.79	-125.820	0.31
15.85	-125.681	0.31
15.91	-125.542	0.31
15.98	-125.402	0.32
16.04	-125.263	0.32
16.11	-125.124	0.32
16.17	-124.984	0.32
16.24	-124.845	0.32
16.30	-124.705	0.32
16.37	-124.566	0.32
16.43	-124.427	0.32
16.50	-124.287	0.32
16.56	-124.148	0.33
16.63	-124.008	0.33
16.70	-123.869	0.33
16.76	-123.730	0.33
16.83	-123.590	0.33
16.90	-123.451	0.33
16.97	-123.311	0.33
17.04	-123.172	0.33
17.10	-123.033	0.34
17.17	-122.893	0.34
17.24	-122.754	0.34
17.31	-122.614	0.34
17.38	-122.475	0.34
17.45	-122.336	0.34
17.52	-122.196	0.34
17.59	-122.057	0.34
17.66	-121.917	0.35
17.73	-121.778	0.35
17.80	-121.638	0.35
17.87	-121.499	0.35
17.95	-121.360	0.35
18.02	-121.220	0.35
18.09	-121.081	0.35
18.16	-120.941	0.35
18.24	-120.802	0.36
18.31	-120.662	0.36
18.38	-120.523	0.36
18.46	-120.383	0.36
18.53	-120.244	0.36
18.60	-120.105	0.36
18.68	-119.965	0.36
18.75	-119.826	0.36
18.83	-119.686	0.37
18.90	-119.547	0.37
18.98	-119.407	0.37
19.06	-119.268	0.37
19.13	-119.128	0.37
19.21	-118.989	0.37
19.29	-118.849	0.37
19.36	-118.710	0.37
19.44	-118.570	0.38
19.52	-118.431	0.38
19.60	-118.291	0.38
19.68	-118.152	0.38
19.76	-118.012	0.38
19.84	-117.873	0.38
19.92	-117.733	0.38
20.00	-117.594	0.39
20.08	-117.454	0.39
20.16	-117.315	0.39
20.24	-117.175	0.39
20.32	-117.036	0.39
20.40	-116.896	0.39
20.48	-116.757	0.39
20.56	-116.617	0.39
20.65	-116.478	0.40
20.73	-116.338	0.40
20.81	-116.199	0.40
20.90	-116.059	0.40
20.98	-115.920	0.40
21.06	-115.780	0.40
21.15	-115.640	0.40
21.23	-115.501	0.41
21.32	-115.361	0.41
21.40	-115.222	0.41
21.49	-115.082	0.41
21.58	-114.943	0.41
21.66	-114.803	0.41
21.75	-114.664	0.41
21.84	-114.524	0.41
21.92	-114.384	0.42
22.01	-114.245	0.42
22.10	-114.105	0.42
22.19	-113.966	0.42
22.28	-113.826	0.42
22.37	-113.687	0.42
22.46	-113.547	0.42
22.55	-113.407	0.43
22.64	-113.268	0.43
22.73	-113.128	0.43
22.82	-112.989	0.43
22.91	-112.849	0.43
23.00	-112.709	0.43
23.10	-112.570	0.43
23.19	-112.430	0.44
23.28	-112.290	0.44
23.38	-112.151	0.44
23.47	-112.011	0.44
23.56	-111.872	0.44
23.66	-111.732	0.44
23.75	-111.592	0.44
23.85	-111.453	0.45
23.94	-111.313	0.45
24.04	-111.173	0.45
24.14	-111.034	0.45
24.23	-110.894	0.45
24.33	-110.754	0.45
24.43	-110.615	0.45
24.53	-110.475	0.46
24.62	-110.335	0.46
24.72	-110.196	0.46
24.82	-110.056	0.46
24.92	-109.916	0.46
25.02	-109.776	0.46
25.12	-109.637	0.46
25.22	-109.497	0.47
25.32	-109.357	0.47
25.43	-109.218	0.47
25.53	-109.078	0.47
25.63	-108.938	0.47
25.73	-108.798	0.47
25.84	-108.659	0.47
25.94	-108.519	0.48
26.04	-108.379	0.48
26.15	-108.240	0.48
26.25	-108.100	0.48
26.36	-107.960	0.48
26.47	-107.820	0.48
26.57	-107.680	0.48
26.68	-107.541	0.49
26.79	-107.401	0.49
26.89	-107.261	0.49
27.00	-107.121	0.49
27.11	-106.982	0.49
27.22	-106.842	0.49
27.33	-106.702	0.49
27.44	-106.562	0.50
27.55	-106.422	0.50
27.66	-106.283	0.50
27.77	-106.143	0.50
27.88	-106.003	0.50
27.99	-105.863	0.50
28.10	-105.723	0.50
28.22	-105.583	0.51
28.33	-105.444	0.51
28.44	-105.304	0.51
28.56	-105.164	0.51
28.67	-105.024	0.51
28.79	-104.884	0.51
28.90	-104.744	0.51
29.02	-104.604	0.52
29.14	-104.464	0.52
29.25	-104.325	0.52
29.37	-104.185	0.52
29.49	-104.045	0.52
29.61	-103.905	0.52
29.73	-103.765	0.52
29.84	-103.625	0.53
29.96	-103.485	0.53
30.08	-103.345	0.53
30.21	-103.205	0.53
30.33	-103.065	0.53
30.45	-102.925	0.53
30.57	-102.785	0.53
30.69	-102.645	0.54
30.82	-102.505	0.54
30.94	-102.365	0.54
31.06	-102.225	0.54
31.19	-102.086	0.54
31.31	-101.946	0.54
31.44	-101.806	0.54
31.57	-101.665	0.55
31.69	-101.525	0.55
31.82	-101.385	0.55
31.95	-101.245	0.55
32.08	-101.105	0.55
32.20	-100.965	0.55
32.33	-100.825	0.55
32.46	-100.685	0.56
32.59	-100.545	0.56
32.72	-100.405	0.56
32.86	-100.265	0.56
32.99	-100.125	0.56
33.12	-99.985	0.56
33.25	-99.845	0.56
33.39	-99.705	0.56
33.52	-99.565	0.57
33.65	-99.424	0.57
33.79	-99.284	0.57
33.93	-99.144	0.57
34.06	-99.004	0.57
34.20	-98.864	0.57
34.34	-98.724	0.57
34.47	-98.584	0.57
34.61	-98.443	0.58
34.75	-98.303	0.58
34.89	-98.163	0.58
35.03	-98.023	0.58
35.17	-97.883	0.58
35.31	-97.742	0.58
35.45	-97.602	0.58
35.60	-97.462	0.58
35.74	-97.322	0.59
35.88	-97.182	0.59
36.03	-97.041	0.59
36.17	-96.901	0.59
36.32	-96.761	0.59
36.46	-96.620	0.59
36.61	-96.480	0.59
36.75	-96.340	0.59
36.90	-96.200	0.59
37.05	-96.059	0.60
37.20	-95.919	0.60
37.35	-95.779	0.60
37.50	-95.638	0.60
37.65	-95.498	0.60
37.80	-95.358	0.60
37.95	-95.217	0.60
38.10	-95.077	0.60
38.26	-94.936	0.60
38.41	-94.796	0.60
38.56	-94.656	0.61
38.72	-94.515	0.61
38.87	-94.375	0.61
39.03	-94.234	0.61
39.19	-94.094	0.61
39.34	-93.954	0.61
39.50	-93.813	0.61
39.66	-93.673	0.61
39.82	-93.532	0.61
39.98	-93.392	0.61
40.14	-93.251	0.61
40.30	-93.111	0.62
40.46	-92.970	0.62
40.63	-92.830	0.62
40.79	-92.689	0.62
40.95	-92.548	0.62
41.12	-92.408	0.62
41.28	-92.267	0.62
41.45	-92.127	0.62
41.61	-91.986	0.62
41.78	-91.846	0.62
41.95	-91.705	0.62
42.12	-91.564	0.62
42.29	-91.424	0.62
42.46	-91.283	0.62
42.63	-91.142	0.62
42.80	-91.002	0.63
42.97	-90.861	0.63
43.14	-90.720	0.63
43.31	-90.580	0.63
43.49	-90.439	0.63
43.66	-90.298	0.63
43.84	-90.157	0.63
44.01	-90.017	0.63
44.19	-89.876	0.63
44.37	-89.735	0.63
44.55	-89.594	0.63
44.72	-89.454	0.63
44.90	-89.313	0.63
45.08	-89.172	0.63
45.27	-89.031	0.63
45.45	-88.890	0.63
45.63	-88.749	0.63
45.81	-88.609	0.63
46.00	-88.468	0.63
46.18	-88.327	0.63
46.37	-88.186	0.63
46.55	-88.045	0.63
46.74	-87.904	0.63
46.93	-87.763	0.63
47.12	-87.622	0.63
47.30	-87.481	0.63
47.49	-87.340	0.63
47.68	-87.199	0.63
47.88	-87.058	0.63
48.07	-86.917	0.63
48.26	-86.776	0.63
48.45	-86.635	0.63
48.65	-86.494	0.63
48.84	-86.353	0.63
49.04	-86.212	0.63
49.24	-86.071	0.63
49.43	-85.929	0.63
49.63	-85.788	0.63
49.83	-85.647	0.63
50.03	-85.506	0.63
50.23	-85.365	0.63
50.43	-85.224	0.63
50.64	-85.082	0.63
50.84	-84.941	0.62
51.04	-84.800	0.62
51.25	-84.659	0.62
51.45	-84.517	0.62
51.66	-84.376	0.62
51.87	-84.235	0.62
52.08	-84.093	0.62
52.29	-83.952	0.62
52.50	-83.811	0.62
52.71	-83.669	0.62
52.92	-83.528	0.62
53.13	-83.387	0.61
53.34	-83.245	0.61
53.56	-83.104	0.61
53.77	-82.962	0.61
53.99	-82.821	0.61
54.21	-82.679	0.61
54.42	-82.538	0.61
54.64	-82.396	0.60
54.86	-82.255	0.60
55.08	-82.113	0.60
55.30	-81.972	0.60
55.52	-81.830	0.60
55.75	-81.689	0.60
55.97	-81.547	0.60
56.19	-81.405	0.59
56.42	-81.264	0.59
56.65	-81.122	0.59
56.87	-80.980	0.59
57.10	-80.839	0.59
57.33	-80.697	0.58
57.56	-80.555	0.58
57.79	-80.413	0.58
58.02	-80.272	0.58
58.26	-80.130	0.57
58.49	-79.988	0.57
58.73	-79.846	0.57
58.96	-79.704	0.57
59.20	-79.563	0.56
59.44	-79.421	0.56
59.67	-79.279	0.56
59.91	-79.137	0.56
60.15	-78.995	0.55
60.40	-78.853	0.55
60.64	-78.711	0.55
60.88	-78.569	0.54
61.13	-78.427	0.54
61.37	-78.285	0.54
61.62	-78.143	0.54
61.86	-78.001	0.53
62.11	-77.859	0.53
62.36	-77.717	0.52
62.61	-77.574	0.52
62.86	-77.432	0.52
63.12	-77.290	0.51
63.37	-77.148	0.51
63.62	-77.006	0.51
63.88	-76.863	0.50
64.14	-76.721	0.50
64.39	-76.579	0.49
64.65	-76.437	0.49
64.91	-76.294	0.49
65.17	-76.152	0.48
65.43	-76.009	0.48
65.69	-75.867	0.47
65.96	-75.725	0.47
66.22	-75.582	0.46
66.49	-75.440	0.46
66.76	-75.297	0.45
67.02	-75.155	0.45
67.29	-75.012	0.44
67.56	-74.870	0.44
67.83	-74.727	0.43
68.11	-74.585	0.43
68.38	-74.442	0.42
68.65	-74.299	0.42
68.93	-74.157	0.41
69.21	-74.014	0.41
69.48	-73.871	0.40
69.76	-73.729	0.39
70.04	-73.586	0.39
70.32	-73.443	0.38
70.61	-73.300	0.38
70.89	-73.157	0.37
71.17	-73.015	0.36
71.46	-72.872	0.36
71.75	-72.729	0.35
72.03	-72.586	0.34
72.32	-72.443	0.34
72.61	-72.300	0.33
72.91	-72.157	0.32
73.20	-72.014	0.31
73.49	-71.871	0.31
73.79	-71.728	0.30
74.08	-71.585	0.29
74.38	-71.442	0.28
74.68	-71.298	0.28
74.98	-71.155	0.27
75.28	-71.012	0.26
75.58	-70.869	0.25
75.88	-70.726	0.24
76.19	-70.582	0.24
76.49	-70.439	0.23
76.80	-70.296	0.22
77.11	-70.152	0.21
77.42	-70.009	0.20
77.73	-69.866	0.19
78.04	-69.722	0.18
78.36	-69.579	0.17
78.67	-69.435	0.16
78.99	-69.292	0.15
79.30	-69.148	0.14
79.62	-69.005	0.13
79.94	-68.861	0.12
80.26	-68.717	0.11
80.58	-68.574	0.10
80.91	-68.430	0.09
81.23	-68.286	0.08
81.56	-68.143	0.07
81.88	-67.999	0.06
82.21	-67.855	0.05
82.54	-67.711	0.04
82.87	-67.568	0.03
83.21	-67.424	0.01
83.54	-67.280	0.00
83.88	-67.136	-0.01
84.21	-66.992	-0.02
84.55	-66.848	-0.03
84.89	-66.704	-0.05
85.23	-66.560	-0.06
85.57	-66.416	-0.07
85.92	-66.272	-0.09
86.26	-66.128	-0.10
86.61	-65.983	-0.11
86.95	-65.839	-0.13
87.30	-65.695	-0.14
87.65	-65.551	-0.15
88.01	-65.406	-0.17
88.36	-65.262	-0.18
88.71	-65.118	-0.20
89.07	-64.973	-0.21
89.43	-64.829	-0.23
89.79	-64.685	-0.24
90.15	-64.540	-0.26
90.51	-64.396	-0.27
90.87	-64.251	-0.29
91.24	-64.107	-0.30
91.60	-63.962	-0.32
91.97	-63.817	-0.34
92.34	-63.673	-0.35
92.71	-63.528	-0.37
93.08	-63.383	-0.39
93.45	-63.239	-0.40
93.83	-63.094	-0.42
94.21	-62.949	-0.44
94.58	-62.804	-0.46
94.96	-62.659	-0.48
95.35	-62.515	-0.49
95.73	-62.370	-0.51
96.11	-62.225	-0.53
96.50	-62.080	-0.55
96.89	-61.935	-0.57
97.27	-61.790	-0.59
97.66	-61.645	-0.61
98.06	-61.499	-0.63
98.45	-61.354	-0.65
98.84	-61.209	-0.67
99.24	-61.064	-0.69
99.64	-60.919	-0.71
100.04	-60.773	-0.73
100.44	-60.628	-0.75
100.84	-60.483	-0.78
101.25	-60.337	-0.80
101.66	-40.179	-0.82
102.06	-39.941	-0.84
102.47	-39.703	-0.86
102.88	-39.464	-0.89
103.30	-39.225	-0.91
103.71	-38.985	-0.93
104.13	-38.745	-0.96
104.55	-38.505	-0.98
104.97	-38.264	-1.01
105.39	-38.022	-1.03
105.81	-37.781	-1.06
106.23	-37.538	-1.08
106.66	-37.296	-1.11
107.09	-37.053	-1.13
107.52	-36.809	-1.16
107.95	-36.590	-1.19
108.38	-36.385	-1.21
108.82	-36.179	-1.24
109.25	-35.973	-1.27
109.69	-35.767	-1.30
110.13	-35.561	-1.32
110.58	-35.354	-1.35
111.02	-35.148	-1.38
111.46	-34.940	-1.41
111.91	-34.733	-1.44
112.36	-34.525	-1.47
112.81	-34.317	-1.50
113.26	-34.109	-1.53
113.72	-33.900	-1.56
114.18	-33.695	-1.59
114.63	-33.509	-1.62
115.09	-33.323	-1.65
115.56	-33.136	-1.68
116.02	-32.950	-1.72
116.49	-32.763	-1.75
116.95	-32.576	-1.78
117.42	-32.388	-1.82
117.89	-32.201	-1.85
118.37	-32.013	-1.88
118.84	-31.826	-1.92
119.32	-31.638	-1.95
119.80	-31.449	-1.99
120.28	-31.261	-2.02
120.76	-31.072	-2.06
121.25	-30.886	-2.10
121.73	-30.700	-2.13
122.22	-30.513	-2.17
122.71	-30.327	-2.21
123.20	-30.141	-2.24
123.70	-29.954	-2.28
124.19	-29.767	-2.32
124.69	-29.580	-2.36
125.19	-29.392	-2.40
125.70	-29.205	-2.44
126.20	-29.017	-2.48
126.71	-28.829	-2.52
127.21	-28.641	-2.56
127.73	-28.453	-2.60
128.24	-28.264	-2.64
128.75	-28.071	-2.69
129.27	-27.877	-2.73
129.79	-27.684	-2.77
130.31	-27.490	-2.82
130.83	-27.296	-2.86
131.36	-27.102	-2.90
131.88	-26.908	-2.95
132.41	-26.713	-2.99
132.94	-26.518	-3.04
133.48	-26.323	-3.09
134.01	-26.128	-3.13
134.55	-25.932	-3.18
135.09	-25.737	-3.23
135.63	-25.541	-3.27
136.18	-25.333	-3.32
136.73	-25.118	-3.37
137.27	-24.903	-3.42
137.82	-24.688	-3.47
138.38	-24.473	-3.52
138.93	-24.257	-3.57
139.49	-24.041	-3.62
140.05	-23.825	-3.68
140.61	-23.608	-3.73
141.18	-23.391	-3.78
141.74	-23.174	-3.83
142.31	-22.956	-3.89
142.88	-22.738	-3.94
143.46	-22.520	-4.00
144.03	-22.301	-4.05
144.61	-22.079	-4.11
145.19	-21.858	-4.16
145.77	-21.635	-4.22
146.36	-21.413	-4.28
146.95	-21.190	-4.34
147.54	-20.967	-4.39
148.13	-20.743	-4.45
148.72	-20.519	-4.51
149.32	-20.295	-4.57
149.92	-20.070	-4.63
150.52	-19.845	-4.69
151.12	-19.620	-4.76
151.73	-19.394	-4.82
152.34	-19.169	-4.88
152.95	-18.933	-4.94
153.56	-18.692	-5.01
154.18	-18.450	-5.07
154.80	-18.208	-5.14
155.42	-17.966	-5.20
156.04	-17.724	-5.27
156.67	-17.481	-5.34
157.30	-17.237	-5.40
157.93	-16.993	-5.47
158.56	-16.749	-5.54
159.20	-16.504	-5.61
159.84	-16.259	-5.68
160.48	-16.014	-5.75
161.13	-15.768	-5.82
161.77	-15.521	-5.89
162.42	-15.273	-5.96
163.07	-15.024	-6.04
163.73	-14.774	-6.11
164.38	-14.524	-6.18
165.04	-14.274	-6.26
165.71	-14.023	-6.33
166.37	-13.772	-6.41
167.04	-13.520	-6.48
167.71	-13.268	-6.56
168.38	-13.016	-6.64
169.06	-12.763	-6.72
169.74	-12.509	-6.80
170.42	-12.255	-6.88
171.10	-12.001	-6.96
171.79	-11.759	-7.04
172.48	-11.524	-7.12
173.17	-11.288	-7.20
173.87	-11.051	-7.28
174.56	-10.814	-7.37
175.26	-10.577	-7.45
175.97	-10.339	-7.54
176.67	-10.101	-7.62
177.38	-9.863	-7.71
178.09	-9.624	-7.79
178.81	-9.385	-7.88
179.53	-9.146	-7.97
180.25	-8.906	-8.06
180.97	-8.666	-8.15
181.70	-8.432	-8.24
182.43	-8.229	-8.33
183.16	-8.026	-8.42
183.89	-7.823	-8.52
184.63	-7.619	-8.61
185.37	-7.415	-8.70
186.12	-7.211	-8.80
186.86	-7.007	-8.89
187.61	-6.802	-8.99
188.37	-6.597	-9.09
189.12	-6.392	-9.18
189.88	-6.187	-9.28
190.64	-5.981	-9.38
191.41	-5.775	-9.48
192.18	-5.569	-9.58
192.95	-5.357	-9.68
193.72	-5.140	-9.78
194.50	-4.924	-9.89
195.28	-4.707	-9.99
196.06	-4.490	-10.10
196.85	-4.273	-10.20
197.64	-4.056	-10.31
198.43	-3.838	-10.41
199.23	-3.620	-10.52
200.03	-3.401	-10.63
200.83	-3.183	-10.74
201.64	-2.964	-10.85
202.45	-2.745	-10.96
203.26	-2.525	-11.07
204.08	-2.302	-11.18
204.89	-2.066	-11.29
205.72	-1.829	-11.41
206.54	-1.592	-11.52
207.37	-1.354	-11.64
208.20	-1.116	-11.75
209.04	-0.878	-11.87
209.88	-0.640	-11.99
210.72	-0.401	-12.11
211.57	-0.162	-12.23
212.42	0.078	-12.35
213.27	0.318	-12.47
214.12	0.558	-12.59
214.98	0.799	-12.71
215.85	1.040	-12.84
216.71	1.285	-12.96
217.58	1.531	-13.09
218.45	1.777	-13.21
219.33	2.024	-13.34
220.21	2.271	-13.47
221.10	2.519	-13.60
221.98	2.766	-13.73
222.87	3.015	-13.86
223.77	3.264	-13.99
224.67	3.513	-14.12
225.57	3.762	-14.25
226.47	4.012	-14.39
227.38	4.263	-14.52
228.29	4.513	-14.66
229.21	4.759	-14.80
230.13	4.985	-14.93
231.05	5.211	-15.07
231.98	5.437	-15.21
232.91	5.664	-15.35
233.85	5.891	-15.49
234.79	6.118	-15.64
235.73	6.345	-15.78
236.67	6.573	-15.92
237.62	6.801	-16.07
238.58	7.030	-16.21
239.53	7.259	-16.36
240.50	7.488	-16.51
241.46	7.717	-16.66
242.43	7.947	-16.81
243.40	8.149	-16.96
244.38	8.340	-17.11
245.36	8.532	-17.26
246.35	8.724	-17.41
247.33	8.916	-17.57
248.33	9.108	-17.72
249.32	9.300	-17.88
250.32	9.493	-18.04
251.33	9.685	-18.19
252.34	9.878	-18.35
253.35	10.071	-18.51
254.37	10.264	-18.67
255.39	10.457	-18.84
256.41	10.651	-19.00
257.44	10.851	-19.16
258.47	11.074	-19.33
259.51	11.297	-19.49
260.55	11.521	-19.66
261.60	11.744	-19.83
262.65	11.968	-20.00
263.70	12.193	-20.17
264.76	12.417	-20.34
265.82	12.642	-20.51
266.89	12.867	-20.68
267.96	13.093	-20.86
269.04	13.318	-21.03
270.12	13.544	-21.21
271.20	13.771	-21.38
272.29	13.997	-21.56
273.38	14.216	-21.74
274.48	14.433	-21.92
275.58	14.650	-22.10
276.69	14.867	-22.28
277.80	15.085	-22.47
278.91	15.303	-22.65
280.03	15.520	-22.84
281.15	15.739	-23.02
282.28	15.957	-23.21
283.42	16.176	-23.40
284.55	16.395	-23.59
285.70	16.614	-23.78
286.84	16.834	-23.97
287.99	17.053	-24.16
289.15	17.282	-24.36
290.31	17.538	-24.55
291.47	17.795	-24.75
292.64	18.051	-24.95
293.82	18.308	-25.14
295.00	18.566	-25.34
296.18	18.824	-25.54
297.37	19.082	-25.74
298.56	19.341	-25.95
299.76	19.600	-26.15
300.96	19.860	-26.36
302.17	20.120	-26.56
303.39	20.380	-26.77
304.60	20.641	-26.98
305.83	20.902	-27.18
307.05	21.120	-27.40
308.28	21.323	-27.61
309.52	21.526	-27.82
310.76	21.730	-28.03
312.01	21.933	-28.25
313.26	22.137	-28.46
314.52	22.342	-28.68
315.78	22.546	-28.90
317.05	22.750	-29.12
318.32	22.955	-29.34
319.60	23.160	-29.56
320.88	23.365	-29.78
322.17	23.570	-30.01
323.46	23.776	-30.23
324.76	23.990	-30.46
326.07	24.231	-30.69
327.37	24.471	-30.91
328.69	24.712	-31.14
330.01	24.953	-31.38
331.33	25.195	-31.61
332.66	25.437	-31.84
334.00	25.679	-32.08
335.34	25.921	-32.31
336.68	26.164	-32.55
338.03	26.408	-32.79
339.39	26.651	-33.03
340.75	26.895	-33.27
342.12	27.139	-33.51
343.49	27.384	-33.75
344.87	27.627	-34.00
346.25	27.870	-34.24
347.64	28.114	-34.49
349.04	28.357	-34.74
350.44	28.602	-34.98
351.85	28.846	-35.24
353.26	29.091	-35.49
354.68	29.336	-35.74
356.10	29.582	-35.99
357.53	29.827	-36.25
358.96	30.074	-36.51
360.40	30.320	-36.76
361.85	30.567	-37.02
363.30	30.814	-37.28
364.76	31.046	-37.55
366.22	31.238	-37.81
367.69	31.430	-38.07
369.17	31.622	-38.34
370.65	31.814	-38.61
372.14	32.007	-38.87
373.63	32.199	-39.14
375.13	32.392	-39.42
376.64	32.584	-39.69
378.15	32.777	-39.96
379.67	32.970	-40.24
381.19	33.163	-40.51
382.72	33.356	-40.79
384.26	33.549	-41.07
385.80	33.743	-41.35
387.35	33.956	-41.63
388.90	34.176	-41.91
390.46	34.395	-42.20
392.03	34.615	-42.48
393.60	34.835	-42.77
395.18	35.055	-43.06
396.77	35.276	-43.35
398.36	35.496	-43.64
399.96	35.717	-43.93
401.56	35.938	-44.22
403.18	36.160	-44.52
404.79	36.381	-44.82
406.42	36.603	-45.11
408.05	36.825	-45.41
409.69	37.032	-45.71
411.33	37.201	-46.02
412.98	37.371	-46.32
414.64	37.540	-46.63
416.30	37.709	-46.93
417.97	37.878	-47.24
419.65	38.047	-47.55
421.34	38.217	-47.86
423.03	38.386	-48.17
424.72	38.555	-48.49
426.43	38.724	-48.80
428.14	38.894	-49.12
429.86	39.063	-49.44
431.58	39.232	-49.75
433.32	39.402	-50.08
435.05	39.595	-50.40
436.80	39.795	-50.72
438.55	39.994	-51.05
440.31	40.194	-51.37
442.08	40.394	-51.70
443.85	40.595	-52.03
445.64	40.795	-52.36
447.42	40.995	-52.70
449.22	41.196	-53.03
451.02	41.397	-53.37
452.83	41.598	-53.71
454.65	41.799	-54.04
456.47	42.000	-54.39
458.31	42.201	-54.73
460.15	42.405	-55.07
461.99	42.615	-55.42
463.85	42.824	-55.76
465.71	43.034	-56.11
467.58	43.245	-56.46
469.45	43.455	-56.81
471.34	43.665	-57.17
473.23	43.876	-57.52
475.13	44.087	-57.88
477.04	44.298	-58.24
478.95	44.509	-58.60
480.87	44.720	-58.96
482.80	44.932	-59.32
484.74	45.144	-59.68
486.68	45.355	-60.05
488.64	45.585	-60.42
490.60	45.820	-60.79
492.57	46.055	-61.16
494.54	46.290	-61.53
496.53	46.525	-61.91
498.52	46.760	-62.28
500.52	46.996	-62.66
502.53	47.232	-63.04
504.55	47.468	-63.42
506.57	47.705	-63.80
508.61	47.942	-64.19
510.65	48.179	-64.57
512.70	48.416	-64.96
514.75	48.654	-65.35
516.82	48.875	-65.74
518.89	49.060	-66.14
520.98	49.246	-66.53
523.07	49.431	-66.93
525.17	49.617	-67.32
527.27	49.803	-67.72
529.39	49.989	-68.13
531.51	50.174	-68.53
533.65	50.360	-68.94
535.79	50.546	-69.34
537.94	50.732	-69.75
540.10	50.918	-70.16
542.27	51.104	-70.57
544.44	51.290	-70.99
546.63	51.476	-71.40
548.82	51.666	-71.82
551.02	51.857	-72.24
553.23	52.047	-72.66
555.45	52.238	-73.09
557.68	52.429	-73.51
559.92	52.620	-73.94
562.17	52.811	-74.37
564.43	53.003	-74.80
566.69	53.194	-75.23
568.96	53.385	-75.66
571.25	53.576	-76.10
573.54	53.768	-76.54
575.84	53.959	-76.98
578.15	54.150	-77.42
580.47	54.343	-77.86
582.80	54.537	-78.31
585.14	54.732	-78.76
587.49	54.926	-79.21
589.85	55.121	-79.66
592.22	55.315	-80.11
594.59	55.510	-80.57
596.98	55.705	-81.02
599.37	55.899	-81.48
601.78	56.094	-81.94
604.19	56.289	-82.40
606.62	56.484	-82.87
609.05	56.679	-83.34
611.50	56.874	-83.80
613.95	57.069	-84.27
616.42	57.240	-84.75
618.89	57.407	-85.22
621.37	57.573	-85.70
623.87	57.740	-86.18
626.37	57.906	-86.66
628.88	58.072	-87.14
631.41	58.239	-87.62
633.94	58.405	-88.11
636.49	58.571	-88.60
639.04	58.737	-89.09
641.61	58.902	-89.58
644.18	59.068	-90.07
646.77	59.234	-90.57
649.36	59.399	-91.06
651.97	59.566	-91.56
654.58	59.735	-92.07
657.21	59.903	-92.57
659.85	60.072	-93.08
662.50	60.240	-93.58
665.16	60.408	-94.09
667.82	60.577	-94.61
670.50	60.745	-95.12
673.20	60.913	-95.63
675.90	61.081	-96.15
678.61	61.248	-96.67
681.33	61.416	-97.19
684.07	61.584	-97.72
686.81	61.751	-98.24
689.57	61.918	-98.77
692.34	62.127	-99.30
695.12	62.343	-99.83
697.90	62.559	-100.37
700.71	62.775	-100.90
703.52	62.991	-101.44
706.34	63.207	-101.98
709.18	63.424	-102.52
712.02	63.640	-103.06
714.88	63.856	-103.61
717.75	64.073	-104.16
720.63	64.289	-104.71
723.52	64.506	-105.26
726.42	64.722	-105.81
729.34	64.939	-106.37
732.27	65.143	-106.92
735.21	65.324	-107.48
738.16	65.504	-108.04
741.12	65.684	-108.61
744.09	65.864	-109.17
747.08	66.044	-109.74
750.08	66.224	-110.31
753.09	66.404	-110.88
756.11	66.584	-111.45
759.14	66.763	-112.03
762.19	66.943	-112.60
765.25	67.122	-113.18
768.32	67.302	-113.76
771.40	67.481	-114.35
774.50	67.660	-114.93
777.61	67.818	-115.52
780.73	67.972	-116.10
783.86	68.126	-116.69
787.01	68.280	-117.29
790.17	68.434	-117.88
793.34	68.587	-118.47
796.52	68.741	-119.07
799.72	68.894	-119.67
802.93	69.046	-120.27
806.15	69.199	-120.87
809.38	69.351	-121.48
812.63	69.503	-122.08
815.89	69.655	-122.69
819.17	69.806	-123.30
822.46	69.949	-123.91
825.76	70.079	-124.53
829.07	70.207	-125.14
832.40	70.336	-125.76
835.74	70.464	-126.37
839.09	70.592	-126.99
842.46	70.719	-127.61
845.84	70.846	-128.24
849.24	70.973	-128.86
852.64	71.099	-129.49
856.07	71.225	-130.12
859.50	71.350	-130.74
862.95	71.476	-131.38
866.41	71.601	-132.01
869.89	71.725	-132.64
873.38	71.839	-133.28
876.89	71.950	-133.91
880.41	72.062	-134.55
883.94	72.173	-135.19
887.49	72.283	-135.83
891.05	72.393	-136.47
894.62	72.503	-137.12
898.21	72.612	-137.76
901.82	72.720	-138.41
905.44	72.829	-139.06
909.07	72.936	-139.70
912.72	73.044	-140.35
916.38	73.151	-141.01
920.06	73.257	-141.66
923.75	73.353	-142.31
927.46	73.432	-142.97
931.18	73.510	-143.62
934.92	73.588	-144.28
938.67	73.665	-144.94
942.44	73.741	-145.60
946.22	73.817	-146.26
950.02	73.893	-146.92
953.83	73.968	-147.58
957.66	74.042	-148.25
961.50	74.115	-148.91
965.36	74.189	-149.58
969.24	74.261	-150.24
973.13	74.333	-150.91
977.03	74.404	-151.58
980.95	74.480	-152.25
984.89	74.555	-152.91
988.84	74.630	-153.58
992.81	74.704	-154.26
996.79	74.778	-154.93
1000.79	74.851	-155.60
1004.81	74.924	-156.27
1008.84	74.996	-156.95
1012.89	75.067	-157.62
1016.96	75.138	-158.29
1021.04	75.208	-158.97
1025.14	75.278	-159.65
1029.25	75.347	-160.32
1033.38	75.416	-161.00
1037.53	75.487	-161.67
1041.69	75.562	-162.35
1045.87	75.637	-163.03
1050.07	75.711	-163.71
1054.28	75.785	-164.39
1058.51	75.858	-165.06
1062.76	75.931	-165.74
1067.03	76.003	-166.42
1071.31	76.075	-167.10
1075.61	76.146	-167.78
1079.93	76.217	-168.46
1084.26	76.287	-169.14
1088.61	76.357	-169.82
1092.98	76.426	-170.50
1097.37	76.495	-171.18
1101.77	76.558	188.14
1106.19	76.620	187.46
1110.63	76.681	186.79
1115.09	76.742	186.11
1119.56	76.802	185.43
1124.06	76.862	184.75
1128.57	76.921	184.07
1133.10	76.980	183.39
1137.64	77.039	182.72
1142.21	77.097	182.04
1146.79	77.155	181.36
1151.40	77.212	180.69
1156.02	77.269	180.01
1160.66	77.326	179.33
1165.31	77.388	178.66
1169.99	77.458	177.98
1174.69	77.527	177.31
1179.40	77.597	176.64
1184.13	77.666	175.96
1188.89	77.735	175.29
1193.66	77.804	174.62
1198.45	77.872	173.95
1203.26	77.941	173.28
1208.09	78.009	172.61
1212.94	78.076	171.94
1217.80	78.144	171.27
1222.69	78.211	170.61
1227.60	78.279	169.94
1232.52	78.346	169.28
1237.47	78.400	168.61
1242.44	78.454	167.95
1247.42	78.507	167.29
1252.43	78.560	166.63
1257.45	78.612	165.97
1262.50	78.665	165.31
1267.57	78.718	164.65
1272.66	78.770	163.99
1277.76	78.822	163.34
1282.89	78.874	162.68
1288.04	78.926	162.03
1293.21	78.978	161.38
1298.40	79.030	160.73
1303.61	79.081	160.08
1308.84	79.142	159.43
1314.09	79.214	158.78
1319.37	79.286	158.14
1324.66	79.359	157.49
1329.98	79.431	156.85
1335.32	79.504	156.21
1340.67	79.576	155.57
1346.05	79.649	154.93
1351.46	79.721	154.29
1356.88	79.794	153.66
1362.33	79.866	153.02
1367.79	79.939	152.39
1373.28	80.011	151.76
1378.79	80.084	151.13
1384.33	80.156	150.50
1389.88	80.197	149.87
1395.46	80.235	149.25
1401.06	80.273	148.63
1406.68	80.311	148.01
1412.33	80.348	147.39
1418.00	80.386	146.77
1423.69	80.423	146.15
1429.40	80.460	145.54
1435.14	80.496	144.92
1440.90	80.532	144.31
1446.68	80.568	143.70
1452.49	80.603	143.10
1458.32	80.638	142.49
1464.17	80.673	141.89
1470.04	80.719	141.29
1475.94	80.782	140.69
1481.87	80.843	140.09
1487.81	80.905	139.49
1493.78	80.966	138.90
1499.78	81.026	138.30
1505.80	81.086	137.71
1511.84	81.146	137.12
1517.91	81.205	136.54
1524.00	81.263	135.95
1530.12	81.321	135.37
1536.26	81.379	134.79
1542.42	81.435	134.21
1548.61	81.492	133.63
1554.83	81.547	133.06
1561.07	81.608	132.48
1567.33	81.669	131.91
1573.62	81.729	131.34
1579.94	81.789	130.78
1586.28	81.848	130.21
1592.64	81.906	129.65
1599.04	81.963	129.09
1605.45	82.020	128.53
1611.90	82.076	127.97
1618.37	82.131	127.42
1624.86	82.185	126.86
1631.38	82.239	126.31
1637.93	82.292	125.76
1644.50	82.344	125.22
1651.10	82.377	124.67
1657.73	82.388	124.13
1664.38	82.397	123.59
1671.06	82.406	123.05
1677.77	82.414	122.51
1684.50	82.421	121.98
1691.26	82.427	121.45
1698.05	82.432	120.92
1704.86	82.436	120.39
1711.70	82.439	119.86
1718.57	82.441	119.34
1725.47	82.443	118.82
1732.39	82.443	118.30
1739.35	82.443	117.78
1746.33	82.442	117.27
1753.34	82.467	116.75
1760.37	82.492	116.24
1767.44	82.517	115.73
1774.53	82.541	115.22
1781.65	82.565	114.72
1788.80	82.587	114.22
1795.98	82.609	113.72
1803.19	82.631	113.22
1810.43	82.652	112.72
1817.69	82.672	112.23
1824.99	82.691	111.73
1832.31	82.710	111.24
1839.66	82.729	110.76
1847.05	82.747	110.27
1854.46	82.758	109.79
1861.90	82.761	109.30
1869.37	82.764	108.82
1876.88	82.767	108.35
1884.41	82.769	107.87
1891.97	82.770	107.40
1899.56	82.771	106.92
1907.19	82.771	106.45
1914.84	82.771	105.99
1922.53	82.770	105.52
1930.24	82.769	105.06
1937.99	82.767	104.60
1945.76	82.765	104.14
1953.57	82.762	103.68
1961.41	82.759	103.22
1969.29	82.783	102.77
1977.19	82.807	102.32
1985.12	82.832	101.87
1993.09	82.856	101.42
2001.09	82.879	100.98
2009.12	82.903	100.53
2017.18	82.926	100.09
2025.28	82.949	99.65
2033.41	82.971	99.22
2041.57	82.994	98.78
2049.76	83.016	98.35
2057.99	83.038	97.92
2066.24	83.059	97.49
2074.54	83.081	97.06
2082.86	83.098	96.63
2091.22	83.110	96.21
2099.61	83.122	95.79
2108.04	83.134	95.37
2116.50	83.145	94.95
2124.99	83.157	94.53
2133.52	83.168	94.12
2142.08	83.179	93.71
2150.68	83.190	93.30
2159.31	83.200	92.89
2167.98	83.210	92.48
2176.68	83.220	92.08
2185.41	83.230	91.67
2194.18	83.240	91.27
2202.99	83.249	90.87
2211.83	83.298	90.48
2220.71	83.348	90.08
2229.62	83.397	89.69
2238.57	83.447	89.30
2247.55	83.496	88.91
2256.57	83.546	88.52
2265.63	83.595	88.13
2274.72	83.645	87.75
2283.85	83.694	87.36
2293.02	83.744	86.98
2302.22	83.794	86.60
2311.46	83.843	86.23
2320.73	83.893	85.85
2330.05	83.942	85.48
2339.40	83.985	85.10
2348.79	84.019	84.73
2358.21	84.054	84.36
2367.68	84.088	84.00
2377.18	84.123	83.63
2386.72	84.157	83.27
2396.30	84.192	82.91
2405.91	84.226	82.55
2415.57	84.261	82.19
2425.26	84.295	81.83
2435.00	84.330	81.47
2444.77	84.364	81.12
2454.58	84.399	80.77
2464.43	84.433	80.42
2474.32	84.468	80.07
2484.25	84.467	79.72
2494.22	84.466	79.38
2504.23	84.465	79.03
2514.28	84.464	78.69
2524.37	84.463	78.35
2534.50	84.462	78.01
2544.67	84.460	77.67
2554.89	84.459	77.34
2565.14	84.457	77.00
2575.43	84.455	76.67
2585.77	84.454	76.34
2596.15	84.452	76.01
2606.57	84.450	75.68
2617.03	84.447	75.36
2627.53	84.449	75.03
2638.07	84.453	74.71
2648.66	84.458	74.38
2659.29	84.463	74.06
2669.96	84.467	73.75
2680.68	84.472	73.43
2691.44	84.476	73.11
2702.24	84.480	72.80
2713.08	84.484	72.48
2723.97	84.489	72.17
2734.90	84.493	71.86
2745.88	84.497	71.55
2756.90	84.501	71.25
2767.96	84.505	70.94
2779.07	84.509	70.64
2790.22	84.526	70.33
2801.42	84.543	70.03
2812.66	84.560	69.73
2823.95	84.577	69.43
2835.29	84.595	69.13
2846.66	84.612	68.84
2858.09	84.629	68.54
2869.56	84.646	68.25
2881.07	84.663	67.96
2892.64	84.681	67.67
2904.25	84.698	67.38
2915.90	84.715	67.09
2927.60	84.732	66.80
2939.35	84.750	66.52
2951.15	84.753	66.23
2962.99	84.742	65.95
2974.88	84.732	65.67
2986.82	84.721	65.39
2998.81	84.710	65.11
3010.84	84.699	64.83
3022.93	84.689	64.56
3035.06	84.677	64.28
3047.24	84.666	64.01
3059.47	84.655	63.74
3071.75	84.644	63.47
3084.07	84.632	63.20
3096.45	84.621	62.93
3108.88	84.609	62.66
3121.35	84.598	62.39
3133.88	84.600	62.13
3146.46	84.603	61.87
3159.09	84.605	61.60
3171.76	84.607	61.34
3184.49	84.610	61.08
3197.27	84.612	60.82
3210.10	84.614	60.57
3222.99	84.616	60.31
3235.92	84.618	60.05
3248.91	84.621	59.80
3261.95	84.623	59.55
3275.04	84.625	59.29
3288.18	84.627	59.04
3301.38	84.629	58.79
3314.63	84.631	58.55
3327.93	84.633	58.30
3341.28	84.635	58.05
3354.69	84.636	57.81
3368.16	84.638	57.56
3381.67	84.640	57.32
3395.25	84.642	57.08
3408.87	84.644	56.84
3422.55	84.645	56.60
3436.29	84.647	56.36
3450.08	84.649	56.12
3463.92	84.651	55.89
3477.83	84.652	55.65
3491.78	84.654	55.42
3505.80	84.656	55.18
3519.87	84.663	54.95
3533.99	84.669	54.72
3548.17	84.676	54.49
3562.41	84.683	54.26
3576.71	84.690	54.03
3591.06	84.697	53.81
3605.48	84.704	53.58
3619.95	84.711	53.36
3634.47	84.718	53.13
3649.06	84.725	52.91
3663.70	84.732	52.69
3678.41	84.739	52.47
3693.17	84.746	52.25
3707.99	84.753	52.03
3722.87	84.754	51.81
3737.81	84.750	51.60
3752.81	84.746	51.38
3767.87	84.741	51.16
3783.00	84.737	50.95
3798.18	84.733	50.74
3813.42	84.729	50.53
3828.72	84.724	50.31
3844.09	84.720	50.10
3859.52	84.715	49.90
3875.01	84.711	49.69
3890.56	84.706	49.48
3906.17	84.702	49.27
3921.85	84.697	49.07
3937.59	84.694	48.86
3953.39	84.730	48.66
3969.25	84.765	48.46
3985.18	84.801	48.25
4001.18	84.836	48.05
4017.23	84.872	47.85
4033.36	84.908	47.65
4049.54	84.944	47.46
4065.80	84.980	47.26
4082.11	85.017	47.06
4098.49	85.053	46.87
4114.94	85.089	46.67
4131.46	85.126	46.48
4148.04	85.163	46.29
4164.68	85.200	46.09
4181.40	85.242	45.90
4198.18	85.289	45.71
4215.03	85.336	45.52
4231.94	85.382	45.33
4248.93	85.430	45.14
4265.98	85.477	44.96
4283.10	85.524	44.77
4300.29	85.572	44.59
4317.55	85.620	44.40
4334.87	85.668	44.22
4352.27	85.716	44.03
4369.74	85.764	43.85
4387.27	85.813	43.67
4404.88	85.862	43.49
4422.56	85.906	43.31
4440.31	85.888	43.13
4458.13	85.869	42.95
4476.02	85.850	42.77
4493.98	85.831	42.60
4512.02	85.811	42.42
4530.12	85.792	42.25
4548.30	85.773	42.07
4566.56	85.753	41.90
4584.88	85.734	41.72
4603.28	85.714	41.55
4621.76	85.695	41.38
4640.31	85.675	41.21
4658.93	85.655	41.04
4677.63	85.635	40.87
4696.40	85.623	40.70
4715.25	85.617	40.53
4734.17	85.611	40.37
4753.17	85.604	40.20
4772.24	85.598	40.04
4791.40	85.592	39.87
4810.63	85.585	39.71
4829.93	85.579	39.54
4849.32	85.573	39.38
4868.78	85.566	39.22
4888.32	85.560	39.06
4907.93	85.553	38.90
4927.63	85.547	38.74
4947.41	85.540	38.58
4967.26	85.531	38.42
4987.20	85.500	38.26
5007.21	85.469	38.10
5027.31	85.438	37.95
5047.48	85.406	37.79
5067.74	85.375	37.64
5088.08	85.343	37.48
5108.50	85.311	37.33
5129.00	85.279	37.17
5149.58	85.247	37.02
5170.25	85.214	36.87
5191.00	85.182	36.72
5211.83	85.149	36.57
5232.75	85.116	36.42
5253.75	85.084	36.27
5274.83	85.069	36.12
5296.00	85.067	35.97
5317.25	85.066	35.82
5338.59	85.064	35.68
5360.02	85.062	35.53
5381.53	85.060	35.39
5403.13	85.059	35.24
5424.81	85.057	35.10
5446.58	85.055	34.95
5468.44	85.054	34.81
5490.38	85.052	34.67
5512.42	85.050	34.53
5534.54	85.048	34.39
5556.75	85.046	34.24
5579.05	85.043	34.10
5601.44	85.026	33.96
5623.92	85.009	33.83
5646.49	84.992	33.69
5669.15	84.974	33.55
5691.91	84.957	33.41
5714.75	84.939	33.28
5737.68	84.922	33.14
5760.71	84.904	33.01
5783.83	84.886	32.87
5807.04	84.868	32.74
5830.34	84.850	32.60
5853.74	84.832	32.47
5877.24	84.814	32.34
5900.82	84.796	32.21
5924.50	84.801	32.07
5948.28	84.822	31.94
5972.15	84.844	31.81
5996.12	84.865	31.68
6020.18	84.886	31.55
6044.34	84.908	31.43
6068.60	84.929	31.30
6092.96	84.951	31.17
6117.41	84.972	31.04
6141.96	84.994	30.92
6166.61	85.016	30.79
6191.35	85.038	30.67
6216.20	85.060	30.54
6241.15	85.082	30.42
6266.20	85.104	30.29
6291.34	85.128	30.17
6316.59	85.152	30.05
6341.94	85.176	29.92
6367.39	85.200	29.80
6392.95	85.224	29.68
6418.60	85.248	29.56
6444.36	85.272	29.44
6470.23	85.297	29.32
6496.19	85.321	29.20
6522.26	85.346	29.08
6548.44	85.371	28.96
6574.72	85.395	28.85
6601.10	85.420	28.73
6627.60	85.445	28.61
6654.19	85.450	28.50
6680.90	85.441	28.38
6707.71	85.432	28.27
6734.63	85.424	28.15
6761.66	85.415	28.04
6788.79	85.406	27.92
6816.04	85.398	27.81
6843.39	85.389	27.70
6870.86	85.380	27.58
6898.43	85.371	27.47
6926.12	85.362	27.36
6953.91	85.353	27.25
6981.82	85.344	27.14
7009.84	85.335	27.03
7037.97	85.324	26.92
7066.22	85.300	26.81
7094.57	85.275	26.70
7123.05	85.250	26.59
7151.63	85.225	26.48
7180.33	85.200	26.38
7209.15	85.175	26.27
7238.08	85.149	26.16
7267.13	85.124	26.06
7296.29	85.098	25.95
7325.58	85.073	25.85
7354.98	85.047	25.74
7384.49	85.021	25.64
7414.13	84.995	25.53
7443.88	84.969	25.43
7473.76	84.963	25.33
7503.75	84.970	25.23
7533.86	84.977	25.12
7564.10	84.984	25.02
7594.46	84.991	24.92
7624.93	84.998	24.82
7655.53	85.005	24.72
7686.26	85.012	24.62
7717.10	85.019	24.52
7748.07	85.026	24.42
7779.17	85.033	24.32
7810.39	85.040	24.22
7841.73	85.047	24.12
7873.20	85.054	24.03
7904.80	85.059	23.93
7936.52	85.046	23.83
7968.38	85.032	23.74
8000.35	85.019	23.64
8032.46	85.005	23.55
8064.70	84.992	23.45
8097.06	84.978	23.36
8129.56	84.964	23.26
8162.18	84.951	23.17
8194.94	84.937	23.07
8227.83	84.923	22.98
8260.85	84.909	22.89
8294.00	84.895	22.79
8327.29	84.881	22.70
8360.71	84.867	22.61
8394.26	84.866	22.52
8427.95	84.873	22.43
8461.77	84.880	22.34
8495.73	84.887	22.25
8529.83	84.894	22.16
8564.06	84.901	22.07
8598.43	84.908	21.98
8632.93	84.915	21.89
8667.58	84.922	21.80
8702.36	84.929	21.71
8737.29	84.936	21.63
8772.35	84.943	21.54
8807.56	84.950	21.45
8842.91	84.957	21.37
8878.39	84.962	21.28
8914.03	84.956	21.19
8949.80	84.950	21.11
8985.72	84.944	21.02
9021.78	84.938	20.94
9057.98	84.932	20.85
9094.34	84.926	20.77
9130.83	84.920	20.69
9167.48	84.914	20.60
9204.27	84.908	20.52
9241.21	84.901	20.44
9278.29	84.895	20.35
9315.53	84.889	20.27
9352.92	84.883	20.19
9390.45	84.876	20.11
9428.14	84.882	20.03
9465.97	84.895	19.95
9503.96	84.908	19.87
9542.10	84.921	19.79
9580.40	84.934	19.71
9618.85	84.947	19.63
9657.45	84.960	19.55
9696.21	84.973	19.47
9735.12	84.987	19.39
9774.19	85.000	19.31
9813.42	85.013	19.24
9852.80	85.027	19.16
9892.34	85.040	19.08
9932.04	85.053	19.00
9971.90	85.066	18.93
10011.92	85.073	18.85
10052.10	85.080	18.78
10092.44	85.086	18.70
10132.94	85.093	18.62
10173.61	85.100	18.55
10214.44	85.107	18.48
10255.43	85.114	18.40
10296.59	85.121	18.33
10337.91	85.128	18.25
10379.40	85.135	18.18
10421.05	85.142	18.11
10462.88	85.149	18.03
10504.87	85.156	17.96
10547.02	85.163	17.89
10589.35	85.195	17.82
10631.85	85.239	17.75
10674.52	85.284	17.67
10717.36	85.329	17.60
10760.37	85.374	17.53
10803.55	85.419	17.46
10846.91	85.464	17.39
10890.44	85.510	17.32
10934.14	85.556	17.25
10978.03	85.602	17.18
11022.08	85.648	17.11
11066.32	85.694	17.04
11110.73	85.741	16.98
11155.32	85.787	16.91
11200.09	85.830	16.84
11245.04	85.852	16.77
11290.16	85.874	16.70
11335.47	85.897	16.64
11380.97	85.919	16.57
11426.64	85.942	16.50
11472.50	85.964	16.44
11518.54	85.987	16.37
11564.77	86.010	16.31
11611.18	86.033	16.24
11657.78	86.056	16.17
11704.56	86.079	16.11
11751.53	86.102	16.04
11798.70	86.126	15.98
11846.05	86.149	15.92
11893.59	86.166	15.85
11941.32	86.179	15.79
11989.24	86.193	15.72
12037.36	86.206	15.66
12085.67	86.220	15.60
12134.17	86.234	15.54
12182.86	86.248	15.47
12231.76	86.261	15.41
12280.85	86.275	15.35
12330.13	86.289	15.29
12379.62	86.303	15.23
12429.30	86.317	15.17
12479.18	86.331	15.10
12529.26	86.345	15.04
12579.54	86.361	14.98
12630.03	86.384	14.92
12680.71	86.407	14.86
12731.61	86.430	14.80
12782.70	86.453	14.74
12834.00	86.477	14.69
12885.51	86.500	14.63
12937.22	86.523	14.57
12989.14	86.547	14.51
13041.27	86.570	14.45
13093.60	86.594	14.39
13146.15	86.618	14.33
13198.91	86.642	14.28
13251.88	86.666	14.22
13305.06	86.690	14.16
13358.46	86.691	14.11
13412.07	86.682	14.05
13465.89	86.672	13.99
13519.94	86.663	13.94
13574.19	86.653	13.88
13628.67	86.644	13.83
13683.36	86.634	13.77
13738.28	86.624	13.71
13793.41	86.615	13.66
13848.77	86.605	13.60
13904.35	86.595	13.55
13960.15	86.585	13.50
14016.17	86.576	13.44
14072.42	86.566	13.39
14128.90	86.551	13.33
14185.60	86.518	13.28
14242.53	86.484	13.23
14299.69	86.450	13.17
14357.08	86.416	13.12
14414.70	86.382	13.07
14472.55	86.348	13.02
14530.63	86.313	12.96
14588.94	86.279	12.91
14647.49	86.244	12.86
14706.27	86.209	12.81
14765.29	86.174	12.76
14824.55	86.139	12.71
14884.04	86.104	12.65
14943.78	86.069	12.60
15003.75	86.058	12.55
15063.96	86.058	12.50
15124.42	86.058	12.45
15185.12	86.058	12.40
15246.06	86.058	12.35
15307.24	86.058	12.30
15368.67	86.058	12.25
15430.35	86.058	12.21
15492.28	86.058	12.16
15554.45	86.058	12.11
15616.87	86.058	12.06
15679.55	86.058	12.01
15742.47	86.058	11.96
15805.65	86.058	11.91
15869.08	86.065	11.87
15932.77	86.099	11.82
15996.71	86.133	11.77
16060.91	86.167	11.72
16125.36	86.201	11.68
16190.08	86.235	11.63
16255.05	86.269	11.58
16320.29	86.303	11.54
16385.79	86.338	11.49
16451.55	86.373	11.45
16517.57	86.408	11.40
16583.86	86.443	11.35
16650.41	86.478	11.31
16717.23	86.513	11.26
16784.32	86.548	11.22
16851.68	86.535	11.17
16919.31	86.502	11.13
16987.21	86.469	11.08
17055.39	86.436	11.04
17123.83	86.402	11.00
17192.56	86.369	10.95
17261.55	86.335	10.91
17330.83	86.301	10.86
17400.38	86.267	10.82
17470.21	86.233	10.78
17540.32	86.199	10.73
17610.72	86.165	10.69
17681.39	86.130	10.65
17752.35	86.096	10.60
17823.60	86.066	10.56
17895.13	86.051	10.52
17966.94	86.037	10.48
18039.05	86.023	10.44
18111.44	86.009	10.39
18184.13	85.994	10.35
18257.10	85.980	10.31
18330.37	85.966	10.27
18403.94	85.951	10.23
18477.80	85.937	10.19
18551.95	85.922	10.15
18626.41	85.907	10.11
18701.16	85.893	10.07
18776.21	85.878	10.03
18851.56	85.863	9.99
18927.22	85.854	9.95
19003.18	85.847	9.91
19079.44	85.840	9.87
19156.01	85.834	9.83
19232.89	85.827	9.79
19310.07	85.820	9.75
19387.57	85.813	9.71
19465.38	85.806	9.67
19543.49	85.799	9.63
19621.93	85.792	9.59
19700.67	85.785	9.55
19779.74	85.778	9.52
19859.12	85.771	9.48
19938.82	85.764	9.44
20018.83	65.759	9.40
20099.17	65.759	9.36
20179.84	65.759	9.33
20260.82	65.759	9.29
20342.13	65.759	9.25
20423.77	65.759	9.22
20505.74	65.759	9.18
20588.03	65.759	9.14
20670.65	65.759	9.10
20753.61	65.759	9.07
20836.90	65.759	9.03
20920.52	65.759	9.00
21004.48	65.759	8.96
21088.78	65.759	8.92
21173.41	65.759	8.89
21258.38	65.759	8.85
21343.70	65.759	8.82
21429.36	65.759	8.78
21515.36	65.759	8.75
21601.70	65.759	8.71
21688.39	65.759	8.68
21775.43	65.759	8.64
21862.82	65.759	8.61
21950.56	65.759	8.57
22038.66	65.759	8.54
22127.10	65.759	8.50
22215.90	65.759	8.47
22305.06	65.759	8.44
22394.58	65.759	8.40
22484.45	65.759	8.37
22574.69	65.759	8.34
22665.28	65.759	8.30
22756.24	65.759	8.27
22847.57	65.759	8.24
22939.26	65.759	8.20
23031.32	65.759	8.17
23123.75	65.759	8.14
23216.55	65.759	8.10
23309.72	65.759	8.07
23403.27	65.759	8.04
23497.19	65.759	8.01
23591.49	65.759	7.98
23686.17	65.759	7.94
23781.23	65.759	7.91
23876.67	65.759	7.88
23972.49	65.759	7.85
24068.70	65.759	7.82
24165.29	65.759	7.79
24262.27	65.759	7.76
24359.64	65.759	7.72
24457.40	65.759	7.69
24555.55	65.759	7.66
24654.10	65.759	7.63
24753.04	65.759	7.60
24852.38	65.759	7.57
24952.12	65.759	7.54
25052.26	65.759	7.51
25152.80	65.759	7.48
25253.74	65.759	7.45
25355.09	65.759	7.42
25456.85	65.759	7.39
25559.01	65.759	7.36
25661.58	65.759	7.33
25764.57	65.759	7.30
25867.97	65.759	7.27
25971.78	65.759	7.24
26076.01	65.759	7.22
26180.66	65.759	7.19
26285.73	65.759	7.16
26391.22	65.759	7.13
26497.13	65.759	7.10
26603.47	65.759	7.07
26710.24	65.759	7.04
26817.43	65.759	7.02
26925.06	65.759	6.99
27033.11	65.759	6.96
27141.60	65.759	6.93
27250.53	65.759	6.90
27359.89	65.759	6.88
27469.69	65.759	6.85
27579.93	65.759	6.82
27690.62	65.759	6.79
27801.75	65.759	6.77
27913.32	65.759	6.74
28025.34	65.759	6.71
28137.81	65.760	6.69
28250.74	65.760	6.66
28364.11	65.760	6.63
28477.95	65.760	6.61
28592.23	65.760	6.58
28706.98	65.760	6.55
28822.19	65.760	6.53
28937.86	65.760	6.50
29053.99	65.760	6.47
29170.59	65.760	6.45
29287.66	65.760	6.42
29405.20	65.760	6.40
29523.21	65.760	6.37
29641.69	65.760	6.35
29760.65	65.760	6.32
29880.08	65.760	6.30
30000.00	65.760	6.27
