# SB26STAC-C000-4 datasheet + WG +2.5dB, baffle step front W/2=160mm, no crossover, no gain
# Frequency(Hz) Magnitude(dB) Phase(deg)
10.00	30.611	0.00
10.04	30.611	0.00
10.08	30.611	0.00
10.12	30.611	0.00
10.16	30.611	0.00
10.20	30.611	0.00
10.24	30.611	0.00
10.28	30.611	0.00
10.33	30.611	0.00
10.37	30.611	0.00
10.41	30.611	0.00
10.45	30.612	0.00
10.49	30.612	0.00
10.53	30.612	0.00
10.58	30.612	0.00
10.62	30.612	0.00
10.66	30.612	0.00
10.70	30.612	0.00
10.75	30.612	0.00
10.79	30.612	0.00
10.83	30.613	0.00
10.88	30.613	0.00
10.92	30.613	0.00
10.96	30.613	0.00
11.01	30.613	0.00
11.05	30.613	0.00
11.10	30.613	0.00
11.14	30.613	0.00
11.19	30.613	0.00
11.23	30.613	0.00
11.28	30.614	0.00
11.32	30.614	0.00
11.37	30.614	0.00
11.41	30.614	0.00
11.46	30.614	0.00
11.50	30.614	0.00
11.55	30.614	0.00
11.60	30.614	0.00
11.64	30.615	0.00
11.69	30.615	0.00
11.74	30.615	0.00
11.78	30.615	0.00
11.83	30.615	0.00
11.88	30.615	0.00
11.93	30.615	0.00
11.97	30.615	0.00
12.02	30.616	0.00
12.07	30.616	0.00
12.12	30.616	0.00
12.17	30.616	0.00
12.22	30.616	0.00
12.27	30.616	0.00
12.32	30.616	0.00
12.36	30.616	0.00
12.41	30.617	0.00
12.46	30.617	0.00
12.51	30.617	0.00
12.56	30.617	0.00
12.61	30.617	0.00
12.67	30.617	0.00
12.72	30.617	0.00
12.77	30.618	0.00
12.82	30.618	0.00
12.87	30.618	0.00
12.92	30.618	0.00
12.97	30.618	0.00
13.03	30.618	0.00
13.08	30.618	0.00
13.13	30.619	0.00
13.18	30.619	0.00
13.24	30.619	0.00
13.29	30.619	0.00
13.34	30.619	0.00
13.40	30.619	0.00
13.45	30.620	0.00
13.50	30.620	0.00
13.56	30.620	0.00
13.61	30.620	0.00
13.67	30.620	0.00
13.72	30.620	0.00
13.78	30.621	0.00
13.83	30.621	0.00
13.89	30.621	0.00
13.94	30.621	0.00
14.00	30.621	0.00
14.06	30.621	0.00
14.11	30.622	0.00
14.17	30.622	0.00
14.23	30.622	0.00
14.28	30.622	0.00
14.34	30.622	0.00
14.40	30.622	0.00
14.46	30.623	0.00
14.51	30.623	0.00
14.57	30.623	0.00
14.63	30.623	0.00
14.69	30.623	0.00
14.75	30.624	0.00
14.81	30.624	0.00
14.87	30.624	0.00
14.93	30.624	0.00
14.99	30.624	0.00
15.05	30.625	0.00
15.11	30.625	0.00
15.17	30.625	0.00
15.23	30.625	0.00
15.29	30.625	0.00
15.35	30.626	0.00
15.41	30.626	0.00
15.47	30.626	0.00
15.54	30.626	0.00
15.60	30.626	0.00
15.66	30.627	0.00
15.72	30.627	0.00
15.79	30.627	0.00
15.85	30.627	0.00
15.91	30.628	0.00
15.98	30.628	0.00
16.04	30.628	0.00
16.11	30.628	0.00
16.17	30.629	0.00
16.24	30.629	0.00
16.30	30.629	0.00
16.37	30.629	0.00
16.43	30.629	0.00
16.50	30.630	0.00
16.56	30.630	0.00
16.63	30.630	0.00
16.70	30.630	0.00
16.76	30.631	0.00
16.83	30.631	0.00
16.90	30.631	0.00
16.97	30.631	0.00
17.04	30.632	0.00
17.10	30.632	0.00
17.17	30.632	0.00
17.24	30.632	0.00
17.31	30.633	0.00
17.38	30.633	0.00
17.45	30.633	0.00
17.52	30.634	0.00
17.59	30.634	0.00
17.66	30.634	0.00
17.73	30.634	0.00
17.80	30.635	0.00
17.87	30.635	0.00
17.95	30.635	0.00
18.02	30.635	0.00
18.09	30.636	0.00
18.16	30.636	0.00
18.24	30.636	0.00
18.31	30.637	0.00
18.38	30.637	0.00
18.46	30.637	0.00
18.53	30.638	0.00
18.60	30.638	0.00
18.68	30.638	0.00
18.75	30.638	0.00
18.83	30.639	0.00
18.90	30.639	0.00
18.98	30.639	0.00
19.06	30.640	0.00
19.13	30.640	0.00
19.21	30.640	0.00
19.29	30.641	0.00
19.36	30.641	0.00
19.44	30.641	0.00
19.52	30.642	0.00
19.60	30.642	0.00
19.68	30.642	0.00
19.76	30.643	0.00
19.84	30.643	0.00
19.92	30.643	0.00
20.00	30.644	0.00
20.08	30.644	0.00
20.16	30.644	0.00
20.24	30.645	0.00
20.32	30.645	0.00
20.40	30.646	0.00
20.48	30.646	0.00
20.56	30.646	0.00
20.65	30.647	0.00
20.73	30.647	0.00
20.81	30.647	0.00
20.90	30.648	0.00
20.98	30.648	0.00
21.06	30.649	0.00
21.15	30.649	0.00
21.23	30.649	0.00
21.32	30.650	0.00
21.40	30.650	0.00
21.49	30.651	0.00
21.58	30.651	0.00
21.66	30.651	0.00
21.75	30.652	0.00
21.84	30.652	0.00
21.92	30.653	0.00
22.01	30.653	0.00
22.10	30.654	0.00
22.19	30.654	0.00
22.28	30.654	0.00
22.37	30.655	0.00
22.46	30.655	0.00
22.55	30.656	0.00
22.64	30.656	0.00
22.73	30.657	0.00
22.82	30.657	0.00
22.91	30.658	0.00
23.00	30.658	0.00
23.10	30.658	0.00
23.19	30.659	0.00
23.28	30.659	0.00
23.38	30.660	0.00
23.47	30.660	0.00
23.56	30.661	0.00
23.66	30.661	0.00
23.75	30.662	0.00
23.85	30.662	0.00
23.94	30.663	0.00
24.04	30.663	0.00
24.14	30.664	0.00
24.23	30.664	0.00
24.33	30.665	0.00
24.43	30.665	0.00
24.53	30.666	0.00
24.62	30.666	0.00
24.72	30.667	0.00
24.82	30.667	0.00
24.92	30.668	0.00
25.02	30.669	0.00
25.12	30.669	0.00
25.22	30.670	0.00
25.32	30.670	0.00
25.43	30.671	0.00
25.53	30.671	0.00
25.63	30.672	0.00
25.73	30.672	0.00
25.84	30.673	0.00
25.94	30.674	0.00
26.04	30.674	0.00
26.15	30.675	0.00
26.25	30.675	0.00
26.36	30.676	0.00
26.47	30.677	0.00
26.57	30.677	0.00
26.68	30.678	0.00
26.79	30.678	0.00
26.89	30.679	0.00
27.00	30.680	0.00
27.11	30.680	0.00
27.22	30.681	0.00
27.33	30.682	0.00
27.44	30.682	0.00
27.55	30.683	0.00
27.66	30.684	0.00
27.77	30.684	0.00
27.88	30.685	0.00
27.99	30.686	0.00
28.10	30.686	0.00
28.22	30.687	0.00
28.33	30.688	0.00
28.44	30.688	0.00
28.56	30.689	0.00
28.67	30.690	0.00
28.79	30.691	0.00
28.90	30.691	0.00
29.02	30.692	0.00
29.14	30.693	0.00
29.25	30.693	0.00
29.37	30.694	0.00
29.49	30.695	0.00
29.61	30.696	0.00
29.73	30.696	0.00
29.84	30.697	0.00
29.96	30.698	0.00
30.08	30.699	0.00
30.21	30.700	0.00
30.33	30.700	0.00
30.45	30.701	0.00
30.57	30.702	0.00
30.69	30.703	0.00
30.82	30.704	0.00
30.94	30.704	0.00
31.06	30.705	0.00
31.19	30.706	0.00
31.31	30.707	0.00
31.44	30.708	0.00
31.57	30.709	0.00
31.69	30.709	0.00
31.82	30.710	0.00
31.95	30.711	0.00
32.08	30.712	0.00
32.20	30.713	0.00
32.33	30.714	0.00
32.46	30.715	0.00
32.59	30.716	0.00
32.72	30.717	0.00
32.86	30.717	0.00
32.99	30.718	0.00
33.12	30.719	0.00
33.25	30.720	0.00
33.39	30.721	0.00
33.52	30.722	0.00
33.65	30.723	0.00
33.79	30.724	0.00
33.93	30.725	0.00
34.06	30.726	0.00
34.20	30.727	0.00
34.34	30.728	0.00
34.47	30.729	0.00
34.61	30.730	0.00
34.75	30.731	0.00
34.89	30.732	0.00
35.03	30.733	0.00
35.17	30.734	0.00
35.31	30.735	0.00
35.45	30.736	0.00
35.60	30.737	0.00
35.74	30.739	0.00
35.88	30.740	0.00
36.03	30.741	0.00
36.17	30.742	0.00
36.32	30.743	0.00
36.46	30.744	0.00
36.61	30.745	0.00
36.75	30.746	0.00
36.90	30.747	0.00
37.05	30.749	0.00
37.20	30.750	0.00
37.35	30.751	0.00
37.50	30.752	0.00
37.65	30.753	0.00
37.80	30.755	0.00
37.95	30.756	0.00
38.10	30.757	0.00
38.26	30.758	0.00
38.41	30.759	0.00
38.56	30.761	0.00
38.72	30.762	0.00
38.87	30.763	0.00
39.03	30.765	0.00
39.19	30.766	0.00
39.34	30.767	0.00
39.50	30.768	0.00
39.66	30.770	0.00
39.82	30.771	0.00
39.98	30.772	0.00
40.14	30.774	0.00
40.30	30.775	0.00
40.46	30.776	0.00
40.63	30.778	0.00
40.79	30.779	0.00
40.95	30.781	0.00
41.12	30.782	0.00
41.28	30.783	0.00
41.45	30.785	0.00
41.61	30.786	0.00
41.78	30.788	0.00
41.95	30.789	0.00
42.12	30.791	0.00
42.29	30.792	0.00
42.46	30.794	0.00
42.63	30.795	0.00
42.80	30.797	0.00
42.97	30.798	0.00
43.14	30.800	0.00
43.31	30.801	0.00
43.49	30.803	0.00
43.66	30.804	0.00
43.84	30.806	0.00
44.01	30.808	0.00
44.19	30.809	0.00
44.37	30.811	0.00
44.55	30.812	0.00
44.72	30.814	0.00
44.90	30.816	0.00
45.08	30.817	0.00
45.27	30.819	0.00
45.45	30.821	0.00
45.63	30.823	0.00
45.81	30.824	0.00
46.00	30.826	0.00
46.18	30.828	0.00
46.37	30.829	0.00
46.55	30.831	0.00
46.74	30.833	0.00
46.93	30.835	0.00
47.12	30.837	0.00
47.30	30.838	0.00
47.49	30.840	0.00
47.68	30.842	0.00
47.88	30.844	0.00
48.07	30.846	0.00
48.26	30.848	0.00
48.45	30.850	0.00
48.65	30.852	0.00
48.84	30.853	0.00
49.04	30.855	0.00
49.24	30.857	0.00
49.43	30.859	0.00
49.63	30.861	0.00
49.83	30.863	0.00
50.03	30.865	0.00
50.23	30.867	0.00
50.43	30.869	0.00
50.64	30.871	0.00
50.84	30.874	0.00
51.04	30.876	0.00
51.25	30.878	0.00
51.45	30.880	0.00
51.66	30.882	0.00
51.87	30.884	0.00
52.08	30.886	0.00
52.29	30.889	0.00
52.50	30.891	0.00
52.71	30.893	0.00
52.92	30.895	0.00
53.13	30.897	0.00
53.34	30.900	0.00
53.56	30.902	0.00
53.77	30.904	0.00
53.99	30.907	0.00
54.21	30.909	0.00
54.42	30.911	0.00
54.64	30.914	0.00
54.86	30.916	0.00
55.08	30.918	0.00
55.30	30.921	0.00
55.52	30.923	0.00
55.75	30.926	0.00
55.97	30.928	0.00
56.19	30.931	0.00
56.42	30.933	0.00
56.65	30.936	0.00
56.87	30.938	0.00
57.10	30.941	0.00
57.33	30.943	0.00
57.56	30.946	0.00
57.79	30.948	0.00
58.02	30.951	0.00
58.26	30.954	0.00
58.49	30.956	0.00
58.73	30.959	0.00
58.96	30.962	0.00
59.20	30.964	0.00
59.44	30.967	0.00
59.67	30.970	0.00
59.91	30.973	0.00
60.15	30.975	0.00
60.40	30.978	0.00
60.64	30.981	0.00
60.88	30.984	0.00
61.13	30.987	0.00
61.37	30.990	0.00
61.62	30.993	0.00
61.86	30.995	0.00
62.11	30.998	0.00
62.36	31.001	0.00
62.61	31.004	0.00
62.86	31.007	0.00
63.12	31.010	0.00
63.37	31.013	0.00
63.62	31.017	0.00
63.88	31.020	0.00
64.14	31.023	0.00
64.39	31.026	0.00
64.65	31.029	0.00
64.91	31.032	0.00
65.17	31.035	0.00
65.43	31.039	0.00
65.69	31.042	0.00
65.96	31.045	0.00
66.22	31.048	0.00
66.49	31.052	0.00
66.76	31.055	0.00
67.02	31.058	0.00
67.29	31.062	0.00
67.56	31.065	0.00
67.83	31.069	0.00
68.11	31.072	0.00
68.38	31.075	0.00
68.65	31.079	0.00
68.93	31.082	0.00
69.21	31.086	0.00
69.48	31.090	0.00
69.76	31.093	0.00
70.04	31.097	0.00
70.32	31.100	0.00
70.61	31.104	0.00
70.89	31.108	0.00
71.17	31.111	0.00
71.46	31.115	0.00
71.75	31.119	0.00
72.03	31.123	0.00
72.32	31.126	0.00
72.61	31.130	0.00
72.91	31.134	0.00
73.20	31.138	0.00
73.49	31.142	0.00
73.79	31.146	0.00
74.08	31.150	0.00
74.38	31.154	0.00
74.68	31.158	0.00
74.98	31.162	0.00
75.28	31.166	0.00
75.58	31.170	0.00
75.88	31.174	0.00
76.19	31.178	0.00
76.49	31.182	0.00
76.80	31.186	0.00
77.11	31.190	0.00
77.42	31.195	0.00
77.73	31.199	0.00
78.04	31.203	0.00
78.36	31.207	0.00
78.67	31.212	0.00
78.99	31.216	0.00
79.30	31.221	0.00
79.62	31.225	0.00
79.94	31.229	0.00
80.26	31.234	0.00
80.58	31.238	0.00
80.91	31.243	0.00
81.23	31.247	0.00
81.56	31.252	0.00
81.88	31.257	0.00
82.21	31.261	0.00
82.54	31.266	0.00
82.87	31.271	0.00
83.21	31.275	0.00
83.54	31.280	0.00
83.88	31.285	0.00
84.21	31.290	0.00
84.55	31.295	0.00
84.89	31.299	0.00
85.23	31.304	0.00
85.57	31.309	0.00
85.92	31.314	0.00
86.26	31.319	0.00
86.61	31.324	0.00
86.95	31.329	0.00
87.30	31.334	0.00
87.65	31.339	0.00
88.01	31.344	0.00
88.36	31.350	0.00
88.71	31.355	0.00
89.07	31.360	0.00
89.43	31.365	0.00
89.79	31.371	0.00
90.15	31.376	0.00
90.51	31.381	0.00
90.87	31.387	0.00
91.24	31.392	0.00
91.60	31.397	0.00
91.97	31.403	0.00
92.34	31.408	0.00
92.71	31.414	0.00
93.08	31.419	0.00
93.45	31.425	0.00
93.83	31.431	0.00
94.21	31.436	0.00
94.58	31.442	0.00
94.96	31.448	0.00
95.35	31.453	0.00
95.73	31.459	0.00
96.11	31.465	0.00
96.50	31.471	0.00
96.89	31.477	0.00
97.27	31.483	0.00
97.66	31.489	0.00
98.06	31.495	0.00
98.45	31.501	0.00
98.84	31.507	0.00
99.24	31.513	0.00
99.64	31.519	0.00
100.04	31.525	0.00
100.44	31.531	0.00
100.84	31.537	0.00
101.25	31.543	0.00
101.66	51.562	0.00
102.06	51.661	0.00
102.47	51.760	0.00
102.88	51.860	0.00
103.30	51.960	0.00
103.71	52.061	0.00
104.13	52.162	0.00
104.55	52.263	0.00
104.97	52.365	0.00
105.39	52.467	0.00
105.81	52.570	0.00
106.23	52.673	0.00
106.66	52.776	0.00
107.09	52.880	0.00
107.52	52.984	0.00
107.95	53.065	0.00
108.38	53.131	0.00
108.82	53.197	0.00
109.25	53.264	0.00
109.69	53.331	0.00
110.13	53.398	0.00
110.58	53.465	0.00
111.02	53.533	0.00
111.46	53.601	0.00
111.91	53.669	0.00
112.36	53.738	0.00
112.81	53.807	0.00
113.26	53.876	0.00
113.72	53.945	0.00
114.18	54.012	0.00
114.63	54.059	0.00
115.09	54.106	0.00
115.56	54.153	0.00
116.02	54.200	0.00
116.49	54.248	0.00
116.95	54.296	0.00
117.42	54.344	0.00
117.89	54.392	0.00
118.37	54.441	0.00
118.84	54.490	0.00
119.32	54.538	0.00
119.80	54.587	0.00
120.28	54.637	0.00
120.76	54.686	0.00
121.25	54.734	0.00
121.73	54.781	0.00
122.22	54.828	0.00
122.71	54.875	0.00
123.20	54.922	0.00
123.70	54.970	0.00
124.19	55.018	0.00
124.69	55.066	0.00
125.19	55.114	0.00
125.70	55.162	0.00
126.20	55.211	0.00
126.71	55.260	0.00
127.21	55.309	0.00
127.73	55.358	0.00
128.24	55.408	0.00
128.75	55.462	0.00
129.27	55.516	0.00
129.79	55.570	0.00
130.31	55.625	0.00
130.83	55.680	0.00
131.36	55.735	0.00
131.88	55.790	0.00
132.41	55.846	0.00
132.94	55.901	0.00
133.48	55.957	0.00
134.01	56.013	0.00
134.55	56.070	0.00
135.09	56.126	0.00
135.63	56.183	0.00
136.18	56.252	0.00
136.73	56.328	0.00
137.27	56.403	0.00
137.82	56.479	0.00
138.38	56.556	0.00
138.93	56.632	0.00
139.49	56.709	0.00
140.05	56.786	0.00
140.61	56.864	0.00
141.18	56.942	0.00
141.74	57.020	0.00
142.31	57.098	0.00
142.88	57.177	0.00
143.46	57.256	0.00
144.03	57.336	0.00
144.61	57.419	0.00
145.19	57.501	0.00
145.77	57.585	0.00
146.36	57.668	0.00
146.95	57.752	0.00
147.54	57.836	0.00
148.13	57.920	0.00
148.72	58.005	0.00
149.32	58.090	0.00
149.92	58.176	0.00
150.52	58.262	0.00
151.12	58.348	0.00
151.73	58.434	0.00
152.34	58.521	0.00
152.95	58.618	0.00
153.56	58.720	0.00
154.18	58.822	0.00
154.80	58.925	0.00
155.42	59.028	0.00
156.04	59.131	0.00
156.67	59.235	0.00
157.30	59.340	0.00
157.93	59.444	0.00
158.56	59.549	0.00
159.20	59.655	0.00
159.84	59.761	0.00
160.48	59.867	0.00
161.13	59.974	0.00
161.77	60.082	0.00
162.42	60.191	0.00
163.07	60.301	0.00
163.73	60.412	0.00
164.38	60.523	0.00
165.04	60.634	0.00
165.71	60.746	0.00
166.37	60.858	0.00
167.04	60.970	0.00
167.71	61.083	0.00
168.38	61.197	0.00
169.06	61.311	0.00
169.74	61.425	0.00
170.42	61.540	0.00
171.10	61.655	0.00
171.79	61.757	0.00
172.48	61.854	0.00
173.17	61.951	0.00
173.87	62.049	0.00
174.56	62.146	0.00
175.26	62.245	0.00
175.97	62.343	0.00
176.67	62.442	0.00
177.38	62.541	0.00
178.09	62.641	0.00
178.81	62.741	0.00
179.53	62.841	0.00
180.25	62.942	0.00
180.97	63.043	0.00
181.70	63.138	0.00
182.43	63.202	0.00
183.16	63.266	0.00
183.89	63.330	0.00
184.63	63.395	0.00
185.37	63.460	0.00
186.12	63.525	0.00
186.86	63.590	0.00
187.61	63.656	0.00
188.37	63.721	0.00
189.12	63.788	0.00
189.88	63.854	0.00
190.64	63.920	0.00
191.41	63.987	0.00
192.18	64.054	0.00
192.95	64.128	0.00
193.72	64.205	0.00
194.50	64.282	0.00
195.28	64.360	0.00
196.06	64.438	0.00
196.85	64.516	0.00
197.64	64.595	0.00
198.43	64.674	0.00
199.23	64.753	0.00
200.03	64.832	0.00
200.83	64.912	0.00
201.64	64.992	0.00
202.45	65.072	0.00
203.26	65.152	0.00
204.08	65.236	0.00
204.89	65.334	0.00
205.72	65.432	0.00
206.54	65.530	0.00
207.37	65.628	0.00
208.20	65.727	0.00
209.04	65.826	0.00
209.88	65.926	0.00
210.72	66.026	0.00
211.57	66.126	0.00
212.42	66.227	0.00
213.27	66.328	0.00
214.12	66.429	0.00
214.98	66.531	0.00
215.85	66.633	0.00
216.71	66.738	0.00
217.58	66.846	0.00
218.45	66.953	0.00
219.33	67.061	0.00
220.21	67.169	0.00
221.10	67.278	0.00
221.98	67.387	0.00
222.87	67.496	0.00
223.77	67.606	0.00
224.67	67.716	0.00
225.57	67.827	0.00
226.47	67.938	0.00
227.38	68.049	0.00
228.29	68.161	0.00
229.21	68.268	0.00
230.13	68.355	0.00
231.05	68.442	0.00
231.98	68.529	0.00
232.91	68.617	0.00
233.85	68.705	0.00
234.79	68.793	0.00
235.73	68.882	0.00
236.67	68.971	0.00
237.62	69.060	0.00
238.58	69.150	0.00
239.53	69.240	0.00
240.50	69.330	0.00
241.46	69.421	0.00
242.43	69.512	0.00
243.40	69.575	0.00
244.38	69.628	0.00
245.36	69.680	0.00
246.35	69.733	0.00
247.33	69.787	0.00
248.33	69.840	0.00
249.32	69.894	0.00
250.32	69.947	0.00
251.33	70.001	0.00
252.34	70.055	0.00
253.35	70.109	0.00
254.37	70.164	0.00
255.39	70.218	0.00
256.41	70.273	0.00
257.44	70.334	0.00
258.47	70.419	0.00
259.51	70.503	0.00
260.55	70.588	0.00
261.60	70.673	0.00
262.65	70.758	0.00
263.70	70.844	0.00
264.76	70.929	0.00
265.82	71.016	0.00
266.89	71.102	0.00
267.96	71.189	0.00
269.04	71.276	0.00
270.12	71.363	0.00
271.20	71.451	0.00
272.29	71.539	0.00
273.38	71.619	0.00
274.48	71.697	0.00
275.58	71.776	0.00
276.69	71.854	0.00
277.80	71.933	0.00
278.91	72.012	0.00
280.03	72.092	0.00
281.15	72.171	0.00
282.28	72.251	0.00
283.42	72.332	0.00
284.55	72.412	0.00
285.70	72.493	0.00
286.84	72.574	0.00
287.99	72.655	0.00
289.15	72.745	0.00
290.31	72.863	0.00
291.47	72.981	0.00
292.64	73.099	0.00
293.82	73.218	0.00
295.00	73.337	0.00
296.18	73.456	0.00
297.37	73.576	0.00
298.56	73.696	0.00
299.76	73.817	0.00
300.96	73.938	0.00
302.17	74.060	0.00
303.39	74.182	0.00
304.60	74.304	0.00
305.83	74.427	0.00
307.05	74.506	0.00
308.28	74.571	0.00
309.52	74.636	0.00
310.76	74.702	0.00
312.01	74.767	0.00
313.26	74.833	0.00
314.52	74.899	0.00
315.78	74.965	0.00
317.05	75.031	0.00
318.32	75.098	0.00
319.60	75.164	0.00
320.88	75.231	0.00
322.17	75.299	0.00
323.46	75.366	0.00
324.76	75.442	0.00
326.07	75.544	0.00
327.37	75.647	0.00
328.69	75.750	0.00
330.01	75.853	0.00
331.33	75.956	0.00
332.66	76.060	0.00
334.00	76.165	0.00
335.34	76.269	0.00
336.68	76.374	0.00
338.03	76.479	0.00
339.39	76.585	0.00
340.75	76.691	0.00
342.12	76.797	0.00
343.49	76.904	0.00
344.87	77.009	0.00
346.25	77.115	0.00
347.64	77.220	0.00
349.04	77.326	0.00
350.44	77.433	0.00
351.85	77.540	0.00
353.26	77.647	0.00
354.68	77.754	0.00
356.10	77.862	0.00
357.53	77.970	0.00
358.96	78.079	0.00
360.40	78.188	0.00
361.85	78.297	0.00
363.30	78.407	0.00
364.76	78.501	0.00
366.22	78.556	0.00
367.69	78.610	0.00
369.17	78.665	0.00
370.65	78.720	0.00
372.14	78.775	0.00
373.63	78.830	0.00
375.13	78.885	0.00
376.64	78.940	0.00
378.15	78.996	0.00
379.67	79.052	0.00
381.19	79.107	0.00
382.72	79.163	0.00
384.26	79.220	0.00
385.80	79.276	0.00
387.35	79.352	0.00
388.90	79.435	0.00
390.46	79.517	0.00
392.03	79.600	0.00
393.60	79.683	0.00
395.18	79.766	0.00
396.77	79.850	0.00
398.36	79.934	0.00
399.96	80.018	0.00
401.56	80.102	0.00
403.18	80.187	0.00
404.79	80.272	0.00
406.42	80.357	0.00
408.05	80.443	0.00
409.69	80.513	0.00
411.33	80.546	0.00
412.98	80.578	0.00
414.64	80.611	0.00
416.30	80.644	0.00
417.97	80.677	0.00
419.65	80.710	0.00
421.34	80.743	0.00
423.03	80.776	0.00
424.72	80.809	0.00
426.43	80.842	0.00
428.14	80.875	0.00
429.86	80.909	0.00
431.58	80.942	0.00
433.32	80.975	0.00
435.05	81.033	0.00
436.80	81.097	0.00
438.55	81.161	0.00
440.31	81.225	0.00
442.08	81.289	0.00
443.85	81.354	0.00
445.64	81.419	0.00
447.42	81.484	0.00
449.22	81.549	0.00
451.02	81.614	0.00
452.83	81.680	0.00
454.65	81.746	0.00
456.47	81.812	0.00
458.31	81.878	0.00
460.15	81.947	0.00
461.99	82.021	0.00
463.85	82.096	0.00
465.71	82.171	0.00
467.58	82.247	0.00
469.45	82.322	0.00
471.34	82.398	0.00
473.23	82.474	0.00
475.13	82.551	0.00
477.04	82.627	0.00
478.95	82.704	0.00
480.87	82.781	0.00
482.80	82.858	0.00
484.74	82.936	0.00
486.68	83.014	0.00
488.64	83.110	0.00
490.60	83.210	0.00
492.57	83.311	0.00
494.54	83.412	0.00
496.53	83.514	0.00
498.52	83.616	0.00
500.52	83.718	0.00
502.53	83.821	0.00
504.55	83.924	0.00
506.57	84.027	0.00
508.61	84.131	0.00
510.65	84.235	0.00
512.70	84.339	0.00
514.75	84.444	0.00
516.82	84.532	0.00
518.89	84.585	0.00
520.98	84.638	0.00
523.07	84.691	0.00
525.17	84.745	0.00
527.27	84.798	0.00
529.39	84.852	0.00
531.51	84.906	0.00
533.65	84.959	0.00
535.79	85.013	0.00
537.94	85.068	0.00
540.10	85.122	0.00
542.27	85.177	0.00
544.44	85.231	0.00
546.63	85.286	0.00
548.82	85.345	0.00
551.02	85.405	0.00
553.23	85.465	0.00
555.45	85.525	0.00
557.68	85.585	0.00
559.92	85.646	0.00
562.17	85.707	0.00
564.43	85.768	0.00
566.69	85.829	0.00
568.96	85.890	0.00
571.25	85.951	0.00
573.54	86.013	0.00
575.84	86.075	0.00
578.15	86.137	0.00
580.47	86.200	0.00
582.80	86.266	0.00
585.14	86.331	0.00
587.49	86.397	0.00
589.85	86.463	0.00
592.22	86.529	0.00
594.59	86.595	0.00
596.98	86.662	0.00
599.37	86.729	0.00
601.78	86.796	0.00
604.19	86.863	0.00
606.62	86.930	0.00
609.05	86.998	0.00
611.50	87.066	0.00
613.95	87.134	0.00
616.42	87.179	0.00
618.89	87.219	0.00
621.37	87.259	0.00
623.87	87.299	0.00
626.37	87.339	0.00
628.88	87.380	0.00
631.41	87.420	0.00
633.94	87.461	0.00
636.49	87.502	0.00
639.04	87.543	0.00
641.61	87.584	0.00
644.18	87.625	0.00
646.77	87.666	0.00
649.36	87.707	0.00
651.97	87.750	0.00
654.58	87.795	0.00
657.21	87.840	0.00
659.85	87.885	0.00
662.50	87.931	0.00
665.16	87.976	0.00
667.82	88.022	0.00
670.50	88.067	0.00
673.20	88.113	0.00
675.90	88.159	0.00
678.61	88.205	0.00
681.33	88.251	0.00
684.07	88.298	0.00
686.81	88.344	0.00
689.57	88.391	0.00
692.34	88.479	0.00
695.12	88.575	0.00
697.90	88.671	0.00
700.71	88.767	0.00
703.52	88.864	0.00
706.34	88.961	0.00
709.18	89.059	0.00
712.02	89.157	0.00
714.88	89.255	0.00
717.75	89.353	0.00
720.63	89.452	0.00
723.52	89.551	0.00
726.42	89.651	0.00
729.34	89.751	0.00
732.27	89.838	0.00
735.21	89.903	0.00
738.16	89.967	0.00
741.12	90.032	0.00
744.09	90.097	0.00
747.08	90.162	0.00
750.08	90.227	0.00
753.09	90.293	0.00
756.11	90.359	0.00
759.14	90.425	0.00
762.19	90.491	0.00
765.25	90.557	0.00
768.32	90.624	0.00
771.40	90.691	0.00
774.50	90.758	0.00
777.61	90.805	0.00
780.73	90.848	0.00
783.86	90.891	0.00
787.01	90.935	0.00
790.17	90.978	0.00
793.34	91.022	0.00
796.52	91.066	0.00
799.72	91.110	0.00
802.93	91.154	0.00
806.15	91.198	0.00
809.38	91.243	0.00
812.63	91.287	0.00
815.89	91.332	0.00
819.17	91.377	0.00
822.46	91.414	0.00
825.76	91.437	0.00
829.07	91.461	0.00
832.40	91.484	0.00
835.74	91.508	0.00
839.09	91.531	0.00
842.46	91.555	0.00
845.84	91.579	0.00
849.24	91.602	0.00
852.64	91.626	0.00
856.07	91.650	0.00
859.50	91.674	0.00
862.95	91.698	0.00
866.41	91.722	0.00
869.89	91.746	0.00
873.38	91.760	0.00
876.89	91.773	0.00
880.41	91.785	0.00
883.94	91.797	0.00
887.49	91.810	0.00
891.05	91.822	0.00
894.62	91.835	0.00
898.21	91.848	0.00
901.82	91.860	0.00
905.44	91.873	0.00
909.07	91.885	0.00
912.72	91.898	0.00
916.38	91.911	0.00
920.06	91.924	0.00
923.75	91.926	0.00
927.46	91.912	0.00
931.18	91.898	0.00
934.92	91.884	0.00
938.67	91.870	0.00
942.44	91.856	0.00
946.22	91.842	0.00
950.02	91.828	0.00
953.83	91.813	0.00
957.66	91.799	0.00
961.50	91.785	0.00
965.36	91.770	0.00
969.24	91.756	0.00
973.13	91.741	0.00
977.03	91.726	0.00
980.95	91.716	0.00
984.89	91.707	0.00
988.84	91.697	0.00
992.81	91.687	0.00
996.79	91.677	0.00
1000.79	91.668	0.00
1004.81	91.658	0.00
1008.84	91.648	0.00
1012.89	91.638	0.00
1016.96	91.629	0.00
1021.04	91.619	0.00
1025.14	91.609	0.00
1029.25	91.599	0.00
1033.38	91.590	0.00
1037.53	91.583	0.00
1041.69	91.581	0.00
1045.87	91.579	0.00
1050.07	91.576	0.00
1054.28	91.574	0.00
1058.51	91.572	0.00
1062.76	91.570	0.00
1067.03	91.568	0.00
1071.31	91.567	0.00
1075.61	91.565	0.00
1079.93	91.563	0.00
1084.26	91.562	0.00
1088.61	91.560	0.00
1092.98	91.559	0.00
1097.37	91.558	0.00
1101.77	91.551	0.00
1106.19	91.543	0.00
1110.63	91.536	0.00
1115.09	91.529	0.00
1119.56	91.522	0.00
1124.06	91.515	0.00
1128.57	91.508	0.00
1133.10	91.501	0.00
1137.64	91.494	0.00
1142.21	91.488	0.00
1146.79	91.482	0.00
1151.40	91.476	0.00
1156.02	91.470	0.00
1160.66	91.464	0.00
1165.31	91.464	0.00
1169.99	91.473	0.00
1174.69	91.482	0.00
1179.40	91.491	0.00
1184.13	91.500	0.00
1188.89	91.510	0.00
1193.66	91.520	0.00
1198.45	91.531	0.00
1203.26	91.542	0.00
1208.09	91.553	0.00
1212.94	91.564	0.00
1217.80	91.576	0.00
1222.69	91.588	0.00
1227.60	91.600	0.00
1232.52	91.613	0.00
1237.47	91.614	0.00
1242.44	91.614	0.00
1247.42	91.615	0.00
1252.43	91.615	0.00
1257.45	91.616	0.00
1262.50	91.618	0.00
1267.57	91.620	0.00
1272.66	91.622	0.00
1277.76	91.624	0.00
1282.89	91.627	0.00
1288.04	91.631	0.00
1293.21	91.635	0.00
1298.40	91.639	0.00
1303.61	91.643	0.00
1308.84	91.657	0.00
1314.09	91.683	0.00
1319.37	91.710	0.00
1324.66	91.738	0.00
1329.98	91.765	0.00
1335.32	91.794	0.00
1340.67	91.823	0.00
1346.05	91.852	0.00
1351.46	91.882	0.00
1356.88	91.912	0.00
1362.33	91.943	0.00
1367.79	91.974	0.00
1373.28	92.006	0.00
1378.79	92.038	0.00
1384.33	92.070	0.00
1389.88	92.072	0.00
1395.46	92.071	0.00
1401.06	92.070	0.00
1406.68	92.070	0.00
1412.33	92.070	0.00
1418.00	92.070	0.00
1423.69	92.070	0.00
1429.40	92.071	0.00
1435.14	92.071	0.00
1440.90	92.072	0.00
1446.68	92.073	0.00
1452.49	92.073	0.00
1458.32	92.074	0.00
1464.17	92.075	0.00
1470.04	92.088	0.00
1475.94	92.117	0.00
1481.87	92.146	0.00
1487.81	92.176	0.00
1493.78	92.205	0.00
1499.78	92.234	0.00
1505.80	92.263	0.00
1511.84	92.292	0.00
1517.91	92.321	0.00
1524.00	92.349	0.00
1530.12	92.378	0.00
1536.26	92.406	0.00
1542.42	92.434	0.00
1548.61	92.461	0.00
1554.83	92.489	0.00
1561.07	92.522	0.00
1567.33	92.556	0.00
1573.62	92.589	0.00
1579.94	92.622	0.00
1586.28	92.654	0.00
1592.64	92.686	0.00
1599.04	92.718	0.00
1605.45	92.750	0.00
1611.90	92.780	0.00
1618.37	92.811	0.00
1624.86	92.841	0.00
1631.38	92.871	0.00
1637.93	92.900	0.00
1644.50	92.929	0.00
1651.10	92.939	0.00
1657.73	92.927	0.00
1664.38	92.914	0.00
1671.06	92.901	0.00
1677.77	92.887	0.00
1684.50	92.872	0.00
1691.26	92.856	0.00
1698.05	92.840	0.00
1704.86	92.824	0.00
1711.70	92.807	0.00
1718.57	92.789	0.00
1725.47	92.771	0.00
1732.39	92.752	0.00
1739.35	92.732	0.00
1746.33	92.712	0.00
1753.34	92.718	0.00
1760.37	92.725	0.00
1767.44	92.731	0.00
1774.53	92.737	0.00
1781.65	92.743	0.00
1788.80	92.748	0.00
1795.98	92.753	0.00
1803.19	92.757	0.00
1810.43	92.761	0.00
1817.69	92.765	0.00
1824.99	92.768	0.00
1832.31	92.771	0.00
1839.66	92.774	0.00
1847.05	92.776	0.00
1854.46	92.771	0.00
1861.90	92.760	0.00
1869.37	92.748	0.00
1876.88	92.736	0.00
1884.41	92.723	0.00
1891.97	92.710	0.00
1899.56	92.696	0.00
1907.19	92.683	0.00
1914.84	92.669	0.00
1922.53	92.654	0.00
1930.24	92.640	0.00
1937.99	92.625	0.00
1945.76	92.609	0.00
1953.57	92.594	0.00
1961.41	92.578	0.00
1969.29	92.589	0.00
1977.19	92.602	0.00
1985.12	92.614	0.00
1993.09	92.626	0.00
2001.09	92.638	0.00
2009.12	92.650	0.00
2017.18	92.662	0.00
2025.28	92.674	0.00
2033.41	92.685	0.00
2041.57	92.697	0.00
2049.76	92.708	0.00
2057.99	92.719	0.00
2066.24	92.730	0.00
2074.54	92.741	0.00
2082.86	92.748	0.00
2091.22	92.751	0.00
2099.61	92.753	0.00
2108.04	92.755	0.00
2116.50	92.757	0.00
2124.99	92.759	0.00
2133.52	92.761	0.00
2142.08	92.763	0.00
2150.68	92.764	0.00
2159.31	92.766	0.00
2167.98	92.768	0.00
2176.68	92.769	0.00
2185.41	92.770	0.00
2194.18	92.772	0.00
2202.99	92.773	0.00
2211.83	92.814	0.00
2220.71	92.855	0.00
2229.62	92.897	0.00
2238.57	92.939	0.00
2247.55	92.981	0.00
2256.57	93.023	0.00
2265.63	93.065	0.00
2274.72	93.107	0.00
2283.85	93.150	0.00
2293.02	93.192	0.00
2302.22	93.235	0.00
2311.46	93.278	0.00
2320.73	93.320	0.00
2330.05	93.363	0.00
2339.40	93.399	0.00
2348.79	93.427	0.00
2358.21	93.456	0.00
2367.68	93.484	0.00
2377.18	93.512	0.00
2386.72	93.541	0.00
2396.30	93.569	0.00
2405.91	93.598	0.00
2415.57	93.626	0.00
2425.26	93.655	0.00
2435.00	93.684	0.00
2444.77	93.713	0.00
2454.58	93.742	0.00
2464.43	93.771	0.00
2474.32	93.800	0.00
2484.25	93.795	0.00
2494.22	93.789	0.00
2504.23	93.783	0.00
2514.28	93.777	0.00
2524.37	93.771	0.00
2534.50	93.765	0.00
2544.67	93.758	0.00
2554.89	93.752	0.00
2565.14	93.746	0.00
2575.43	93.740	0.00
2585.77	93.734	0.00
2596.15	93.727	0.00
2606.57	93.721	0.00
2617.03	93.714	0.00
2627.53	93.711	0.00
2638.07	93.712	0.00
2648.66	93.713	0.00
2659.29	93.713	0.00
2669.96	93.714	0.00
2680.68	93.714	0.00
2691.44	93.715	0.00
2702.24	93.715	0.00
2713.08	93.716	0.00
2723.97	93.717	0.00
2734.90	93.717	0.00
2745.88	93.718	0.00
2756.90	93.718	0.00
2767.96	93.719	0.00
2779.07	93.719	0.00
2790.22	93.733	0.00
2801.42	93.747	0.00
2812.66	93.761	0.00
2823.95	93.775	0.00
2835.29	93.789	0.00
2846.66	93.803	0.00
2858.09	93.818	0.00
2869.56	93.832	0.00
2881.07	93.846	0.00
2892.64	93.860	0.00
2904.25	93.875	0.00
2915.90	93.889	0.00
2927.60	93.904	0.00
2939.35	93.918	0.00
2951.15	93.919	0.00
2962.99	93.906	0.00
2974.88	93.893	0.00
2986.82	93.879	0.00
2998.81	93.866	0.00
3010.84	93.853	0.00
3022.93	93.839	0.00
3035.06	93.826	0.00
3047.24	93.813	0.00
3059.47	93.799	0.00
3071.75	93.785	0.00
3084.07	93.772	0.00
3096.45	93.758	0.00
3108.88	93.744	0.00
3121.35	93.731	0.00
3133.88	93.731	0.00
3146.46	93.731	0.00
3159.09	93.732	0.00
3171.76	93.732	0.00
3184.49	93.732	0.00
3197.27	93.733	0.00
3210.10	93.733	0.00
3222.99	93.733	0.00
3235.92	93.734	0.00
3248.91	93.734	0.00
3261.95	93.734	0.00
3275.04	93.735	0.00
3288.18	93.735	0.00
3301.38	93.735	0.00
3314.63	93.735	0.00
3327.93	93.736	0.00
3341.28	93.736	0.00
3354.69	93.736	0.00
3368.16	93.737	0.00
3381.67	93.737	0.00
3395.25	93.737	0.00
3408.87	93.737	0.00
3422.55	93.738	0.00
3436.29	93.738	0.00
3450.08	93.738	0.00
3463.92	93.738	0.00
3477.83	93.739	0.00
3491.78	93.739	0.00
3505.80	93.739	0.00
3519.87	93.745	0.00
3533.99	93.751	0.00
3548.17	93.756	0.00
3562.41	93.762	0.00
3576.71	93.768	0.00
3591.06	93.773	0.00
3605.48	93.779	0.00
3619.95	93.785	0.00
3634.47	93.791	0.00
3649.06	93.796	0.00
3663.70	93.802	0.00
3678.41	93.808	0.00
3693.17	93.814	0.00
3707.99	93.820	0.00
3722.87	93.820	0.00
3737.81	93.815	0.00
3752.81	93.809	0.00
3767.87	93.804	0.00
3783.00	93.799	0.00
3798.18	93.794	0.00
3813.42	93.788	0.00
3828.72	93.783	0.00
3844.09	93.778	0.00
3859.52	93.772	0.00
3875.01	93.767	0.00
3890.56	93.762	0.00
3906.17	93.756	0.00
3921.85	93.751	0.00
3937.59	93.747	0.00
3953.39	93.782	0.00
3969.25	93.816	0.00
3985.18	93.851	0.00
4001.18	93.886	0.00
4017.23	93.921	0.00
4033.36	93.956	0.00
4049.54	93.991	0.00
4065.80	94.027	0.00
4082.11	94.062	0.00
4098.49	94.098	0.00
4114.94	94.134	0.00
4131.46	94.170	0.00
4148.04	94.206	0.00
4164.68	94.242	0.00
4181.40	94.284	0.00
4198.18	94.330	0.00
4215.03	94.376	0.00
4231.94	94.422	0.00
4248.93	94.468	0.00
4265.98	94.515	0.00
4283.10	94.562	0.00
4300.29	94.609	0.00
4317.55	94.656	0.00
4334.87	94.704	0.00
4352.27	94.751	0.00
4369.74	94.799	0.00
4387.27	94.847	0.00
4404.88	94.895	0.00
4422.56	94.939	0.00
4440.31	94.920	0.00
4458.13	94.901	0.00
4476.02	94.881	0.00
4493.98	94.862	0.00
4512.02	94.842	0.00
4530.12	94.822	0.00
4548.30	94.803	0.00
4566.56	94.783	0.00
4584.88	94.763	0.00
4603.28	94.743	0.00
4621.76	94.723	0.00
4640.31	94.702	0.00
4658.93	94.682	0.00
4677.63	94.662	0.00
4696.40	94.649	0.00
4715.25	94.642	0.00
4734.17	94.636	0.00
4753.17	94.629	0.00
4772.24	94.623	0.00
4791.40	94.616	0.00
4810.63	94.609	0.00
4829.93	94.602	0.00
4849.32	94.596	0.00
4868.78	94.589	0.00
4888.32	94.582	0.00
4907.93	94.575	0.00
4927.63	94.568	0.00
4947.41	94.561	0.00
4967.26	94.552	0.00
4987.20	94.521	0.00
5007.21	94.489	0.00
5027.31	94.458	0.00
5047.48	94.426	0.00
5067.74	94.394	0.00
5088.08	94.362	0.00
5108.50	94.330	0.00
5129.00	94.297	0.00
5149.58	94.265	0.00
5170.25	94.232	0.00
5191.00	94.199	0.00
5211.83	94.166	0.00
5232.75	94.133	0.00
5253.75	94.100	0.00
5274.83	94.085	0.00
5296.00	94.083	0.00
5317.25	94.081	0.00
5338.59	94.079	0.00
5360.02	94.078	0.00
5381.53	94.076	0.00
5403.13	94.074	0.00
5424.81	94.072	0.00
5446.58	94.070	0.00
5468.44	94.068	0.00
5490.38	94.066	0.00
5512.42	94.064	0.00
5534.54	94.062	0.00
5556.75	94.060	0.00
5579.05	94.056	0.00
5601.44	94.039	0.00
5623.92	94.022	0.00
5646.49	94.004	0.00
5669.15	93.986	0.00
5691.91	93.969	0.00
5714.75	93.951	0.00
5737.68	93.933	0.00
5760.71	93.915	0.00
5783.83	93.897	0.00
5807.04	93.879	0.00
5830.34	93.861	0.00
5853.74	93.843	0.00
5877.24	93.825	0.00
5900.82	93.807	0.00
5924.50	93.812	0.00
5948.28	93.833	0.00
5972.15	93.854	0.00
5996.12	93.875	0.00
6020.18	93.896	0.00
6044.34	93.917	0.00
6068.60	93.939	0.00
6092.96	93.960	0.00
6117.41	93.982	0.00
6141.96	94.003	0.00
6166.61	94.025	0.00
6191.35	94.047	0.00
6216.20	94.069	0.00
6241.15	94.091	0.00
6266.20	94.113	0.00
6291.34	94.136	0.00
6316.59	94.160	0.00
6341.94	94.184	0.00
6367.39	94.208	0.00
6392.95	94.232	0.00
6418.60	94.256	0.00
6444.36	94.280	0.00
6470.23	94.304	0.00
6496.19	94.328	0.00
6522.26	94.353	0.00
6548.44	94.377	0.00
6574.72	94.402	0.00
6601.10	94.427	0.00
6627.60	94.452	0.00
6654.19	94.456	0.00
6680.90	94.447	0.00
6707.71	94.439	0.00
6734.63	94.430	0.00
6761.66	94.421	0.00
6788.79	94.412	0.00
6816.04	94.404	0.00
6843.39	94.395	0.00
6870.86	94.386	0.00
6898.43	94.377	0.00
6926.12	94.368	0.00
6953.91	94.359	0.00
6981.82	94.350	0.00
7009.84	94.340	0.00
7037.97	94.330	0.00
7066.22	94.305	0.00
7094.57	94.280	0.00
7123.05	94.255	0.00
7151.63	94.230	0.00
7180.33	94.205	0.00
7209.15	94.179	0.00
7238.08	94.154	0.00
7267.13	94.128	0.00
7296.29	94.103	0.00
7325.58	94.077	0.00
7354.98	94.051	0.00
7384.49	94.025	0.00
7414.13	93.999	0.00
7443.88	93.973	0.00
7473.76	93.967	0.00
7503.75	93.974	0.00
7533.86	93.981	0.00
7564.10	93.988	0.00
7594.46	93.995	0.00
7624.93	94.002	0.00
7655.53	94.009	0.00
7686.26	94.015	0.00
7717.10	94.022	0.00
7748.07	94.029	0.00
7779.17	94.036	0.00
7810.39	94.044	0.00
7841.73	94.051	0.00
7873.20	94.058	0.00
7904.80	94.062	0.00
7936.52	94.049	0.00
7968.38	94.035	0.00
8000.35	94.022	0.00
8032.46	94.008	0.00
8064.70	93.995	0.00
8097.06	93.981	0.00
8129.56	93.967	0.00
8162.18	93.954	0.00
8194.94	93.940	0.00
8227.83	93.926	0.00
8260.85	93.912	0.00
8294.00	93.898	0.00
8327.29	93.884	0.00
8360.71	93.870	0.00
8394.26	93.869	0.00
8427.95	93.876	0.00
8461.77	93.882	0.00
8495.73	93.889	0.00
8529.83	93.896	0.00
8564.06	93.903	0.00
8598.43	93.910	0.00
8632.93	93.917	0.00
8667.58	93.924	0.00
8702.36	93.931	0.00
8737.29	93.938	0.00
8772.35	93.945	0.00
8807.56	93.952	0.00
8842.91	93.959	0.00
8878.39	93.964	0.00
8914.03	93.958	0.00
8949.80	93.952	0.00
8985.72	93.946	0.00
9021.78	93.940	0.00
9057.98	93.934	0.00
9094.34	93.928	0.00
9130.83	93.922	0.00
9167.48	93.916	0.00
9204.27	93.909	0.00
9241.21	93.903	0.00
9278.29	93.897	0.00
9315.53	93.891	0.00
9352.92	93.884	0.00
9390.45	93.878	0.00
9428.14	93.884	0.00
9465.97	93.897	0.00
9503.96	93.910	0.00
9542.10	93.923	0.00
9580.40	93.936	0.00
9618.85	93.949	0.00
9657.45	93.962	0.00
9696.21	93.975	0.00
9735.12	93.988	0.00
9774.19	94.001	0.00
9813.42	94.015	0.00
9852.80	94.028	0.00
9892.34	94.041	0.00
9932.04	94.055	0.00
9971.90	94.067	0.00
10011.92	94.074	0.00
10052.10	94.081	0.00
10092.44	94.088	0.00
10132.94	94.094	0.00
10173.61	94.101	0.00
10214.44	94.108	0.00
10255.43	94.115	0.00
10296.59	94.122	0.00
10337.91	94.129	0.00
10379.40	94.136	0.00
10421.05	94.143	0.00
10462.88	94.150	0.00
10504.87	94.157	0.00
10547.02	94.164	0.00
10589.35	94.196	0.00
10631.85	94.240	0.00
10674.52	94.285	0.00
10717.36	94.330	0.00
10760.37	94.375	0.00
10803.55	94.420	0.00
10846.91	94.465	0.00
10890.44	94.511	0.00
10934.14	94.557	0.00
10978.03	94.603	0.00
11022.08	94.649	0.00
11066.32	94.695	0.00
11110.73	94.741	0.00
11155.32	94.788	0.00
11200.09	94.831	0.00
11245.04	94.853	0.00
11290.16	94.875	0.00
11335.47	94.898	0.00
11380.97	94.920	0.00
11426.64	94.943	0.00
11472.50	94.965	0.00
11518.54	94.988	0.00
11564.77	95.011	0.00
11611.18	95.034	0.00
11657.78	95.057	0.00
11704.56	95.080	0.00
11751.53	95.103	0.00
11798.70	95.126	0.00
11846.05	95.150	0.00
11893.59	95.166	0.00
11941.32	95.180	0.00
11989.24	95.193	0.00
12037.36	95.207	0.00
12085.67	95.221	0.00
12134.17	95.234	0.00
12182.86	95.248	0.00
12231.76	95.262	0.00
12280.85	95.276	0.00
12330.13	95.290	0.00
12379.62	95.304	0.00
12429.30	95.318	0.00
12479.18	95.332	0.00
12529.26	95.346	0.00
12579.54	95.362	0.00
12630.03	95.385	0.00
12680.71	95.408	0.00
12731.61	95.431	0.00
12782.70	95.454	0.00
12834.00	95.477	0.00
12885.51	95.500	0.00
12937.22	95.524	0.00
12989.14	95.547	0.00
13041.27	95.571	0.00
13093.60	95.595	0.00
13146.15	95.618	0.00
13198.91	95.642	0.00
13251.88	95.666	0.00
13305.06	95.690	0.00
13358.46	95.691	0.00
13412.07	95.682	0.00
13465.89	95.673	0.00
13519.94	95.663	0.00
13574.19	95.654	0.00
13628.67	95.644	0.00
13683.36	95.634	0.00
13738.28	95.625	0.00
13793.41	95.615	0.00
13848.77	95.605	0.00
13904.35	95.596	0.00
13960.15	95.586	0.00
14016.17	95.576	0.00
14072.42	95.566	0.00
14128.90	95.552	0.00
14185.60	95.518	0.00
14242.53	95.484	0.00
14299.69	95.450	0.00
14357.08	95.416	0.00
14414.70	95.382	0.00
14472.55	95.348	0.00
14530.63	95.314	0.00
14588.94	95.279	0.00
14647.49	95.244	0.00
14706.27	95.210	0.00
14765.29	95.175	0.00
14824.55	95.140	0.00
14884.04	95.104	0.00
14943.78	95.069	0.00
15003.75	95.058	0.00
15063.96	95.058	0.00
15124.42	95.058	0.00
15185.12	95.058	0.00
15246.06	95.058	0.00
15307.24	95.058	0.00
15368.67	95.058	0.00
15430.35	95.058	0.00
15492.28	95.058	0.00
15554.45	95.058	0.00
15616.87	95.058	0.00
15679.55	95.058	0.00
15742.47	95.058	0.00
15805.65	95.058	0.00
15869.08	95.065	0.00
15932.77	95.099	0.00
15996.71	95.133	0.00
16060.91	95.167	0.00
16125.36	95.201	0.00
16190.08	95.235	0.00
16255.05	95.269	0.00
16320.29	95.304	0.00
16385.79	95.338	0.00
16451.55	95.373	0.00
16517.57	95.408	0.00
16583.86	95.443	0.00
16650.41	95.478	0.00
16717.23	95.513	0.00
16784.32	95.549	0.00
16851.68	95.535	0.00
16919.31	95.502	0.00
16987.21	95.469	0.00
17055.39	95.436	0.00
17123.83	95.402	0.00
17192.56	95.369	0.00
17261.55	95.335	0.00
17330.83	95.301	0.00
17400.38	95.268	0.00
17470.21	95.233	0.00
17540.32	95.199	0.00
17610.72	95.165	0.00
17681.39	95.130	0.00
17752.35	95.096	0.00
17823.60	95.066	0.00
17895.13	95.052	0.00
17966.94	95.037	0.00
18039.05	95.023	0.00
18111.44	95.009	0.00
18184.13	94.995	0.00
18257.10	94.980	0.00
18330.37	94.966	0.00
18403.94	94.951	0.00
18477.80	94.937	0.00
18551.95	94.922	0.00
18626.41	94.907	0.00
18701.16	94.893	0.00
18776.21	94.878	0.00
18851.56	94.863	0.00
18927.22	94.854	0.00
19003.18	94.847	0.00
19079.44	94.841	0.00
19156.01	94.834	0.00
19232.89	94.827	0.00
19310.07	94.820	0.00
19387.57	94.813	0.00
19465.38	94.806	0.00
19543.49	94.799	0.00
19621.93	94.793	0.00
19700.67	94.786	0.00
19779.74	94.779	0.00
19859.12	94.772	0.00
19938.82	94.764	0.00
20018.83	74.759	0.00
20099.17	74.759	0.00
20179.84	74.759	0.00
20260.82	74.759	0.00
20342.13	74.759	0.00
20423.77	74.759	0.00
20505.74	74.759	0.00
20588.03	74.759	0.00
20670.65	74.759	0.00
20753.61	74.759	0.00
20836.90	74.759	0.00
20920.52	74.759	0.00
21004.48	74.759	0.00
21088.78	74.759	0.00
21173.41	74.759	0.00
21258.38	74.759	0.00
21343.70	74.759	0.00
21429.36	74.759	0.00
21515.36	74.759	0.00
21601.70	74.759	0.00
21688.39	74.759	0.00
21775.43	74.759	0.00
21862.82	74.759	0.00
21950.56	74.759	0.00
22038.66	74.759	0.00
22127.10	74.759	0.00
22215.90	74.759	0.00
22305.06	74.759	0.00
22394.58	74.759	0.00
22484.45	74.759	0.00
22574.69	74.759	0.00
22665.28	74.759	0.00
22756.24	74.759	0.00
22847.57	74.759	0.00
22939.26	74.759	0.00
23031.32	74.759	0.00
23123.75	74.759	0.00
23216.55	74.759	0.00
23309.72	74.759	0.00
23403.27	74.759	0.00
23497.19	74.759	0.00
23591.49	74.759	0.00
23686.17	74.759	0.00
23781.23	74.759	0.00
23876.67	74.759	0.00
23972.49	74.759	0.00
24068.70	74.759	0.00
24165.29	74.759	0.00
24262.27	74.759	0.00
24359.64	74.759	0.00
24457.40	74.759	0.00
24555.55	74.759	0.00
24654.10	74.759	0.00
24753.04	74.759	0.00
24852.38	74.759	0.00
24952.12	74.759	0.00
25052.26	74.759	0.00
25152.80	74.759	0.00
25253.74	74.759	0.00
25355.09	74.759	0.00
25456.85	74.759	0.00
25559.01	74.759	0.00
25661.58	74.759	0.00
25764.57	74.759	0.00
25867.97	74.759	0.00
25971.78	74.759	0.00
26076.01	74.759	0.00
26180.66	74.759	0.00
26285.73	74.759	0.00
26391.22	74.759	0.00
26497.13	74.759	0.00
26603.47	74.759	0.00
26710.24	74.759	0.00
26817.43	74.759	0.00
26925.06	74.759	0.00
27033.11	74.759	0.00
27141.60	74.759	0.00
27250.53	74.759	0.00
27359.89	74.759	0.00
27469.69	74.759	0.00
27579.93	74.760	0.00
27690.62	74.760	0.00
27801.75	74.760	0.00
27913.32	74.760	0.00
28025.34	74.760	0.00
28137.81	74.760	0.00
28250.74	74.760	0.00
28364.11	74.760	0.00
28477.95	74.760	0.00
28592.23	74.760	0.00
28706.98	74.760	0.00
28822.19	74.760	0.00
28937.86	74.760	0.00
29053.99	74.760	0.00
29170.59	74.760	0.00
29287.66	74.760	0.00
29405.20	74.760	0.00
29523.21	74.760	0.00
29641.69	74.760	0.00
29760.65	74.760	0.00
29880.08	74.760	0.00
30000.00	74.760	0.00
