# Woofer v9: sealed+LT + BS side + BW4 LP 200.0Hz + subsonic 18Hz LR2 + gain 0.0dB
# Frequency(Hz) Magnitude(dB) Phase(deg)
10.00	52.932	275.77
10.04	53.064	275.40
10.08	53.196	275.04
10.12	53.327	274.67
10.16	53.459	274.29
10.20	53.591	273.92
10.24	53.722	273.54
10.28	53.854	273.17
10.33	53.985	272.79
10.37	54.116	272.41
10.41	54.247	272.03
10.45	54.378	271.64
10.49	54.509	271.26
10.53	54.640	270.87
10.58	54.770	270.48
10.62	54.901	270.09
10.66	55.031	269.70
10.70	55.161	269.30
10.75	55.291	268.91
10.79	55.421	268.51
10.83	55.551	268.11
10.88	55.680	267.71
10.92	55.810	267.31
10.96	55.939	266.90
11.01	56.068	266.49
11.05	56.197	266.09
11.10	56.326	265.68
11.14	56.455	265.26
11.19	56.584	264.85
11.23	56.712	264.43
11.28	56.840	264.02
11.32	56.969	263.60
11.37	57.097	263.18
11.41	57.224	262.75
11.46	57.352	262.33
11.50	57.480	261.90
11.55	57.607	261.47
11.60	57.734	261.04
11.64	57.861	260.61
11.69	57.988	260.18
11.74	58.115	259.74
11.78	58.241	259.31
11.83	58.368	258.87
11.88	58.494	258.42
11.93	58.620	257.98
11.97	58.745	257.54
12.02	58.871	257.09
12.07	58.996	256.64
12.12	59.122	256.19
12.17	59.247	255.74
12.22	59.371	255.28
12.27	59.496	254.83
12.32	59.620	254.37
12.36	59.745	253.91
12.41	59.869	253.45
12.46	59.992	252.99
12.51	60.116	252.52
12.56	60.239	252.05
12.61	60.363	251.58
12.67	60.486	251.11
12.72	60.608	250.64
12.77	60.731	250.17
12.82	60.853	249.69
12.87	60.975	249.21
12.92	61.097	248.73
12.97	61.219	248.25
13.03	61.340	247.76
13.08	61.461	247.28
13.13	61.582	246.79
13.18	61.703	246.30
13.24	61.823	245.81
13.29	61.943	245.31
13.34	62.063	244.82
13.40	62.183	244.32
13.45	62.303	243.82
13.50	62.422	243.32
13.56	62.541	242.82
13.61	62.659	242.31
13.67	62.778	241.81
13.72	62.896	241.30
13.78	63.014	240.79
13.83	63.131	240.28
13.89	63.249	239.76
13.94	63.366	239.25
14.00	63.483	238.73
14.06	63.599	238.21
14.11	63.715	237.69
14.17	63.831	237.17
14.23	63.947	236.64
14.28	64.062	236.11
14.34	64.178	235.59
14.40	64.292	235.06
14.46	64.407	234.52
14.51	64.521	233.99
14.57	64.635	233.45
14.63	64.749	232.92
14.69	64.862	232.38
14.75	64.975	231.84
14.81	65.088	231.29
14.87	65.200	230.75
14.93	65.312	230.20
14.99	65.424	229.66
15.05	65.535	229.11
15.11	65.646	228.55
15.17	65.757	228.00
15.23	65.867	227.45
15.29	65.977	226.89
15.35	66.087	226.33
15.41	66.197	225.77
15.47	66.306	225.21
15.54	66.415	224.65
15.60	66.523	224.08
15.66	66.631	223.52
15.72	66.739	222.95
15.79	66.846	222.38
15.85	66.953	221.81
15.91	67.060	221.23
15.98	67.166	220.66
16.04	67.272	220.08
16.11	67.378	219.51
16.17	67.483	218.93
16.24	67.588	218.35
16.30	67.692	217.76
16.37	67.797	217.18
16.43	67.900	216.60
16.50	68.004	216.01
16.56	68.107	215.42
16.63	68.209	214.83
16.70	68.312	214.24
16.76	68.414	213.65
16.83	68.515	213.05
16.90	68.616	212.46
16.97	68.717	211.86
17.04	68.817	211.26
17.10	68.917	210.66
17.17	69.017	210.06
17.24	69.116	209.46
17.31	69.215	208.86
17.38	69.313	208.25
17.45	69.411	207.65
17.52	69.509	207.04
17.59	69.606	206.43
17.66	69.703	205.82
17.73	69.799	205.21
17.80	69.895	204.60
17.87	69.990	203.98
17.95	70.086	203.37
18.02	70.180	202.75
18.09	70.275	202.13
18.16	70.369	201.51
18.24	70.462	200.89
18.31	70.555	200.27
18.38	70.648	199.65
18.46	70.740	199.03
18.53	70.832	198.41
18.60	70.923	197.78
18.68	71.014	197.15
18.75	71.104	196.53
18.83	71.195	195.90
18.90	71.284	195.27
18.98	71.373	194.64
19.06	71.462	194.01
19.13	71.551	193.38
19.21	71.638	192.74
19.29	71.726	192.11
19.36	71.813	191.47
19.44	71.900	190.84
19.52	71.986	190.20
19.60	72.071	189.56
19.68	72.157	188.93
19.76	72.242	188.29
19.84	72.326	187.65
19.92	72.410	187.01
20.00	72.493	186.37
20.08	72.577	185.72
20.16	72.659	185.08
20.24	72.741	184.44
20.32	72.823	183.79
20.40	72.904	183.15
20.48	72.985	182.50
20.56	73.066	181.86
20.65	73.145	181.21
20.73	73.225	180.56
20.81	73.304	179.92
20.90	73.383	179.27
20.98	73.461	178.62
21.06	73.538	177.97
21.15	73.616	177.32
21.23	73.692	176.67
21.32	73.769	176.02
21.40	73.845	175.37
21.49	73.920	174.71
21.58	73.995	174.06
21.66	74.069	173.41
21.75	74.143	172.76
21.84	74.217	172.10
21.92	74.290	171.45
22.01	74.363	170.80
22.10	74.435	170.14
22.19	74.507	169.49
22.28	74.578	168.83
22.37	74.649	168.18
22.46	74.719	167.52
22.55	74.789	166.87
22.64	74.859	166.21
22.73	74.928	165.56
22.82	74.996	164.90
22.91	75.064	164.24
23.00	75.132	163.59
23.10	75.199	162.93
23.19	75.266	162.27
23.28	75.332	161.62
23.38	75.398	160.96
23.47	75.463	160.30
23.56	75.528	159.65
23.66	75.593	158.99
23.75	75.657	158.33
23.85	75.720	157.68
23.94	75.783	157.02
24.04	75.846	156.37
24.14	75.908	155.71
24.23	75.970	155.05
24.33	76.031	154.40
24.43	76.092	153.74
24.53	76.153	153.09
24.62	76.213	152.43
24.72	76.272	151.77
24.82	76.331	151.12
24.92	76.390	150.46
25.02	76.448	149.81
25.12	76.506	149.16
25.22	76.563	148.50
25.32	76.620	147.85
25.43	76.676	147.20
25.53	76.732	146.54
25.63	76.788	145.89
25.73	76.843	145.24
25.84	76.897	144.59
25.94	76.951	143.93
26.04	77.005	143.28
26.15	77.059	142.63
26.25	77.111	141.98
26.36	77.164	141.33
26.47	77.216	140.68
26.57	77.267	140.03
26.68	77.319	139.39
26.79	77.369	138.74
26.89	77.420	138.09
27.00	77.470	137.45
27.11	77.519	136.80
27.22	77.568	136.16
27.33	77.617	135.51
27.44	77.665	134.87
27.55	77.713	134.22
27.66	77.760	133.58
27.77	77.807	132.94
27.88	77.854	132.30
27.99	77.900	131.66
28.10	77.945	131.02
28.22	77.991	130.38
28.33	78.036	129.74
28.44	78.080	129.10
28.56	78.124	128.47
28.67	78.168	127.83
28.79	78.211	127.20
28.90	78.254	126.56
29.02	78.297	125.93
29.14	78.339	125.30
29.25	78.380	124.66
29.37	78.422	124.03
29.49	78.463	123.40
29.61	78.503	122.78
29.73	78.543	122.15
29.84	78.583	121.52
29.96	78.622	120.89
30.08	78.661	120.27
30.21	78.700	119.65
30.33	78.738	119.02
30.45	78.776	118.40
30.57	78.814	117.78
30.69	78.851	117.16
30.82	78.888	116.54
30.94	78.924	115.92
31.06	78.960	115.31
31.19	78.996	114.69
31.31	79.031	114.08
31.44	79.066	113.46
31.57	79.101	112.85
31.69	79.135	112.24
31.82	79.169	111.63
31.95	79.203	111.02
32.08	79.236	110.41
32.20	79.269	109.80
32.33	79.301	109.20
32.46	79.333	108.59
32.59	79.365	107.99
32.72	79.397	107.39
32.86	79.428	106.79
32.99	79.459	106.19
33.12	79.490	105.59
33.25	79.520	104.99
33.39	79.550	104.40
33.52	79.579	103.80
33.65	79.609	103.21
33.79	79.638	102.62
33.93	79.666	102.03
34.06	79.695	101.44
34.20	79.723	100.85
34.34	79.751	100.26
34.47	79.778	99.67
34.61	79.805	99.09
34.75	79.832	98.51
34.89	79.859	97.92
35.03	79.885	97.34
35.17	79.911	96.76
35.31	79.937	96.19
35.45	79.962	95.61
35.60	79.987	95.03
35.74	80.012	94.46
35.88	80.037	93.89
36.03	80.061	93.31
36.17	80.085	92.74
36.32	80.109	92.18
36.46	80.133	91.61
36.61	80.156	91.04
36.75	80.179	90.48
36.90	80.202	89.91
37.05	80.224	89.35
37.20	80.247	88.79
37.35	80.269	88.23
37.50	80.290	87.67
37.65	80.312	87.12
37.80	80.333	86.56
37.95	80.354	86.01
38.10	80.375	85.45
38.26	80.396	84.90
38.41	80.416	84.35
38.56	80.436	83.80
38.72	80.456	83.26
38.87	80.476	82.71
39.03	80.495	82.17
39.19	80.514	81.62
39.34	80.533	81.08
39.50	80.552	80.54
39.66	80.571	80.00
39.82	80.589	79.46
39.98	80.607	78.93
40.14	80.625	78.39
40.30	80.643	77.86
40.46	80.661	77.33
40.63	80.678	76.79
40.79	80.695	76.27
40.95	80.712	75.74
41.12	80.729	75.21
41.28	80.746	74.68
41.45	80.762	74.16
41.61	80.779	73.64
41.78	80.795	73.11
41.95	80.811	72.59
42.12	80.826	72.07
42.29	80.842	71.56
42.46	80.857	71.04
42.63	80.872	70.52
42.80	80.887	70.01
42.97	80.902	69.50
43.14	80.917	68.98
43.31	80.932	68.47
43.49	80.946	67.97
43.66	80.960	67.46
43.84	80.974	66.95
44.01	80.988	66.45
44.19	81.002	65.94
44.37	81.016	65.44
44.55	81.029	64.94
44.72	81.043	64.44
44.90	81.056	63.94
45.08	81.069	63.44
45.27	81.082	62.94
45.45	81.095	62.45
45.63	81.108	61.95
45.81	81.120	61.46
46.00	81.133	60.97
46.18	81.145	60.48
46.37	81.157	59.99
46.55	81.169	59.50
46.74	81.181	59.01
46.93	81.193	58.52
47.12	81.205	58.04
47.30	81.216	57.56
47.49	81.228	57.07
47.68	81.239	56.59
47.88	81.250	56.11
48.07	81.261	55.63
48.26	81.272	55.15
48.45	81.283	54.67
48.65	81.294	54.20
48.84	81.305	53.72
49.04	81.316	53.25
49.24	81.326	52.78
49.43	81.336	52.30
49.63	81.347	51.83
49.83	81.357	51.36
50.03	81.367	50.89
50.23	81.377	50.43
50.43	81.387	49.96
50.64	81.397	49.49
50.84	81.407	49.03
51.04	81.417	48.56
51.25	81.426	48.10
51.45	81.436	47.64
51.66	81.445	47.18
51.87	81.455	46.72
52.08	81.464	46.26
52.29	81.473	45.80
52.50	81.482	45.34
52.71	81.492	44.88
52.92	81.501	44.43
53.13	81.510	43.97
53.34	81.518	43.52
53.56	81.527	43.06
53.77	81.536	42.61
53.99	81.545	42.16
54.21	81.553	41.71
54.42	81.562	41.26
54.64	81.570	40.81
54.86	81.579	40.36
55.08	81.587	39.91
55.30	81.596	39.47
55.52	81.604	39.02
55.75	81.612	38.58
55.97	81.620	38.13
56.19	81.628	37.69
56.42	81.637	37.24
56.65	81.645	36.80
56.87	81.653	36.36
57.10	81.660	35.92
57.33	81.668	35.48
57.56	81.676	35.04
57.79	81.684	34.60
58.02	81.692	34.16
58.26	81.699	33.73
58.49	81.707	33.29
58.73	81.715	32.85
58.96	81.722	32.42
59.20	81.730	31.98
59.44	81.737	31.55
59.67	81.745	31.11
59.91	81.752	30.68
60.15	81.760	30.25
60.40	81.767	29.81
60.64	81.774	29.38
60.88	81.782	28.95
61.13	81.789	28.52
61.37	81.796	28.09
61.62	81.804	27.66
61.86	81.811	27.23
62.11	81.818	26.80
62.36	81.825	26.37
62.61	81.832	25.94
62.86	81.839	25.52
63.12	81.846	25.09
63.37	81.854	24.66
63.62	81.861	24.24
63.88	81.868	23.81
64.14	81.875	23.39
64.39	81.882	22.96
64.65	81.889	22.54
64.91	81.895	22.11
65.17	81.902	21.69
65.43	81.909	21.26
65.69	81.916	20.84
65.96	81.923	20.42
66.22	81.930	19.99
66.49	81.937	19.57
66.76	81.944	19.15
67.02	81.950	18.73
67.29	81.957	18.30
67.56	81.964	17.88
67.83	81.971	17.46
68.11	81.978	17.04
68.38	81.984	16.62
68.65	81.991	16.20
68.93	81.998	15.78
69.21	82.005	15.36
69.48	82.011	14.94
69.76	82.018	14.52
70.04	82.025	14.10
70.32	82.032	13.68
70.61	82.038	13.26
70.89	82.045	12.84
71.17	82.052	12.42
71.46	82.059	12.00
71.75	82.065	11.58
72.03	82.072	11.16
72.32	82.079	10.74
72.61	82.085	10.32
72.91	82.092	9.90
73.20	82.099	9.48
73.49	82.106	9.06
73.79	82.112	8.64
74.08	82.119	8.22
74.38	82.126	7.80
74.68	82.133	7.38
74.98	82.139	6.96
75.28	82.146	6.54
75.58	82.153	6.12
75.88	82.160	5.70
76.19	82.166	5.28
76.49	82.173	4.86
76.80	82.180	4.44
77.11	82.187	4.02
77.42	82.193	3.60
77.73	82.200	3.18
78.04	82.207	2.76
78.36	82.214	2.34
78.67	82.221	1.92
78.99	82.227	1.49
79.30	82.234	1.07
79.62	82.241	0.65
79.94	82.248	0.23
80.26	82.255	-0.20
80.58	82.262	-0.62
80.91	82.268	-1.04
81.23	82.275	-1.47
81.56	82.282	-1.89
81.88	82.289	-2.32
82.21	82.296	-2.74
82.54	82.303	-3.17
82.87	82.310	-3.59
83.21	82.317	-4.02
83.54	82.324	-4.45
83.88	82.331	-4.88
84.21	82.338	-5.30
84.55	82.345	-5.73
84.89	82.352	-6.16
85.23	82.359	-6.59
85.57	82.366	-7.02
85.92	82.373	-7.45
86.26	82.380	-7.88
86.61	82.387	-8.31
86.95	82.394	-8.74
87.30	82.401	-9.18
87.65	82.408	-9.61
88.01	82.416	-10.04
88.36	82.423	-10.48
88.71	82.430	-10.91
89.07	82.437	-11.35
89.43	82.444	-11.79
89.79	82.451	-12.22
90.15	82.459	-12.66
90.51	82.466	-13.10
90.87	82.473	-13.54
91.24	82.480	-13.98
91.60	82.488	-14.42
91.97	82.495	-14.86
92.34	82.502	-15.31
92.71	82.510	-15.75
93.08	82.517	-16.19
93.45	82.524	-16.64
93.83	82.532	-17.09
94.21	82.539	-17.53
94.58	82.546	-17.98
94.96	82.554	-18.43
95.35	82.561	-18.88
95.73	82.569	-19.33
96.11	82.576	-19.78
96.50	82.584	-20.24
96.89	82.591	-20.69
97.27	82.599	-21.15
97.66	82.606	-21.60
98.06	82.614	-22.06
98.45	82.621	-22.52
98.84	82.629	-22.98
99.24	82.636	-23.44
99.64	82.644	-23.90
100.04	82.651	-24.36
100.44	82.659	-24.82
100.84	82.666	-25.29
101.25	82.674	-25.76
101.66	82.682	-26.22
102.06	82.689	-26.69
102.47	82.697	-27.16
102.88	82.704	-27.63
103.30	82.712	-28.11
103.71	82.720	-28.58
104.13	82.727	-29.06
104.55	82.735	-29.53
104.97	82.742	-30.01
105.39	82.750	-30.49
105.81	82.758	-30.97
106.23	82.765	-31.46
106.66	82.773	-31.94
107.09	82.781	-32.43
107.52	82.788	-32.91
107.95	82.796	-33.40
108.38	82.803	-33.89
108.82	82.811	-34.39
109.25	82.819	-34.88
109.69	82.826	-35.38
110.13	82.834	-35.87
110.58	82.841	-36.37
111.02	82.849	-36.87
111.46	82.857	-37.37
111.91	82.864	-37.88
112.36	82.872	-38.38
112.81	82.879	-38.89
113.26	82.887	-39.40
113.72	82.894	-39.91
114.18	82.902	-40.43
114.63	82.909	-40.94
115.09	82.917	-41.46
115.56	82.924	-41.98
116.02	82.931	-42.50
116.49	82.939	-43.02
116.95	82.946	-43.55
117.42	82.953	-44.08
117.89	82.961	-44.60
118.37	82.968	-45.14
118.84	82.975	-45.67
119.32	82.982	-46.21
119.80	82.989	-46.74
120.28	82.996	-47.28
120.76	83.003	-47.83
121.25	83.010	-48.37
121.73	83.017	-48.92
122.22	83.024	-49.47
122.71	83.031	-50.02
123.20	83.038	-50.58
123.70	83.045	-51.13
124.19	83.051	-51.69
124.69	83.058	-52.25
125.19	83.064	-52.82
125.70	83.071	-53.38
126.20	83.077	-53.95
126.71	83.083	-54.53
127.21	83.090	-55.10
127.73	83.096	-55.68
128.24	83.102	-56.26
128.75	83.108	-56.84
129.27	83.113	-57.43
129.79	83.119	-58.02
130.31	83.125	-58.61
130.83	83.130	-59.20
131.36	83.136	-59.80
131.88	83.141	-60.40
132.41	83.146	-61.00
132.94	83.151	-61.61
133.48	83.156	-62.22
134.01	83.161	-62.83
134.55	83.165	-63.44
135.09	83.170	-64.06
135.63	83.174	-64.68
136.18	83.178	-65.31
136.73	83.182	-65.94
137.27	83.186	-66.57
137.82	83.190	-67.20
138.38	83.193	-67.84
138.93	83.197	-68.48
139.49	83.200	-69.12
140.05	83.203	-69.77
140.61	83.205	-70.42
141.18	83.208	-71.08
141.74	83.210	-71.74
142.31	83.212	-72.40
142.88	83.214	-73.06
143.46	83.216	-73.73
144.03	83.217	-74.40
144.61	83.218	-75.08
145.19	83.219	-75.76
145.77	83.219	-76.44
146.36	83.219	-77.13
146.95	83.219	-77.82
147.54	83.219	-78.51
148.13	83.218	-79.21
148.72	83.217	-79.91
149.32	83.216	-80.62
149.92	83.214	-81.33
150.52	83.212	-82.04
151.12	83.210	-82.76
151.73	83.207	-83.48
152.34	83.204	-84.21
152.95	83.201	-84.93
153.56	83.197	-85.67
154.18	83.193	-86.40
154.80	83.188	-87.15
155.42	83.183	-87.89
156.04	83.177	-88.64
156.67	83.171	-89.39
157.30	83.165	-90.15
157.93	83.158	-90.91
158.56	83.150	-91.68
159.20	83.142	-92.44
159.84	83.134	-93.22
160.48	83.125	-93.99
161.13	83.115	-94.78
161.77	83.105	-95.56
162.42	83.094	-96.35
163.07	83.083	-97.14
163.73	83.071	-97.94
164.38	83.059	-98.74
165.04	83.046	-99.55
165.71	83.032	-100.35
166.37	83.018	-101.17
167.04	83.002	-101.98
167.71	82.987	-102.80
168.38	82.970	-103.63
169.06	82.953	-104.46
169.74	82.935	-105.29
170.42	82.917	-106.12
171.10	82.898	-106.96
171.79	82.878	-107.81
172.48	82.857	-108.65
173.17	82.835	-109.50
173.87	82.813	-110.36
174.56	82.790	-111.21
175.26	82.765	-112.07
175.97	82.741	-112.94
176.67	82.715	-113.80
177.38	82.688	-114.68
178.09	82.661	-115.55
178.81	82.632	-116.42
179.53	82.603	-117.30
180.25	82.573	-118.19
180.97	82.542	-119.07
181.70	82.509	-119.96
182.43	82.476	-120.85
183.16	82.442	-121.74
183.89	82.407	-122.64
184.63	82.371	-123.54
185.37	82.334	-124.44
186.12	82.296	-125.34
186.86	82.257	-126.24
187.61	82.217	-127.15
188.37	82.176	-128.06
189.12	82.134	-128.97
189.88	82.091	-129.88
190.64	82.046	-130.79
191.41	82.001	-131.71
192.18	81.955	-132.63
192.95	81.907	-133.54
193.72	81.859	-134.46
194.50	81.809	-135.38
195.28	81.758	-136.30
196.06	81.706	-137.22
196.85	81.653	-138.14
197.64	81.599	-139.07
198.43	81.544	-139.99
199.23	81.488	-140.91
200.03	81.430	218.17
200.83	81.372	217.24
201.64	81.312	216.32
202.45	81.251	215.40
203.26	81.189	214.48
204.08	81.126	213.56
204.89	81.062	212.64
205.72	80.997	211.72
206.54	80.931	210.80
207.37	80.863	209.88
208.20	80.795	208.96
209.04	80.725	208.05
209.88	80.654	207.13
210.72	80.583	206.22
211.57	80.510	205.31
212.42	80.436	204.40
213.27	80.361	203.49
214.12	80.285	202.59
214.98	80.208	201.68
215.85	80.130	200.78
216.71	80.051	199.88
217.58	79.971	198.99
218.45	79.890	198.09
219.33	79.807	197.20
220.21	79.724	196.31
221.10	79.640	195.42
221.98	79.555	194.54
222.87	79.469	193.66
223.77	79.382	192.78
224.67	79.295	191.91
225.57	79.206	191.04
226.47	79.116	190.17
227.38	79.026	189.30
228.29	78.934	188.44
229.21	78.842	187.58
230.13	78.749	186.73
231.05	78.655	185.88
231.98	78.560	185.03
232.91	78.465	184.19
233.85	78.368	183.34
234.79	78.271	182.51
235.73	78.173	181.68
236.67	78.074	180.85
237.62	77.975	180.02
238.58	77.875	179.20
239.53	77.774	178.38
240.50	77.672	177.57
241.46	77.570	176.76
242.43	77.467	175.95
243.40	77.364	175.15
244.38	77.259	174.36
245.36	77.154	173.56
246.35	77.049	172.77
247.33	76.943	171.99
248.33	76.836	171.21
249.32	76.729	170.43
250.32	76.621	169.66
251.33	76.512	168.89
252.34	76.403	168.13
253.35	76.294	167.37
254.37	76.184	166.61
255.39	76.073	165.86
256.41	75.962	165.11
257.44	75.851	164.37
258.47	75.739	163.63
259.51	75.626	162.89
260.55	75.513	162.16
261.60	75.400	161.43
262.65	75.286	160.71
263.70	75.172	159.99
264.76	75.057	159.28
265.82	74.942	158.57
266.89	74.826	157.86
267.96	74.710	157.16
269.04	74.594	156.46
270.12	74.477	155.76
271.20	74.360	155.07
272.29	74.243	154.39
273.38	74.125	153.70
274.48	74.007	153.02
275.58	73.889	152.35
276.69	73.770	151.68
277.80	73.651	151.01
278.91	73.532	150.35
280.03	73.412	149.69
281.15	73.293	149.03
282.28	73.172	148.38
283.42	73.052	147.73
284.55	72.931	147.09
285.70	72.810	146.45
286.84	72.689	145.81
287.99	72.568	145.18
289.15	72.446	144.55
290.31	72.324	143.92
291.47	72.202	143.30
292.64	72.079	142.68
293.82	71.957	142.06
295.00	71.834	141.45
296.18	71.711	140.84
297.37	71.588	140.24
298.56	71.464	139.64
299.76	71.341	139.04
300.96	71.217	138.44
302.17	71.093	137.85
303.39	70.969	137.26
304.60	70.844	136.68
305.83	70.720	136.09
307.05	70.595	135.51
308.28	70.470	134.94
309.52	70.345	134.37
310.76	70.220	133.80
312.01	70.095	133.23
313.26	69.969	132.67
314.52	69.843	132.11
315.78	69.718	131.55
317.05	69.592	131.00
318.32	69.466	130.45
319.60	69.339	129.90
320.88	69.213	129.35
322.17	69.087	128.81
323.46	68.960	128.27
324.76	68.833	127.73
326.07	68.707	127.20
327.37	68.580	126.67
328.69	68.453	126.14
330.01	68.326	125.62
331.33	68.198	125.09
332.66	68.071	124.57
334.00	67.943	124.06
335.34	67.816	123.54
336.68	67.688	123.03
338.03	67.560	122.52
339.39	67.433	122.01
340.75	67.305	121.51
342.12	67.177	121.01
343.49	67.048	120.51
344.87	66.920	120.01
346.25	66.792	119.52
347.64	66.663	119.03
349.04	66.535	118.54
350.44	66.406	118.05
351.85	66.278	117.57
353.26	66.149	117.08
354.68	66.020	116.60
356.10	65.891	116.13
357.53	65.762	115.65
358.96	65.633	115.18
360.40	65.504	114.71
361.85	65.375	114.24
363.30	65.246	113.78
364.76	65.116	113.31
366.22	64.987	112.85
367.69	64.857	112.39
369.17	64.728	111.94
370.65	64.598	111.48
372.14	64.468	111.03
373.63	64.339	110.58
375.13	64.209	110.13
376.64	64.079	109.69
378.15	63.949	109.24
379.67	63.819	108.80
381.19	63.689	108.36
382.72	63.559	107.92
384.26	63.429	107.49
385.80	63.299	107.05
387.35	63.168	106.62
388.90	63.038	106.19
390.46	62.908	105.76
392.03	62.777	105.34
393.60	62.647	104.91
395.18	62.516	104.49
396.77	62.385	104.07
398.36	62.255	103.65
399.96	62.124	103.24
401.56	61.993	102.82
403.18	61.862	102.41
404.79	61.732	102.00
406.42	61.601	101.59
408.05	61.470	101.19
409.69	61.339	100.78
411.33	61.208	100.38
412.98	61.076	99.98
414.64	60.945	99.58
416.30	60.814	99.18
417.97	60.683	98.78
419.65	60.552	98.39
421.34	60.420	97.99
423.03	60.289	97.60
424.72	60.157	97.21
426.43	60.026	96.83
428.14	59.894	96.44
429.86	59.763	96.06
431.58	59.631	95.67
433.32	59.499	95.29
435.05	59.368	94.91
436.80	59.236	94.54
438.55	59.104	94.16
440.31	58.972	93.78
442.08	58.840	93.41
443.85	58.709	93.04
445.64	58.577	92.67
447.42	58.445	92.30
449.22	58.313	91.94
451.02	58.180	91.57
452.83	58.048	91.21
454.65	57.916	90.85
456.47	57.784	90.49
458.31	57.652	90.13
460.15	57.519	89.77
461.99	57.387	89.41
463.85	57.255	89.06
465.71	57.122	88.71
467.58	56.990	88.35
469.45	56.857	88.00
471.34	56.725	87.66
473.23	56.592	87.31
475.13	56.460	86.96
477.04	56.327	86.62
478.95	56.194	86.28
480.87	56.062	85.93
482.80	55.929	85.59
484.74	55.796	85.26
486.68	55.663	84.92
488.64	55.530	84.58
490.60	55.398	84.25
492.57	55.265	83.92
494.54	55.132	83.58
496.53	54.999	83.25
498.52	54.866	82.93
500.52	54.733	82.60
502.53	54.599	82.27
504.55	54.466	81.95
506.57	54.333	81.62
508.61	54.200	81.30
510.65	54.067	80.98
512.70	53.933	80.66
514.75	53.800	80.34
516.82	53.667	80.02
518.89	53.533	79.71
520.98	53.400	79.39
523.07	53.266	79.08
525.17	53.133	78.77
527.27	52.999	78.46
529.39	52.866	78.15
531.51	52.732	77.84
533.65	52.599	77.53
535.79	52.465	77.23
537.94	52.331	76.92
540.10	52.198	76.62
542.27	52.064	76.32
544.44	51.930	76.02
546.63	51.796	75.72
548.82	51.663	75.42
551.02	51.529	75.12
553.23	51.395	74.82
555.45	51.261	74.53
557.68	51.127	74.24
559.92	50.993	73.94
562.17	50.859	73.65
564.43	50.725	73.36
566.69	50.591	73.07
568.96	50.457	72.78
571.25	50.322	72.50
573.54	50.188	72.21
575.84	50.054	71.93
578.15	49.920	71.64
580.47	49.785	71.36
582.80	49.651	71.08
585.14	49.517	70.80
587.49	49.382	70.52
589.85	49.248	70.24
592.22	49.114	69.97
594.59	48.979	69.69
596.98	48.845	69.42
599.37	48.710	69.14
601.78	48.576	68.87
604.19	48.441	68.60
606.62	48.307	68.33
609.05	48.172	68.06
611.50	48.037	67.79
613.95	47.903	67.52
616.42	47.768	67.26
618.89	47.633	66.99
621.37	47.498	66.73
623.87	47.364	66.47
626.37	47.229	66.20
628.88	47.094	65.94
631.41	46.959	65.68
633.94	46.824	65.42
636.49	46.689	65.17
639.04	46.554	64.91
641.61	46.419	64.65
644.18	46.284	64.40
646.77	46.149	64.15
649.36	46.014	63.89
651.97	45.879	63.64
654.58	45.744	63.39
657.21	45.609	63.14
659.85	45.474	62.89
662.50	45.339	62.64
665.16	45.203	62.40
667.82	45.068	62.15
670.50	44.933	61.91
673.20	44.798	61.66
675.90	44.662	61.42
678.61	44.527	61.18
681.33	44.391	60.94
684.07	44.256	60.69
686.81	44.121	60.46
689.57	43.985	60.22
692.34	43.850	59.98
695.12	43.714	59.74
697.90	43.579	59.51
700.71	43.443	59.27
703.52	43.308	59.04
706.34	43.172	58.81
709.18	43.037	58.57
712.02	42.901	58.34
714.88	42.765	58.11
717.75	42.630	57.88
720.63	42.494	57.66
723.52	42.358	57.43
726.42	42.222	57.20
729.34	42.087	56.98
732.27	41.951	56.75
735.21	41.815	56.53
738.16	41.679	56.30
741.12	41.543	56.08
744.09	41.407	55.86
747.08	41.272	55.64
750.08	41.136	55.42
753.09	41.000	55.20
756.11	40.864	54.98
759.14	40.728	54.77
762.19	40.592	54.55
765.25	40.456	54.34
768.32	40.320	54.12
771.40	40.184	53.91
774.50	40.048	53.69
777.61	39.911	53.48
780.73	39.775	53.27
783.86	39.639	53.06
787.01	39.503	52.85
790.17	39.367	52.64
793.34	39.231	52.43
796.52	39.094	52.23
799.72	38.958	52.02
802.93	38.822	51.82
806.15	38.686	51.61
809.38	38.549	51.41
812.63	38.413	51.20
815.89	38.277	51.00
819.17	38.140	50.80
822.46	38.004	50.60
825.76	37.867	50.40
829.07	37.731	50.20
832.40	37.594	50.00
835.74	37.458	49.80
839.09	37.322	49.61
842.46	37.185	49.41
845.84	37.049	49.22
849.24	36.912	49.02
852.64	36.775	48.83
856.07	36.639	48.63
859.50	36.502	48.44
862.95	36.366	48.25
866.41	36.229	48.06
869.89	36.092	47.87
873.38	35.956	47.68
876.89	35.819	47.49
880.41	35.682	47.30
883.94	35.546	47.12
887.49	35.409	46.93
891.05	35.272	46.74
894.62	35.135	46.56
898.21	34.999	46.38
901.82	34.862	46.19
905.44	34.725	46.01
909.07	34.588	45.83
912.72	34.451	45.65
916.38	34.314	45.46
920.06	34.178	45.29
923.75	34.041	45.11
927.46	33.904	44.93
931.18	33.767	44.75
934.92	33.630	44.57
938.67	33.493	44.40
942.44	33.356	44.22
946.22	33.219	44.04
950.02	33.082	43.87
953.83	32.945	43.70
957.66	32.808	43.52
961.50	32.671	43.35
965.36	32.534	43.18
969.24	32.397	43.01
973.13	32.260	42.84
977.03	32.122	42.67
980.95	31.985	42.50
984.89	31.848	42.33
988.84	31.711	42.16
992.81	31.574	42.00
996.79	31.437	41.83
1000.79	31.299	41.66
1004.81	31.162	41.50
1008.84	31.025	41.33
1012.89	30.888	41.17
1016.96	30.750	41.01
1021.04	30.613	40.85
1025.14	30.476	40.68
1029.25	30.339	40.52
1033.38	30.201	40.36
1037.53	30.064	40.20
1041.69	29.927	40.04
1045.87	29.789	39.88
1050.07	29.652	39.73
1054.28	29.515	39.57
1058.51	29.377	39.41
1062.76	29.240	39.25
1067.03	29.102	39.10
1071.31	28.965	38.94
1075.61	28.827	38.79
1079.93	28.690	38.64
1084.26	28.553	38.48
1088.61	28.415	38.33
1092.98	28.278	38.18
1097.37	28.140	38.03
1101.77	28.003	37.88
1106.19	27.865	37.73
1110.63	27.728	37.58
1115.09	27.590	37.43
1119.56	27.452	37.28
1124.06	27.315	37.13
1128.57	27.177	36.98
1133.10	27.040	36.84
1137.64	26.902	36.69
1142.21	26.764	36.54
1146.79	26.627	36.40
1151.40	26.489	36.25
1156.02	26.351	36.11
1160.66	26.214	35.97
1165.31	26.076	35.82
1169.99	25.938	35.68
1174.69	25.801	35.54
1179.40	25.663	35.40
1184.13	25.525	35.26
1188.89	25.388	35.12
1193.66	25.250	34.98
1198.45	25.112	34.84
1203.26	24.974	34.70
1208.09	24.837	34.56
1212.94	24.699	34.43
1217.80	24.561	34.29
1222.69	24.423	34.15
1227.60	24.285	34.02
1232.52	24.148	33.88
1237.47	24.010	33.75
1242.44	23.872	33.61
1247.42	23.734	33.48
1252.43	23.596	33.35
1257.45	23.458	33.22
1262.50	23.320	33.08
1267.57	23.183	32.95
1272.66	23.045	32.82
1277.76	22.907	32.69
1282.89	22.769	32.56
1288.04	22.631	32.43
1293.21	22.493	32.30
1298.40	22.355	32.17
1303.61	22.217	32.05
1308.84	22.079	31.92
1314.09	21.941	31.79
1319.37	21.803	31.67
1324.66	21.665	31.54
1329.98	21.527	31.41
1335.32	21.389	31.29
1340.67	21.251	31.17
1346.05	21.113	31.04
1351.46	20.975	30.92
1356.88	20.837	30.79
1362.33	20.699	30.67
1367.79	20.561	30.55
1373.28	20.423	30.43
1378.79	20.285	30.31
1384.33	20.147	30.19
1389.88	20.009	30.07
1395.46	19.870	29.95
1401.06	19.732	29.83
1406.68	19.594	29.71
1412.33	19.456	29.59
1418.00	19.318	29.47
1423.69	19.180	29.36
1429.40	19.042	29.24
1435.14	18.904	29.12
1440.90	18.765	29.01
1446.68	18.627	28.89
1452.49	18.489	28.78
1458.32	18.351	28.66
1464.17	18.213	28.55
1470.04	18.074	28.44
1475.94	17.936	28.32
1481.87	17.798	28.21
1487.81	17.660	28.10
1493.78	17.522	27.99
1499.78	17.383	27.87
1505.80	17.245	27.76
1511.84	17.107	27.65
1517.91	16.969	27.54
1524.00	16.830	27.43
1530.12	16.692	27.32
1536.26	16.554	27.22
1542.42	16.416	27.11
1548.61	16.277	27.00
1554.83	16.139	26.89
1561.07	16.001	26.78
1567.33	15.862	26.68
1573.62	15.724	26.57
1579.94	15.586	26.47
1586.28	15.447	26.36
1592.64	15.309	26.26
1599.04	15.171	26.15
1605.45	15.032	26.05
1611.90	14.894	25.94
1618.37	14.756	25.84
1624.86	14.617	25.74
1631.38	14.479	25.63
1637.93	14.340	25.53
1644.50	14.202	25.43
1651.10	14.064	25.33
1657.73	13.925	25.23
1664.38	13.787	25.13
1671.06	13.648	25.03
1677.77	13.510	24.93
1684.50	13.372	24.83
1691.26	13.233	24.73
1698.05	13.095	24.63
1704.86	12.956	24.53
1711.70	12.818	24.44
1718.57	12.679	24.34
1725.47	12.541	24.24
1732.39	12.403	24.15
1739.35	12.264	24.05
1746.33	12.126	23.95
1753.34	11.987	23.86
1760.37	11.849	23.76
1767.44	11.710	23.67
1774.53	11.572	23.57
1781.65	11.433	23.48
1788.80	11.295	23.39
1795.98	11.156	23.29
1803.19	11.018	23.20
1810.43	10.879	23.11
1817.69	10.741	23.02
1824.99	10.602	22.92
1832.31	10.464	22.83
1839.66	10.325	22.74
1847.05	10.187	22.65
1854.46	10.048	22.56
1861.90	9.909	22.47
1869.37	9.771	22.38
1876.88	9.632	22.29
1884.41	9.494	22.20
1891.97	9.355	22.11
1899.56	9.217	22.03
1907.19	9.078	21.94
1914.84	8.939	21.85
1922.53	8.801	21.76
1930.24	8.662	21.68
1937.99	8.524	21.59
1945.76	8.385	21.50
1953.57	8.247	21.42
1961.41	8.108	21.33
1969.29	7.969	21.25
1977.19	7.831	21.16
1985.12	7.692	21.08
1993.09	7.553	21.00
2001.09	7.415	20.91
2009.12	7.276	20.83
2017.18	7.138	20.75
2025.28	6.999	20.66
2033.41	6.860	20.58
2041.57	6.722	20.50
2049.76	6.583	20.42
2057.99	6.444	20.34
2066.24	6.306	20.25
2074.54	6.167	20.17
2082.86	6.028	20.09
2091.22	5.890	20.01
2099.61	5.751	19.93
2108.04	5.612	19.85
2116.50	5.474	19.77
2124.99	5.335	19.70
2133.52	5.196	19.62
2142.08	5.058	19.54
2150.68	4.919	19.46
2159.31	4.780	19.38
2167.98	4.641	19.31
2176.68	4.503	19.23
2185.41	4.364	19.15
2194.18	4.225	19.08
2202.99	4.087	19.00
2211.83	3.948	18.92
2220.71	3.809	18.85
2229.62	3.670	18.77
2238.57	3.532	18.70
2247.55	3.393	18.62
2256.57	3.254	18.55
2265.63	3.115	18.48
2274.72	2.977	18.40
2283.85	2.838	18.33
2293.02	2.699	18.26
2302.22	2.560	18.18
2311.46	2.422	18.11
2320.73	2.283	18.04
2330.05	2.144	17.97
2339.40	2.005	17.89
2348.79	1.867	17.82
2358.21	1.728	17.75
2367.68	1.589	17.68
2377.18	1.450	17.61
2386.72	1.312	17.54
2396.30	1.173	17.47
2405.91	1.034	17.40
2415.57	0.895	17.33
2425.26	0.756	17.26
2435.00	0.618	17.19
2444.77	0.479	17.12
2454.58	0.340	17.06
2464.43	0.201	16.99
2474.32	0.062	16.92
2484.25	-0.076	16.85
2494.22	-0.215	16.79
2504.23	-0.354	16.72
2514.28	-0.493	16.65
2524.37	-0.632	16.59
2534.50	-0.771	16.52
2544.67	-0.909	16.45
2554.89	-1.048	16.39
2565.14	-1.187	16.32
2575.43	-1.326	16.26
2585.77	-1.465	16.19
2596.15	-1.604	16.13
2606.57	-1.742	16.06
2617.03	-1.881	16.00
2627.53	-2.020	15.94
2638.07	-2.159	15.87
2648.66	-2.298	15.81
2659.29	-2.437	15.75
2669.96	-2.575	15.68
2680.68	-2.714	15.62
2691.44	-2.853	15.56
2702.24	-2.992	15.50
2713.08	-3.131	15.43
2723.97	-3.270	15.37
2734.90	-3.409	15.31
2745.88	-3.548	15.25
2756.90	-3.686	15.19
2767.96	-3.825	15.13
2779.07	-3.964	15.07
2790.22	-4.103	15.01
2801.42	-4.242	14.95
2812.66	-4.381	14.89
2823.95	-4.520	14.83
2835.29	-4.659	14.77
2846.66	-4.797	14.71
2858.09	-4.936	14.65
2869.56	-5.075	14.59
2881.07	-5.214	14.53
2892.64	-5.353	14.48
2904.25	-5.492	14.42
2915.90	-5.631	14.36
2927.60	-5.770	14.30
2939.35	-5.909	14.25
2951.15	-6.048	14.19
2962.99	-6.186	14.13
2974.88	-6.325	14.08
2986.82	-6.464	14.02
2998.81	-6.603	13.96
3010.84	-6.742	13.91
3022.93	-6.881	13.85
3035.06	-7.020	13.80
3047.24	-7.159	13.74
3059.47	-7.298	13.69
3071.75	-7.437	13.63
3084.07	-7.576	13.58
3096.45	-7.715	13.52
3108.88	-7.854	13.47
3121.35	-7.993	13.42
3133.88	-8.131	13.36
3146.46	-8.270	13.31
3159.09	-8.409	13.26
3171.76	-8.548	13.20
3184.49	-8.687	13.15
3197.27	-8.826	13.10
3210.10	-8.965	13.05
3222.99	-9.104	12.99
3235.92	-9.243	12.94
3248.91	-9.382	12.89
3261.95	-9.521	12.84
3275.04	-9.660	12.79
3288.18	-9.799	12.74
3301.38	-9.938	12.69
3314.63	-10.077	12.64
3327.93	-10.216	12.59
3341.28	-10.355	12.53
3354.69	-10.494	12.48
3368.16	-10.633	12.43
3381.67	-10.772	12.39
3395.25	-10.911	12.34
3408.87	-11.049	12.29
3422.55	-11.188	12.24
3436.29	-11.327	12.19
3450.08	-11.466	12.14
3463.92	-11.605	12.09
3477.83	-11.744	12.04
3491.78	-11.883	12.00
3505.80	-12.022	11.95
3519.87	-12.161	11.90
3533.99	-12.300	11.85
3548.17	-12.439	11.80
3562.41	-12.578	11.76
3576.71	-12.717	11.71
3591.06	-12.856	11.66
3605.48	-12.995	11.62
3619.95	-13.134	11.57
3634.47	-13.273	11.52
3649.06	-13.412	11.48
3663.70	-13.551	11.43
3678.41	-13.690	11.39
3693.17	-13.829	11.34
3707.99	-13.968	11.30
3722.87	-14.107	11.25
3737.81	-14.246	11.21
3752.81	-14.385	11.16
3767.87	-14.524	11.12
3783.00	-14.663	11.07
3798.18	-14.802	11.03
3813.42	-14.941	10.98
3828.72	-15.080	10.94
3844.09	-15.219	10.90
3859.52	-15.358	10.85
3875.01	-15.497	10.81
3890.56	-15.636	10.77
3906.17	-15.775	10.72
3921.85	-15.914	10.68
3937.59	-16.053	10.64
3953.39	-16.192	10.60
3969.25	-16.331	10.55
3985.18	-16.470	10.51
4001.18	-16.609	10.47
4017.23	-16.748	10.43
4033.36	-16.887	10.39
4049.54	-17.026	10.34
4065.80	-17.165	10.30
4082.11	-17.304	10.26
4098.49	-17.444	10.22
4114.94	-17.583	10.18
4131.46	-17.722	10.14
4148.04	-17.861	10.10
4164.68	-18.000	10.06
4181.40	-18.139	10.02
4198.18	-18.278	9.98
4215.03	-18.417	9.94
4231.94	-18.556	9.90
4248.93	-18.695	9.86
4265.98	-18.834	9.82
4283.10	-18.973	9.78
4300.29	-19.112	9.74
4317.55	-19.251	9.70
4334.87	-19.390	9.66
4352.27	-19.529	9.63
4369.74	-19.668	9.59
4387.27	-19.807	9.55
4404.88	-19.946	9.51
4422.56	-20.085	9.47
4440.31	-20.224	9.43
4458.13	-20.363	9.40
4476.02	-20.502	9.36
4493.98	-20.641	9.32
4512.02	-20.780	9.28
4530.12	-20.919	9.25
4548.30	-21.059	9.21
4566.56	-21.198	9.17
4584.88	-21.337	9.14
4603.28	-21.476	9.10
4621.76	-21.615	9.06
4640.31	-21.754	9.03
4658.93	-21.893	8.99
4677.63	-22.032	8.96
4696.40	-22.171	8.92
4715.25	-22.310	8.88
4734.17	-22.449	8.85
4753.17	-22.588	8.81
4772.24	-22.727	8.78
4791.40	-22.866	8.74
4810.63	-23.005	8.71
4829.93	-23.144	8.67
4849.32	-23.283	8.64
4868.78	-23.423	8.60
4888.32	-23.562	8.57
4907.93	-23.701	8.54
4927.63	-23.840	8.50
4947.41	-23.979	8.47
4967.26	-24.118	8.43
4987.20	-24.257	8.40
5007.21	-24.396	8.37
5027.31	-24.535	8.33
5047.48	-24.674	8.30
5067.74	-24.813	8.27
5088.08	-24.952	8.23
5108.50	-25.091	8.20
5129.00	-25.230	8.17
5149.58	-25.369	8.14
5170.25	-25.509	8.10
5191.00	-25.648	8.07
5211.83	-25.787	8.04
5232.75	-25.926	8.01
5253.75	-26.065	7.97
5274.83	-26.204	7.94
5296.00	-26.343	7.91
5317.25	-26.482	7.88
5338.59	-26.621	7.85
5360.02	-26.760	7.82
5381.53	-26.899	7.78
5403.13	-27.038	7.75
5424.81	-27.177	7.72
5446.58	-27.317	7.69
5468.44	-27.456	7.66
5490.38	-27.595	7.63
5512.42	-27.734	7.60
5534.54	-27.873	7.57
5556.75	-28.012	7.54
5579.05	-28.151	7.51
5601.44	-28.290	7.48
5623.92	-28.429	7.45
5646.49	-28.568	7.42
5669.15	-28.707	7.39
5691.91	-28.846	7.36
5714.75	-28.986	7.33
5737.68	-29.125	7.30
5760.71	-29.264	7.27
5783.83	-29.403	7.24
5807.04	-29.542	7.21
5830.34	-29.681	7.19
5853.74	-29.820	7.16
5877.24	-29.959	7.13
5900.82	-30.098	7.10
5924.50	-30.237	7.07
5948.28	-30.376	7.04
5972.15	-30.516	7.02
5996.12	-30.655	6.99
6020.18	-30.794	6.96
6044.34	-30.933	6.93
6068.60	-31.072	6.90
6092.96	-31.211	6.88
6117.41	-31.350	6.85
6141.96	-31.489	6.82
6166.61	-31.628	6.79
6191.35	-31.767	6.77
6216.20	-31.907	6.74
6241.15	-32.046	6.71
6266.20	-32.185	6.69
6291.34	-32.324	6.66
6316.59	-32.463	6.63
6341.94	-32.602	6.61
6367.39	-32.741	6.58
6392.95	-32.880	6.55
6418.60	-33.019	6.53
6444.36	-33.158	6.50
6470.23	-33.298	6.48
6496.19	-33.437	6.45
6522.26	-33.576	6.42
6548.44	-33.715	6.40
6574.72	-33.854	6.37
6601.10	-33.993	6.35
6627.60	-34.132	6.32
6654.19	-34.271	6.30
6680.90	-34.410	6.27
6707.71	-34.550	6.25
6734.63	-34.689	6.22
6761.66	-34.828	6.20
6788.79	-34.967	6.17
6816.04	-35.106	6.15
6843.39	-35.245	6.12
6870.86	-35.384	6.10
6898.43	-35.523	6.07
6926.12	-35.662	6.05
6953.91	-35.801	6.03
6981.82	-35.941	6.00
7009.84	-36.080	5.98
7037.97	-36.219	5.95
7066.22	-36.358	5.93
7094.57	-36.497	5.91
7123.05	-36.636	5.88
7151.63	-36.775	5.86
7180.33	-36.914	5.84
7209.15	-37.053	5.81
7238.08	-37.193	5.79
7267.13	-37.332	5.77
7296.29	-37.471	5.74
7325.58	-37.610	5.72
7354.98	-37.749	5.70
7384.49	-37.888	5.67
7414.13	-38.027	5.65
7443.88	-38.166	5.63
7473.76	-38.306	5.61
7503.75	-38.445	5.58
7533.86	-38.584	5.56
7564.10	-38.723	5.54
7594.46	-38.862	5.52
7624.93	-39.001	5.49
7655.53	-39.140	5.47
7686.26	-39.279	5.45
7717.10	-39.418	5.43
7748.07	-39.558	5.41
7779.17	-39.697	5.39
7810.39	-39.836	5.36
7841.73	-39.975	5.34
7873.20	-40.114	5.32
7904.80	-40.253	5.30
7936.52	-40.392	5.28
7968.38	-40.531	5.26
8000.35	-40.671	5.24
8032.46	-40.810	5.22
8064.70	-40.949	5.20
8097.06	-41.088	5.17
8129.56	-41.227	5.15
8162.18	-41.366	5.13
8194.94	-41.505	5.11
8227.83	-41.644	5.09
8260.85	-41.783	5.07
8294.00	-41.923	5.05
8327.29	-42.062	5.03
8360.71	-42.201	5.01
8394.26	-42.340	4.99
8427.95	-42.479	4.97
8461.77	-42.618	4.95
8495.73	-42.757	4.93
8529.83	-42.896	4.91
8564.06	-43.036	4.89
8598.43	-43.175	4.87
8632.93	-43.314	4.85
8667.58	-43.453	4.83
8702.36	-43.592	4.81
8737.29	-43.731	4.80
8772.35	-43.870	4.78
8807.56	-44.009	4.76
8842.91	-44.149	4.74
8878.39	-44.288	4.72
8914.03	-44.427	4.70
8949.80	-44.566	4.68
8985.72	-44.705	4.66
9021.78	-44.844	4.64
9057.98	-44.983	4.63
9094.34	-45.122	4.61
9130.83	-45.262	4.59
9167.48	-45.401	4.57
9204.27	-45.540	4.55
9241.21	-45.679	4.53
9278.29	-45.818	4.52
9315.53	-45.957	4.50
9352.92	-46.096	4.48
9390.45	-46.236	4.46
9428.14	-46.375	4.44
9465.97	-46.514	4.43
9503.96	-46.653	4.41
9542.10	-46.792	4.39
9580.40	-46.931	4.37
9618.85	-47.070	4.36
9657.45	-47.209	4.34
9696.21	-47.349	4.32
9735.12	-47.488	4.30
9774.19	-47.627	4.29
9813.42	-47.766	4.27
9852.80	-47.905	4.25
9892.34	-48.044	4.24
9932.04	-48.183	4.22
9971.90	-48.322	4.20
10011.92	-48.462	4.19
10052.10	-48.601	4.17
10092.44	-48.740	4.15
10132.94	-48.879	4.14
10173.61	-49.018	4.12
10214.44	-49.157	4.10
10255.43	-49.296	4.09
10296.59	-49.436	4.07
10337.91	-49.575	4.05
10379.40	-49.714	4.04
10421.05	-49.853	4.02
10462.88	-49.992	4.00
10504.87	-50.131	3.99
10547.02	-50.270	3.97
10589.35	-50.409	3.96
10631.85	-50.549	3.94
10674.52	-50.688	3.93
10717.36	-50.827	3.91
10760.37	-50.966	3.89
10803.55	-51.105	3.88
10846.91	-51.244	3.86
10890.44	-51.383	3.85
10934.14	-51.523	3.83
10978.03	-51.662	3.82
11022.08	-51.801	3.80
11066.32	-51.940	3.79
11110.73	-52.079	3.77
11155.32	-52.218	3.76
11200.09	-52.357	3.74
11245.04	-52.497	3.73
11290.16	-52.636	3.71
11335.47	-52.775	3.70
11380.97	-52.914	3.68
11426.64	-53.053	3.67
11472.50	-53.192	3.65
11518.54	-53.331	3.64
11564.77	-53.470	3.62
11611.18	-53.610	3.61
11657.78	-53.749	3.59
11704.56	-53.888	3.58
11751.53	-54.027	3.57
11798.70	-54.166	3.55
11846.05	-54.305	3.54
11893.59	-54.444	3.52
11941.32	-54.584	3.51
11989.24	-54.723	3.49
12037.36	-54.862	3.48
12085.67	-55.001	3.47
12134.17	-55.140	3.45
12182.86	-55.279	3.44
12231.76	-55.418	3.43
12280.85	-55.558	3.41
12330.13	-55.697	3.40
12379.62	-55.836	3.38
12429.30	-55.975	3.37
12479.18	-56.114	3.36
12529.26	-56.253	3.34
12579.54	-56.392	3.33
12630.03	-56.531	3.32
12680.71	-56.671	3.30
12731.61	-56.810	3.29
12782.70	-56.949	3.28
12834.00	-57.088	3.26
12885.51	-57.227	3.25
12937.22	-57.366	3.24
12989.14	-57.505	3.23
13041.27	-57.645	3.21
13093.60	-57.784	3.20
13146.15	-57.923	3.19
13198.91	-58.062	3.17
13251.88	-58.201	3.16
13305.06	-58.340	3.15
13358.46	-58.479	3.14
13412.07	-58.619	3.12
13465.89	-58.758	3.11
13519.94	-58.897	3.10
13574.19	-59.036	3.09
13628.67	-59.175	3.07
13683.36	-59.314	3.06
13738.28	-59.453	3.05
13793.41	-59.593	3.04
13848.77	-59.732	3.03
13904.35	-59.871	3.01
13960.15	-60.010	3.00
14016.17	-60.149	2.99
14072.42	-60.288	2.98
14128.90	-60.427	2.97
14185.60	-60.567	2.95
14242.53	-60.706	2.94
14299.69	-60.845	2.93
14357.08	-60.984	2.92
14414.70	-61.123	2.91
14472.55	-61.262	2.90
14530.63	-61.401	2.88
14588.94	-61.541	2.87
14647.49	-61.680	2.86
14706.27	-61.819	2.85
14765.29	-61.958	2.84
14824.55	-62.097	2.83
14884.04	-62.236	2.82
14943.78	-62.375	2.80
15003.75	-62.515	2.79
15063.96	-62.654	2.78
15124.42	-62.793	2.77
15185.12	-62.932	2.76
15246.06	-63.071	2.75
15307.24	-63.210	2.74
15368.67	-63.349	2.73
15430.35	-63.488	2.72
15492.28	-63.628	2.70
15554.45	-63.767	2.69
15616.87	-63.906	2.68
15679.55	-64.045	2.67
15742.47	-64.184	2.66
15805.65	-64.323	2.65
15869.08	-64.462	2.64
15932.77	-64.602	2.63
15996.71	-64.741	2.62
16060.91	-64.880	2.61
16125.36	-65.019	2.60
16190.08	-65.158	2.59
16255.05	-65.297	2.58
16320.29	-65.436	2.57
16385.79	-65.576	2.56
16451.55	-65.715	2.55
16517.57	-65.854	2.54
16583.86	-65.993	2.53
16650.41	-66.132	2.52
16717.23	-66.271	2.51
16784.32	-66.410	2.50
16851.68	-66.550	2.49
16919.31	-66.689	2.48
16987.21	-66.828	2.47
17055.39	-66.967	2.46
17123.83	-67.106	2.45
17192.56	-67.245	2.44
17261.55	-67.384	2.43
17330.83	-67.524	2.42
17400.38	-67.663	2.41
17470.21	-67.802	2.40
17540.32	-67.941	2.39
17610.72	-68.080	2.38
17681.39	-68.219	2.37
17752.35	-68.358	2.36
17823.60	-68.498	2.35
17895.13	-68.637	2.34
17966.94	-68.776	2.33
18039.05	-68.915	2.32
18111.44	-69.054	2.31
18184.13	-69.193	2.30
18257.10	-69.332	2.30
18330.37	-69.471	2.29
18403.94	-69.611	2.28
18477.80	-69.750	2.27
18551.95	-69.889	2.26
18626.41	-70.028	2.25
18701.16	-70.167	2.24
18776.21	-70.306	2.23
18851.56	-70.445	2.22
18927.22	-70.585	2.21
19003.18	-70.724	2.21
19079.44	-70.863	2.20
19156.01	-71.002	2.19
19232.89	-71.141	2.18
19310.07	-71.280	2.17
19387.57	-71.419	2.16
19465.38	-71.559	2.15
19543.49	-71.698	2.14
19621.93	-71.837	2.14
19700.67	-71.976	2.13
19779.74	-72.115	2.12
19859.12	-72.254	2.11
19938.82	-72.393	2.10
20018.83	-72.533	2.09
20099.17	-72.672	2.08
20179.84	-72.811	2.08
20260.82	-72.950	2.07
20342.13	-73.089	2.06
20423.77	-73.228	2.05
20505.74	-73.367	2.04
20588.03	-73.506	2.04
20670.65	-73.646	2.03
20753.61	-73.785	2.02
20836.90	-73.924	2.01
20920.52	-74.063	2.00
21004.48	-74.202	1.99
21088.78	-74.341	1.99
21173.41	-74.480	1.98
21258.38	-74.620	1.97
21343.70	-74.759	1.96
21429.36	-74.898	1.96
21515.36	-75.037	1.95
21601.70	-75.176	1.94
21688.39	-75.315	1.93
21775.43	-75.454	1.92
21862.82	-75.593	1.92
21950.56	-75.733	1.91
22038.66	-75.872	1.90
22127.10	-76.011	1.89
22215.90	-76.150	1.89
22305.06	-76.289	1.88
22394.58	-76.428	1.87
22484.45	-76.567	1.86
22574.69	-76.706	1.86
22665.28	-76.846	1.85
22756.24	-76.985	1.84
22847.57	-77.124	1.83
22939.26	-77.263	1.83
23031.32	-77.402	1.82
23123.75	-77.541	1.81
23216.55	-77.680	1.80
23309.72	-77.819	1.80
23403.27	-77.959	1.79
23497.19	-78.098	1.78
23591.49	-78.237	1.78
23686.17	-78.376	1.77
23781.23	-78.515	1.76
23876.67	-78.654	1.75
23972.49	-78.793	1.75
24068.70	-78.932	1.74
24165.29	-79.072	1.73
24262.27	-79.211	1.73
24359.64	-79.350	1.72
24457.40	-79.489	1.71
24555.55	-79.628	1.71
24654.10	-79.767	1.70
24753.04	-79.906	1.69
24852.38	-80.045	1.69
24952.12	-80.185	1.68
25052.26	-80.324	1.67
25152.80	-80.463	1.67
25253.74	-80.602	1.66
25355.09	-80.741	1.65
25456.85	-80.880	1.65
25559.01	-81.019	1.64
25661.58	-81.158	1.63
25764.57	-81.297	1.63
25867.97	-81.437	1.62
25971.78	-81.576	1.61
26076.01	-81.715	1.61
26180.66	-81.854	1.60
26285.73	-81.993	1.59
26391.22	-82.132	1.59
26497.13	-82.271	1.58
26603.47	-82.410	1.58
26710.24	-82.549	1.57
26817.43	-82.689	1.56
26925.06	-82.828	1.56
27033.11	-82.967	1.55
27141.60	-83.106	1.54
27250.53	-83.245	1.54
27359.89	-83.384	1.53
27469.69	-83.523	1.53
27579.93	-83.662	1.52
27690.62	-83.801	1.51
27801.75	-83.940	1.51
27913.32	-84.080	1.50
28025.34	-84.219	1.50
28137.81	-84.358	1.49
28250.74	-84.497	1.48
28364.11	-84.636	1.48
28477.95	-84.775	1.47
28592.23	-84.914	1.47
28706.98	-85.053	1.46
28822.19	-85.192	1.45
28937.86	-85.331	1.45
29053.99	-85.471	1.44
29170.59	-85.610	1.44
29287.66	-85.749	1.43
29405.20	-85.888	1.43
29523.21	-86.027	1.42
29641.69	-86.166	1.41
29760.65	-86.305	1.41
29880.08	-86.444	1.40
30000.00	-86.583	1.40
