# GRS 12SW-4HE x2 sealed+LT, baffle step side D/2=190mm, no crossover, no gain
# Frequency(Hz) Magnitude(dB) Phase(deg)
10.00	63.538	151.92
10.04	63.607	151.80
10.08	63.676	151.67
10.12	63.744	151.55
10.16	63.813	151.43
10.20	63.881	151.31
10.24	63.950	151.18
10.28	64.018	151.06
10.33	64.087	150.93
10.37	64.155	150.81
10.41	64.223	150.68
10.45	64.292	150.55
10.49	64.360	150.43
10.53	64.429	150.30
10.58	64.497	150.17
10.62	64.565	150.04
10.66	64.633	149.91
10.70	64.702	149.78
10.75	64.770	149.65
10.79	64.838	149.52
10.83	64.906	149.39
10.88	64.975	149.25
10.92	65.043	149.12
10.96	65.111	148.99
11.01	65.179	148.85
11.05	65.247	148.72
11.10	65.315	148.58
11.14	65.383	148.44
11.19	65.451	148.30
11.23	65.519	148.17
11.28	65.587	148.03
11.32	65.655	147.89
11.37	65.723	147.75
11.41	65.791	147.61
11.46	65.859	147.47
11.50	65.927	147.32
11.55	65.994	147.18
11.60	66.062	147.04
11.64	66.130	146.89
11.69	66.198	146.75
11.74	66.265	146.60
11.78	66.333	146.46
11.83	66.401	146.31
11.88	66.468	146.16
11.93	66.536	146.01
11.97	66.603	145.86
12.02	66.671	145.71
12.07	66.738	145.56
12.12	66.806	145.41
12.17	66.873	145.26
12.22	66.940	145.11
12.27	67.008	144.96
12.32	67.075	144.80
12.36	67.142	144.65
12.41	67.209	144.49
12.46	67.276	144.33
12.51	67.344	144.18
12.56	67.411	144.02
12.61	67.478	143.86
12.67	67.545	143.70
12.72	67.612	143.54
12.77	67.679	143.38
12.82	67.745	143.22
12.87	67.812	143.06
12.92	67.879	142.89
12.97	67.946	142.73
13.03	68.012	142.56
13.08	68.079	142.40
13.13	68.146	142.23
13.18	68.212	142.06
13.24	68.279	141.90
13.29	68.345	141.73
13.34	68.412	141.56
13.40	68.478	141.39
13.45	68.544	141.22
13.50	68.611	141.05
13.56	68.677	140.87
13.61	68.743	140.70
13.67	68.809	140.52
13.72	68.875	140.35
13.78	68.941	140.17
13.83	69.007	140.00
13.89	69.073	139.82
13.94	69.139	139.64
14.00	69.204	139.46
14.06	69.270	139.28
14.11	69.336	139.10
14.17	69.401	138.92
14.23	69.467	138.73
14.28	69.532	138.55
14.34	69.598	138.37
14.40	69.663	138.18
14.46	69.728	137.99
14.51	69.793	137.81
14.57	69.859	137.62
14.63	69.924	137.43
14.69	69.989	137.24
14.75	70.053	137.05
14.81	70.118	136.86
14.87	70.183	136.66
14.93	70.248	136.47
14.99	70.312	136.28
15.05	70.377	136.08
15.11	70.441	135.89
15.17	70.506	135.69
15.23	70.570	135.49
15.29	70.634	135.29
15.35	70.698	135.09
15.41	70.763	134.89
15.47	70.826	134.69
15.54	70.890	134.49
15.60	70.954	134.28
15.66	71.018	134.08
15.72	71.082	133.87
15.79	71.145	133.67
15.85	71.209	133.46
15.91	71.272	133.25
15.98	71.335	133.04
16.04	71.398	132.83
16.11	71.461	132.62
16.17	71.524	132.41
16.24	71.587	132.20
16.30	71.650	131.98
16.37	71.713	131.77
16.43	71.775	131.55
16.50	71.838	131.34
16.56	71.900	131.12
16.63	71.962	130.90
16.70	72.025	130.68
16.76	72.087	130.46
16.83	72.149	130.24
16.90	72.210	130.02
16.97	72.272	129.80
17.04	72.334	129.57
17.10	72.395	129.35
17.17	72.457	129.12
17.24	72.518	128.89
17.31	72.579	128.67
17.38	72.640	128.44
17.45	72.701	128.21
17.52	72.762	127.98
17.59	72.822	127.74
17.66	72.883	127.51
17.73	72.943	127.28
17.80	73.004	127.04
17.87	73.064	126.81
17.95	73.124	126.57
18.02	73.183	126.33
18.09	73.243	126.09
18.16	73.303	125.85
18.24	73.362	125.61
18.31	73.422	125.37
18.38	73.481	125.13
18.46	73.540	124.89
18.53	73.599	124.64
18.60	73.657	124.40
18.68	73.716	124.15
18.75	73.774	123.90
18.83	73.833	123.66
18.90	73.891	123.41
18.98	73.949	123.16
19.06	74.006	122.91
19.13	74.064	122.65
19.21	74.122	122.40
19.29	74.179	122.15
19.36	74.236	121.89
19.44	74.293	121.64
19.52	74.350	121.38
19.60	74.407	121.12
19.68	74.463	120.87
19.76	74.519	120.61
19.84	74.576	120.35
19.92	74.632	120.09
20.00	74.687	119.82
20.08	74.743	119.56
20.16	74.798	119.30
20.24	74.854	119.03
20.32	74.909	118.77
20.40	74.964	118.50
20.48	75.018	118.24
20.56	75.073	117.97
20.65	75.127	117.70
20.73	75.181	117.43
20.81	75.235	117.16
20.90	75.289	116.89
20.98	75.342	116.61
21.06	75.396	116.34
21.15	75.449	116.07
21.23	75.502	115.79
21.32	75.555	115.52
21.40	75.607	115.24
21.49	75.659	114.97
21.58	75.712	114.69
21.66	75.763	114.41
21.75	75.815	114.13
21.84	75.867	113.85
21.92	75.918	113.57
22.01	75.969	113.29
22.10	76.020	113.01
22.19	76.070	112.72
22.28	76.121	112.44
22.37	76.171	112.15
22.46	76.221	111.87
22.55	76.271	111.58
22.64	76.320	111.30
22.73	76.369	111.01
22.82	76.418	110.72
22.91	76.467	110.44
23.00	76.516	110.15
23.10	76.564	109.86
23.19	76.612	109.57
23.28	76.660	109.28
23.38	76.708	108.98
23.47	76.755	108.69
23.56	76.802	108.40
23.66	76.849	108.11
23.75	76.896	107.81
23.85	76.942	107.52
23.94	76.988	107.23
24.04	77.034	106.93
24.14	77.080	106.63
24.23	77.125	106.34
24.33	77.170	106.04
24.43	77.215	105.75
24.53	77.260	105.45
24.62	77.304	105.15
24.72	77.348	104.85
24.82	77.392	104.55
24.92	77.436	104.25
25.02	77.479	103.96
25.12	77.522	103.66
25.22	77.565	103.36
25.32	77.608	103.06
25.43	77.650	102.75
25.53	77.692	102.45
25.63	77.734	102.15
25.73	77.776	101.85
25.84	77.817	101.55
25.94	77.858	101.25
26.04	77.899	100.95
26.15	77.939	100.64
26.25	77.979	100.34
26.36	78.019	100.04
26.47	78.059	99.73
26.57	78.098	99.43
26.68	78.138	99.13
26.79	78.176	98.82
26.89	78.215	98.52
27.00	78.253	98.22
27.11	78.291	97.91
27.22	78.329	97.61
27.33	78.367	97.31
27.44	78.404	97.00
27.55	78.441	96.70
27.66	78.478	96.40
27.77	78.514	96.09
27.88	78.550	95.79
27.99	78.586	95.48
28.10	78.622	95.18
28.22	78.657	94.88
28.33	78.692	94.57
28.44	78.727	94.27
28.56	78.761	93.97
28.67	78.796	93.67
28.79	78.830	93.36
28.90	78.863	93.06
29.02	78.897	92.76
29.14	78.930	92.46
29.25	78.963	92.15
29.37	78.996	91.85
29.49	79.028	91.55
29.61	79.060	91.25
29.73	79.092	90.95
29.84	79.124	90.65
29.96	79.155	90.35
30.08	79.186	90.05
30.21	79.217	89.75
30.33	79.247	89.45
30.45	79.277	89.15
30.57	79.307	88.85
30.69	79.337	88.55
30.82	79.367	88.26
30.94	79.396	87.96
31.06	79.425	87.66
31.19	79.454	87.37
31.31	79.482	87.07
31.44	79.510	86.78
31.57	79.538	86.48
31.69	79.566	86.19
31.82	79.593	85.89
31.95	79.620	85.60
32.08	79.647	85.31
32.20	79.674	85.01
32.33	79.700	84.72
32.46	79.726	84.43
32.59	79.752	84.14
32.72	79.778	83.85
32.86	79.803	83.56
32.99	79.829	83.28
33.12	79.854	82.99
33.25	79.878	82.70
33.39	79.903	82.42
33.52	79.927	82.13
33.65	79.951	81.85
33.79	79.975	81.56
33.93	79.998	81.28
34.06	80.022	81.00
34.20	80.045	80.71
34.34	80.068	80.43
34.47	80.090	80.15
34.61	80.113	79.87
34.75	80.135	79.59
34.89	80.157	79.32
35.03	80.178	79.04
35.17	80.200	78.76
35.31	80.221	78.49
35.45	80.242	78.21
35.60	80.263	77.94
35.74	80.284	77.67
35.88	80.304	77.39
36.03	80.324	77.12
36.17	80.344	76.85
36.32	80.364	76.58
36.46	80.384	76.32
36.61	80.403	76.05
36.75	80.422	75.78
36.90	80.441	75.52
37.05	80.460	75.25
37.20	80.479	74.99
37.35	80.497	74.73
37.50	80.516	74.46
37.65	80.534	74.20
37.80	80.551	73.94
37.95	80.569	73.68
38.10	80.587	73.43
38.26	80.604	73.17
38.41	80.621	72.91
38.56	80.638	72.66
38.72	80.655	72.41
38.87	80.671	72.15
39.03	80.688	71.90
39.19	80.704	71.65
39.34	80.720	71.40
39.50	80.736	71.15
39.66	80.752	70.90
39.82	80.767	70.66
39.98	80.783	70.41
40.14	80.798	70.17
40.30	80.813	69.92
40.46	80.828	69.68
40.63	80.843	69.44
40.79	80.858	69.20
40.95	80.872	68.96
41.12	80.886	68.72
41.28	80.901	68.48
41.45	80.915	68.25
41.61	80.928	68.01
41.78	80.942	67.78
41.95	80.956	67.55
42.12	80.969	67.31
42.29	80.983	67.08
42.46	80.996	66.85
42.63	81.009	66.63
42.80	81.022	66.40
42.97	81.035	66.17
43.14	81.047	65.95
43.31	81.060	65.72
43.49	81.072	65.50
43.66	81.084	65.28
43.84	81.097	65.06
44.01	81.109	64.84
44.19	81.121	64.62
44.37	81.132	64.40
44.55	81.144	64.18
44.72	81.156	63.97
44.90	81.167	63.75
45.08	81.178	63.54
45.27	81.190	63.33
45.45	81.201	63.12
45.63	81.212	62.91
45.81	81.223	62.70
46.00	81.234	62.49
46.18	81.244	62.28
46.37	81.255	62.08
46.55	81.266	61.87
46.74	81.276	61.67
46.93	81.286	61.47
47.12	81.297	61.27
47.30	81.307	61.07
47.49	81.317	60.87
47.68	81.327	60.67
47.88	81.337	60.47
48.07	81.346	60.28
48.26	81.356	60.08
48.45	81.366	59.89
48.65	81.375	59.70
48.84	81.385	59.50
49.04	81.394	59.31
49.24	81.403	59.12
49.43	81.413	58.94
49.63	81.422	58.75
49.83	81.431	58.56
50.03	81.440	58.38
50.23	81.449	58.19
50.43	81.458	58.01
50.64	81.466	57.83
50.84	81.475	57.65
51.04	81.484	57.47
51.25	81.492	57.29
51.45	81.501	57.11
51.66	81.509	56.93
51.87	81.518	56.76
52.08	81.526	56.58
52.29	81.534	56.41
52.50	81.542	56.24
52.71	81.551	56.06
52.92	81.559	55.89
53.13	81.567	55.72
53.34	81.575	55.55
53.56	81.583	55.39
53.77	81.591	55.22
53.99	81.598	55.05
54.21	81.606	54.89
54.42	81.614	54.73
54.64	81.622	54.56
54.86	81.629	54.40
55.08	81.637	54.24
55.30	81.644	54.08
55.52	81.652	53.92
55.75	81.659	53.76
55.97	81.667	53.61
56.19	81.674	53.45
56.42	81.682	53.30
56.65	81.689	53.14
56.87	81.696	52.99
57.10	81.704	52.84
57.33	81.711	52.68
57.56	81.718	52.53
57.79	81.725	52.39
58.02	81.732	52.24
58.26	81.739	52.09
58.49	81.746	51.94
58.73	81.753	51.80
58.96	81.760	51.65
59.20	81.767	51.51
59.44	81.774	51.37
59.67	81.781	51.22
59.91	81.788	51.08
60.15	81.795	50.94
60.40	81.802	50.80
60.64	81.809	50.66
60.88	81.815	50.53
61.13	81.822	50.39
61.37	81.829	50.25
61.62	81.836	50.12
61.86	81.842	49.98
62.11	81.849	49.85
62.36	81.856	49.72
62.61	81.862	49.59
62.86	81.869	49.46
63.12	81.876	49.33
63.37	81.882	49.20
63.62	81.889	49.07
63.88	81.895	48.94
64.14	81.902	48.82
64.39	81.909	48.69
64.65	81.915	48.56
64.91	81.922	48.44
65.17	81.928	48.32
65.43	81.935	48.19
65.69	81.941	48.07
65.96	81.948	47.95
66.22	81.954	47.83
66.49	81.961	47.71
66.76	81.967	47.59
67.02	81.974	47.48
67.29	81.980	47.36
67.56	81.987	47.24
67.83	81.993	47.13
68.11	82.000	47.01
68.38	82.006	46.90
68.65	82.013	46.79
68.93	82.019	46.67
69.21	82.026	46.56
69.48	82.032	46.45
69.76	82.039	46.34
70.04	82.045	46.23
70.32	82.051	46.12
70.61	82.058	46.01
70.89	82.064	45.91
71.17	82.071	45.80
71.46	82.077	45.69
71.75	82.084	45.59
72.03	82.090	45.48
72.32	82.097	45.38
72.61	82.103	45.28
72.91	82.110	45.18
73.20	82.116	45.07
73.49	82.123	44.97
73.79	82.129	44.87
74.08	82.136	44.77
74.38	82.142	44.67
74.68	82.149	44.57
74.98	82.156	44.48
75.28	82.162	44.38
75.58	82.169	44.28
75.88	82.175	44.19
76.19	82.182	44.09
76.49	82.188	44.00
76.80	82.195	43.90
77.11	82.202	43.81
77.42	82.208	43.72
77.73	82.215	43.63
78.04	82.222	43.54
78.36	82.228	43.44
78.67	82.235	43.35
78.99	82.242	43.26
79.30	82.248	43.18
79.62	82.255	43.09
79.94	82.262	43.00
80.26	82.269	42.91
80.58	82.275	42.83
80.91	82.282	42.74
81.23	82.289	42.65
81.56	82.296	42.57
81.88	82.303	42.48
82.21	82.310	42.40
82.54	82.317	42.32
82.87	82.323	42.24
83.21	82.330	42.15
83.54	82.337	42.07
83.88	82.344	41.99
84.21	82.351	41.91
84.55	82.358	41.83
84.89	82.365	41.75
85.23	82.372	41.67
85.57	82.379	41.59
85.92	82.386	41.52
86.26	82.394	41.44
86.61	82.401	41.36
86.95	82.408	41.29
87.30	82.415	41.21
87.65	82.422	41.13
88.01	82.429	41.06
88.36	82.437	40.98
88.71	82.444	40.91
89.07	82.451	40.84
89.43	82.458	40.76
89.79	82.466	40.69
90.15	82.473	40.62
90.51	82.480	40.55
90.87	82.488	40.48
91.24	82.495	40.41
91.60	82.503	40.34
91.97	82.510	40.27
92.34	82.518	40.20
92.71	82.525	40.13
93.08	82.533	40.06
93.45	82.540	39.99
93.83	82.548	39.93
94.21	82.555	39.86
94.58	82.563	39.79
94.96	82.571	39.73
95.35	82.578	39.66
95.73	82.586	39.59
96.11	82.594	39.53
96.50	82.602	39.46
96.89	82.609	39.40
97.27	82.617	39.34
97.66	82.625	39.27
98.06	82.633	39.21
98.45	82.641	39.15
98.84	82.649	39.08
99.24	82.657	39.02
99.64	82.665	38.96
100.04	82.673	38.90
100.44	82.681	38.84
100.84	82.689	38.78
101.25	82.697	38.72
101.66	82.705	38.66
102.06	82.713	38.60
102.47	82.721	38.54
102.88	82.730	38.48
103.30	82.738	38.42
103.71	82.746	38.37
104.13	82.754	38.31
104.55	82.763	38.25
104.97	82.771	38.19
105.39	82.779	38.14
105.81	82.788	38.08
106.23	82.796	38.02
106.66	82.805	37.97
107.09	82.813	37.91
107.52	82.822	37.86
107.95	82.830	37.80
108.38	82.839	37.75
108.82	82.848	37.69
109.25	82.856	37.64
109.69	82.865	37.59
110.13	82.874	37.53
110.58	82.882	37.48
111.02	82.891	37.43
111.46	82.900	37.37
111.91	82.909	37.32
112.36	82.917	37.27
112.81	82.926	37.22
113.26	82.935	37.16
113.72	82.944	37.11
114.18	82.953	37.06
114.63	82.962	37.01
115.09	82.971	36.96
115.56	82.980	36.91
116.02	82.989	36.86
116.49	82.998	36.81
116.95	83.007	36.76
117.42	83.017	36.71
117.89	83.026	36.66
118.37	83.035	36.61
118.84	83.044	36.56
119.32	83.054	36.51
119.80	83.063	36.47
120.28	83.072	36.42
120.76	83.082	36.37
121.25	83.091	36.32
121.73	83.100	36.27
122.22	83.110	36.23
122.71	83.119	36.18
123.20	83.129	36.13
123.70	83.138	36.08
124.19	83.148	36.04
124.69	83.158	35.99
125.19	83.167	35.94
125.70	83.177	35.90
126.20	83.187	35.85
126.71	83.196	35.81
127.21	83.206	35.76
127.73	83.216	35.71
128.24	83.226	35.67
128.75	83.235	35.62
129.27	83.245	35.58
129.79	83.255	35.53
130.31	83.265	35.49
130.83	83.275	35.44
131.36	83.285	35.40
131.88	83.295	35.35
132.41	83.305	35.31
132.94	83.315	35.26
133.48	83.325	35.22
134.01	83.335	35.18
134.55	83.345	35.13
135.09	83.355	35.09
135.63	83.366	35.04
136.18	83.376	35.00
136.73	83.386	34.96
137.27	83.396	34.91
137.82	83.406	34.87
138.38	83.417	34.83
138.93	83.427	34.78
139.49	83.437	34.74
140.05	83.448	34.70
140.61	83.458	34.65
141.18	83.469	34.61
141.74	83.479	34.57
142.31	83.490	34.53
142.88	83.500	34.48
143.46	83.511	34.44
144.03	83.521	34.40
144.61	83.532	34.36
145.19	83.542	34.31
145.77	83.553	34.27
146.36	83.563	34.23
146.95	83.574	34.19
147.54	83.585	34.14
148.13	83.596	34.10
148.72	83.606	34.06
149.32	83.617	34.02
149.92	83.628	33.97
150.52	83.639	33.93
151.12	83.649	33.89
151.73	83.660	33.85
152.34	83.671	33.81
152.95	83.682	33.76
153.56	83.693	33.72
154.18	83.704	33.68
154.80	83.715	33.64
155.42	83.726	33.60
156.04	83.737	33.55
156.67	83.748	33.51
157.30	83.759	33.47
157.93	83.770	33.43
158.56	83.781	33.39
159.20	83.792	33.34
159.84	83.803	33.30
160.48	83.814	33.26
161.13	83.825	33.22
161.77	83.836	33.18
162.42	83.847	33.13
163.07	83.858	33.09
163.73	83.870	33.05
164.38	83.881	33.01
165.04	83.892	32.97
165.71	83.903	32.92
166.37	83.914	32.88
167.04	83.926	32.84
167.71	83.937	32.80
168.38	83.948	32.76
169.06	83.960	32.71
169.74	83.971	32.67
170.42	83.982	32.63
171.10	83.994	32.59
171.79	84.005	32.54
172.48	84.016	32.50
173.17	84.028	32.46
173.87	84.039	32.42
174.56	84.050	32.37
175.26	84.062	32.33
175.97	84.073	32.29
176.67	84.085	32.25
177.38	84.096	32.20
178.09	84.108	32.16
178.81	84.119	32.12
179.53	84.131	32.07
180.25	84.142	32.03
180.97	84.154	31.99
181.70	84.165	31.95
182.43	84.177	31.90
183.16	84.188	31.86
183.89	84.200	31.82
184.63	84.211	31.77
185.37	84.223	31.73
186.12	84.234	31.68
186.86	84.246	31.64
187.61	84.257	31.60
188.37	84.269	31.55
189.12	84.281	31.51
189.88	84.292	31.47
190.64	84.304	31.42
191.41	84.315	31.38
192.18	84.327	31.33
192.95	84.338	31.29
193.72	84.350	31.24
194.50	84.362	31.20
195.28	84.373	31.16
196.06	84.385	31.11
196.85	84.397	31.07
197.64	84.408	31.02
198.43	84.420	30.98
199.23	84.431	30.93
200.03	84.443	30.89
200.83	84.455	30.84
201.64	84.466	30.80
202.45	84.478	30.75
203.26	84.489	30.70
204.08	84.501	30.66
204.89	84.513	30.61
205.72	84.524	30.57
206.54	84.536	30.52
207.37	84.548	30.48
208.20	84.559	30.43
209.04	84.571	30.38
209.88	84.582	30.34
210.72	84.594	30.29
211.57	84.606	30.24
212.42	84.617	30.20
213.27	84.629	30.15
214.12	84.640	30.10
214.98	84.652	30.06
215.85	84.664	30.01
216.71	84.675	29.96
217.58	84.687	29.91
218.45	84.698	29.87
219.33	84.710	29.82
220.21	84.721	29.77
221.10	84.733	29.72
221.98	84.744	29.68
222.87	84.756	29.63
223.77	84.768	29.58
224.67	84.779	29.53
225.57	84.791	29.48
226.47	84.802	29.44
227.38	84.814	29.39
228.29	84.825	29.34
229.21	84.836	29.29
230.13	84.848	29.24
231.05	84.859	29.19
231.98	84.871	29.14
232.91	84.882	29.09
233.85	84.894	29.04
234.79	84.905	28.99
235.73	84.916	28.94
236.67	84.928	28.90
237.62	84.939	28.85
238.58	84.951	28.80
239.53	84.962	28.75
240.50	84.973	28.70
241.46	84.985	28.64
242.43	84.996	28.59
243.40	85.007	28.54
244.38	85.018	28.49
245.36	85.030	28.44
246.35	85.041	28.39
247.33	85.052	28.34
248.33	85.063	28.29
249.32	85.074	28.24
250.32	85.086	28.19
251.33	85.097	28.14
252.34	85.108	28.08
253.35	85.119	28.03
254.37	85.130	27.98
255.39	85.141	27.93
256.41	85.152	27.88
257.44	85.163	27.83
258.47	85.174	27.77
259.51	85.185	27.72
260.55	85.196	27.67
261.60	85.207	27.62
262.65	85.218	27.56
263.70	85.229	27.51
264.76	85.240	27.46
265.82	85.251	27.40
266.89	85.262	27.35
267.96	85.273	27.30
269.04	85.284	27.25
270.12	85.295	27.19
271.20	85.305	27.14
272.29	85.316	27.09
273.38	85.327	27.03
274.48	85.338	26.98
275.58	85.348	26.92
276.69	85.359	26.87
277.80	85.370	26.82
278.91	85.380	26.76
280.03	85.391	26.71
281.15	85.401	26.65
282.28	85.412	26.60
283.42	85.423	26.54
284.55	85.433	26.49
285.70	85.444	26.43
286.84	85.454	26.38
287.99	85.465	26.33
289.15	85.475	26.27
290.31	85.485	26.22
291.47	85.496	26.16
292.64	85.506	26.10
293.82	85.516	26.05
295.00	85.527	25.99
296.18	85.537	25.94
297.37	85.547	25.88
298.56	85.557	25.83
299.76	85.567	25.77
300.96	85.578	25.72
302.17	85.588	25.66
303.39	85.598	25.60
304.60	85.608	25.55
305.83	85.618	25.49
307.05	85.628	25.44
308.28	85.638	25.38
309.52	85.648	25.32
310.76	85.658	25.27
312.01	85.668	25.21
313.26	85.678	25.15
314.52	85.687	25.10
315.78	85.697	25.04
317.05	85.707	24.98
318.32	85.717	24.93
319.60	85.727	24.87
320.88	85.736	24.81
322.17	85.746	24.76
323.46	85.756	24.70
324.76	85.765	24.64
326.07	85.775	24.58
327.37	85.784	24.53
328.69	85.794	24.47
330.01	85.803	24.41
331.33	85.813	24.35
332.66	85.822	24.30
334.00	85.831	24.24
335.34	85.841	24.18
336.68	85.850	24.12
338.03	85.859	24.07
339.39	85.869	24.01
340.75	85.878	23.95
342.12	85.887	23.89
343.49	85.896	23.84
344.87	85.905	23.78
346.25	85.914	23.72
347.64	85.924	23.66
349.04	85.933	23.60
350.44	85.942	23.55
351.85	85.951	23.49
353.26	85.959	23.43
354.68	85.968	23.37
356.10	85.977	23.31
357.53	85.986	23.25
358.96	85.995	23.20
360.40	86.004	23.14
361.85	86.012	23.08
363.30	86.021	23.02
364.76	86.030	22.96
366.22	86.038	22.91
367.69	86.047	22.85
369.17	86.056	22.79
370.65	86.064	22.73
372.14	86.073	22.67
373.63	86.081	22.61
375.13	86.089	22.55
376.64	86.098	22.50
378.15	86.106	22.44
379.67	86.115	22.38
381.19	86.123	22.32
382.72	86.131	22.26
384.26	86.139	22.20
385.80	86.148	22.14
387.35	86.156	22.09
388.90	86.164	22.03
390.46	86.172	21.97
392.03	86.180	21.91
393.60	86.188	21.85
395.18	86.196	21.79
396.77	86.204	21.73
398.36	86.212	21.68
399.96	86.220	21.62
401.56	86.228	21.56
403.18	86.235	21.50
404.79	86.243	21.44
406.42	86.251	21.38
408.05	86.259	21.32
409.69	86.266	21.27
411.33	86.274	21.21
412.98	86.282	21.15
414.64	86.289	21.09
416.30	86.297	21.03
417.97	86.304	20.97
419.65	86.312	20.92
421.34	86.319	20.86
423.03	86.327	20.80
424.72	86.334	20.74
426.43	86.341	20.68
428.14	86.349	20.62
429.86	86.356	20.57
431.58	86.363	20.51
433.32	86.370	20.45
435.05	86.377	20.39
436.80	86.385	20.33
438.55	86.392	20.27
440.31	86.399	20.22
442.08	86.406	20.16
443.85	86.413	20.10
445.64	86.420	20.04
447.42	86.427	19.98
449.22	86.433	19.93
451.02	86.440	19.87
452.83	86.447	19.81
454.65	86.454	19.75
456.47	86.461	19.70
458.31	86.467	19.64
460.15	86.474	19.58
461.99	86.481	19.52
463.85	86.487	19.46
465.71	86.494	19.41
467.58	86.500	19.35
469.45	86.507	19.29
471.34	86.514	19.23
473.23	86.520	19.18
475.13	86.526	19.12
477.04	86.533	19.06
478.95	86.539	19.01
480.87	86.545	18.95
482.80	86.552	18.89
484.74	86.558	18.83
486.68	86.564	18.78
488.64	86.570	18.72
490.60	86.577	18.66
492.57	86.583	18.61
494.54	86.589	18.55
496.53	86.595	18.49
498.52	86.601	18.44
500.52	86.607	18.38
502.53	86.613	18.32
504.55	86.619	18.27
506.57	86.625	18.21
508.61	86.630	18.16
510.65	86.636	18.10
512.70	86.642	18.04
514.75	86.648	17.99
516.82	86.654	17.93
518.89	86.659	17.88
520.98	86.665	17.82
523.07	86.671	17.76
525.17	86.676	17.71
527.27	86.682	17.65
529.39	86.687	17.60
531.51	86.693	17.54
533.65	86.698	17.49
535.79	86.704	17.43
537.94	86.709	17.38
540.10	86.715	17.32
542.27	86.720	17.27
544.44	86.725	17.21
546.63	86.731	17.16
548.82	86.736	17.10
551.02	86.741	17.05
553.23	86.746	16.99
555.45	86.751	16.94
557.68	86.757	16.88
559.92	86.762	16.83
562.17	86.767	16.78
564.43	86.772	16.72
566.69	86.777	16.67
568.96	86.782	16.61
571.25	86.787	16.56
573.54	86.792	16.51
575.84	86.797	16.45
578.15	86.802	16.40
580.47	86.806	16.35
582.80	86.811	16.29
585.14	86.816	16.24
587.49	86.821	16.19
589.85	86.826	16.13
592.22	86.830	16.08
594.59	86.835	16.03
596.98	86.840	15.97
599.37	86.844	15.92
601.78	86.849	15.87
604.19	86.853	15.82
606.62	86.858	15.76
609.05	86.862	15.71
611.50	86.867	15.66
613.95	86.871	15.61
616.42	86.876	15.56
618.89	86.880	15.50
621.37	86.885	15.45
623.87	86.889	15.40
626.37	86.893	15.35
628.88	86.898	15.30
631.41	86.902	15.25
633.94	86.906	15.19
636.49	86.910	15.14
639.04	86.915	15.09
641.61	86.919	15.04
644.18	86.923	14.99
646.77	86.927	14.94
649.36	86.931	14.89
651.97	86.935	14.84
654.58	86.939	14.79
657.21	86.943	14.74
659.85	86.947	14.69
662.50	86.951	14.64
665.16	86.955	14.59
667.82	86.959	14.54
670.50	86.963	14.49
673.20	86.967	14.44
675.90	86.970	14.39
678.61	86.974	14.34
681.33	86.978	14.29
684.07	86.982	14.24
686.81	86.986	14.19
689.57	86.989	14.14
692.34	86.993	14.10
695.12	86.997	14.05
697.90	87.000	14.00
700.71	87.004	13.95
703.52	87.007	13.90
706.34	87.011	13.85
709.18	87.015	13.80
712.02	87.018	13.76
714.88	87.022	13.71
717.75	87.025	13.66
720.63	87.029	13.61
723.52	87.032	13.57
726.42	87.035	13.52
729.34	87.039	13.47
732.27	87.042	13.42
735.21	87.045	13.38
738.16	87.049	13.33
741.12	87.052	13.28
744.09	87.055	13.24
747.08	87.059	13.19
750.08	87.062	13.14
753.09	87.065	13.10
756.11	87.068	13.05
759.14	87.071	13.01
762.19	87.075	12.96
765.25	87.078	12.91
768.32	87.081	12.87
771.40	87.084	12.82
774.50	87.087	12.78
777.61	87.090	12.73
780.73	87.093	12.69
783.86	87.096	12.64
787.01	87.099	12.60
790.17	87.102	12.55
793.34	87.105	12.51
796.52	87.108	12.46
799.72	87.111	12.42
802.93	87.114	12.37
806.15	87.116	12.33
809.38	87.119	12.28
812.63	87.122	12.24
815.89	87.125	12.20
819.17	87.128	12.15
822.46	87.130	12.11
825.76	87.133	12.06
829.07	87.136	12.02
832.40	87.139	11.98
835.74	87.141	11.94
839.09	87.144	11.89
842.46	87.147	11.85
845.84	87.149	11.81
849.24	87.152	11.76
852.64	87.154	11.72
856.07	87.157	11.68
859.50	87.160	11.64
862.95	87.162	11.59
866.41	87.165	11.55
869.89	87.167	11.51
873.38	87.170	11.47
876.89	87.172	11.43
880.41	87.175	11.38
883.94	87.177	11.34
887.49	87.179	11.30
891.05	87.182	11.26
894.62	87.184	11.22
898.21	87.187	11.18
901.82	87.189	11.14
905.44	87.191	11.10
909.07	87.194	11.06
912.72	87.196	11.02
916.38	87.198	10.98
920.06	87.200	10.94
923.75	87.203	10.89
927.46	87.205	10.85
931.18	87.207	10.82
934.92	87.209	10.78
938.67	87.212	10.74
942.44	87.214	10.70
946.22	87.216	10.66
950.02	87.218	10.62
953.83	87.220	10.58
957.66	87.222	10.54
961.50	87.224	10.50
965.36	87.227	10.46
969.24	87.229	10.42
973.13	87.231	10.38
977.03	87.233	10.35
980.95	87.235	10.31
984.89	87.237	10.27
988.84	87.239	10.23
992.81	87.241	10.19
996.79	87.243	10.16
1000.79	87.245	10.12
1004.81	87.247	10.08
1008.84	87.248	10.04
1012.89	87.250	10.00
1016.96	87.252	9.97
1021.04	87.254	9.93
1025.14	87.256	9.89
1029.25	87.258	9.86
1033.38	87.260	9.82
1037.53	87.262	9.78
1041.69	87.263	9.75
1045.87	87.265	9.71
1050.07	87.267	9.67
1054.28	87.269	9.64
1058.51	87.271	9.60
1062.76	87.272	9.57
1067.03	87.274	9.53
1071.31	87.276	9.49
1075.61	87.277	9.46
1079.93	87.279	9.42
1084.26	87.281	9.39
1088.61	87.283	9.35
1092.98	87.284	9.32
1097.37	87.286	9.28
1101.77	87.287	9.25
1106.19	87.289	9.21
1110.63	87.291	9.18
1115.09	87.292	9.14
1119.56	87.294	9.11
1124.06	87.295	9.07
1128.57	87.297	9.04
1133.10	87.299	9.01
1137.64	87.300	8.97
1142.21	87.302	8.94
1146.79	87.303	8.90
1151.40	87.305	8.87
1156.02	87.306	8.84
1160.66	87.308	8.80
1165.31	87.309	8.77
1169.99	87.311	8.74
1174.69	87.312	8.70
1179.40	87.314	8.67
1184.13	87.315	8.64
1188.89	87.316	8.61
1193.66	87.318	8.57
1198.45	87.319	8.54
1203.26	87.321	8.51
1208.09	87.322	8.48
1212.94	87.323	8.44
1217.80	87.325	8.41
1222.69	87.326	8.38
1227.60	87.327	8.35
1232.52	87.329	8.32
1237.47	87.330	8.28
1242.44	87.331	8.25
1247.42	87.333	8.22
1252.43	87.334	8.19
1257.45	87.335	8.16
1262.50	87.337	8.13
1267.57	87.338	8.10
1272.66	87.339	8.06
1277.76	87.340	8.03
1282.89	87.342	8.00
1288.04	87.343	7.97
1293.21	87.344	7.94
1298.40	87.345	7.91
1303.61	87.346	7.88
1308.84	87.348	7.85
1314.09	87.349	7.82
1319.37	87.350	7.79
1324.66	87.351	7.76
1329.98	87.352	7.73
1335.32	87.353	7.70
1340.67	87.355	7.67
1346.05	87.356	7.64
1351.46	87.357	7.61
1356.88	87.358	7.58
1362.33	87.359	7.56
1367.79	87.360	7.53
1373.28	87.361	7.50
1378.79	87.362	7.47
1384.33	87.363	7.44
1389.88	87.364	7.41
1395.46	87.365	7.38
1401.06	87.367	7.35
1406.68	87.368	7.33
1412.33	87.369	7.30
1418.00	87.370	7.27
1423.69	87.371	7.24
1429.40	87.372	7.21
1435.14	87.373	7.19
1440.90	87.374	7.16
1446.68	87.375	7.13
1452.49	87.376	7.10
1458.32	87.377	7.08
1464.17	87.378	7.05
1470.04	87.378	7.02
1475.94	87.379	6.99
1481.87	87.380	6.97
1487.81	87.381	6.94
1493.78	87.382	6.91
1499.78	87.383	6.89
1505.80	87.384	6.86
1511.84	87.385	6.83
1517.91	87.386	6.81
1524.00	87.387	6.78
1530.12	87.388	6.75
1536.26	87.388	6.73
1542.42	87.389	6.70
1548.61	87.390	6.68
1554.83	87.391	6.65
1561.07	87.392	6.62
1567.33	87.393	6.60
1573.62	87.394	6.57
1579.94	87.394	6.55
1586.28	87.395	6.52
1592.64	87.396	6.50
1599.04	87.397	6.47
1605.45	87.398	6.45
1611.90	87.399	6.42
1618.37	87.399	6.40
1624.86	87.400	6.37
1631.38	87.401	6.35
1637.93	87.402	6.32
1644.50	87.402	6.30
1651.10	87.403	6.27
1657.73	87.404	6.25
1664.38	87.405	6.22
1671.06	87.405	6.20
1677.77	87.406	6.18
1684.50	87.407	6.15
1691.26	87.408	6.13
1698.05	87.408	6.10
1704.86	87.409	6.08
1711.70	87.410	6.06
1718.57	87.411	6.03
1725.47	87.411	6.01
1732.39	87.412	5.99
1739.35	87.413	5.96
1746.33	87.413	5.94
1753.34	87.414	5.92
1760.37	87.415	5.89
1767.44	87.415	5.87
1774.53	87.416	5.85
1781.65	87.417	5.82
1788.80	87.417	5.80
1795.98	87.418	5.78
1803.19	87.419	5.76
1810.43	87.419	5.73
1817.69	87.420	5.71
1824.99	87.420	5.69
1832.31	87.421	5.67
1839.66	87.422	5.65
1847.05	87.422	5.62
1854.46	87.423	5.60
1861.90	87.424	5.58
1869.37	87.424	5.56
1876.88	87.425	5.54
1884.41	87.425	5.51
1891.97	87.426	5.49
1899.56	87.427	5.47
1907.19	87.427	5.45
1914.84	87.428	5.43
1922.53	87.428	5.41
1930.24	87.429	5.39
1937.99	87.429	5.36
1945.76	87.430	5.34
1953.57	87.430	5.32
1961.41	87.431	5.30
1969.29	87.432	5.28
1977.19	87.432	5.26
1985.12	87.433	5.24
1993.09	87.433	5.22
2001.09	87.434	5.20
2009.12	87.434	5.18
2017.18	87.435	5.16
2025.28	87.435	5.14
2033.41	87.436	5.12
2041.57	87.436	5.10
2049.76	87.437	5.08
2057.99	87.437	5.06
2066.24	87.438	5.04
2074.54	87.438	5.02
2082.86	87.439	5.00
2091.22	87.439	4.98
2099.61	87.440	4.96
2108.04	87.440	4.94
2116.50	87.441	4.92
2124.99	87.441	4.90
2133.52	87.442	4.88
2142.08	87.442	4.86
2150.68	87.443	4.84
2159.31	87.443	4.82
2167.98	87.443	4.80
2176.68	87.444	4.79
2185.41	87.444	4.77
2194.18	87.445	4.75
2202.99	87.445	4.73
2211.83	87.446	4.71
2220.71	87.446	4.69
2229.62	87.446	4.67
2238.57	87.447	4.66
2247.55	87.447	4.64
2256.57	87.448	4.62
2265.63	87.448	4.60
2274.72	87.449	4.58
2283.85	87.449	4.56
2293.02	87.449	4.55
2302.22	87.450	4.53
2311.46	87.450	4.51
2320.73	87.451	4.49
2330.05	87.451	4.48
2339.40	87.451	4.46
2348.79	87.452	4.44
2358.21	87.452	4.42
2367.68	87.452	4.41
2377.18	87.453	4.39
2386.72	87.453	4.37
2396.30	87.454	4.35
2405.91	87.454	4.34
2415.57	87.454	4.32
2425.26	87.455	4.30
2435.00	87.455	4.29
2444.77	87.455	4.27
2454.58	87.456	4.25
2464.43	87.456	4.23
2474.32	87.456	4.22
2484.25	87.457	4.20
2494.22	87.457	4.18
2504.23	87.457	4.17
2514.28	87.458	4.15
2524.37	87.458	4.14
2534.50	87.458	4.12
2544.67	87.459	4.10
2554.89	87.459	4.09
2565.14	87.459	4.07
2575.43	87.460	4.05
2585.77	87.460	4.04
2596.15	87.460	4.02
2606.57	87.461	4.01
2617.03	87.461	3.99
2627.53	87.461	3.97
2638.07	87.462	3.96
2648.66	87.462	3.94
2659.29	87.462	3.93
2669.96	87.463	3.91
2680.68	87.463	3.90
2691.44	87.463	3.88
2702.24	87.463	3.87
2713.08	87.464	3.85
2723.97	87.464	3.84
2734.90	87.464	3.82
2745.88	87.465	3.80
2756.90	87.465	3.79
2767.96	87.465	3.77
2779.07	87.465	3.76
2790.22	87.466	3.75
2801.42	87.466	3.73
2812.66	87.466	3.72
2823.95	87.466	3.70
2835.29	87.467	3.69
2846.66	87.467	3.67
2858.09	87.467	3.66
2869.56	87.468	3.64
2881.07	87.468	3.63
2892.64	87.468	3.61
2904.25	87.468	3.60
2915.90	87.469	3.59
2927.60	87.469	3.57
2939.35	87.469	3.56
2951.15	87.469	3.54
2962.99	87.470	3.53
2974.88	87.470	3.51
2986.82	87.470	3.50
2998.81	87.470	3.49
3010.84	87.471	3.47
3022.93	87.471	3.46
3035.06	87.471	3.45
3047.24	87.471	3.43
3059.47	87.471	3.42
3071.75	87.472	3.40
3084.07	87.472	3.39
3096.45	87.472	3.38
3108.88	87.472	3.36
3121.35	87.473	3.35
3133.88	87.473	3.34
3146.46	87.473	3.32
3159.09	87.473	3.31
3171.76	87.473	3.30
3184.49	87.474	3.29
3197.27	87.474	3.27
3210.10	87.474	3.26
3222.99	87.474	3.25
3235.92	87.474	3.23
3248.91	87.475	3.22
3261.95	87.475	3.21
3275.04	87.475	3.19
3288.18	87.475	3.18
3301.38	87.475	3.17
3314.63	87.476	3.16
3327.93	87.476	3.14
3341.28	87.476	3.13
3354.69	87.476	3.12
3368.16	87.476	3.11
3381.67	87.477	3.09
3395.25	87.477	3.08
3408.87	87.477	3.07
3422.55	87.477	3.06
3436.29	87.477	3.05
3450.08	87.478	3.03
3463.92	87.478	3.02
3477.83	87.478	3.01
3491.78	87.478	3.00
3505.80	87.478	2.99
3519.87	87.478	2.97
3533.99	87.479	2.96
3548.17	87.479	2.95
3562.41	87.479	2.94
3576.71	87.479	2.93
3591.06	87.479	2.92
3605.48	87.479	2.90
3619.95	87.480	2.89
3634.47	87.480	2.88
3649.06	87.480	2.87
3663.70	87.480	2.86
3678.41	87.480	2.85
3693.17	87.480	2.84
3707.99	87.481	2.82
3722.87	87.481	2.81
3737.81	87.481	2.80
3752.81	87.481	2.79
3767.87	87.481	2.78
3783.00	87.481	2.77
3798.18	87.481	2.76
3813.42	87.482	2.75
3828.72	87.482	2.74
3844.09	87.482	2.72
3859.52	87.482	2.71
3875.01	87.482	2.70
3890.56	87.482	2.69
3906.17	87.482	2.68
3921.85	87.483	2.67
3937.59	87.483	2.66
3953.39	87.483	2.65
3969.25	87.483	2.64
3985.18	87.483	2.63
4001.18	87.483	2.62
4017.23	87.483	2.61
4033.36	87.484	2.60
4049.54	87.484	2.59
4065.80	87.484	2.58
4082.11	87.484	2.57
4098.49	87.484	2.56
4114.94	87.484	2.55
4131.46	87.484	2.54
4148.04	87.484	2.53
4164.68	87.485	2.52
4181.40	87.485	2.51
4198.18	87.485	2.50
4215.03	87.485	2.49
4231.94	87.485	2.48
4248.93	87.485	2.47
4265.98	87.485	2.46
4283.10	87.485	2.45
4300.29	87.486	2.44
4317.55	87.486	2.43
4334.87	87.486	2.42
4352.27	87.486	2.41
4369.74	87.486	2.40
4387.27	87.486	2.39
4404.88	87.486	2.38
4422.56	87.486	2.37
4440.31	87.486	2.36
4458.13	87.487	2.35
4476.02	87.487	2.34
4493.98	87.487	2.33
4512.02	87.487	2.32
4530.12	87.487	2.31
4548.30	87.487	2.30
4566.56	87.487	2.30
4584.88	87.487	2.29
4603.28	87.487	2.28
4621.76	87.487	2.27
4640.31	87.488	2.26
4658.93	87.488	2.25
4677.63	87.488	2.24
4696.40	87.488	2.23
4715.25	87.488	2.22
4734.17	87.488	2.21
4753.17	87.488	2.21
4772.24	87.488	2.20
4791.40	87.488	2.19
4810.63	87.488	2.18
4829.93	87.488	2.17
4849.32	87.489	2.16
4868.78	87.489	2.15
4888.32	87.489	2.14
4907.93	87.489	2.14
4927.63	87.489	2.13
4947.41	87.489	2.12
4967.26	87.489	2.11
4987.20	87.489	2.10
5007.21	87.489	2.09
5027.31	87.489	2.09
5047.48	87.489	2.08
5067.74	87.490	2.07
5088.08	87.490	2.06
5108.50	87.490	2.05
5129.00	87.490	2.04
5149.58	87.490	2.04
5170.25	87.490	2.03
5191.00	87.490	2.02
5211.83	87.490	2.01
5232.75	87.490	2.00
5253.75	87.490	2.00
5274.83	87.490	1.99
5296.00	87.490	1.98
5317.25	87.491	1.97
5338.59	87.491	1.96
5360.02	87.491	1.96
5381.53	87.491	1.95
5403.13	87.491	1.94
5424.81	87.491	1.93
5446.58	87.491	1.93
5468.44	87.491	1.92
5490.38	87.491	1.91
5512.42	87.491	1.90
5534.54	87.491	1.89
5556.75	87.491	1.89
5579.05	87.491	1.88
5601.44	87.491	1.87
5623.92	87.492	1.86
5646.49	87.492	1.86
5669.15	87.492	1.85
5691.91	87.492	1.84
5714.75	87.492	1.84
5737.68	87.492	1.83
5760.71	87.492	1.82
5783.83	87.492	1.81
5807.04	87.492	1.81
5830.34	87.492	1.80
5853.74	87.492	1.79
5877.24	87.492	1.78
5900.82	87.492	1.78
5924.50	87.492	1.77
5948.28	87.492	1.76
5972.15	87.492	1.76
5996.12	87.493	1.75
6020.18	87.493	1.74
6044.34	87.493	1.74
6068.60	87.493	1.73
6092.96	87.493	1.72
6117.41	87.493	1.71
6141.96	87.493	1.71
6166.61	87.493	1.70
6191.35	87.493	1.69
6216.20	87.493	1.69
6241.15	87.493	1.68
6266.20	87.493	1.67
6291.34	87.493	1.67
6316.59	87.493	1.66
6341.94	87.493	1.65
6367.39	87.493	1.65
6392.95	87.493	1.64
6418.60	87.493	1.63
6444.36	87.494	1.63
6470.23	87.494	1.62
6496.19	87.494	1.61
6522.26	87.494	1.61
6548.44	87.494	1.60
6574.72	87.494	1.60
6601.10	87.494	1.59
6627.60	87.494	1.58
6654.19	87.494	1.58
6680.90	87.494	1.57
6707.71	87.494	1.56
6734.63	87.494	1.56
6761.66	87.494	1.55
6788.79	87.494	1.55
6816.04	87.494	1.54
6843.39	87.494	1.53
6870.86	87.494	1.53
6898.43	87.494	1.52
6926.12	87.494	1.51
6953.91	87.494	1.51
6981.82	87.494	1.50
7009.84	87.495	1.50
7037.97	87.495	1.49
7066.22	87.495	1.48
7094.57	87.495	1.48
7123.05	87.495	1.47
7151.63	87.495	1.47
7180.33	87.495	1.46
7209.15	87.495	1.46
7238.08	87.495	1.45
7267.13	87.495	1.44
7296.29	87.495	1.44
7325.58	87.495	1.43
7354.98	87.495	1.43
7384.49	87.495	1.42
7414.13	87.495	1.42
7443.88	87.495	1.41
7473.76	87.495	1.40
7503.75	87.495	1.40
7533.86	87.495	1.39
7564.10	87.495	1.39
7594.46	87.495	1.38
7624.93	87.495	1.38
7655.53	87.495	1.37
7686.26	87.495	1.37
7717.10	87.495	1.36
7748.07	87.496	1.35
7779.17	87.496	1.35
7810.39	87.496	1.34
7841.73	87.496	1.34
7873.20	87.496	1.33
7904.80	87.496	1.33
7936.52	87.496	1.32
7968.38	87.496	1.32
8000.35	87.496	1.31
8032.46	87.496	1.31
8064.70	87.496	1.30
8097.06	87.496	1.30
8129.56	87.496	1.29
8162.18	87.496	1.29
8194.94	87.496	1.28
8227.83	87.496	1.28
8260.85	87.496	1.27
8294.00	87.496	1.27
8327.29	87.496	1.26
8360.71	87.496	1.26
8394.26	87.496	1.25
8427.95	87.496	1.25
8461.77	87.496	1.24
8495.73	87.496	1.24
8529.83	87.496	1.23
8564.06	87.496	1.23
8598.43	87.496	1.22
8632.93	87.496	1.22
8667.58	87.496	1.21
8702.36	87.496	1.21
8737.29	87.496	1.20
8772.35	87.497	1.20
8807.56	87.497	1.19
8842.91	87.497	1.19
8878.39	87.497	1.18
8914.03	87.497	1.18
8949.80	87.497	1.17
8985.72	87.497	1.17
9021.78	87.497	1.16
9057.98	87.497	1.16
9094.34	87.497	1.15
9130.83	87.497	1.15
9167.48	87.497	1.14
9204.27	87.497	1.14
9241.21	87.497	1.14
9278.29	87.497	1.13
9315.53	87.497	1.13
9352.92	87.497	1.12
9390.45	87.497	1.12
9428.14	87.497	1.11
9465.97	87.497	1.11
9503.96	87.497	1.10
9542.10	87.497	1.10
9580.40	87.497	1.10
9618.85	87.497	1.09
9657.45	87.497	1.09
9696.21	87.497	1.08
9735.12	87.497	1.08
9774.19	87.497	1.07
9813.42	87.497	1.07
9852.80	87.497	1.07
9892.34	87.497	1.06
9932.04	87.497	1.06
9971.90	87.497	1.05
10011.92	87.497	1.05
10052.10	87.497	1.04
10092.44	87.497	1.04
10132.94	87.497	1.04
10173.61	87.497	1.03
10214.44	87.497	1.03
10255.43	87.497	1.02
10296.59	87.497	1.02
10337.91	87.497	1.02
10379.40	87.498	1.01
10421.05	87.498	1.01
10462.88	87.498	1.00
10504.87	87.498	1.00
10547.02	87.498	1.00
10589.35	87.498	0.99
10631.85	87.498	0.99
10674.52	87.498	0.98
10717.36	87.498	0.98
10760.37	87.498	0.98
10803.55	87.498	0.97
10846.91	87.498	0.97
10890.44	87.498	0.96
10934.14	87.498	0.96
10978.03	87.498	0.96
11022.08	87.498	0.95
11066.32	87.498	0.95
11110.73	87.498	0.94
11155.32	87.498	0.94
11200.09	87.498	0.94
11245.04	87.498	0.93
11290.16	87.498	0.93
11335.47	87.498	0.93
11380.97	87.498	0.92
11426.64	87.498	0.92
11472.50	87.498	0.91
11518.54	87.498	0.91
11564.77	87.498	0.91
11611.18	87.498	0.90
11657.78	87.498	0.90
11704.56	87.498	0.90
11751.53	87.498	0.89
11798.70	87.498	0.89
11846.05	87.498	0.89
11893.59	87.498	0.88
11941.32	87.498	0.88
11989.24	87.498	0.88
12037.36	87.498	0.87
12085.67	87.498	0.87
12134.17	87.498	0.87
12182.86	87.498	0.86
12231.76	87.498	0.86
12280.85	87.498	0.85
12330.13	87.498	0.85
12379.62	87.498	0.85
12429.30	87.498	0.84
12479.18	87.498	0.84
12529.26	87.498	0.84
12579.54	87.498	0.83
12630.03	87.498	0.83
12680.71	87.498	0.83
12731.61	87.498	0.82
12782.70	87.498	0.82
12834.00	87.498	0.82
12885.51	87.498	0.81
12937.22	87.498	0.81
12989.14	87.498	0.81
13041.27	87.498	0.80
13093.60	87.498	0.80
13146.15	87.498	0.80
13198.91	87.498	0.80
13251.88	87.498	0.79
13305.06	87.498	0.79
13358.46	87.498	0.79
13412.07	87.499	0.78
13465.89	87.499	0.78
13519.94	87.499	0.78
13574.19	87.499	0.77
13628.67	87.499	0.77
13683.36	87.499	0.77
13738.28	87.499	0.76
13793.41	87.499	0.76
13848.77	87.499	0.76
13904.35	87.499	0.76
13960.15	87.499	0.75
14016.17	87.499	0.75
14072.42	87.499	0.75
14128.90	87.499	0.74
14185.60	87.499	0.74
14242.53	87.499	0.74
14299.69	87.499	0.73
14357.08	87.499	0.73
14414.70	87.499	0.73
14472.55	87.499	0.73
14530.63	87.499	0.72
14588.94	87.499	0.72
14647.49	87.499	0.72
14706.27	87.499	0.71
14765.29	87.499	0.71
14824.55	87.499	0.71
14884.04	87.499	0.71
14943.78	87.499	0.70
15003.75	87.499	0.70
15063.96	87.499	0.70
15124.42	87.499	0.69
15185.12	87.499	0.69
15246.06	87.499	0.69
15307.24	87.499	0.69
15368.67	87.499	0.68
15430.35	87.499	0.68
15492.28	87.499	0.68
15554.45	87.499	0.67
15616.87	87.499	0.67
15679.55	87.499	0.67
15742.47	87.499	0.67
15805.65	87.499	0.66
15869.08	87.499	0.66
15932.77	87.499	0.66
15996.71	87.499	0.66
16060.91	87.499	0.65
16125.36	87.499	0.65
16190.08	87.499	0.65
16255.05	87.499	0.65
16320.29	87.499	0.64
16385.79	87.499	0.64
16451.55	87.499	0.64
16517.57	87.499	0.64
16583.86	87.499	0.63
16650.41	87.499	0.63
16717.23	87.499	0.63
16784.32	87.499	0.63
16851.68	87.499	0.62
16919.31	87.499	0.62
16987.21	87.499	0.62
17055.39	87.499	0.62
17123.83	87.499	0.61
17192.56	87.499	0.61
17261.55	87.499	0.61
17330.83	87.499	0.61
17400.38	87.499	0.60
17470.21	87.499	0.60
17540.32	87.499	0.60
17610.72	87.499	0.60
17681.39	87.499	0.59
17752.35	87.499	0.59
17823.60	87.499	0.59
17895.13	87.499	0.59
17966.94	87.499	0.58
18039.05	87.499	0.58
18111.44	87.499	0.58
18184.13	87.499	0.58
18257.10	87.499	0.58
18330.37	87.499	0.57
18403.94	87.499	0.57
18477.80	87.499	0.57
18551.95	87.499	0.57
18626.41	87.499	0.56
18701.16	87.499	0.56
18776.21	87.499	0.56
18851.56	87.499	0.56
18927.22	87.499	0.55
19003.18	87.499	0.55
19079.44	87.499	0.55
19156.01	87.499	0.55
19232.89	87.499	0.55
19310.07	87.499	0.54
19387.57	87.499	0.54
19465.38	87.499	0.54
19543.49	87.499	0.54
19621.93	87.499	0.54
19700.67	87.499	0.53
19779.74	87.499	0.53
19859.12	87.499	0.53
19938.82	87.499	0.53
20018.83	87.499	0.52
20099.17	87.499	0.52
20179.84	87.499	0.52
20260.82	87.499	0.52
20342.13	87.499	0.52
20423.77	87.499	0.51
20505.74	87.499	0.51
20588.03	87.499	0.51
20670.65	87.499	0.51
20753.61	87.499	0.51
20836.90	87.499	0.50
20920.52	87.499	0.50
21004.48	87.499	0.50
21088.78	87.499	0.50
21173.41	87.499	0.50
21258.38	87.499	0.49
21343.70	87.499	0.49
21429.36	87.499	0.49
21515.36	87.499	0.49
21601.70	87.499	0.49
21688.39	87.499	0.48
21775.43	87.499	0.48
21862.82	87.499	0.48
21950.56	87.499	0.48
22038.66	87.499	0.48
22127.10	87.499	0.47
22215.90	87.499	0.47
22305.06	87.499	0.47
22394.58	87.499	0.47
22484.45	87.499	0.47
22574.69	87.499	0.47
22665.28	87.499	0.46
22756.24	87.499	0.46
22847.57	87.499	0.46
22939.26	87.499	0.46
23031.32	87.499	0.46
23123.75	87.499	0.45
23216.55	87.500	0.45
23309.72	87.500	0.45
23403.27	87.500	0.45
23497.19	87.500	0.45
23591.49	87.500	0.45
23686.17	87.500	0.44
23781.23	87.500	0.44
23876.67	87.500	0.44
23972.49	87.500	0.44
24068.70	87.500	0.44
24165.29	87.500	0.43
24262.27	87.500	0.43
24359.64	87.500	0.43
24457.40	87.500	0.43
24555.55	87.500	0.43
24654.10	87.500	0.43
24753.04	87.500	0.42
24852.38	87.500	0.42
24952.12	87.500	0.42
25052.26	87.500	0.42
25152.80	87.500	0.42
25253.74	87.500	0.42
25355.09	87.500	0.41
25456.85	87.500	0.41
25559.01	87.500	0.41
25661.58	87.500	0.41
25764.57	87.500	0.41
25867.97	87.500	0.41
25971.78	87.500	0.40
26076.01	87.500	0.40
26180.66	87.500	0.40
26285.73	87.500	0.40
26391.22	87.500	0.40
26497.13	87.500	0.40
26603.47	87.500	0.39
26710.24	87.500	0.39
26817.43	87.500	0.39
26925.06	87.500	0.39
27033.11	87.500	0.39
27141.60	87.500	0.39
27250.53	87.500	0.39
27359.89	87.500	0.38
27469.69	87.500	0.38
27579.93	87.500	0.38
27690.62	87.500	0.38
27801.75	87.500	0.38
27913.32	87.500	0.38
28025.34	87.500	0.37
28137.81	87.500	0.37
28250.74	87.500	0.37
28364.11	87.500	0.37
28477.95	87.500	0.37
28592.23	87.500	0.37
28706.98	87.500	0.37
28822.19	87.500	0.36
28937.86	87.500	0.36
29053.99	87.500	0.36
29170.59	87.500	0.36
29287.66	87.500	0.36
29405.20	87.500	0.36
29523.21	87.500	0.36
29641.69	87.500	0.35
29760.65	87.500	0.35
29880.08	87.500	0.35
30000.00	87.500	0.35
